#
# There is insufficient memory for the Java Runtime Environment to continue.
# Native memory allocation (malloc) failed to allocate 32744 bytes for ChunkPool::allocate
# Possible reasons:
#   The system is out of physical RAM or swap space
#   The process is running with CompressedOops enabled, and the Java Heap may be blocking the growth of the native heap
# Possible solutions:
#   Reduce memory load on the system
#   Increase physical memory or swap space
#   Check if swap backing store is full
#   Decrease Java heap size (-Xmx/-Xms)
#   Decrease number of Java threads
#   Decrease Java thread stack sizes (-Xss)
#   Set larger code cache with -XX:ReservedCodeCacheSize=
#   JVM is running with Zero Based Compressed Oops mode in which the Java heap is
#     placed in the first 32GB address space. The Java Heap base address is the
#     maximum limit for the native heap growth. Please use -XX:HeapBaseMinAddress
#     to set the Java Heap base and to place the Java Heap above 32GB virtual address.
# This output file may be truncated or incomplete.
#
#  Out of Memory Error (./src/hotspot/share/memory/arena.cpp:81), pid=5444, tid=14180
#
# JRE version: OpenJDK Runtime Environment Microsoft-7208460 (11.0.18+10) (build 11.0.18+10-LTS)
# Java VM: OpenJDK 64-Bit Server VM Microsoft-7208460 (11.0.18+10-LTS, mixed mode, tiered, compressed oops, g1 gc, windows-amd64)
# No core dump will be written. Minidumps are not enabled by default on client versions of Windows
#

---------------  S U M M A R Y ------------

Command Line: -Dfile.encoding=utf8 c:\Users\ochie\.vscode\extensions\vscjava.vscode-gradle-3.12.7\lib\gradle-language-server.jar

Host: Intel(R) Core(TM) i5-8300H CPU @ 2.30GHz, 8 cores, 11G,  Windows 11 , 64 bit Build 22621 (10.0.22621.1928)
Time: Sat Jul  1 17:15:43 2023 E. Africa Standard Time elapsed time: 1.878978 seconds (0d 0h 0m 1s)

---------------  T H R E A D  ---------------

Current thread (0x0000012d2d899000):  JavaThread "main" [_thread_in_vm, id=14180, stack(0x0000000217000000,0x0000000217100000)]

Stack: [0x0000000217000000,0x0000000217100000]
Native frames: (J=compiled Java code, j=interpreted, Vv=VM code, C=native code)
V  [jvm.dll+0x62bf8a]
V  [jvm.dll+0x7b8fb9]
V  [jvm.dll+0x7ba6a8]
V  [jvm.dll+0x7bad83]
V  [jvm.dll+0x250248]
V  [jvm.dll+0xc286b]
V  [jvm.dll+0xc2bcc]
V  [jvm.dll+0x258199]
V  [jvm.dll+0x258b18]
V  [jvm.dll+0x1c76a9]
V  [jvm.dll+0x1c6b8e]
V  [jvm.dll+0x4f9262]
V  [jvm.dll+0x7513e9]
V  [jvm.dll+0x79d2a3]
V  [jvm.dll+0x79b44c]
C  0x0000012d3601f777

Java frames: (J=compiled Java code, j=interpreted, Vv=VM code)
j  jdk.internal.misc.Unsafe.defineAnonymousClass0(Ljava/lang/Class;[B[Ljava/lang/Object;)Ljava/lang/Class;+0 java.base@11.0.18
j  jdk.internal.misc.Unsafe.defineAnonymousClass(Ljava/lang/Class;[B[Ljava/lang/Object;)Ljava/lang/Class;+42 java.base@11.0.18
j  java.lang.invoke.InnerClassLambdaMetafactory.spinInnerClass()Ljava/lang/Class;+517 java.base@11.0.18
j  java.lang.invoke.InnerClassLambdaMetafactory.buildCallSite()Ljava/lang/invoke/CallSite;+1 java.base@11.0.18
j  java.lang.invoke.LambdaMetafactory.metafactory(Ljava/lang/invoke/MethodHandles$Lookup;Ljava/lang/String;Ljava/lang/invoke/MethodType;Ljava/lang/invoke/MethodType;Ljava/lang/invoke/MethodHandle;Ljava/lang/invoke/MethodType;)Ljava/lang/invoke/CallSite;+31 java.base@11.0.18
j  java.lang.invoke.DirectMethodHandle$Holder.invokeStatic(Ljava/lang/Object;Ljava/lang/Object;Ljava/lang/Object;Ljava/lang/Object;Ljava/lang/Object;Ljava/lang/Object;Ljava/lang/Object;)Ljava/lang/Object;+20 java.base@11.0.18
j  java.lang.invoke.Invokers$Holder.invokeExact_MT(Ljava/lang/Object;Ljava/lang/Object;Ljava/lang/Object;Ljava/lang/Object;Ljava/lang/Object;Ljava/lang/Object;Ljava/lang/Object;Ljava/lang/Object;)Ljava/lang/Object;+28 java.base@11.0.18
j  java.lang.invoke.BootstrapMethodInvoker.invoke(Ljava/lang/Class;Ljava/lang/invoke/MethodHandle;Ljava/lang/String;Ljava/lang/Object;Ljava/lang/Object;Ljava/lang/Class;)Ljava/lang/Object;+262 java.base@11.0.18
j  java.lang.invoke.CallSite.makeSite(Ljava/lang/invoke/MethodHandle;Ljava/lang/String;Ljava/lang/invoke/MethodType;Ljava/lang/Object;Ljava/lang/Class;)Ljava/lang/invoke/CallSite;+8 java.base@11.0.18
j  java.lang.invoke.MethodHandleNatives.linkCallSiteImpl(Ljava/lang/Class;Ljava/lang/invoke/MethodHandle;Ljava/lang/String;Ljava/lang/invoke/MethodType;Ljava/lang/Object;[Ljava/lang/Object;)Ljava/lang/invoke/MemberName;+6 java.base@11.0.18
j  java.lang.invoke.MethodHandleNatives.linkCallSite(Ljava/lang/Object;ILjava/lang/Object;Ljava/lang/Object;Ljava/lang/Object;Ljava/lang/Object;[Ljava/lang/Object;)Ljava/lang/invoke/MemberName;+46 java.base@11.0.18
v  ~StubRoutines::call_stub
j  java.util.regex.Pattern$BitClass.<init>([Z)V+2 java.base@11.0.18
j  java.util.regex.Pattern$BitClass.<init>()V+6 java.base@11.0.18
j  java.util.regex.Pattern.clazz(Z)Ljava/util/regex/Pattern$CharPredicate;+8 java.base@11.0.18
j  java.util.regex.Pattern.sequence(Ljava/util/regex/Pattern$Node;)Ljava/util/regex/Pattern$Node;+213 java.base@11.0.18
j  java.util.regex.Pattern.expr(Ljava/util/regex/Pattern$Node;)Ljava/util/regex/Pattern$Node;+12 java.base@11.0.18
j  java.util.regex.Pattern.compile()V+222 java.base@11.0.18
j  java.util.regex.Pattern.<init>(Ljava/lang/String;I)V+108 java.base@11.0.18
j  java.util.regex.Pattern.compile(Ljava/lang/String;)Ljava/util/regex/Pattern;+6 java.base@11.0.18
j  java.lang.String.split(Ljava/lang/String;I)[Ljava/lang/String;+315 java.base@11.0.18
j  java.lang.String.split(Ljava/lang/String;)[Ljava/lang/String;+3 java.base@11.0.18
j  com.google.gson.internal.JavaVersion.parseDotted(Ljava/lang/String;)I+3
j  com.google.gson.internal.JavaVersion.getMajorJavaVersion(Ljava/lang/String;)I+1
j  com.google.gson.internal.JavaVersion.determineMajorJavaVersion()I+7
j  com.google.gson.internal.JavaVersion.<clinit>()V+0
v  ~StubRoutines::call_stub
j  com.google.gson.internal.reflect.ReflectionAccessor.<clinit>()V+0
v  ~StubRoutines::call_stub
j  com.google.gson.internal.ConstructorConstructor.<init>(Ljava/util/Map;)V+5
j  com.google.gson.Gson.<init>(Lcom/google/gson/internal/Excluder;Lcom/google/gson/FieldNamingStrategy;Ljava/util/Map;ZZZZZZZLcom/google/gson/LongSerializationPolicy;Ljava/lang/String;IILjava/util/List;Ljava/util/List;Ljava/util/List;Lcom/google/gson/ToNumberStrategy;Lcom/google/gson/ToNumberStrategy;)V+47
j  com.google.gson.Gson.<init>()V+38
j  com.microsoft.gradle.handlers.MavenIndexCompletionHandler.<init>()V+35
j  com.microsoft.gradle.GradleServices.<init>()V+101
j  com.microsoft.gradle.GradleLanguageServer.<init>()V+9
j  com.microsoft.gradle.GradleLanguageServer.main([Ljava/lang/String;)V+4
v  ~StubRoutines::call_stub

---------------  P R O C E S S  ---------------

Threads class SMR info:
_java_thread_list=0x0000012d4fb2ce10, length=11, elements={
0x0000012d2d899000, 0x0000012d4f7d8800, 0x0000012d4f7d9000, 0x0000012d4f839000,
0x0000012d4f83a800, 0x0000012d4f83c800, 0x0000012d4f83d800, 0x0000012d4f842800,
0x0000012d4f848800, 0x0000012d4f9ba000, 0x0000012d4fa19800
}

Java Threads: ( => current thread )
=>0x0000012d2d899000 JavaThread "main" [_thread_in_vm, id=14180, stack(0x0000000217000000,0x0000000217100000)]
  0x0000012d4f7d8800 JavaThread "Reference Handler" daemon [_thread_blocked, id=11092, stack(0x0000000217700000,0x0000000217800000)]
  0x0000012d4f7d9000 JavaThread "Finalizer" daemon [_thread_blocked, id=9500, stack(0x0000000217800000,0x0000000217900000)]
  0x0000012d4f839000 JavaThread "Signal Dispatcher" daemon [_thread_blocked, id=9312, stack(0x0000000217900000,0x0000000217a00000)]
  0x0000012d4f83a800 JavaThread "Attach Listener" daemon [_thread_blocked, id=6296, stack(0x0000000217a00000,0x0000000217b00000)]
  0x0000012d4f83c800 JavaThread "Service Thread" daemon [_thread_blocked, id=3280, stack(0x0000000217b00000,0x0000000217c00000)]
  0x0000012d4f83d800 JavaThread "C2 CompilerThread0" daemon [_thread_blocked, id=7684, stack(0x0000000217c00000,0x0000000217d00000)]
  0x0000012d4f842800 JavaThread "C1 CompilerThread0" daemon [_thread_blocked, id=6436, stack(0x0000000217d00000,0x0000000217e00000)]
  0x0000012d4f848800 JavaThread "Sweeper thread" daemon [_thread_blocked, id=10636, stack(0x0000000217e00000,0x0000000217f00000)]
  0x0000012d4f9ba000 JavaThread "Common-Cleaner" daemon [_thread_blocked, id=12240, stack(0x0000000218000000,0x0000000218100000)]
  0x0000012d4fa19800 JavaThread "C2 CompilerThread1" daemon [_thread_blocked, id=13404, stack(0x0000000218100000,0x0000000218200000)]

Other Threads:
  0x0000012d4f7b5800 VMThread "VM Thread" [stack: 0x0000000217600000,0x0000000217700000] [id=14764]
  0x0000012d4f9b4000 WatcherThread [stack: 0x0000000217f00000,0x0000000218000000] [id=10132]
  0x0000012d2d8b0000 GCTaskThread "GC Thread#0" [stack: 0x0000000217100000,0x0000000217200000] [id=15988]
  0x0000012d2d8fa800 ConcurrentGCThread "G1 Main Marker" [stack: 0x0000000217200000,0x0000000217300000] [id=15896]
  0x0000012d2d8fc800 ConcurrentGCThread "G1 Conc#0" [stack: 0x0000000217300000,0x0000000217400000] [id=5588]
  0x0000012d4ee1c800 ConcurrentGCThread "G1 Refine#0" [stack: 0x0000000217400000,0x0000000217500000] [id=1684]
  0x0000012d4ee1f800 ConcurrentGCThread "G1 Young RemSet Sampling" [stack: 0x0000000217500000,0x0000000217600000] [id=10848]

Threads with active compile tasks:

VM state:not at safepoint (normal execution)

VM Mutex/Monitor currently owned by a thread: None

Heap address: 0x0000000741c00000, size: 3044 MB, Compressed Oops mode: Zero based, Oop shift amount: 3
Narrow klass base: 0x0000000800000000, Narrow klass shift: 0
Compressed class space size: 1073741824 Address: 0x0000000800000000

Heap:
 garbage-first heap   total 196608K, used 8192K [0x0000000741c00000, 0x0000000800000000)
  region size 1024K, 8 young (8192K), 0 survivors (0K)
 Metaspace       used 10225K, capacity 10373K, committed 10496K, reserved 1058816K
  class space    used 924K, capacity 964K, committed 1024K, reserved 1048576K
Heap Regions: E=young(eden), S=young(survivor), O=old, HS=humongous(starts), HC=humongous(continues), CS=collection set, F=free, A=archive, TAMS=top-at-mark-start (previous, next)
|   0|0x0000000741c00000, 0x0000000741d00000, 0x0000000741d00000|100%|HS|  |TAMS 0x0000000741c00000, 0x0000000741c00000| Complete 
|   1|0x0000000741d00000, 0x0000000741d00000, 0x0000000741e00000|  0%| F|  |TAMS 0x0000000741d00000, 0x0000000741d00000| Untracked 
|   2|0x0000000741e00000, 0x0000000741e00000, 0x0000000741f00000|  0%| F|  |TAMS 0x0000000741e00000, 0x0000000741e00000| Untracked 
|   3|0x0000000741f00000, 0x0000000741f00000, 0x0000000742000000|  0%| F|  |TAMS 0x0000000741f00000, 0x0000000741f00000| Untracked 
|   4|0x0000000742000000, 0x0000000742000000, 0x0000000742100000|  0%| F|  |TAMS 0x0000000742000000, 0x0000000742000000| Untracked 
|   5|0x0000000742100000, 0x0000000742100000, 0x0000000742200000|  0%| F|  |TAMS 0x0000000742100000, 0x0000000742100000| Untracked 
|   6|0x0000000742200000, 0x0000000742200000, 0x0000000742300000|  0%| F|  |TAMS 0x0000000742200000, 0x0000000742200000| Untracked 
|   7|0x0000000742300000, 0x0000000742300000, 0x0000000742400000|  0%| F|  |TAMS 0x0000000742300000, 0x0000000742300000| Untracked 
|   8|0x0000000742400000, 0x0000000742400000, 0x0000000742500000|  0%| F|  |TAMS 0x0000000742400000, 0x0000000742400000| Untracked 
|   9|0x0000000742500000, 0x0000000742500000, 0x0000000742600000|  0%| F|  |TAMS 0x0000000742500000, 0x0000000742500000| Untracked 
|  10|0x0000000742600000, 0x0000000742600000, 0x0000000742700000|  0%| F|  |TAMS 0x0000000742600000, 0x0000000742600000| Untracked 
|  11|0x0000000742700000, 0x0000000742700000, 0x0000000742800000|  0%| F|  |TAMS 0x0000000742700000, 0x0000000742700000| Untracked 
|  12|0x0000000742800000, 0x0000000742800000, 0x0000000742900000|  0%| F|  |TAMS 0x0000000742800000, 0x0000000742800000| Untracked 
|  13|0x0000000742900000, 0x0000000742900000, 0x0000000742a00000|  0%| F|  |TAMS 0x0000000742900000, 0x0000000742900000| Untracked 
|  14|0x0000000742a00000, 0x0000000742a00000, 0x0000000742b00000|  0%| F|  |TAMS 0x0000000742a00000, 0x0000000742a00000| Untracked 
|  15|0x0000000742b00000, 0x0000000742b00000, 0x0000000742c00000|  0%| F|  |TAMS 0x0000000742b00000, 0x0000000742b00000| Untracked 
|  16|0x0000000742c00000, 0x0000000742c00000, 0x0000000742d00000|  0%| F|  |TAMS 0x0000000742c00000, 0x0000000742c00000| Untracked 
|  17|0x0000000742d00000, 0x0000000742d00000, 0x0000000742e00000|  0%| F|  |TAMS 0x0000000742d00000, 0x0000000742d00000| Untracked 
|  18|0x0000000742e00000, 0x0000000742e00000, 0x0000000742f00000|  0%| F|  |TAMS 0x0000000742e00000, 0x0000000742e00000| Untracked 
|  19|0x0000000742f00000, 0x0000000742f00000, 0x0000000743000000|  0%| F|  |TAMS 0x0000000742f00000, 0x0000000742f00000| Untracked 
|  20|0x0000000743000000, 0x0000000743000000, 0x0000000743100000|  0%| F|  |TAMS 0x0000000743000000, 0x0000000743000000| Untracked 
|  21|0x0000000743100000, 0x0000000743100000, 0x0000000743200000|  0%| F|  |TAMS 0x0000000743100000, 0x0000000743100000| Untracked 
|  22|0x0000000743200000, 0x0000000743200000, 0x0000000743300000|  0%| F|  |TAMS 0x0000000743200000, 0x0000000743200000| Untracked 
|  23|0x0000000743300000, 0x0000000743300000, 0x0000000743400000|  0%| F|  |TAMS 0x0000000743300000, 0x0000000743300000| Untracked 
|  24|0x0000000743400000, 0x0000000743400000, 0x0000000743500000|  0%| F|  |TAMS 0x0000000743400000, 0x0000000743400000| Untracked 
|  25|0x0000000743500000, 0x0000000743500000, 0x0000000743600000|  0%| F|  |TAMS 0x0000000743500000, 0x0000000743500000| Untracked 
|  26|0x0000000743600000, 0x0000000743600000, 0x0000000743700000|  0%| F|  |TAMS 0x0000000743600000, 0x0000000743600000| Untracked 
|  27|0x0000000743700000, 0x0000000743700000, 0x0000000743800000|  0%| F|  |TAMS 0x0000000743700000, 0x0000000743700000| Untracked 
|  28|0x0000000743800000, 0x0000000743800000, 0x0000000743900000|  0%| F|  |TAMS 0x0000000743800000, 0x0000000743800000| Untracked 
|  29|0x0000000743900000, 0x0000000743900000, 0x0000000743a00000|  0%| F|  |TAMS 0x0000000743900000, 0x0000000743900000| Untracked 
|  30|0x0000000743a00000, 0x0000000743a00000, 0x0000000743b00000|  0%| F|  |TAMS 0x0000000743a00000, 0x0000000743a00000| Untracked 
|  31|0x0000000743b00000, 0x0000000743b00000, 0x0000000743c00000|  0%| F|  |TAMS 0x0000000743b00000, 0x0000000743b00000| Untracked 
|  32|0x0000000743c00000, 0x0000000743c00000, 0x0000000743d00000|  0%| F|  |TAMS 0x0000000743c00000, 0x0000000743c00000| Untracked 
|  33|0x0000000743d00000, 0x0000000743d00000, 0x0000000743e00000|  0%| F|  |TAMS 0x0000000743d00000, 0x0000000743d00000| Untracked 
|  34|0x0000000743e00000, 0x0000000743e00000, 0x0000000743f00000|  0%| F|  |TAMS 0x0000000743e00000, 0x0000000743e00000| Untracked 
|  35|0x0000000743f00000, 0x0000000743f00000, 0x0000000744000000|  0%| F|  |TAMS 0x0000000743f00000, 0x0000000743f00000| Untracked 
|  36|0x0000000744000000, 0x0000000744000000, 0x0000000744100000|  0%| F|  |TAMS 0x0000000744000000, 0x0000000744000000| Untracked 
|  37|0x0000000744100000, 0x0000000744100000, 0x0000000744200000|  0%| F|  |TAMS 0x0000000744100000, 0x0000000744100000| Untracked 
|  38|0x0000000744200000, 0x0000000744200000, 0x0000000744300000|  0%| F|  |TAMS 0x0000000744200000, 0x0000000744200000| Untracked 
|  39|0x0000000744300000, 0x0000000744300000, 0x0000000744400000|  0%| F|  |TAMS 0x0000000744300000, 0x0000000744300000| Untracked 
|  40|0x0000000744400000, 0x0000000744400000, 0x0000000744500000|  0%| F|  |TAMS 0x0000000744400000, 0x0000000744400000| Untracked 
|  41|0x0000000744500000, 0x0000000744500000, 0x0000000744600000|  0%| F|  |TAMS 0x0000000744500000, 0x0000000744500000| Untracked 
|  42|0x0000000744600000, 0x0000000744600000, 0x0000000744700000|  0%| F|  |TAMS 0x0000000744600000, 0x0000000744600000| Untracked 
|  43|0x0000000744700000, 0x0000000744700000, 0x0000000744800000|  0%| F|  |TAMS 0x0000000744700000, 0x0000000744700000| Untracked 
|  44|0x0000000744800000, 0x0000000744800000, 0x0000000744900000|  0%| F|  |TAMS 0x0000000744800000, 0x0000000744800000| Untracked 
|  45|0x0000000744900000, 0x0000000744900000, 0x0000000744a00000|  0%| F|  |TAMS 0x0000000744900000, 0x0000000744900000| Untracked 
|  46|0x0000000744a00000, 0x0000000744a00000, 0x0000000744b00000|  0%| F|  |TAMS 0x0000000744a00000, 0x0000000744a00000| Untracked 
|  47|0x0000000744b00000, 0x0000000744b00000, 0x0000000744c00000|  0%| F|  |TAMS 0x0000000744b00000, 0x0000000744b00000| Untracked 
|  48|0x0000000744c00000, 0x0000000744c00000, 0x0000000744d00000|  0%| F|  |TAMS 0x0000000744c00000, 0x0000000744c00000| Untracked 
|  49|0x0000000744d00000, 0x0000000744d00000, 0x0000000744e00000|  0%| F|  |TAMS 0x0000000744d00000, 0x0000000744d00000| Untracked 
|  50|0x0000000744e00000, 0x0000000744e00000, 0x0000000744f00000|  0%| F|  |TAMS 0x0000000744e00000, 0x0000000744e00000| Untracked 
|  51|0x0000000744f00000, 0x0000000744f00000, 0x0000000745000000|  0%| F|  |TAMS 0x0000000744f00000, 0x0000000744f00000| Untracked 
|  52|0x0000000745000000, 0x0000000745000000, 0x0000000745100000|  0%| F|  |TAMS 0x0000000745000000, 0x0000000745000000| Untracked 
|  53|0x0000000745100000, 0x0000000745100000, 0x0000000745200000|  0%| F|  |TAMS 0x0000000745100000, 0x0000000745100000| Untracked 
|  54|0x0000000745200000, 0x0000000745200000, 0x0000000745300000|  0%| F|  |TAMS 0x0000000745200000, 0x0000000745200000| Untracked 
|  55|0x0000000745300000, 0x0000000745300000, 0x0000000745400000|  0%| F|  |TAMS 0x0000000745300000, 0x0000000745300000| Untracked 
|  56|0x0000000745400000, 0x0000000745400000, 0x0000000745500000|  0%| F|  |TAMS 0x0000000745400000, 0x0000000745400000| Untracked 
|  57|0x0000000745500000, 0x0000000745500000, 0x0000000745600000|  0%| F|  |TAMS 0x0000000745500000, 0x0000000745500000| Untracked 
|  58|0x0000000745600000, 0x0000000745600000, 0x0000000745700000|  0%| F|  |TAMS 0x0000000745600000, 0x0000000745600000| Untracked 
|  59|0x0000000745700000, 0x0000000745700000, 0x0000000745800000|  0%| F|  |TAMS 0x0000000745700000, 0x0000000745700000| Untracked 
|  60|0x0000000745800000, 0x0000000745800000, 0x0000000745900000|  0%| F|  |TAMS 0x0000000745800000, 0x0000000745800000| Untracked 
|  61|0x0000000745900000, 0x0000000745900000, 0x0000000745a00000|  0%| F|  |TAMS 0x0000000745900000, 0x0000000745900000| Untracked 
|  62|0x0000000745a00000, 0x0000000745a00000, 0x0000000745b00000|  0%| F|  |TAMS 0x0000000745a00000, 0x0000000745a00000| Untracked 
|  63|0x0000000745b00000, 0x0000000745b00000, 0x0000000745c00000|  0%| F|  |TAMS 0x0000000745b00000, 0x0000000745b00000| Untracked 
|  64|0x0000000745c00000, 0x0000000745c00000, 0x0000000745d00000|  0%| F|  |TAMS 0x0000000745c00000, 0x0000000745c00000| Untracked 
|  65|0x0000000745d00000, 0x0000000745d00000, 0x0000000745e00000|  0%| F|  |TAMS 0x0000000745d00000, 0x0000000745d00000| Untracked 
|  66|0x0000000745e00000, 0x0000000745e00000, 0x0000000745f00000|  0%| F|  |TAMS 0x0000000745e00000, 0x0000000745e00000| Untracked 
|  67|0x0000000745f00000, 0x0000000745f00000, 0x0000000746000000|  0%| F|  |TAMS 0x0000000745f00000, 0x0000000745f00000| Untracked 
|  68|0x0000000746000000, 0x0000000746000000, 0x0000000746100000|  0%| F|  |TAMS 0x0000000746000000, 0x0000000746000000| Untracked 
|  69|0x0000000746100000, 0x0000000746100000, 0x0000000746200000|  0%| F|  |TAMS 0x0000000746100000, 0x0000000746100000| Untracked 
|  70|0x0000000746200000, 0x0000000746200000, 0x0000000746300000|  0%| F|  |TAMS 0x0000000746200000, 0x0000000746200000| Untracked 
|  71|0x0000000746300000, 0x0000000746300000, 0x0000000746400000|  0%| F|  |TAMS 0x0000000746300000, 0x0000000746300000| Untracked 
|  72|0x0000000746400000, 0x0000000746400000, 0x0000000746500000|  0%| F|  |TAMS 0x0000000746400000, 0x0000000746400000| Untracked 
|  73|0x0000000746500000, 0x0000000746500000, 0x0000000746600000|  0%| F|  |TAMS 0x0000000746500000, 0x0000000746500000| Untracked 
|  74|0x0000000746600000, 0x0000000746600000, 0x0000000746700000|  0%| F|  |TAMS 0x0000000746600000, 0x0000000746600000| Untracked 
|  75|0x0000000746700000, 0x0000000746700000, 0x0000000746800000|  0%| F|  |TAMS 0x0000000746700000, 0x0000000746700000| Untracked 
|  76|0x0000000746800000, 0x0000000746800000, 0x0000000746900000|  0%| F|  |TAMS 0x0000000746800000, 0x0000000746800000| Untracked 
|  77|0x0000000746900000, 0x0000000746900000, 0x0000000746a00000|  0%| F|  |TAMS 0x0000000746900000, 0x0000000746900000| Untracked 
|  78|0x0000000746a00000, 0x0000000746a00000, 0x0000000746b00000|  0%| F|  |TAMS 0x0000000746a00000, 0x0000000746a00000| Untracked 
|  79|0x0000000746b00000, 0x0000000746b00000, 0x0000000746c00000|  0%| F|  |TAMS 0x0000000746b00000, 0x0000000746b00000| Untracked 
|  80|0x0000000746c00000, 0x0000000746c00000, 0x0000000746d00000|  0%| F|  |TAMS 0x0000000746c00000, 0x0000000746c00000| Untracked 
|  81|0x0000000746d00000, 0x0000000746d00000, 0x0000000746e00000|  0%| F|  |TAMS 0x0000000746d00000, 0x0000000746d00000| Untracked 
|  82|0x0000000746e00000, 0x0000000746e00000, 0x0000000746f00000|  0%| F|  |TAMS 0x0000000746e00000, 0x0000000746e00000| Untracked 
|  83|0x0000000746f00000, 0x0000000746f00000, 0x0000000747000000|  0%| F|  |TAMS 0x0000000746f00000, 0x0000000746f00000| Untracked 
|  84|0x0000000747000000, 0x0000000747000000, 0x0000000747100000|  0%| F|  |TAMS 0x0000000747000000, 0x0000000747000000| Untracked 
|  85|0x0000000747100000, 0x0000000747100000, 0x0000000747200000|  0%| F|  |TAMS 0x0000000747100000, 0x0000000747100000| Untracked 
|  86|0x0000000747200000, 0x0000000747200000, 0x0000000747300000|  0%| F|  |TAMS 0x0000000747200000, 0x0000000747200000| Untracked 
|  87|0x0000000747300000, 0x0000000747300000, 0x0000000747400000|  0%| F|  |TAMS 0x0000000747300000, 0x0000000747300000| Untracked 
|  88|0x0000000747400000, 0x0000000747400000, 0x0000000747500000|  0%| F|  |TAMS 0x0000000747400000, 0x0000000747400000| Untracked 
|  89|0x0000000747500000, 0x0000000747500000, 0x0000000747600000|  0%| F|  |TAMS 0x0000000747500000, 0x0000000747500000| Untracked 
|  90|0x0000000747600000, 0x0000000747600000, 0x0000000747700000|  0%| F|  |TAMS 0x0000000747600000, 0x0000000747600000| Untracked 
|  91|0x0000000747700000, 0x0000000747700000, 0x0000000747800000|  0%| F|  |TAMS 0x0000000747700000, 0x0000000747700000| Untracked 
|  92|0x0000000747800000, 0x0000000747800000, 0x0000000747900000|  0%| F|  |TAMS 0x0000000747800000, 0x0000000747800000| Untracked 
|  93|0x0000000747900000, 0x0000000747900000, 0x0000000747a00000|  0%| F|  |TAMS 0x0000000747900000, 0x0000000747900000| Untracked 
|  94|0x0000000747a00000, 0x0000000747a00000, 0x0000000747b00000|  0%| F|  |TAMS 0x0000000747a00000, 0x0000000747a00000| Untracked 
|  95|0x0000000747b00000, 0x0000000747b00000, 0x0000000747c00000|  0%| F|  |TAMS 0x0000000747b00000, 0x0000000747b00000| Untracked 
|  96|0x0000000747c00000, 0x0000000747c00000, 0x0000000747d00000|  0%| F|  |TAMS 0x0000000747c00000, 0x0000000747c00000| Untracked 
|  97|0x0000000747d00000, 0x0000000747d00000, 0x0000000747e00000|  0%| F|  |TAMS 0x0000000747d00000, 0x0000000747d00000| Untracked 
|  98|0x0000000747e00000, 0x0000000747e00000, 0x0000000747f00000|  0%| F|  |TAMS 0x0000000747e00000, 0x0000000747e00000| Untracked 
|  99|0x0000000747f00000, 0x0000000747f00000, 0x0000000748000000|  0%| F|  |TAMS 0x0000000747f00000, 0x0000000747f00000| Untracked 
| 100|0x0000000748000000, 0x0000000748000000, 0x0000000748100000|  0%| F|  |TAMS 0x0000000748000000, 0x0000000748000000| Untracked 
| 101|0x0000000748100000, 0x0000000748100000, 0x0000000748200000|  0%| F|  |TAMS 0x0000000748100000, 0x0000000748100000| Untracked 
| 102|0x0000000748200000, 0x0000000748200000, 0x0000000748300000|  0%| F|  |TAMS 0x0000000748200000, 0x0000000748200000| Untracked 
| 103|0x0000000748300000, 0x0000000748300000, 0x0000000748400000|  0%| F|  |TAMS 0x0000000748300000, 0x0000000748300000| Untracked 
| 104|0x0000000748400000, 0x0000000748400000, 0x0000000748500000|  0%| F|  |TAMS 0x0000000748400000, 0x0000000748400000| Untracked 
| 105|0x0000000748500000, 0x0000000748500000, 0x0000000748600000|  0%| F|  |TAMS 0x0000000748500000, 0x0000000748500000| Untracked 
| 106|0x0000000748600000, 0x0000000748600000, 0x0000000748700000|  0%| F|  |TAMS 0x0000000748600000, 0x0000000748600000| Untracked 
| 107|0x0000000748700000, 0x0000000748700000, 0x0000000748800000|  0%| F|  |TAMS 0x0000000748700000, 0x0000000748700000| Untracked 
| 108|0x0000000748800000, 0x0000000748800000, 0x0000000748900000|  0%| F|  |TAMS 0x0000000748800000, 0x0000000748800000| Untracked 
| 109|0x0000000748900000, 0x0000000748900000, 0x0000000748a00000|  0%| F|  |TAMS 0x0000000748900000, 0x0000000748900000| Untracked 
| 110|0x0000000748a00000, 0x0000000748a00000, 0x0000000748b00000|  0%| F|  |TAMS 0x0000000748a00000, 0x0000000748a00000| Untracked 
| 111|0x0000000748b00000, 0x0000000748b00000, 0x0000000748c00000|  0%| F|  |TAMS 0x0000000748b00000, 0x0000000748b00000| Untracked 
| 112|0x0000000748c00000, 0x0000000748c00000, 0x0000000748d00000|  0%| F|  |TAMS 0x0000000748c00000, 0x0000000748c00000| Untracked 
| 113|0x0000000748d00000, 0x0000000748d00000, 0x0000000748e00000|  0%| F|  |TAMS 0x0000000748d00000, 0x0000000748d00000| Untracked 
| 114|0x0000000748e00000, 0x0000000748e00000, 0x0000000748f00000|  0%| F|  |TAMS 0x0000000748e00000, 0x0000000748e00000| Untracked 
| 115|0x0000000748f00000, 0x0000000748f00000, 0x0000000749000000|  0%| F|  |TAMS 0x0000000748f00000, 0x0000000748f00000| Untracked 
| 116|0x0000000749000000, 0x0000000749000000, 0x0000000749100000|  0%| F|  |TAMS 0x0000000749000000, 0x0000000749000000| Untracked 
| 117|0x0000000749100000, 0x0000000749100000, 0x0000000749200000|  0%| F|  |TAMS 0x0000000749100000, 0x0000000749100000| Untracked 
| 118|0x0000000749200000, 0x0000000749200000, 0x0000000749300000|  0%| F|  |TAMS 0x0000000749200000, 0x0000000749200000| Untracked 
| 119|0x0000000749300000, 0x0000000749300000, 0x0000000749400000|  0%| F|  |TAMS 0x0000000749300000, 0x0000000749300000| Untracked 
| 120|0x0000000749400000, 0x0000000749400000, 0x0000000749500000|  0%| F|  |TAMS 0x0000000749400000, 0x0000000749400000| Untracked 
| 121|0x0000000749500000, 0x0000000749500000, 0x0000000749600000|  0%| F|  |TAMS 0x0000000749500000, 0x0000000749500000| Untracked 
| 122|0x0000000749600000, 0x0000000749600000, 0x0000000749700000|  0%| F|  |TAMS 0x0000000749600000, 0x0000000749600000| Untracked 
| 123|0x0000000749700000, 0x0000000749700000, 0x0000000749800000|  0%| F|  |TAMS 0x0000000749700000, 0x0000000749700000| Untracked 
| 124|0x0000000749800000, 0x0000000749800000, 0x0000000749900000|  0%| F|  |TAMS 0x0000000749800000, 0x0000000749800000| Untracked 
| 125|0x0000000749900000, 0x0000000749900000, 0x0000000749a00000|  0%| F|  |TAMS 0x0000000749900000, 0x0000000749900000| Untracked 
| 126|0x0000000749a00000, 0x0000000749a00000, 0x0000000749b00000|  0%| F|  |TAMS 0x0000000749a00000, 0x0000000749a00000| Untracked 
| 127|0x0000000749b00000, 0x0000000749b00000, 0x0000000749c00000|  0%| F|  |TAMS 0x0000000749b00000, 0x0000000749b00000| Untracked 
| 128|0x0000000749c00000, 0x0000000749c00000, 0x0000000749d00000|  0%| F|  |TAMS 0x0000000749c00000, 0x0000000749c00000| Untracked 
| 129|0x0000000749d00000, 0x0000000749d00000, 0x0000000749e00000|  0%| F|  |TAMS 0x0000000749d00000, 0x0000000749d00000| Untracked 
| 130|0x0000000749e00000, 0x0000000749e00000, 0x0000000749f00000|  0%| F|  |TAMS 0x0000000749e00000, 0x0000000749e00000| Untracked 
| 131|0x0000000749f00000, 0x0000000749f00000, 0x000000074a000000|  0%| F|  |TAMS 0x0000000749f00000, 0x0000000749f00000| Untracked 
| 132|0x000000074a000000, 0x000000074a000000, 0x000000074a100000|  0%| F|  |TAMS 0x000000074a000000, 0x000000074a000000| Untracked 
| 133|0x000000074a100000, 0x000000074a100000, 0x000000074a200000|  0%| F|  |TAMS 0x000000074a100000, 0x000000074a100000| Untracked 
| 134|0x000000074a200000, 0x000000074a200000, 0x000000074a300000|  0%| F|  |TAMS 0x000000074a200000, 0x000000074a200000| Untracked 
| 135|0x000000074a300000, 0x000000074a300000, 0x000000074a400000|  0%| F|  |TAMS 0x000000074a300000, 0x000000074a300000| Untracked 
| 136|0x000000074a400000, 0x000000074a400000, 0x000000074a500000|  0%| F|  |TAMS 0x000000074a400000, 0x000000074a400000| Untracked 
| 137|0x000000074a500000, 0x000000074a500000, 0x000000074a600000|  0%| F|  |TAMS 0x000000074a500000, 0x000000074a500000| Untracked 
| 138|0x000000074a600000, 0x000000074a600000, 0x000000074a700000|  0%| F|  |TAMS 0x000000074a600000, 0x000000074a600000| Untracked 
| 139|0x000000074a700000, 0x000000074a700000, 0x000000074a800000|  0%| F|  |TAMS 0x000000074a700000, 0x000000074a700000| Untracked 
| 140|0x000000074a800000, 0x000000074a800000, 0x000000074a900000|  0%| F|  |TAMS 0x000000074a800000, 0x000000074a800000| Untracked 
| 141|0x000000074a900000, 0x000000074a900000, 0x000000074aa00000|  0%| F|  |TAMS 0x000000074a900000, 0x000000074a900000| Untracked 
| 142|0x000000074aa00000, 0x000000074aa00000, 0x000000074ab00000|  0%| F|  |TAMS 0x000000074aa00000, 0x000000074aa00000| Untracked 
| 143|0x000000074ab00000, 0x000000074ab00000, 0x000000074ac00000|  0%| F|  |TAMS 0x000000074ab00000, 0x000000074ab00000| Untracked 
| 144|0x000000074ac00000, 0x000000074ac00000, 0x000000074ad00000|  0%| F|  |TAMS 0x000000074ac00000, 0x000000074ac00000| Untracked 
| 145|0x000000074ad00000, 0x000000074ad00000, 0x000000074ae00000|  0%| F|  |TAMS 0x000000074ad00000, 0x000000074ad00000| Untracked 
| 146|0x000000074ae00000, 0x000000074ae00000, 0x000000074af00000|  0%| F|  |TAMS 0x000000074ae00000, 0x000000074ae00000| Untracked 
| 147|0x000000074af00000, 0x000000074af00000, 0x000000074b000000|  0%| F|  |TAMS 0x000000074af00000, 0x000000074af00000| Untracked 
| 148|0x000000074b000000, 0x000000074b000000, 0x000000074b100000|  0%| F|  |TAMS 0x000000074b000000, 0x000000074b000000| Untracked 
| 149|0x000000074b100000, 0x000000074b100000, 0x000000074b200000|  0%| F|  |TAMS 0x000000074b100000, 0x000000074b100000| Untracked 
| 150|0x000000074b200000, 0x000000074b200000, 0x000000074b300000|  0%| F|  |TAMS 0x000000074b200000, 0x000000074b200000| Untracked 
| 151|0x000000074b300000, 0x000000074b300000, 0x000000074b400000|  0%| F|  |TAMS 0x000000074b300000, 0x000000074b300000| Untracked 
| 152|0x000000074b400000, 0x000000074b400000, 0x000000074b500000|  0%| F|  |TAMS 0x000000074b400000, 0x000000074b400000| Untracked 
| 153|0x000000074b500000, 0x000000074b500000, 0x000000074b600000|  0%| F|  |TAMS 0x000000074b500000, 0x000000074b500000| Untracked 
| 154|0x000000074b600000, 0x000000074b600000, 0x000000074b700000|  0%| F|  |TAMS 0x000000074b600000, 0x000000074b600000| Untracked 
| 155|0x000000074b700000, 0x000000074b700000, 0x000000074b800000|  0%| F|  |TAMS 0x000000074b700000, 0x000000074b700000| Untracked 
| 156|0x000000074b800000, 0x000000074b800000, 0x000000074b900000|  0%| F|  |TAMS 0x000000074b800000, 0x000000074b800000| Untracked 
| 157|0x000000074b900000, 0x000000074b900000, 0x000000074ba00000|  0%| F|  |TAMS 0x000000074b900000, 0x000000074b900000| Untracked 
| 158|0x000000074ba00000, 0x000000074ba00000, 0x000000074bb00000|  0%| F|  |TAMS 0x000000074ba00000, 0x000000074ba00000| Untracked 
| 159|0x000000074bb00000, 0x000000074bb00000, 0x000000074bc00000|  0%| F|  |TAMS 0x000000074bb00000, 0x000000074bb00000| Untracked 
| 160|0x000000074bc00000, 0x000000074bc00000, 0x000000074bd00000|  0%| F|  |TAMS 0x000000074bc00000, 0x000000074bc00000| Untracked 
| 161|0x000000074bd00000, 0x000000074bd00000, 0x000000074be00000|  0%| F|  |TAMS 0x000000074bd00000, 0x000000074bd00000| Untracked 
| 162|0x000000074be00000, 0x000000074be00000, 0x000000074bf00000|  0%| F|  |TAMS 0x000000074be00000, 0x000000074be00000| Untracked 
| 163|0x000000074bf00000, 0x000000074bf00000, 0x000000074c000000|  0%| F|  |TAMS 0x000000074bf00000, 0x000000074bf00000| Untracked 
| 164|0x000000074c000000, 0x000000074c000000, 0x000000074c100000|  0%| F|  |TAMS 0x000000074c000000, 0x000000074c000000| Untracked 
| 165|0x000000074c100000, 0x000000074c100000, 0x000000074c200000|  0%| F|  |TAMS 0x000000074c100000, 0x000000074c100000| Untracked 
| 166|0x000000074c200000, 0x000000074c200000, 0x000000074c300000|  0%| F|  |TAMS 0x000000074c200000, 0x000000074c200000| Untracked 
| 167|0x000000074c300000, 0x000000074c300000, 0x000000074c400000|  0%| F|  |TAMS 0x000000074c300000, 0x000000074c300000| Untracked 
| 168|0x000000074c400000, 0x000000074c400000, 0x000000074c500000|  0%| F|  |TAMS 0x000000074c400000, 0x000000074c400000| Untracked 
| 169|0x000000074c500000, 0x000000074c500000, 0x000000074c600000|  0%| F|  |TAMS 0x000000074c500000, 0x000000074c500000| Untracked 
| 170|0x000000074c600000, 0x000000074c600000, 0x000000074c700000|  0%| F|  |TAMS 0x000000074c600000, 0x000000074c600000| Untracked 
| 171|0x000000074c700000, 0x000000074c700000, 0x000000074c800000|  0%| F|  |TAMS 0x000000074c700000, 0x000000074c700000| Untracked 
| 172|0x000000074c800000, 0x000000074c800000, 0x000000074c900000|  0%| F|  |TAMS 0x000000074c800000, 0x000000074c800000| Untracked 
| 173|0x000000074c900000, 0x000000074c900000, 0x000000074ca00000|  0%| F|  |TAMS 0x000000074c900000, 0x000000074c900000| Untracked 
| 174|0x000000074ca00000, 0x000000074ca00000, 0x000000074cb00000|  0%| F|  |TAMS 0x000000074ca00000, 0x000000074ca00000| Untracked 
| 175|0x000000074cb00000, 0x000000074cb00000, 0x000000074cc00000|  0%| F|  |TAMS 0x000000074cb00000, 0x000000074cb00000| Untracked 
| 176|0x000000074cc00000, 0x000000074cc00000, 0x000000074cd00000|  0%| F|  |TAMS 0x000000074cc00000, 0x000000074cc00000| Untracked 
| 177|0x000000074cd00000, 0x000000074cd00000, 0x000000074ce00000|  0%| F|  |TAMS 0x000000074cd00000, 0x000000074cd00000| Untracked 
| 178|0x000000074ce00000, 0x000000074ce00000, 0x000000074cf00000|  0%| F|  |TAMS 0x000000074ce00000, 0x000000074ce00000| Untracked 
| 179|0x000000074cf00000, 0x000000074cf00000, 0x000000074d000000|  0%| F|  |TAMS 0x000000074cf00000, 0x000000074cf00000| Untracked 
| 180|0x000000074d000000, 0x000000074d000000, 0x000000074d100000|  0%| F|  |TAMS 0x000000074d000000, 0x000000074d000000| Untracked 
| 181|0x000000074d100000, 0x000000074d100000, 0x000000074d200000|  0%| F|  |TAMS 0x000000074d100000, 0x000000074d100000| Untracked 
| 182|0x000000074d200000, 0x000000074d200000, 0x000000074d300000|  0%| F|  |TAMS 0x000000074d200000, 0x000000074d200000| Untracked 
| 183|0x000000074d300000, 0x000000074d300000, 0x000000074d400000|  0%| F|  |TAMS 0x000000074d300000, 0x000000074d300000| Untracked 
| 184|0x000000074d400000, 0x000000074d4f6900, 0x000000074d500000| 96%| E|  |TAMS 0x000000074d400000, 0x000000074d400000| Complete 
| 185|0x000000074d500000, 0x000000074d600000, 0x000000074d600000|100%| E|CS|TAMS 0x000000074d500000, 0x000000074d500000| Complete 
| 186|0x000000074d600000, 0x000000074d700000, 0x000000074d700000|100%| E|CS|TAMS 0x000000074d600000, 0x000000074d600000| Complete 
| 187|0x000000074d700000, 0x000000074d800000, 0x000000074d800000|100%| E|CS|TAMS 0x000000074d700000, 0x000000074d700000| Complete 
| 188|0x000000074d800000, 0x000000074d900000, 0x000000074d900000|100%| E|CS|TAMS 0x000000074d800000, 0x000000074d800000| Complete 
| 189|0x000000074d900000, 0x000000074da00000, 0x000000074da00000|100%| E|CS|TAMS 0x000000074d900000, 0x000000074d900000| Complete 
| 190|0x000000074da00000, 0x000000074db00000, 0x000000074db00000|100%| E|CS|TAMS 0x000000074da00000, 0x000000074da00000| Complete 
| 191|0x000000074db00000, 0x000000074dc00000, 0x000000074dc00000|100%| E|CS|TAMS 0x000000074db00000, 0x000000074db00000| Complete 

Card table byte_map: [0x0000012d45940000,0x0000012d45f40000] _byte_map_base: 0x0000012d41f32000

Marking Bits (Prev, Next): (CMBitMap*) 0x0000012d2d8eae38, (CMBitMap*) 0x0000012d2d8eae70
 Prev Bits: [0x0000012d46540000, 0x0000012d494d0000)
 Next Bits: [0x0000012d494d0000, 0x0000012d4c460000)

Polling page: 0x0000012d2b850000

Metaspace:

Usage:
  Non-class:      9.19 MB capacity,     9.08 MB ( 99%) used,   100.69 KB (  1%) free+waste,     7.75 KB ( <1%) overhead. 
      Class:    964.00 KB capacity,   924.67 KB ( 96%) used,    36.45 KB (  4%) free+waste,     2.88 KB ( <1%) overhead. 
       Both:     10.13 MB capacity,     9.99 MB ( 99%) used,   137.14 KB (  1%) free+waste,    10.63 KB ( <1%) overhead. 

Virtual space:
  Non-class space:       10.00 MB reserved,       9.25 MB ( 93%) committed 
      Class space:        1.00 GB reserved,       1.00 MB ( <1%) committed 
             Both:        1.01 GB reserved,      10.25 MB ( <1%) committed 

Chunk freelists:
   Non-Class:  0 bytes
       Class:  28.00 KB
        Both:  28.00 KB

MaxMetaspaceSize: 17179869184.00 GB
CompressedClassSpaceSize: 1.00 GB
Initial GC threshold: 20.80 MB
Current GC threshold: 20.80 MB
CDS: off

CodeHeap 'non-profiled nmethods': size=120000Kb used=149Kb max_used=149Kb free=119850Kb
 bounds [0x0000012d3dae0000, 0x0000012d3dd50000, 0x0000012d45010000]
CodeHeap 'profiled nmethods': size=120000Kb used=851Kb max_used=851Kb free=119148Kb
 bounds [0x0000012d365b0000, 0x0000012d36820000, 0x0000012d3dae0000]
CodeHeap 'non-nmethods': size=5760Kb used=1119Kb max_used=1136Kb free=4640Kb
 bounds [0x0000012d36010000, 0x0000012d36280000, 0x0000012d365b0000]
 total_blobs=896 nmethods=527 adapters=282
 compilation: enabled
              stopped_count=0, restarted_count=0
 full_count=0

Compilation events (20 events):
Event: 1.588 Thread 0x0000012d4f842800 nmethod 515 0x0000012d3db02c10 code [0x0000012d3db02dc0, 0x0000012d3db02e78]
Event: 1.589 Thread 0x0000012d4f842800  516       3       java.lang.String::substring (68 bytes)
Event: 1.590 Thread 0x0000012d4f842800 nmethod 516 0x0000012d36681410 code [0x0000012d36681660, 0x0000012d36681db8]
Event: 1.590 Thread 0x0000012d4f842800  517       3       java.lang.String::toLowerCase (8 bytes)
Event: 1.591 Thread 0x0000012d4f842800 nmethod 517 0x0000012d36682090 code [0x0000012d36682280, 0x0000012d366825f8]
Event: 1.591 Thread 0x0000012d4f842800  518       3       java.util.Locale::getDefault (4 bytes)
Event: 1.591 Thread 0x0000012d4f842800 nmethod 518 0x0000012d36682710 code [0x0000012d366828c0, 0x0000012d366829b8]
Event: 1.591 Thread 0x0000012d4f842800  520       3       java.lang.String::replace (42 bytes)
Event: 1.592 Thread 0x0000012d4f842800 nmethod 520 0x0000012d36682a10 code [0x0000012d36682be0, 0x0000012d36682ef8]
Event: 1.592 Thread 0x0000012d4f842800  519       1       java.net.URLStreamHandler::getDefaultPort (2 bytes)
Event: 1.592 Thread 0x0000012d4f842800 nmethod 519 0x0000012d3db02f10 code [0x0000012d3db030c0, 0x0000012d3db03178]
Event: 1.598 Thread 0x0000012d4f842800  521       3       jdk.internal.misc.SharedSecrets::javaUtilJarAccess (18 bytes)
Event: 1.598 Thread 0x0000012d4f842800 nmethod 521 0x0000012d36683010 code [0x0000012d366831e0, 0x0000012d366833e8]
Event: 1.598 Thread 0x0000012d4f842800  522       1       java.util.jar.Manifest::getMainAttributes (5 bytes)
Event: 1.598 Thread 0x0000012d4f842800 nmethod 522 0x0000012d3db03210 code [0x0000012d3db033c0, 0x0000012d3db03478]
Event: 1.600 Thread 0x0000012d4f842800  524       3       sun.net.www.ParseUtil::firstEncodeIndex (86 bytes)
Event: 1.602 Thread 0x0000012d4f842800 nmethod 524 0x0000012d36683510 code [0x0000012d36683760, 0x0000012d36684128]
Event: 1.602 Thread 0x0000012d4f842800  525       3       java.lang.invoke.MemberName::testAllFlags (7 bytes)
Event: 1.602 Thread 0x0000012d4f842800 nmethod 525 0x0000012d36684490 code [0x0000012d36684640, 0x0000012d366847f8]
Event: 1.603 Thread 0x0000012d4f842800  527       3       jdk.internal.org.objectweb.asm.ByteVector::putByte (39 bytes)

GC Heap History (0 events):
No events

Deoptimization events (20 events):
Event: 0.503 Thread 0x0000012d2d899000 Uncommon trap: trap_request=0xffffff4d fr.pc=0x0000012d3dae409c relative=0x000000000000017c
Event: 0.503 Thread 0x0000012d2d899000 Uncommon trap: reason=unstable_if action=reinterpret pc=0x0000012d3dae409c method=java.lang.String.hashCode()I @ 14 c2
Event: 0.503 Thread 0x0000012d2d899000 DEOPT PACKING pc=0x0000012d3dae409c sp=0x00000002170fdc60
Event: 0.503 Thread 0x0000012d2d899000 DEOPT UNPACKING pc=0x0000012d3605a1af sp=0x00000002170fdbf8 mode 2
Event: 0.695 Thread 0x0000012d2d899000 DEOPT PACKING pc=0x0000012d365b029f sp=0x00000002170fc190
Event: 0.695 Thread 0x0000012d2d899000 DEOPT UNPACKING pc=0x0000012d3605a95e sp=0x00000002170fb608 mode 0
Event: 0.705 Thread 0x0000012d2d899000 DEOPT PACKING pc=0x0000012d365b029f sp=0x00000002170fc190
Event: 0.705 Thread 0x0000012d2d899000 DEOPT UNPACKING pc=0x0000012d3605a95e sp=0x00000002170fb608 mode 0
Event: 0.806 Thread 0x0000012d2d899000 DEOPT PACKING pc=0x0000012d365e2aed sp=0x00000002170fc050
Event: 0.806 Thread 0x0000012d2d899000 DEOPT UNPACKING pc=0x0000012d3605a95e sp=0x00000002170fb4b0 mode 0
Event: 0.818 Thread 0x0000012d2d899000 DEOPT PACKING pc=0x0000012d365d97d0 sp=0x00000002170fc020
Event: 0.818 Thread 0x0000012d2d899000 DEOPT UNPACKING pc=0x0000012d3605a95e sp=0x00000002170fb4a8 mode 0
Event: 0.820 Thread 0x0000012d2d899000 DEOPT PACKING pc=0x0000012d365d97d0 sp=0x00000002170fc020
Event: 0.820 Thread 0x0000012d2d899000 DEOPT UNPACKING pc=0x0000012d3605a95e sp=0x00000002170fb4a8 mode 0
Event: 0.831 Thread 0x0000012d2d899000 DEOPT PACKING pc=0x0000012d365d97d0 sp=0x00000002170fc050
Event: 0.831 Thread 0x0000012d2d899000 DEOPT UNPACKING pc=0x0000012d3605a95e sp=0x00000002170fb4d8 mode 0
Event: 1.356 Thread 0x0000012d2d899000 DEOPT PACKING pc=0x0000012d3661a4a4 sp=0x00000002170fc1c0
Event: 1.356 Thread 0x0000012d2d899000 DEOPT UNPACKING pc=0x0000012d3605a95e sp=0x00000002170fb658 mode 0
Event: 1.581 Thread 0x0000012d2d899000 DEOPT PACKING pc=0x0000012d3664f768 sp=0x00000002170fc440
Event: 1.581 Thread 0x0000012d2d899000 DEOPT UNPACKING pc=0x0000012d3605a95e sp=0x00000002170fb898 mode 0

Classes redefined (0 events):
No events

Internal exceptions (1 events):
Event: 1.457 Thread 0x0000012d2d899000 Exception <a 'java/lang/NoSuchMethodError'{0x000000074d5c9968}: 'void java.lang.invoke.DirectMethodHandle$Holder.invokeVirtual(java.lang.Object, java.lang.Object)'> (0x000000074d5c9968) thrown at [./src/hotspot/share/interpreter/linkResolver.cpp, line 773]

Events (20 events):
Event: 1.592 loading class com/google/gson/internal/LazilyParsedNumber
Event: 1.592 loading class com/google/gson/internal/LazilyParsedNumber done
Event: 1.593 loading class java/lang/NumberFormatException
Event: 1.594 loading class java/lang/NumberFormatException done
Event: 1.594 loading class java/math/BigDecimal
Event: 1.595 loading class java/math/BigDecimal done
Event: 1.596 loading class com/google/gson/internal/ConstructorConstructor
Event: 1.596 loading class com/google/gson/internal/ConstructorConstructor done
Event: 1.597 loading class com/google/gson/internal/ObjectConstructor
Event: 1.597 loading class com/google/gson/internal/ObjectConstructor done
Event: 1.598 loading class com/google/gson/internal/reflect/ReflectionAccessor
Event: 1.598 loading class com/google/gson/internal/reflect/ReflectionAccessor done
Event: 1.598 loading class com/google/gson/internal/reflect/PreJava9ReflectionAccessor
Event: 1.598 loading class com/google/gson/internal/reflect/PreJava9ReflectionAccessor done
Event: 1.599 loading class com/google/gson/internal/reflect/UnsafeReflectionAccessor
Event: 1.599 loading class com/google/gson/internal/reflect/UnsafeReflectionAccessor done
Event: 1.600 loading class com/google/gson/internal/JavaVersion
Event: 1.600 loading class com/google/gson/internal/JavaVersion done
Event: 1.600 loading class java/util/regex/Pattern$BitClass
Event: 1.601 loading class java/util/regex/Pattern$BitClass done


Dynamic libraries:
0x00007ff7650d0000 - 0x00007ff7650dd000 	C:\Program Files\Microsoft\jdk-11.0.18.10-hotspot\bin\java.exe
0x00007ff878610000 - 0x00007ff878824000 	C:\WINDOWS\SYSTEM32\ntdll.dll
0x00007ff876d50000 - 0x00007ff876e12000 	C:\WINDOWS\System32\KERNEL32.DLL
0x00007ff875ab0000 - 0x00007ff875e53000 	C:\WINDOWS\System32\KERNELBASE.dll
0x00007ff875f10000 - 0x00007ff876021000 	C:\WINDOWS\System32\ucrtbase.dll
0x00007ff85b2a0000 - 0x00007ff85b2b5000 	C:\Program Files\Microsoft\jdk-11.0.18.10-hotspot\bin\VCRUNTIME140.dll
0x00007ff850750000 - 0x00007ff850767000 	C:\Program Files\Microsoft\jdk-11.0.18.10-hotspot\bin\jli.dll
0x00007ff8660e0000 - 0x00007ff86636e000 	C:\WINDOWS\WinSxS\amd64_microsoft.windows.common-controls_6595b64144ccf1df_6.0.22621.1635_none_270f70857386168e\COMCTL32.dll
0x00007ff8768d0000 - 0x00007ff876977000 	C:\WINDOWS\System32\msvcrt.dll
0x00007ff876690000 - 0x00007ff87683a000 	C:\WINDOWS\System32\USER32.dll
0x00007ff878580000 - 0x00007ff8785a9000 	C:\WINDOWS\System32\GDI32.dll
0x00007ff875e60000 - 0x00007ff875e86000 	C:\WINDOWS\System32\win32u.dll
0x00007ff8762d0000 - 0x00007ff8763e9000 	C:\WINDOWS\System32\gdi32full.dll
0x00007ff875a10000 - 0x00007ff875aaa000 	C:\WINDOWS\System32\msvcp_win.dll
0x00007ff876b30000 - 0x00007ff876b61000 	C:\WINDOWS\System32\IMM32.DLL
0x00007ff827940000 - 0x00007ff8279db000 	C:\Program Files\Microsoft\jdk-11.0.18.10-hotspot\bin\msvcp140.dll
0x00007ff8249a0000 - 0x00007ff825532000 	C:\Program Files\Microsoft\jdk-11.0.18.10-hotspot\bin\server\jvm.dll
0x00007ff876f40000 - 0x00007ff876fee000 	C:\WINDOWS\System32\ADVAPI32.dll
0x00007ff8763f0000 - 0x00007ff876494000 	C:\WINDOWS\System32\sechost.dll
0x00007ff876e20000 - 0x00007ff876f37000 	C:\WINDOWS\System32\RPCRT4.dll
0x00007ff8785c0000 - 0x00007ff8785c8000 	C:\WINDOWS\System32\PSAPI.DLL
0x00007ff864940000 - 0x00007ff864974000 	C:\WINDOWS\SYSTEM32\WINMM.dll
0x00007ff86da00000 - 0x00007ff86da0a000 	C:\WINDOWS\SYSTEM32\VERSION.dll
0x00007ff8642b0000 - 0x00007ff8642b9000 	C:\WINDOWS\SYSTEM32\WSOCK32.dll
0x00007ff8772e0000 - 0x00007ff877351000 	C:\WINDOWS\System32\ws2_32.DLL
0x00007ff874a80000 - 0x00007ff874a98000 	C:\WINDOWS\SYSTEM32\kernel.appcore.dll
0x00007ff866410000 - 0x00007ff866420000 	C:\Program Files\Microsoft\jdk-11.0.18.10-hotspot\bin\verify.dll
0x00007ff8733f0000 - 0x00007ff87361e000 	C:\WINDOWS\SYSTEM32\DBGHELP.DLL
0x00007ff8781f0000 - 0x00007ff878579000 	C:\WINDOWS\System32\combase.dll
0x00007ff8771b0000 - 0x00007ff877287000 	C:\WINDOWS\System32\OLEAUT32.dll
0x00007ff86cd80000 - 0x00007ff86cdb2000 	C:\WINDOWS\SYSTEM32\dbgcore.DLL
0x00007ff875e90000 - 0x00007ff875f0a000 	C:\WINDOWS\System32\bcryptPrimitives.dll
0x00007ff83c360000 - 0x00007ff83c388000 	C:\Program Files\Microsoft\jdk-11.0.18.10-hotspot\bin\java.dll
0x00007ff864e10000 - 0x00007ff864e1a000 	C:\Program Files\Microsoft\jdk-11.0.18.10-hotspot\bin\jimage.dll
0x00007ff848f30000 - 0x00007ff848f48000 	C:\Program Files\Microsoft\jdk-11.0.18.10-hotspot\bin\zip.dll
0x00007ff877510000 - 0x00007ff877d09000 	C:\WINDOWS\System32\SHELL32.dll
0x00007ff8739b0000 - 0x00007ff87427e000 	C:\WINDOWS\SYSTEM32\windows.storage.dll
0x00007ff873870000 - 0x00007ff8739ae000 	C:\WINDOWS\SYSTEM32\wintypes.dll
0x00007ff877410000 - 0x00007ff877501000 	C:\WINDOWS\System32\SHCORE.dll
0x00007ff876840000 - 0x00007ff87689e000 	C:\WINDOWS\System32\shlwapi.dll
0x00007ff875940000 - 0x00007ff875966000 	C:\WINDOWS\SYSTEM32\profapi.dll
0x00007ff842190000 - 0x00007ff8421a9000 	C:\Program Files\Microsoft\jdk-11.0.18.10-hotspot\bin\net.dll
0x00007ff86e420000 - 0x00007ff86e557000 	C:\WINDOWS\SYSTEM32\WINHTTP.dll
0x00007ff874f70000 - 0x00007ff874fd9000 	C:\WINDOWS\system32\mswsock.dll
0x00007ff83c8d0000 - 0x00007ff83c8e3000 	C:\Program Files\Microsoft\jdk-11.0.18.10-hotspot\bin\nio.dll

dbghelp: loaded successfully - version: 4.0.5 - missing functions: none
symbol engine: initialized successfully - sym options: 0x614 - pdb path: .;C:\Program Files\Microsoft\jdk-11.0.18.10-hotspot\bin;C:\WINDOWS\SYSTEM32;C:\WINDOWS\WinSxS\amd64_microsoft.windows.common-controls_6595b64144ccf1df_6.0.22621.1635_none_270f70857386168e;C:\Program Files\Microsoft\jdk-11.0.18.10-hotspot\bin\server

VM Arguments:
jvm_args: -Dfile.encoding=utf8 
java_command: c:\Users\ochie\.vscode\extensions\vscjava.vscode-gradle-3.12.7\lib\gradle-language-server.jar
java_class_path (initial): c:\Users\ochie\.vscode\extensions\vscjava.vscode-gradle-3.12.7\lib\gradle-language-server.jar
Launcher Type: SUN_STANDARD

[Global flags]
     intx CICompilerCount                          = 4                                         {product} {ergonomic}
     uint ConcGCThreads                            = 2                                         {product} {ergonomic}
     uint G1ConcRefinementThreads                  = 8                                         {product} {ergonomic}
   size_t G1HeapRegionSize                         = 1048576                                   {product} {ergonomic}
    uintx GCDrainStackTargetSize                   = 64                                        {product} {ergonomic}
   size_t InitialHeapSize                          = 201326592                                 {product} {ergonomic}
   size_t MarkStackSize                            = 4194304                                   {product} {ergonomic}
   size_t MaxHeapSize                              = 3191865344                                {product} {ergonomic}
   size_t MaxNewSize                               = 1914699776                                {product} {ergonomic}
   size_t MinHeapDeltaBytes                        = 1048576                                   {product} {ergonomic}
    uintx NonNMethodCodeHeapSize                   = 5836300                                {pd product} {ergonomic}
    uintx NonProfiledCodeHeapSize                  = 122910970                              {pd product} {ergonomic}
    uintx ProfiledCodeHeapSize                     = 122910970                              {pd product} {ergonomic}
    uintx ReservedCodeCacheSize                    = 251658240                              {pd product} {ergonomic}
     bool SegmentedCodeCache                       = true                                      {product} {ergonomic}
     bool UseCompressedClassPointers               = true                                 {lp64_product} {ergonomic}
     bool UseCompressedOops                        = true                                 {lp64_product} {ergonomic}
     bool UseG1GC                                  = true                                      {product} {ergonomic}
     bool UseLargePagesIndividualAllocation        = false                                  {pd product} {ergonomic}

Logging:
Log output configuration:
 #0: stdout all=warning uptime,level,tags
 #1: stderr all=off uptime,level,tags

Environment Variables:
JAVA_HOME=C:\Program Files\Microsoft\jdk-11.0.18.10-hotspot\
PATH=C:\WINDOWS\system32;C:\WINDOWS;C:\WINDOWS\System32\Wbem;C:\WINDOWS\System32\WindowsPowerShell\v1.0\;C:\WINDOWS\System32\OpenSSH\;C:\ProgramData\chocolatey\bin;C:\xampp\php;C:\ProgramData\ComposerSetup\bin;C:\Program Files (x86)\dotnet\;C:\Python311\Lib\site-packages\django\;C:\Program Files\Git\cmd;C:\Program Files\OpenSSL-Win64\bin;C:\Program Files\Microsoft\jdk-11.0.18.10-hotspot\bin;C:\xampp\mysql\bin;C:\Users\ochie\AppData\Roaming\npm\node_modules;C:\Program Files (x86)\Yarn\bin\;C:\Users\ochie\AppData\Roaming\nvm;C:\Program Files\nodejs;C:\Program Files\PostgreSQL\15\bin;C:\Users\ochie\AppData\Local\Programs\Python\Python310;C:\Users\ochie\AppData\Local\Programs\Python\Python310\Scripts;C:\Users\ochie\AppData\Local\Programs\Python\Python310\Scripts\;C:\Users\ochie\AppData\Local\Programs\Python\Python310\;C:\Users\ochie\AppData\Local\Microsoft\WindowsApps;C:\Users\ochie\AppData\Local\Programs\Microsoft VS Code\bin;C:\Users\ochie\AppData\Roaming\Composer\vendor\bin;C:\Program Files\JetBrains\PyCharm Community Edition 2022.3.1\bin;;C:\Python311\;C:\Python311\Scripts\;C:\Python311\Lib\site-packages\django\;C:\Users\ochie\AppData\Roaming\npm;C:\Users\ochie\AppData\Local\Android\Sdk\platform-tools;C:\Users\ochie\AppData\Local\GitHubDesktop\bin;C:\Users\ochie\AppData\Local\Yarn\bin;C:\Users\ochie\AppData\Roaming\nvm;C:\Program Files\nodejs
USERNAME=ochie
OS=Windows_NT
PROCESSOR_IDENTIFIER=Intel64 Family 6 Model 158 Stepping 10, GenuineIntel
TMP=C:\Users\ochie\AppData\Local\Temp
TEMP=C:\Users\ochie\AppData\Local\Temp



---------------  S Y S T E M  ---------------

OS: Windows 11 , 64 bit Build 22621 (10.0.22621.1928)
OS uptime: 0 days 13:40 hours
Hyper-V role detected

CPU:total 8 (initial active 8) (4 cores per cpu, 2 threads per core) family 6 model 158 stepping 10 microcode 0xf0, cmov, cx8, fxsr, mmx, sse, sse2, sse3, ssse3, sse4.1, sse4.2, popcnt, avx, avx2, aes, clmul, erms, 3dnowpref, lzcnt, ht, tsc, tscinvbit, bmi1, bmi2, adx, fma

Memory: 4k page, system-wide physical 12169M (1082M free)
TotalPageFile size 27283M (AvailPageFile size 52M)
current process WorkingSet (physical memory assigned to process): 53M, peak: 54M
current process commit charge ("private bytes"): 280M, peak: 280M

vm_info: OpenJDK 64-Bit Server VM (11.0.18+10-LTS) for windows-amd64 JRE (11.0.18+10-LTS), built on Jan 18 2023 15:56:47 by "MicrosoftCorporation" with MS VC++ 15.9 (VS2017)

END.
