#
# There is insufficient memory for the Java Runtime Environment to continue.
# Native memory allocation (mmap) failed to map 201326592 bytes for Failed to commit area from 0x0000000741c00000 to 0x000000074dc00000 of length 201326592.
# Possible reasons:
#   The system is out of physical RAM or swap space
#   The process is running with CompressedOops enabled, and the Java Heap may be blocking the growth of the native heap
# Possible solutions:
#   Reduce memory load on the system
#   Increase physical memory or swap space
#   Check if swap backing store is full
#   Decrease Java heap size (-Xmx/-Xms)
#   Decrease number of Java threads
#   Decrease Java thread stack sizes (-Xss)
#   Set larger code cache with -XX:ReservedCodeCacheSize=
# This output file may be truncated or incomplete.
#
#  Out of Memory Error (./src/hotspot/os/windows/os_windows.cpp:3386), pid=15924, tid=11464
#
# JRE version:  (11.0.18+10) (build )
# Java VM: OpenJDK 64-Bit Server VM (11.0.18+10-LTS, mixed mode, sharing, tiered, compressed oops, g1 gc, windows-amd64)
# No core dump will be written. Minidumps are not enabled by default on client versions of Windows
#

---------------  S U M M A R Y ------------

Command Line: -Dfile.encoding=utf8 c:\Users\ochie\.vscode\extensions\vscjava.vscode-gradle-3.12.7\lib\gradle-language-server.jar

Host: Intel(R) Core(TM) i5-8300H CPU @ 2.30GHz, 8 cores, 11G,  Windows 11 , 64 bit Build 22621 (10.0.22621.1635)
Time: Mon May  1 16:52:54 2023 E. Africa Standard Time elapsed time: 0.112560 seconds (0d 0h 0m 0s)

---------------  T H R E A D  ---------------

Current thread (0x000001f1e6da7000):  JavaThread "Unknown thread" [_thread_in_vm, id=11464, stack(0x0000001951500000,0x0000001951600000)]

Stack: [0x0000001951500000,0x0000001951600000]
Native frames: (J=compiled Java code, j=interpreted, Vv=VM code, C=native code)
V  [jvm.dll+0x62bf8a]
V  [jvm.dll+0x7b8fb9]
V  [jvm.dll+0x7ba6a8]
V  [jvm.dll+0x7bad83]
V  [jvm.dll+0x250248]
V  [jvm.dll+0x62929a]
V  [jvm.dll+0x61d855]
V  [jvm.dll+0x30c32c]
V  [jvm.dll+0x30c1b2]
V  [jvm.dll+0x310ec6]
V  [jvm.dll+0x356f0f]
V  [jvm.dll+0x356940]
V  [jvm.dll+0x2e9348]
V  [jvm.dll+0x2ea4a6]
V  [jvm.dll+0x792e07]
V  [jvm.dll+0x79458f]
V  [jvm.dll+0x363c69]
V  [jvm.dll+0x775d70]
V  [jvm.dll+0x3d297f]
V  [jvm.dll+0x3d4d11]
C  [jli.dll+0x5207]
C  [ucrtbase.dll+0x29363]
C  [KERNEL32.DLL+0x126ad]
C  [ntdll.dll+0x5a9f8]


---------------  P R O C E S S  ---------------

Threads class SMR info:
_java_thread_list=0x000001f1e4b64ed0, length=0, elements={
}

Java Threads: ( => current thread )

Other Threads:
  0x000001f1e6dbf000 GCTaskThread "GC Thread#0" [stack: 0x0000001951600000,0x0000001951700000] [id=14540]
  0x000001f1e6e08800 ConcurrentGCThread "G1 Main Marker" [stack: 0x0000001951700000,0x0000001951800000] [id=10896]
  0x000001f1e6e0a800 ConcurrentGCThread "G1 Conc#0" [stack: 0x0000001951800000,0x0000001951900000] [id=19780]

[error occurred during error reporting (printing all threads), id 0xc0000005, EXCEPTION_ACCESS_VIOLATION (0xc0000005) at pc=0x00007ffe02368b17]

VM state:not at safepoint (not fully initialized)

VM Mutex/Monitor currently owned by a thread:  ([mutex/lock_event])
[0x000001f1e6da4f60] Heap_lock - owner thread: 0x000001f1e6da7000

Heap address: 0x0000000741c00000, size: 3044 MB, Compressed Oops mode: Non-zero based: 0x0000000741c00000
Narrow klass base: 0x0000000000000000, Narrow klass shift: 0

GC Heap History (0 events):
No events

Deoptimization events (0 events):
No events

Classes redefined (0 events):
No events

Internal exceptions (0 events):
No events

Events (1 events):
Event: 0.013 Loaded shared library C:\Program Files\Microsoft\jdk-11.0.18.10-hotspot\bin\zip.dll


Dynamic libraries:
0x00007ff614ac0000 - 0x00007ff614acd000 	C:\Program Files\Microsoft\jdk-11.0.18.10-hotspot\bin\java.exe
0x00007ffe8a370000 - 0x00007ffe8a584000 	C:\WINDOWS\SYSTEM32\ntdll.dll
0x00007ffe88860000 - 0x00007ffe88922000 	C:\WINDOWS\System32\KERNEL32.DLL
0x00007ffe87dc0000 - 0x00007ffe88163000 	C:\WINDOWS\System32\KERNELBASE.dll
0x00007ffe87a60000 - 0x00007ffe87b71000 	C:\WINDOWS\System32\ucrtbase.dll
0x00007ffe6ae90000 - 0x00007ffe6aea5000 	C:\Program Files\Microsoft\jdk-11.0.18.10-hotspot\bin\VCRUNTIME140.dll
0x00007ffe615b0000 - 0x00007ffe615c7000 	C:\Program Files\Microsoft\jdk-11.0.18.10-hotspot\bin\jli.dll
0x00007ffe89a70000 - 0x00007ffe89c1b000 	C:\WINDOWS\System32\USER32.dll
0x00007ffe6f4b0000 - 0x00007ffe6f73e000 	C:\WINDOWS\WinSxS\amd64_microsoft.windows.common-controls_6595b64144ccf1df_6.0.22621.1635_none_270f70857386168e\COMCTL32.dll
0x00007ffe87a30000 - 0x00007ffe87a56000 	C:\WINDOWS\System32\win32u.dll
0x00007ffe885e0000 - 0x00007ffe88609000 	C:\WINDOWS\System32\GDI32.dll
0x00007ffe884a0000 - 0x00007ffe88547000 	C:\WINDOWS\System32\msvcrt.dll
0x00007ffe87b80000 - 0x00007ffe87c98000 	C:\WINDOWS\System32\gdi32full.dll
0x00007ffe87ca0000 - 0x00007ffe87d3a000 	C:\WINDOWS\System32\msvcp_win.dll
0x00007ffe883f0000 - 0x00007ffe88421000 	C:\WINDOWS\System32\IMM32.DLL
0x00007ffe02c10000 - 0x00007ffe02cab000 	C:\Program Files\Microsoft\jdk-11.0.18.10-hotspot\bin\msvcp140.dll
0x00007ffe02070000 - 0x00007ffe02c02000 	C:\Program Files\Microsoft\jdk-11.0.18.10-hotspot\bin\server\jvm.dll
0x00007ffe8a180000 - 0x00007ffe8a22e000 	C:\WINDOWS\System32\ADVAPI32.dll
0x00007ffe88b60000 - 0x00007ffe88c04000 	C:\WINDOWS\System32\sechost.dll
0x00007ffe88610000 - 0x00007ffe88727000 	C:\WINDOWS\System32\RPCRT4.dll
0x00007ffe88550000 - 0x00007ffe88558000 	C:\WINDOWS\System32\PSAPI.DLL
0x00007ffe80c00000 - 0x00007ffe80c09000 	C:\WINDOWS\SYSTEM32\WSOCK32.dll
0x00007ffe89c20000 - 0x00007ffe89c91000 	C:\WINDOWS\System32\WS2_32.dll
0x00007ffe80440000 - 0x00007ffe8044a000 	C:\WINDOWS\SYSTEM32\VERSION.dll
0x00007ffe80220000 - 0x00007ffe80254000 	C:\WINDOWS\SYSTEM32\WINMM.dll
0x00007ffe867a0000 - 0x00007ffe867b8000 	C:\WINDOWS\SYSTEM32\kernel.appcore.dll
0x00007ffe727c0000 - 0x00007ffe727d0000 	C:\Program Files\Microsoft\jdk-11.0.18.10-hotspot\bin\verify.dll
0x00007ffe85150000 - 0x00007ffe8537e000 	C:\WINDOWS\SYSTEM32\DBGHELP.DLL
0x00007ffe88c10000 - 0x00007ffe88f99000 	C:\WINDOWS\System32\combase.dll
0x00007ffe88170000 - 0x00007ffe88247000 	C:\WINDOWS\System32\OLEAUT32.dll
0x00007ffe73ac0000 - 0x00007ffe73af2000 	C:\WINDOWS\SYSTEM32\dbgcore.DLL
0x00007ffe87d40000 - 0x00007ffe87dbb000 	C:\WINDOWS\System32\bcryptPrimitives.dll
0x00007ffe560b0000 - 0x00007ffe560d8000 	C:\Program Files\Microsoft\jdk-11.0.18.10-hotspot\bin\java.dll
0x00007ffe717b0000 - 0x00007ffe717ba000 	C:\Program Files\Microsoft\jdk-11.0.18.10-hotspot\bin\jimage.dll
0x00007ffe608b0000 - 0x00007ffe608c8000 	C:\Program Files\Microsoft\jdk-11.0.18.10-hotspot\bin\zip.dll

dbghelp: loaded successfully - version: 4.0.5 - missing functions: none
symbol engine: initialized successfully - sym options: 0x614 - pdb path: .;C:\Program Files\Microsoft\jdk-11.0.18.10-hotspot\bin;C:\WINDOWS\SYSTEM32;C:\WINDOWS\WinSxS\amd64_microsoft.windows.common-controls_6595b64144ccf1df_6.0.22621.1635_none_270f70857386168e;C:\Program Files\Microsoft\jdk-11.0.18.10-hotspot\bin\server

VM Arguments:
jvm_args: -Dfile.encoding=utf8 
java_command: c:\Users\ochie\.vscode\extensions\vscjava.vscode-gradle-3.12.7\lib\gradle-language-server.jar
java_class_path (initial): c:\Users\ochie\.vscode\extensions\vscjava.vscode-gradle-3.12.7\lib\gradle-language-server.jar
Launcher Type: SUN_STANDARD

[Global flags]
     intx CICompilerCount                          = 4                                         {product} {ergonomic}
     uint ConcGCThreads                            = 2                                         {product} {ergonomic}
     uint G1ConcRefinementThreads                  = 8                                         {product} {ergonomic}
   size_t G1HeapRegionSize                         = 1048576                                   {product} {ergonomic}
    uintx GCDrainStackTargetSize                   = 64                                        {product} {ergonomic}
   size_t InitialHeapSize                          = 201326592                                 {product} {ergonomic}
   size_t MarkStackSize                            = 4194304                                   {product} {ergonomic}
   size_t MaxHeapSize                              = 3191865344                                {product} {ergonomic}
   size_t MinHeapDeltaBytes                        = 1048576                                   {product} {ergonomic}
    uintx NonNMethodCodeHeapSize                   = 5836300                                {pd product} {ergonomic}
    uintx NonProfiledCodeHeapSize                  = 122910970                              {pd product} {ergonomic}
    uintx ProfiledCodeHeapSize                     = 122910970                              {pd product} {ergonomic}
    uintx ReservedCodeCacheSize                    = 251658240                              {pd product} {ergonomic}
     bool SegmentedCodeCache                       = true                                      {product} {ergonomic}
     bool UseCompressedClassPointers               = true                                 {lp64_product} {ergonomic}
     bool UseCompressedOops                        = true                                 {lp64_product} {ergonomic}
     bool UseG1GC                                  = true                                      {product} {ergonomic}
     bool UseLargePagesIndividualAllocation        = false                                  {pd product} {ergonomic}

Logging:
Log output configuration:
 #0: stdout all=warning uptime,level,tags
 #1: stderr all=off uptime,level,tags

Environment Variables:
JAVA_HOME=C:\Program Files\Microsoft\jdk-11.0.18.10-hotspot\
PATH=C:\Python311\Scripts\;C:\Python311\;C:\WINDOWS\system32;C:\WINDOWS;C:\WINDOWS\System32\Wbem;C:\WINDOWS\System32\WindowsPowerShell\v1.0\;C:\WINDOWS\System32\OpenSSH\;C:\ProgramData\chocolatey\bin;C:\xampp\php;C:\ProgramData\ComposerSetup\bin;C:\Program Files (x86)\dotnet\;C:\Python311\Lib\site-packages\django\;C:\Program Files\Git\cmd;C:\Program Files\OpenSSL-Win64\bin;C:\Program Files\nodejs\;C:\Program Files\Microsoft\jdk-11.0.18.10-hotspot\bin;C:\Users\ochie\AppData\Local\Microsoft\WindowsApps;C:\Users\ochie\AppData\Local\Programs\Microsoft VS Code\bin;C:\Users\ochie\AppData\Roaming\Composer\vendor\bin;C:\Program Files\JetBrains\PyCharm Community Edition 2022.3.1\bin;;C:\Python311\;C:\Python311\Scripts\;C:\Python311\Lib\site-packages\django\;C:\Users\ochie\AppData\Roaming\npm;C:\Users\ochie\AppData\Local\Android\Sdk\platform-tools
USERNAME=ochie
OS=Windows_NT
PROCESSOR_IDENTIFIER=Intel64 Family 6 Model 158 Stepping 10, GenuineIntel
TMP=C:\Users\ochie\AppData\Local\Temp
TEMP=C:\Users\ochie\AppData\Local\Temp



---------------  S Y S T E M  ---------------

OS: Windows 11 , 64 bit Build 22621 (10.0.22621.1635)
OS uptime: 3 days 23:44 hours
Hyper-V role detected

CPU:total 8 (initial active 8) (4 cores per cpu, 2 threads per core) family 6 model 158 stepping 10 microcode 0xf0, cmov, cx8, fxsr, mmx, sse, sse2, sse3, ssse3, sse4.1, sse4.2, popcnt, avx, avx2, aes, clmul, erms, 3dnowpref, lzcnt, ht, tsc, tscinvbit, bmi1, bmi2, adx, fma

Memory: 4k page, system-wide physical 12169M (561M free)
TotalPageFile size 27283M (AvailPageFile size 89M)
current process WorkingSet (physical memory assigned to process): 10M, peak: 10M
current process commit charge ("private bytes"): 60M, peak: 252M

vm_info: OpenJDK 64-Bit Server VM (11.0.18+10-LTS) for windows-amd64 JRE (11.0.18+10-LTS), built on Jan 18 2023 15:56:47 by "MicrosoftCorporation" with MS VC++ 15.9 (VS2017)

END.
