#
# There is insufficient memory for the Java Runtime Environment to continue.
# Native memory allocation (mmap) failed to map 65536 bytes for Failed to commit metaspace.
# Possible reasons:
#   The system is out of physical RAM or swap space
#   The process is running with CompressedOops enabled, and the Java Heap may be blocking the growth of the native heap
# Possible solutions:
#   Reduce memory load on the system
#   Increase physical memory or swap space
#   Check if swap backing store is full
#   Decrease Java heap size (-Xmx/-Xms)
#   Decrease number of Java threads
#   Decrease Java thread stack sizes (-Xss)
#   Set larger code cache with -XX:ReservedCodeCacheSize=
#   JVM is running with Unscaled Compressed Oops mode in which the Java heap is
#     placed in the first 4GB address space. The Java Heap base address is the
#     maximum limit for the native heap growth. Please use -XX:HeapBaseMinAddress
#     to set the Java Heap base and to place the Java Heap above 4GB virtual address.
# This output file may be truncated or incomplete.
#
#  Out of Memory Error (virtualSpaceNode.cpp:110), pid=12260, tid=17340
#
# JRE version: OpenJDK Runtime Environment Temurin-17.0.7+7 (17.0.7+7) (build 17.0.7+7)
# Java VM: OpenJDK 64-Bit Server VM Temurin-17.0.7+7 (17.0.7+7, mixed mode, tiered, compressed oops, compressed class ptrs, parallel gc, windows-amd64)
# No core dump will be written. Minidumps are not enabled by default on client versions of Windows
#

---------------  S U M M A R Y ------------

Command Line: --add-modules=ALL-SYSTEM --add-opens=java.base/java.util=ALL-UNNAMED --add-opens=java.base/java.lang=ALL-UNNAMED --add-opens=java.base/sun.nio.fs=ALL-UNNAMED -Declipse.application=org.eclipse.jdt.ls.core.id1 -Dosgi.bundles.defaultStartLevel=4 -Declipse.product=org.eclipse.jdt.ls.core.product -Djava.import.generatesMetadataFilesAtProjectRoot=false -Dfile.encoding=utf8 -XX:+UseParallelGC -XX:GCTimeRatio=4 -XX:AdaptiveSizePolicyWeight=90 -Dsun.zip.disableMemoryMapping=true -Xmx1G -Xms100m -Xlog:disable -javaagent:c:\Users\ochie\.vscode\extensions\redhat.java-1.18.0-win32-x64\lombok\lombok-1.18.27.jar c:\Users\ochie\.vscode\extensions\redhat.java-1.18.0-win32-x64\server\plugins\org.eclipse.equinox.launcher_1.6.400.v20210924-0641.jar -configuration c:\Users\ochie\AppData\Roaming\Code\User\globalStorage\redhat.java\1.18.0\config_ss_win -data c:\Users\ochie\AppData\Roaming\Code\User\workspaceStorage\ce7bc04b3091483ce11aded7c9977b2e\redhat.java\ss_ws

Host: Intel(R) Core(TM) i5-8300H CPU @ 2.30GHz, 8 cores, 11G,  Windows 11 , 64 bit Build 22621 (10.0.22621.1635)
Time: Mon May  1 16:44:30 2023 E. Africa Standard Time elapsed time: 5.066169 seconds (0d 0h 0m 5s)

---------------  T H R E A D  ---------------

Current thread (0x000001fb98ea7800):  JavaThread "C1 CompilerThread0" daemon [_thread_in_vm, id=17340, stack(0x000000cce4a00000,0x000000cce4b00000)]


Current CompileTask:
C1:   5066 2202       3       org.objectweb.asm.ClassReader::readMethod (1066 bytes)

Stack: [0x000000cce4a00000,0x000000cce4b00000]
Native frames: (J=compiled Java code, j=interpreted, Vv=VM code, C=native code)
V  [jvm.dll+0x67754a]
V  [jvm.dll+0x834304]
V  [jvm.dll+0x835aae]
V  [jvm.dll+0x836113]
V  [jvm.dll+0x24696f]
V  [jvm.dll+0x83039b]
V  [jvm.dll+0x61c006]
V  [jvm.dll+0x1c169e]
V  [jvm.dll+0x61e961]
V  [jvm.dll+0x61c9a6]
V  [jvm.dll+0x62dc3a]
V  [jvm.dll+0x626aaa]
V  [jvm.dll+0x1cd7a0]
V  [jvm.dll+0x1cd98f]
V  [jvm.dll+0x147a21]
V  [jvm.dll+0x147865]
V  [jvm.dll+0x13f0ce]
V  [jvm.dll+0x141685]
V  [jvm.dll+0x13f964]
V  [jvm.dll+0x1398df]
V  [jvm.dll+0x149456]
V  [jvm.dll+0x134ff0]
V  [jvm.dll+0x135350]
V  [jvm.dll+0x135616]
V  [jvm.dll+0x134aaa]
V  [jvm.dll+0x136771]
V  [jvm.dll+0x2284da]
V  [jvm.dll+0x226615]
V  [jvm.dll+0x7ea90b]
V  [jvm.dll+0x7e4e7a]
V  [jvm.dll+0x676395]
C  [ucrtbase.dll+0x29363]
C  [KERNEL32.DLL+0x126ad]
C  [ntdll.dll+0x5a9f8]


---------------  P R O C E S S  ---------------

Threads class SMR info:
_java_thread_list=0x000001fb9ac522c0, length=20, elements={
0x000001fbff69e4e0, 0x000001fb98e23010, 0x000001fb98e24810, 0x000001fbff95dd80,
0x000001fbff95e840, 0x000001fb98e3e4f0, 0x000001fb98e3f0a0, 0x000001fb98e41e90,
0x000001fb98ea7800, 0x000001fb98eaa5b0, 0x000001fb98f34460, 0x000001fb99da8070,
0x000001fb9a776030, 0x000001fb9a7f7640, 0x000001fb9a7eb880, 0x000001fb9a84cb80,
0x000001fb9a9b68b0, 0x000001fb9a905d40, 0x000001fb9ac673c0, 0x000001fb9ac67890
}

Java Threads: ( => current thread )
  0x000001fbff69e4e0 JavaThread "main" [_thread_blocked, id=3744, stack(0x000000cce4000000,0x000000cce4100000)]
  0x000001fb98e23010 JavaThread "Reference Handler" daemon [_thread_blocked, id=11004, stack(0x000000cce4300000,0x000000cce4400000)]
  0x000001fb98e24810 JavaThread "Finalizer" daemon [_thread_blocked, id=14708, stack(0x000000cce4400000,0x000000cce4500000)]
  0x000001fbff95dd80 JavaThread "Signal Dispatcher" daemon [_thread_blocked, id=7160, stack(0x000000cce4500000,0x000000cce4600000)]
  0x000001fbff95e840 JavaThread "Attach Listener" daemon [_thread_blocked, id=18564, stack(0x000000cce4600000,0x000000cce4700000)]
  0x000001fb98e3e4f0 JavaThread "Service Thread" daemon [_thread_blocked, id=7688, stack(0x000000cce4700000,0x000000cce4800000)]
  0x000001fb98e3f0a0 JavaThread "Monitor Deflation Thread" daemon [_thread_blocked, id=19616, stack(0x000000cce4800000,0x000000cce4900000)]
  0x000001fb98e41e90 JavaThread "C2 CompilerThread0" daemon [_thread_blocked, id=12416, stack(0x000000cce4900000,0x000000cce4a00000)]
=>0x000001fb98ea7800 JavaThread "C1 CompilerThread0" daemon [_thread_in_vm, id=17340, stack(0x000000cce4a00000,0x000000cce4b00000)]
  0x000001fb98eaa5b0 JavaThread "Sweeper thread" daemon [_thread_blocked, id=11212, stack(0x000000cce4b00000,0x000000cce4c00000)]
  0x000001fb98f34460 JavaThread "Common-Cleaner" daemon [_thread_blocked, id=9808, stack(0x000000cce4c00000,0x000000cce4d00000)]
  0x000001fb99da8070 JavaThread "Notification Thread" daemon [_thread_blocked, id=4596, stack(0x000000cce4d00000,0x000000cce4e00000)]
  0x000001fb9a776030 JavaThread "Active Thread: Equinox Container: 4368ebaa-80ad-4e86-96f1-aee5acfb6643" [_thread_blocked, id=18248, stack(0x000000cce5600000,0x000000cce5700000)]
  0x000001fb9a7f7640 JavaThread "Framework Event Dispatcher: Equinox Container: 4368ebaa-80ad-4e86-96f1-aee5acfb6643" daemon [_thread_blocked, id=940, stack(0x000000cce5700000,0x000000cce5800000)]
  0x000001fb9a7eb880 JavaThread "Start Level: Equinox Container: 4368ebaa-80ad-4e86-96f1-aee5acfb6643" daemon [_thread_in_vm, id=14640, stack(0x000000cce5800000,0x000000cce5900000)]
  0x000001fb9a84cb80 JavaThread "SCR Component Actor" daemon [_thread_blocked, id=4860, stack(0x000000cce5500000,0x000000cce5600000)]
  0x000001fb9a9b68b0 JavaThread "SCR Component Registry" daemon [_thread_blocked, id=17472, stack(0x000000cce5a00000,0x000000cce5b00000)]
  0x000001fb9a905d40 JavaThread "Worker-JM" [_thread_blocked, id=6648, stack(0x000000cce5b00000,0x000000cce5c00000)]
  0x000001fb9ac673c0 JavaThread "Worker-0" [_thread_blocked, id=5724, stack(0x000000cce5c00000,0x000000cce5d00000)]
  0x000001fb9ac67890 JavaThread "Worker-1" [_thread_blocked, id=12440, stack(0x000000cce5d00000,0x000000cce5e00000)]

Other Threads:
  0x000001fbff724f20 VMThread "VM Thread" [stack: 0x000000cce4200000,0x000000cce4300000] [id=11976]
  0x000001fb99da8540 WatcherThread [stack: 0x000000cce4e00000,0x000000cce4f00000] [id=11932]
  0x000001fbff6b3b00 GCTaskThread "GC Thread#0" [stack: 0x000000cce4100000,0x000000cce4200000] [id=13472]
  0x000001fb991984e0 GCTaskThread "GC Thread#1" [stack: 0x000000cce4f00000,0x000000cce5000000] [id=4496]
  0x000001fb9a597bf0 GCTaskThread "GC Thread#2" [stack: 0x000000cce5000000,0x000000cce5100000] [id=15944]
  0x000001fb9a7179d0 GCTaskThread "GC Thread#3" [stack: 0x000000cce5100000,0x000000cce5200000] [id=17724]
  0x000001fb9a717c80 GCTaskThread "GC Thread#4" [stack: 0x000000cce5200000,0x000000cce5300000] [id=6300]
  0x000001fb9a45a820 GCTaskThread "GC Thread#5" [stack: 0x000000cce5300000,0x000000cce5400000] [id=3300]
  0x000001fb9a45aad0 GCTaskThread "GC Thread#6" [stack: 0x000000cce5400000,0x000000cce5500000] [id=884]
  0x000001fb9a851870 GCTaskThread "GC Thread#7" [stack: 0x000000cce5900000,0x000000cce5a00000] [id=2868]

Threads with active compile tasks:
C1 CompilerThread0     5116 2202       3       org.objectweb.asm.ClassReader::readMethod (1066 bytes)

VM state: not at safepoint (normal execution)

VM Mutex/Monitor currently owned by a thread:  ([mutex/lock_event])
[0x000001fbff698550] Metaspace_lock - owner thread: 0x000001fb98ea7800
[0x000001fbff69a130] MethodData_lock - owner thread: 0x000001fb98ea7800

Heap address: 0x00000000c0000000, size: 1024 MB, Compressed Oops mode: 32-bit

CDS archive(s) not mapped
Compressed class space mapped at: 0x0000000100000000-0x0000000140000000, reserved size: 1073741824
Narrow klass base: 0x0000000000000000, Narrow klass shift: 3, Narrow klass range: 0x140000000

GC Precious Log:
 CPUs: 8 total, 8 available
 Memory: 12169M
 Large Page Support: Disabled
 NUMA Support: Disabled
 Compressed Oops: Enabled (32-bit)
 Alignments: Space 512K, Generation 512K, Heap 2M
 Heap Min Capacity: 100M
 Heap Initial Capacity: 100M
 Heap Max Capacity: 1G
 Pre-touch: Disabled
 Parallel Workers: 8

Heap:
 PSYoungGen      total 29696K, used 3424K [0x00000000eab00000, 0x00000000ecc00000, 0x0000000100000000)
  eden space 25600K, 13% used [0x00000000eab00000,0x00000000eae581a0,0x00000000ec400000)
  from space 4096K, 0% used [0x00000000ec800000,0x00000000ec800000,0x00000000ecc00000)
  to   space 4096K, 0% used [0x00000000ec400000,0x00000000ec400000,0x00000000ec800000)
 ParOldGen       total 68608K, used 7074K [0x00000000c0000000, 0x00000000c4300000, 0x00000000eab00000)
  object space 68608K, 10% used [0x00000000c0000000,0x00000000c06e8a08,0x00000000c4300000)
 Metaspace       used 21507K, committed 21888K, reserved 1114112K
  class space    used 2192K, committed 2368K, reserved 1048576K

Card table byte_map: [0x000001fbff070000,0x000001fbff280000] _byte_map_base: 0x000001fbfea70000

Marking Bits: (ParMarkBitMap*) 0x00007ffe1c2f52c0
 Begin Bits: [0x000001fb91bc0000, 0x000001fb92bc0000)
 End Bits:   [0x000001fb92bc0000, 0x000001fb93bc0000)

Polling page: 0x000001fbfee60000

Metaspace:

Usage:
  Non-class:     18.86 MB used.
      Class:      2.14 MB used.
       Both:     21.00 MB used.

Virtual space:
  Non-class space:       64.00 MB reserved,      19.06 MB ( 30%) committed,  1 nodes.
      Class space:        1.00 GB reserved,       2.31 MB ( <1%) committed,  1 nodes.
             Both:        1.06 GB reserved,      21.38 MB (  2%) committed. 

Chunk freelists:
   Non-Class:  12.41 MB
       Class:  13.70 MB
        Both:  26.11 MB

MaxMetaspaceSize: unlimited
CompressedClassSpaceSize: 1.00 GB
Initial GC threshold: 21.00 MB
Current GC threshold: 35.00 MB
CDS: off
MetaspaceReclaimPolicy: balanced
 - commit_granule_bytes: 65536.
 - commit_granule_words: 8192.
 - virtual_space_node_default_size: 8388608.
 - enlarge_chunks_in_place: 1.
 - new_chunks_are_fully_committed: 0.
 - uncommit_free_chunks: 1.
 - use_allocation_guard: 0.
 - handle_deallocations: 1.


Internal statistics:

num_allocs_failed_limit: 3.
num_arena_births: 194.
num_arena_deaths: 14.
num_vsnodes_births: 2.
num_vsnodes_deaths: 0.
num_space_committed: 342.
num_space_uncommitted: 0.
num_chunks_returned_to_freelist: 17.
num_chunks_taken_from_freelist: 683.
num_chunk_merges: 7.
num_chunk_splits: 452.
num_chunks_enlarged: 311.
num_inconsistent_stats: 0.

CodeHeap 'non-profiled nmethods': size=120000Kb used=857Kb max_used=857Kb free=119142Kb
 bounds [0x000001fb8a690000, 0x000001fb8a900000, 0x000001fb91bc0000]
CodeHeap 'profiled nmethods': size=120000Kb used=4291Kb max_used=4291Kb free=115708Kb
 bounds [0x000001fb82bc0000, 0x000001fb83000000, 0x000001fb8a0f0000]
CodeHeap 'non-nmethods': size=5760Kb used=1191Kb max_used=1211Kb free=4568Kb
 bounds [0x000001fb8a0f0000, 0x000001fb8a360000, 0x000001fb8a690000]
 total_blobs=2692 nmethods=2201 adapters=405
 compilation: enabled
              stopped_count=0, restarted_count=0
 full_count=0

Compilation events (20 events):
Event: 5.029 Thread 0x000001fb98ea7800 2193       3       org.eclipse.core.runtime.Path::segmentCount (6 bytes)
Event: 5.029 Thread 0x000001fb98e41e90 2192       4       java.lang.StringLatin1::charAt (28 bytes)
Event: 5.029 Thread 0x000001fb98ea7800 nmethod 2193 0x000001fb82fee790 code [0x000001fb82fee920, 0x000001fb82feea38]
Event: 5.030 Thread 0x000001fb98e41e90 nmethod 2192 0x000001fb8a763d90 code [0x000001fb8a763f00, 0x000001fb8a763f98]
Event: 5.030 Thread 0x000001fb98e41e90 2191       4       java.util.zip.ZipFile$Source::isMetaName (141 bytes)
Event: 5.033 Thread 0x000001fb98e41e90 nmethod 2191 0x000001fb8a764090 code [0x000001fb8a764220, 0x000001fb8a764498]
Event: 5.033 Thread 0x000001fb98ea7800 2194       3       java.util.concurrent.Semaphore$NonfairSync::tryAcquireShared (6 bytes)
Event: 5.033 Thread 0x000001fb98ea7800 nmethod 2194 0x000001fb82feeb10 code [0x000001fb82feeca0, 0x000001fb82feede8]
Event: 5.033 Thread 0x000001fb98ea7800 2195       3       java.util.concurrent.Semaphore$Sync::nonfairTryAcquireShared (27 bytes)
Event: 5.034 Thread 0x000001fb98ea7800 nmethod 2195 0x000001fb82feee90 code [0x000001fb82fef040, 0x000001fb82fef2a8]
Event: 5.044 Thread 0x000001fb98ea7800 2196       3       org.objectweb.asm.SymbolTable::addConstantNameAndType (28 bytes)
Event: 5.044 Thread 0x000001fb98e41e90 2197       4       org.objectweb.asm.ClassReader::readUtf (44 bytes)
Event: 5.044 Thread 0x000001fb98ea7800 nmethod 2196 0x000001fb82fef390 code [0x000001fb82fef560, 0x000001fb82fef898]
Event: 5.045 Thread 0x000001fb98ea7800 2198       3       org.objectweb.asm.SymbolTable::addConstantUtf8Reference (101 bytes)
Event: 5.046 Thread 0x000001fb98ea7800 nmethod 2198 0x000001fb82fefa90 code [0x000001fb82fefca0, 0x000001fb82ff0278]
Event: 5.046 Thread 0x000001fb98ea7800 2199       3       org.objectweb.asm.ByteVector::<init> (13 bytes)
Event: 5.046 Thread 0x000001fb98ea7800 nmethod 2199 0x000001fb82ff0590 code [0x000001fb82ff0720, 0x000001fb82ff0938]
Event: 5.046 Thread 0x000001fb98ea7800 2200       3       org.objectweb.asm.SymbolTable::addConstantClass (8 bytes)
Event: 5.046 Thread 0x000001fb98ea7800 nmethod 2200 0x000001fb82ff0a10 code [0x000001fb82ff0ba0, 0x000001fb82ff0ce8]
Event: 5.048 Thread 0x000001fb98ea7800 2202       3       org.objectweb.asm.ClassReader::readMethod (1066 bytes)

GC Heap History (10 events):
Event: 2.104 GC heap before
{Heap before GC invocations=1 (full 0):
 PSYoungGen      total 29696K, used 25600K [0x00000000eab00000, 0x00000000ecc00000, 0x0000000100000000)
  eden space 25600K, 100% used [0x00000000eab00000,0x00000000ec400000,0x00000000ec400000)
  from space 4096K, 0% used [0x00000000ec800000,0x00000000ec800000,0x00000000ecc00000)
  to   space 4096K, 0% used [0x00000000ec400000,0x00000000ec400000,0x00000000ec800000)
 ParOldGen       total 68608K, used 0K [0x00000000c0000000, 0x00000000c4300000, 0x00000000eab00000)
  object space 68608K, 0% used [0x00000000c0000000,0x00000000c0000000,0x00000000c4300000)
 Metaspace       used 11205K, committed 11392K, reserved 1114112K
  class space    used 1122K, committed 1216K, reserved 1048576K
}
Event: 2.120 GC heap after
{Heap after GC invocations=1 (full 0):
 PSYoungGen      total 29696K, used 3208K [0x00000000eab00000, 0x00000000ecc00000, 0x0000000100000000)
  eden space 25600K, 0% used [0x00000000eab00000,0x00000000eab00000,0x00000000ec400000)
  from space 4096K, 78% used [0x00000000ec400000,0x00000000ec7223a8,0x00000000ec800000)
  to   space 4096K, 0% used [0x00000000ec800000,0x00000000ec800000,0x00000000ecc00000)
 ParOldGen       total 68608K, used 0K [0x00000000c0000000, 0x00000000c4300000, 0x00000000eab00000)
  object space 68608K, 0% used [0x00000000c0000000,0x00000000c0000000,0x00000000c4300000)
 Metaspace       used 11205K, committed 11392K, reserved 1114112K
  class space    used 1122K, committed 1216K, reserved 1048576K
}
Event: 3.559 GC heap before
{Heap before GC invocations=2 (full 0):
 PSYoungGen      total 29696K, used 28808K [0x00000000eab00000, 0x00000000ecc00000, 0x0000000100000000)
  eden space 25600K, 100% used [0x00000000eab00000,0x00000000ec400000,0x00000000ec400000)
  from space 4096K, 78% used [0x00000000ec400000,0x00000000ec7223a8,0x00000000ec800000)
  to   space 4096K, 0% used [0x00000000ec800000,0x00000000ec800000,0x00000000ecc00000)
 ParOldGen       total 68608K, used 0K [0x00000000c0000000, 0x00000000c4300000, 0x00000000eab00000)
  object space 68608K, 0% used [0x00000000c0000000,0x00000000c0000000,0x00000000c4300000)
 Metaspace       used 15368K, committed 15680K, reserved 1114112K
  class space    used 1575K, committed 1728K, reserved 1048576K
}
Event: 3.565 GC heap after
{Heap after GC invocations=2 (full 0):
 PSYoungGen      total 29696K, used 4078K [0x00000000eab00000, 0x00000000ecc00000, 0x0000000100000000)
  eden space 25600K, 0% used [0x00000000eab00000,0x00000000eab00000,0x00000000ec400000)
  from space 4096K, 99% used [0x00000000ec800000,0x00000000ecbfb8c8,0x00000000ecc00000)
  to   space 4096K, 0% used [0x00000000ec400000,0x00000000ec400000,0x00000000ec800000)
 ParOldGen       total 68608K, used 816K [0x00000000c0000000, 0x00000000c4300000, 0x00000000eab00000)
  object space 68608K, 1% used [0x00000000c0000000,0x00000000c00cc350,0x00000000c4300000)
 Metaspace       used 15368K, committed 15680K, reserved 1114112K
  class space    used 1575K, committed 1728K, reserved 1048576K
}
Event: 4.756 GC heap before
{Heap before GC invocations=3 (full 0):
 PSYoungGen      total 29696K, used 29678K [0x00000000eab00000, 0x00000000ecc00000, 0x0000000100000000)
  eden space 25600K, 100% used [0x00000000eab00000,0x00000000ec400000,0x00000000ec400000)
  from space 4096K, 99% used [0x00000000ec800000,0x00000000ecbfb8c8,0x00000000ecc00000)
  to   space 4096K, 0% used [0x00000000ec400000,0x00000000ec400000,0x00000000ec800000)
 ParOldGen       total 68608K, used 816K [0x00000000c0000000, 0x00000000c4300000, 0x00000000eab00000)
  object space 68608K, 1% used [0x00000000c0000000,0x00000000c00cc350,0x00000000c4300000)
 Metaspace       used 20445K, committed 20864K, reserved 1114112K
  class space    used 2084K, committed 2240K, reserved 1048576K
}
Event: 4.761 GC heap after
{Heap after GC invocations=3 (full 0):
 PSYoungGen      total 29696K, used 4068K [0x00000000eab00000, 0x00000000ecc00000, 0x0000000100000000)
  eden space 25600K, 0% used [0x00000000eab00000,0x00000000eab00000,0x00000000ec400000)
  from space 4096K, 99% used [0x00000000ec400000,0x00000000ec7f9120,0x00000000ec800000)
  to   space 4096K, 0% used [0x00000000ec800000,0x00000000ec800000,0x00000000ecc00000)
 ParOldGen       total 68608K, used 3028K [0x00000000c0000000, 0x00000000c4300000, 0x00000000eab00000)
  object space 68608K, 4% used [0x00000000c0000000,0x00000000c02f5318,0x00000000c4300000)
 Metaspace       used 20445K, committed 20864K, reserved 1114112K
  class space    used 2084K, committed 2240K, reserved 1048576K
}
Event: 4.951 GC heap before
{Heap before GC invocations=4 (full 0):
 PSYoungGen      total 29696K, used 8207K [0x00000000eab00000, 0x00000000ecc00000, 0x0000000100000000)
  eden space 25600K, 16% used [0x00000000eab00000,0x00000000eaf0ad78,0x00000000ec400000)
  from space 4096K, 99% used [0x00000000ec400000,0x00000000ec7f9120,0x00000000ec800000)
  to   space 4096K, 0% used [0x00000000ec800000,0x00000000ec800000,0x00000000ecc00000)
 ParOldGen       total 68608K, used 3028K [0x00000000c0000000, 0x00000000c4300000, 0x00000000eab00000)
  object space 68608K, 4% used [0x00000000c0000000,0x00000000c02f5318,0x00000000c4300000)
 Metaspace       used 21063K, committed 21504K, reserved 1114112K
  class space    used 2150K, committed 2368K, reserved 1048576K
}
Event: 4.954 GC heap after
{Heap after GC invocations=4 (full 0):
 PSYoungGen      total 29696K, used 4073K [0x00000000eab00000, 0x00000000ecc00000, 0x0000000100000000)
  eden space 25600K, 0% used [0x00000000eab00000,0x00000000eab00000,0x00000000ec400000)
  from space 4096K, 99% used [0x00000000ec800000,0x00000000ecbfa4a0,0x00000000ecc00000)
  to   space 4096K, 0% used [0x00000000ec400000,0x00000000ec400000,0x00000000ec800000)
 ParOldGen       total 68608K, used 3241K [0x00000000c0000000, 0x00000000c4300000, 0x00000000eab00000)
  object space 68608K, 4% used [0x00000000c0000000,0x00000000c032a470,0x00000000c4300000)
 Metaspace       used 21063K, committed 21504K, reserved 1114112K
  class space    used 2150K, committed 2368K, reserved 1048576K
}
Event: 4.954 GC heap before
{Heap before GC invocations=5 (full 1):
 PSYoungGen      total 29696K, used 4073K [0x00000000eab00000, 0x00000000ecc00000, 0x0000000100000000)
  eden space 25600K, 0% used [0x00000000eab00000,0x00000000eab00000,0x00000000ec400000)
  from space 4096K, 99% used [0x00000000ec800000,0x00000000ecbfa4a0,0x00000000ecc00000)
  to   space 4096K, 0% used [0x00000000ec400000,0x00000000ec400000,0x00000000ec800000)
 ParOldGen       total 68608K, used 3241K [0x00000000c0000000, 0x00000000c4300000, 0x00000000eab00000)
  object space 68608K, 4% used [0x00000000c0000000,0x00000000c032a470,0x00000000c4300000)
 Metaspace       used 21063K, committed 21504K, reserved 1114112K
  class space    used 2150K, committed 2368K, reserved 1048576K
}
Event: 4.982 GC heap after
{Heap after GC invocations=5 (full 1):
 PSYoungGen      total 29696K, used 0K [0x00000000eab00000, 0x00000000ecc00000, 0x0000000100000000)
  eden space 25600K, 0% used [0x00000000eab00000,0x00000000eab00000,0x00000000ec400000)
  from space 4096K, 0% used [0x00000000ec800000,0x00000000ec800000,0x00000000ecc00000)
  to   space 4096K, 0% used [0x00000000ec400000,0x00000000ec400000,0x00000000ec800000)
 ParOldGen       total 68608K, used 7074K [0x00000000c0000000, 0x00000000c4300000, 0x00000000eab00000)
  object space 68608K, 10% used [0x00000000c0000000,0x00000000c06e8a08,0x00000000c4300000)
 Metaspace       used 21050K, committed 21504K, reserved 1114112K
  class space    used 2147K, committed 2368K, reserved 1048576K
}

Dll operation events (9 events):
Event: 0.035 Loaded shared library c:\Users\ochie\.vscode\extensions\redhat.java-1.18.0-win32-x64\jre\17.0.7-win32-x86_64\bin\java.dll
Event: 0.430 Loaded shared library c:\Users\ochie\.vscode\extensions\redhat.java-1.18.0-win32-x64\jre\17.0.7-win32-x86_64\bin\zip.dll
Event: 0.453 Loaded shared library C:\Users\ochie\.vscode\extensions\redhat.java-1.18.0-win32-x64\jre\17.0.7-win32-x86_64\bin\instrument.dll
Event: 0.478 Loaded shared library C:\Users\ochie\.vscode\extensions\redhat.java-1.18.0-win32-x64\jre\17.0.7-win32-x86_64\bin\net.dll
Event: 0.481 Loaded shared library C:\Users\ochie\.vscode\extensions\redhat.java-1.18.0-win32-x64\jre\17.0.7-win32-x86_64\bin\nio.dll
Event: 0.504 Loaded shared library C:\Users\ochie\.vscode\extensions\redhat.java-1.18.0-win32-x64\jre\17.0.7-win32-x86_64\bin\zip.dll
Event: 0.536 Loaded shared library C:\Users\ochie\.vscode\extensions\redhat.java-1.18.0-win32-x64\jre\17.0.7-win32-x86_64\bin\jimage.dll
Event: 0.674 Loaded shared library c:\Users\ochie\.vscode\extensions\redhat.java-1.18.0-win32-x64\jre\17.0.7-win32-x86_64\bin\verify.dll
Event: 3.176 Loaded shared library C:\Users\ochie\AppData\Roaming\Code\User\globalStorage\redhat.java\1.18.0\config_ss_win\org.eclipse.equinox.launcher\org.eclipse.equinox.launcher.win32.win32.x86_64_1.2.700.v20221108-1024\eclipse_11801.dll

Deoptimization events (20 events):
Event: 4.229 Thread 0x000001fb9a7eb880 DEOPT PACKING pc=0x000001fb8a6d55dc sp=0x000000cce58f3c40
Event: 4.229 Thread 0x000001fb9a7eb880 DEOPT UNPACKING pc=0x000001fb8a1466a3 sp=0x000000cce58f3bd0 mode 2
Event: 4.239 Thread 0x000001fb9a7eb880 Uncommon trap: trap_request=0xffffff45 fr.pc=0x000001fb8a6b5f48 relative=0x0000000000000048
Event: 4.239 Thread 0x000001fb9a7eb880 Uncommon trap: reason=unstable_if action=reinterpret pc=0x000001fb8a6b5f48 method=java.lang.CharacterData.of(I)Ljava/lang/CharacterData; @ 4 c2
Event: 4.240 Thread 0x000001fb9a7eb880 DEOPT PACKING pc=0x000001fb8a6b5f48 sp=0x000000cce58f3410
Event: 4.240 Thread 0x000001fb9a7eb880 DEOPT UNPACKING pc=0x000001fb8a1466a3 sp=0x000000cce58f33a8 mode 2
Event: 4.444 Thread 0x000001fb9a7eb880 Uncommon trap: trap_request=0xffffff45 fr.pc=0x000001fb8a6c1d6c relative=0x0000000000000c4c
Event: 4.445 Thread 0x000001fb9a7eb880 Uncommon trap: reason=unstable_if action=reinterpret pc=0x000001fb8a6c1d6c method=lombok.patcher.PatchScript.classMatches(Ljava/lang/String;Ljava/util/Collection;)Z @ 25 c2
Event: 4.445 Thread 0x000001fb9a7eb880 DEOPT PACKING pc=0x000001fb8a6c1d6c sp=0x000000cce58f1fa0
Event: 4.445 Thread 0x000001fb9a7eb880 DEOPT UNPACKING pc=0x000001fb8a1466a3 sp=0x000000cce58f1f60 mode 2
Event: 4.511 Thread 0x000001fb9a7eb880 DEOPT PACKING pc=0x000001fb82c8bbc3 sp=0x000000cce58f2a30
Event: 4.512 Thread 0x000001fb9a7eb880 DEOPT UNPACKING pc=0x000001fb8a146e43 sp=0x000000cce58f1f50 mode 0
Event: 4.561 Thread 0x000001fb9a7eb880 Uncommon trap: trap_request=0xffffff45 fr.pc=0x000001fb8a74fb00 relative=0x0000000000000fc0
Event: 4.561 Thread 0x000001fb9a7eb880 Uncommon trap: reason=unstable_if action=reinterpret pc=0x000001fb8a74fb00 method=java.util.Properties.loadConvert([CIILjava/lang/StringBuilder;)Ljava/lang/String; @ 491 c2
Event: 4.561 Thread 0x000001fb9a7eb880 DEOPT PACKING pc=0x000001fb8a74fb00 sp=0x000000cce58f2d40
Event: 4.561 Thread 0x000001fb9a7eb880 DEOPT UNPACKING pc=0x000001fb8a1466a3 sp=0x000000cce58f2d30 mode 2
Event: 4.800 Thread 0x000001fb9a7eb880 Uncommon trap: trap_request=0xffffff45 fr.pc=0x000001fb8a71a940 relative=0x0000000000000040
Event: 4.800 Thread 0x000001fb9a7eb880 Uncommon trap: reason=unstable_if action=reinterpret pc=0x000001fb8a71a940 method=sun.nio.fs.WindowsPathParser.isSlash(C)Z @ 9 c2
Event: 4.800 Thread 0x000001fb9a7eb880 DEOPT PACKING pc=0x000001fb8a71a940 sp=0x000000cce58f43f0
Event: 4.800 Thread 0x000001fb9a7eb880 DEOPT UNPACKING pc=0x000001fb8a1466a3 sp=0x000000cce58f4378 mode 2

Classes unloaded (7 events):
Event: 4.959 Thread 0x000001fbff724f20 Unloading class 0x0000000100216400 'java/lang/invoke/LambdaForm$MH+0x0000000100216400'
Event: 4.959 Thread 0x000001fbff724f20 Unloading class 0x0000000100216000 'java/lang/invoke/LambdaForm$MH+0x0000000100216000'
Event: 4.959 Thread 0x000001fbff724f20 Unloading class 0x0000000100215c00 'java/lang/invoke/LambdaForm$MH+0x0000000100215c00'
Event: 4.959 Thread 0x000001fbff724f20 Unloading class 0x0000000100215800 'java/lang/invoke/LambdaForm$MH+0x0000000100215800'
Event: 4.959 Thread 0x000001fbff724f20 Unloading class 0x0000000100215000 'java/lang/invoke/LambdaForm$BMH+0x0000000100215000'
Event: 4.959 Thread 0x000001fbff724f20 Unloading class 0x0000000100214c00 'java/lang/invoke/LambdaForm$DMH+0x0000000100214c00'
Event: 4.959 Thread 0x000001fbff724f20 Unloading class 0x0000000100212000 'java/lang/invoke/LambdaForm$DMH+0x0000000100212000'

Classes redefined (0 events):
No events

Internal exceptions (20 events):
Event: 4.473 Thread 0x000001fb9a7eb880 Exception <a 'java/lang/NoSuchMethodError'{0x00000000ebe645e8}: 'void java.lang.invoke.DelegatingMethodHandle$Holder.delegate(java.lang.Object, java.lang.Object, int, java.lang.Object)'> (0x00000000ebe645e8) 
thrown [s\src\hotspot\share\interpreter\linkResolver.cpp, line 759]
Event: 4.474 Thread 0x000001fb9a7eb880 Exception <a 'java/lang/NoSuchMethodError'{0x00000000ebe68c78}: 'int java.lang.invoke.DirectMethodHandle$Holder.invokeSpecial(java.lang.Object, java.lang.Object, java.lang.Object)'> (0x00000000ebe68c78) 
thrown [s\src\hotspot\share\interpreter\linkResolver.cpp, line 759]
Event: 4.476 Thread 0x000001fb9a7eb880 Exception <a 'java/lang/NoSuchMethodError'{0x00000000ebe7a5f0}: 'int java.lang.invoke.DirectMethodHandle$Holder.invokeStatic(java.lang.Object, java.lang.Object, int)'> (0x00000000ebe7a5f0) 
thrown [s\src\hotspot\share\interpreter\linkResolver.cpp, line 759]
Event: 4.477 Thread 0x000001fb9a7eb880 Exception <a 'java/lang/NoSuchMethodError'{0x00000000ebe7ec90}: 'int java.lang.invoke.DirectMethodHandle$Holder.invokeSpecial(java.lang.Object, java.lang.Object, java.lang.Object, int)'> (0x00000000ebe7ec90) 
thrown [s\src\hotspot\share\interpreter\linkResolver.cpp, line 759]
Event: 4.480 Thread 0x000001fb9a7eb880 Exception <a 'java/lang/NoSuchMethodError'{0x00000000ebe9ab80}: 'java.lang.Object java.lang.invoke.DirectMethodHandle$Holder.invokeStatic(java.lang.Object, java.lang.Object, java.lang.Object, java.lang.Object, int)'> (0x00000000ebe9ab80) 
thrown [s\src\hotspot\share\interpreter\linkResolver.cpp, line 759]
Event: 4.483 Thread 0x000001fb9a7eb880 Exception <a 'java/lang/NoSuchMethodError'{0x00000000ebea6de0}: 'java.lang.Object java.lang.invoke.DelegatingMethodHandle$Holder.reinvoke_L(java.lang.Object, java.lang.Object, java.lang.Object, java.lang.Object, int, int)'> (0x00000000ebea6de0) 
thrown [s\src\hotspot\share\interpreter\linkResolver.cpp, line 759]
Event: 4.488 Thread 0x000001fb9a7eb880 Exception <a 'java/lang/NoSuchMethodError'{0x00000000ebebeb20}: 'java.lang.Object java.lang.invoke.Invokers$Holder.invokeExact_MT(java.lang.Object, java.lang.Object, java.lang.Object, java.lang.Object)'> (0x00000000ebebeb20) 
thrown [s\src\hotspot\share\interpreter\linkResolver.cpp, line 759]
Event: 4.695 Thread 0x000001fb9a7eb880 Exception <a 'java/lang/NoSuchMethodError'{0x00000000ec2fc878}: 'java.lang.Object java.lang.invoke.DirectMethodHandle$Holder.newInvokeSpecial(java.lang.Object, java.lang.Object, java.lang.Object, java.lang.Object, java.lang.Object)'> (0x00000000ec2fc878) 
thrown [s\src\hotspot\share\interpreter\linkResolver.cpp, line 759]
Event: 4.868 Thread 0x000001fb9a7eb880 Exception <a 'java/lang/NoSuchMethodError'{0x00000000ead429b0}: 'java.lang.Object java.lang.invoke.DirectMethodHandle$Holder.invokeSpecial(java.lang.Object, java.lang.Object, java.lang.Object, long, java.lang.Object)'> (0x00000000ead429b0) 
thrown [s\src\hotspot\share\interpreter\linkResolver.cpp, line 759]
Event: 4.882 Thread 0x000001fb9a7eb880 Exception <a 'java/lang/NoSuchMethodError'{0x00000000ead4ab68}: 'java.lang.Object java.lang.invoke.DirectMethodHandle$Holder.newInvokeSpecial(java.lang.Object, java.lang.Object, java.lang.Object, long)'> (0x00000000ead4ab68) 
thrown [s\src\hotspot\share\interpreter\linkResolver.cpp, line 759]
Event: 4.882 Thread 0x000001fb9a7eb880 Exception <a 'java/lang/NoSuchMethodError'{0x00000000ead4f108}: 'java.lang.Object java.lang.invoke.DirectMethodHandle$Holder.invokeSpecial(java.lang.Object, java.lang.Object, java.lang.Object, java.lang.Object, long)'> (0x00000000ead4f108) 
thrown [s\src\hotspot\share\interpreter\linkResolver.cpp, line 759]
Event: 4.898 Thread 0x000001fb9a7eb880 Exception <a 'java/lang/NoSuchMethodError'{0x00000000eadbc888}: 'int java.lang.invoke.DirectMethodHandle$Holder.invokeStaticInit(java.lang.Object, java.lang.Object, java.lang.Object)'> (0x00000000eadbc888) 
thrown [s\src\hotspot\share\interpreter\linkResolver.cpp, line 759]
Event: 4.912 Thread 0x000001fb9a7eb880 Exception <a 'java/lang/IncompatibleClassChangeError'{0x00000000eae23b58}: Found class java.lang.Object, but interface was expected> (0x00000000eae23b58) 
thrown [s\src\hotspot\share\interpreter\linkResolver.cpp, line 826]
Event: 4.928 Thread 0x000001fb9a7eb880 Exception <a 'java/lang/NoSuchMethodError'{0x00000000eae43090}: 'java.lang.Object java.lang.invoke.DirectMethodHandle$Holder.invokeSpecial(java.lang.Object, java.lang.Object, java.lang.Object, int, java.lang.Object, java.lang.Object)'> (0x00000000eae43090) 
thrown [s\src\hotspot\share\interpreter\linkResolver.cpp, line 759]
Event: 4.929 Thread 0x000001fb9a7eb880 Exception <a 'java/lang/NoSuchMethodError'{0x00000000eae4b818}: 'java.lang.Object java.lang.invoke.DirectMethodHandle$Holder.newInvokeSpecial(java.lang.Object, java.lang.Object, java.lang.Object, int, java.lang.Object)'> (0x00000000eae4b818) 
thrown [s\src\hotspot\share\interpreter\linkResolver.cpp, line 759]
Event: 4.930 Thread 0x000001fb9a7eb880 Exception <a 'java/lang/NoSuchMethodError'{0x00000000eae4fc70}: 'java.lang.Object java.lang.invoke.DirectMethodHandle$Holder.invokeSpecial(java.lang.Object, java.lang.Object, java.lang.Object, java.lang.Object, int, java.lang.Object)'> (0x00000000eae4fc70) 
thrown [s\src\hotspot\share\interpreter\linkResolver.cpp, line 759]
Event: 4.933 Thread 0x000001fb9ac673c0 Exception <a 'java/lang/NoSuchMethodError'{0x00000000eae55640}: 'java.lang.Object java.lang.invoke.DirectMethodHandle$Holder.invokeSpecial(java.lang.Object, java.lang.Object, int, java.lang.Object, java.lang.Object)'> (0x00000000eae55640) 
thrown [s\src\hotspot\share\interpreter\linkResolver.cpp, line 759]
Event: 4.934 Thread 0x000001fb9ac673c0 Exception <a 'java/lang/NoSuchMethodError'{0x00000000eae5cd10}: 'java.lang.Object java.lang.invoke.DirectMethodHandle$Holder.newInvokeSpecial(java.lang.Object, java.lang.Object, int, java.lang.Object)'> (0x00000000eae5cd10) 
thrown [s\src\hotspot\share\interpreter\linkResolver.cpp, line 759]
Event: 4.934 Thread 0x000001fb9ac673c0 Exception <a 'java/lang/NoSuchMethodError'{0x00000000eae60820}: 'java.lang.Object java.lang.invoke.DirectMethodHandle$Holder.invokeSpecial(java.lang.Object, java.lang.Object, java.lang.Object, int, java.lang.Object)'> (0x00000000eae60820) 
thrown [s\src\hotspot\share\interpreter\linkResolver.cpp, line 759]
Event: 5.015 Thread 0x000001fb9ac673c0 Exception <a 'java/io/FileNotFoundException'{0x00000000eac8fcd0}> (0x00000000eac8fcd0) 
thrown [s\src\hotspot\share\prims\jni.cpp, line 516]

VM Operations (20 events):
Event: 3.389 Executing VM operation: HandshakeAllThreads
Event: 3.389 Executing VM operation: HandshakeAllThreads done
Event: 3.389 Executing VM operation: Cleanup
Event: 3.390 Executing VM operation: Cleanup done
Event: 3.559 Executing VM operation: ParallelGCFailedAllocation
Event: 3.565 Executing VM operation: ParallelGCFailedAllocation done
Event: 4.096 Executing VM operation: HandshakeAllThreads
Event: 4.096 Executing VM operation: HandshakeAllThreads done
Event: 4.241 Executing VM operation: HandshakeAllThreads
Event: 4.241 Executing VM operation: HandshakeAllThreads done
Event: 4.246 Executing VM operation: HandshakeAllThreads
Event: 4.246 Executing VM operation: HandshakeAllThreads done
Event: 4.471 Executing VM operation: HandshakeAllThreads
Event: 4.471 Executing VM operation: HandshakeAllThreads done
Event: 4.755 Executing VM operation: ParallelGCFailedAllocation
Event: 4.761 Executing VM operation: ParallelGCFailedAllocation done
Event: 4.945 Executing VM operation: CollectForMetadataAllocation
Event: 4.983 Executing VM operation: CollectForMetadataAllocation done
Event: 4.996 Executing VM operation: HandshakeAllThreads
Event: 4.996 Executing VM operation: HandshakeAllThreads done

Events (20 events):
Event: 4.998 loading class java/util/concurrent/atomic/Striped64 done
Event: 4.998 loading class java/util/concurrent/atomic/LongAdder done
Event: 4.998 loading class java/util/concurrent/ConcurrentSkipListMap$Node
Event: 4.998 loading class java/util/concurrent/ConcurrentSkipListMap$Node done
Event: 4.999 loading class java/util/concurrent/ThreadLocalRandom
Event: 5.000 loading class java/util/concurrent/ThreadLocalRandom done
Event: 5.001 loading class jdk/internal/util/random/RandomSupport
Event: 5.002 loading class jdk/internal/util/random/RandomSupport done
Event: 5.002 loading class java/lang/invoke/VarHandleLongs$FieldInstanceReadWrite
Event: 5.003 loading class java/lang/invoke/VarHandleLongs$FieldInstanceReadOnly
Event: 5.003 loading class java/lang/invoke/VarHandleLongs$FieldInstanceReadOnly done
Event: 5.003 loading class java/lang/invoke/VarHandleLongs$FieldInstanceReadWrite done
Event: 5.003 loading class java/util/concurrent/atomic/Striped64$1
Event: 5.004 loading class java/util/concurrent/atomic/Striped64$1 done
Event: 5.031 loading class java/util/zip/GZIPInputStream
Event: 5.032 loading class java/util/zip/GZIPInputStream done
Event: 5.033 loading class java/util/zip/GZIPOutputStream
Event: 5.034 loading class java/util/zip/DeflaterOutputStream
Event: 5.034 loading class java/util/zip/DeflaterOutputStream done
Event: 5.034 loading class java/util/zip/GZIPOutputStream done


Dynamic libraries:
0x00007ff6005d0000 - 0x00007ff6005de000 	c:\Users\ochie\.vscode\extensions\redhat.java-1.18.0-win32-x64\jre\17.0.7-win32-x86_64\bin\java.exe
0x00007ffe8a370000 - 0x00007ffe8a584000 	C:\WINDOWS\SYSTEM32\ntdll.dll
0x00007ffe88860000 - 0x00007ffe88922000 	C:\WINDOWS\System32\KERNEL32.DLL
0x00007ffe87dc0000 - 0x00007ffe88163000 	C:\WINDOWS\System32\KERNELBASE.dll
0x00007ffe87a60000 - 0x00007ffe87b71000 	C:\WINDOWS\System32\ucrtbase.dll
0x00007ffe77880000 - 0x00007ffe77897000 	c:\Users\ochie\.vscode\extensions\redhat.java-1.18.0-win32-x64\jre\17.0.7-win32-x86_64\bin\jli.dll
0x00007ffe89a70000 - 0x00007ffe89c1b000 	C:\WINDOWS\System32\USER32.dll
0x00007ffe87a30000 - 0x00007ffe87a56000 	C:\WINDOWS\System32\win32u.dll
0x00007ffe885e0000 - 0x00007ffe88609000 	C:\WINDOWS\System32\GDI32.dll
0x00007ffe87b80000 - 0x00007ffe87c98000 	C:\WINDOWS\System32\gdi32full.dll
0x00007ffe87ca0000 - 0x00007ffe87d3a000 	C:\WINDOWS\System32\msvcp_win.dll
0x00007ffe70220000 - 0x00007ffe70239000 	c:\Users\ochie\.vscode\extensions\redhat.java-1.18.0-win32-x64\jre\17.0.7-win32-x86_64\bin\VCRUNTIME140.dll
0x00007ffe6f4b0000 - 0x00007ffe6f73e000 	C:\WINDOWS\WinSxS\amd64_microsoft.windows.common-controls_6595b64144ccf1df_6.0.22621.1635_none_270f70857386168e\COMCTL32.dll
0x00007ffe884a0000 - 0x00007ffe88547000 	C:\WINDOWS\System32\msvcrt.dll
0x00007ffe883f0000 - 0x00007ffe88421000 	C:\WINDOWS\System32\IMM32.DLL
0x00007ffe80b70000 - 0x00007ffe80b7c000 	c:\Users\ochie\.vscode\extensions\redhat.java-1.18.0-win32-x64\jre\17.0.7-win32-x86_64\bin\vcruntime140_1.dll
0x00007ffe310b0000 - 0x00007ffe31141000 	c:\Users\ochie\.vscode\extensions\redhat.java-1.18.0-win32-x64\jre\17.0.7-win32-x86_64\bin\msvcp140.dll
0x00007ffe1b770000 - 0x00007ffe1c3b8000 	c:\Users\ochie\.vscode\extensions\redhat.java-1.18.0-win32-x64\jre\17.0.7-win32-x86_64\bin\server\jvm.dll
0x00007ffe8a180000 - 0x00007ffe8a22e000 	C:\WINDOWS\System32\ADVAPI32.dll
0x00007ffe88b60000 - 0x00007ffe88c04000 	C:\WINDOWS\System32\sechost.dll
0x00007ffe88610000 - 0x00007ffe88727000 	C:\WINDOWS\System32\RPCRT4.dll
0x00007ffe80c00000 - 0x00007ffe80c09000 	C:\WINDOWS\SYSTEM32\WSOCK32.dll
0x00007ffe89c20000 - 0x00007ffe89c91000 	C:\WINDOWS\System32\WS2_32.dll
0x00007ffe80220000 - 0x00007ffe80254000 	C:\WINDOWS\SYSTEM32\WINMM.dll
0x00007ffe80440000 - 0x00007ffe8044a000 	C:\WINDOWS\SYSTEM32\VERSION.dll
0x00007ffe867a0000 - 0x00007ffe867b8000 	C:\WINDOWS\SYSTEM32\kernel.appcore.dll
0x00007ffe7ff60000 - 0x00007ffe7ff6a000 	c:\Users\ochie\.vscode\extensions\redhat.java-1.18.0-win32-x64\jre\17.0.7-win32-x86_64\bin\jimage.dll
0x00007ffe85150000 - 0x00007ffe8537e000 	C:\WINDOWS\SYSTEM32\DBGHELP.DLL
0x00007ffe88c10000 - 0x00007ffe88f99000 	C:\WINDOWS\System32\combase.dll
0x00007ffe88170000 - 0x00007ffe88247000 	C:\WINDOWS\System32\OLEAUT32.dll
0x00007ffe73ac0000 - 0x00007ffe73af2000 	C:\WINDOWS\SYSTEM32\dbgcore.DLL
0x00007ffe87d40000 - 0x00007ffe87dbb000 	C:\WINDOWS\System32\bcryptPrimitives.dll
0x00007ffe775e0000 - 0x00007ffe775ee000 	c:\Users\ochie\.vscode\extensions\redhat.java-1.18.0-win32-x64\jre\17.0.7-win32-x86_64\bin\instrument.dll
0x00007ffe5d230000 - 0x00007ffe5d255000 	c:\Users\ochie\.vscode\extensions\redhat.java-1.18.0-win32-x64\jre\17.0.7-win32-x86_64\bin\java.dll
0x00007ffe6b1f0000 - 0x00007ffe6b208000 	c:\Users\ochie\.vscode\extensions\redhat.java-1.18.0-win32-x64\jre\17.0.7-win32-x86_64\bin\zip.dll
0x00007ffe88fa0000 - 0x00007ffe8979a000 	C:\WINDOWS\System32\SHELL32.dll
0x00007ffe85740000 - 0x00007ffe8600e000 	C:\WINDOWS\SYSTEM32\windows.storage.dll
0x00007ffe85600000 - 0x00007ffe8573e000 	C:\WINDOWS\SYSTEM32\wintypes.dll
0x00007ffe8a230000 - 0x00007ffe8a321000 	C:\WINDOWS\System32\SHCORE.dll
0x00007ffe88930000 - 0x00007ffe8898e000 	C:\WINDOWS\System32\shlwapi.dll
0x00007ffe876c0000 - 0x00007ffe876e1000 	C:\WINDOWS\SYSTEM32\profapi.dll
0x00007ffe5b060000 - 0x00007ffe5b079000 	C:\Users\ochie\.vscode\extensions\redhat.java-1.18.0-win32-x64\jre\17.0.7-win32-x86_64\bin\net.dll
0x00007ffe7f6e0000 - 0x00007ffe7f817000 	C:\WINDOWS\SYSTEM32\WINHTTP.dll
0x00007ffe86cf0000 - 0x00007ffe86d59000 	C:\WINDOWS\system32\mswsock.dll
0x00007ffe57e80000 - 0x00007ffe57e95000 	C:\Users\ochie\.vscode\extensions\redhat.java-1.18.0-win32-x64\jre\17.0.7-win32-x86_64\bin\nio.dll
0x00007ffe775c0000 - 0x00007ffe775d0000 	c:\Users\ochie\.vscode\extensions\redhat.java-1.18.0-win32-x64\jre\17.0.7-win32-x86_64\bin\verify.dll
0x00007ffe55d50000 - 0x00007ffe55d8e000 	C:\Users\ochie\AppData\Roaming\Code\User\globalStorage\redhat.java\1.18.0\config_ss_win\org.eclipse.equinox.launcher\org.eclipse.equinox.launcher.win32.win32.x86_64_1.2.700.v20221108-1024\eclipse_11801.dll
0x00007ffe88250000 - 0x00007ffe883ec000 	C:\WINDOWS\System32\ole32.dll

dbghelp: loaded successfully - version: 4.0.5 - missing functions: none
symbol engine: initialized successfully - sym options: 0x614 - pdb path: .;c:\Users\ochie\.vscode\extensions\redhat.java-1.18.0-win32-x64\jre\17.0.7-win32-x86_64\bin;C:\WINDOWS\SYSTEM32;C:\WINDOWS\WinSxS\amd64_microsoft.windows.common-controls_6595b64144ccf1df_6.0.22621.1635_none_270f70857386168e;c:\Users\ochie\.vscode\extensions\redhat.java-1.18.0-win32-x64\jre\17.0.7-win32-x86_64\bin\server;C:\Users\ochie\AppData\Roaming\Code\User\globalStorage\redhat.java\1.18.0\config_ss_win\org.eclipse.equinox.launcher\org.eclipse.equinox.launcher.win32.win32.x86_64_1.2.700.v20221108-1024

VM Arguments:
jvm_args: --add-modules=ALL-SYSTEM --add-opens=java.base/java.util=ALL-UNNAMED --add-opens=java.base/java.lang=ALL-UNNAMED --add-opens=java.base/sun.nio.fs=ALL-UNNAMED -Declipse.application=org.eclipse.jdt.ls.core.id1 -Dosgi.bundles.defaultStartLevel=4 -Declipse.product=org.eclipse.jdt.ls.core.product -Djava.import.generatesMetadataFilesAtProjectRoot=false -Dfile.encoding=utf8 -XX:+UseParallelGC -XX:GCTimeRatio=4 -XX:AdaptiveSizePolicyWeight=90 -Dsun.zip.disableMemoryMapping=true -Xmx1G -Xms100m -Xlog:disable -javaagent:c:\Users\ochie\.vscode\extensions\redhat.java-1.18.0-win32-x64\lombok\lombok-1.18.27.jar 
java_command: c:\Users\ochie\.vscode\extensions\redhat.java-1.18.0-win32-x64\server\plugins\org.eclipse.equinox.launcher_1.6.400.v20210924-0641.jar -configuration c:\Users\ochie\AppData\Roaming\Code\User\globalStorage\redhat.java\1.18.0\config_ss_win -data c:\Users\ochie\AppData\Roaming\Code\User\workspaceStorage\ce7bc04b3091483ce11aded7c9977b2e\redhat.java\ss_ws
java_class_path (initial): c:\Users\ochie\.vscode\extensions\redhat.java-1.18.0-win32-x64\server\plugins\org.eclipse.equinox.launcher_1.6.400.v20210924-0641.jar
Launcher Type: SUN_STANDARD

[Global flags]
    uintx AdaptiveSizePolicyWeight                 = 90                                        {product} {command line}
     intx CICompilerCount                          = 4                                         {product} {ergonomic}
    uintx GCTimeRatio                              = 4                                         {product} {command line}
   size_t InitialHeapSize                          = 104857600                                 {product} {command line}
   size_t MaxHeapSize                              = 1073741824                                {product} {command line}
   size_t MaxNewSize                               = 357564416                                 {product} {ergonomic}
   size_t MinHeapDeltaBytes                        = 524288                                    {product} {ergonomic}
   size_t MinHeapSize                              = 104857600                                 {product} {command line}
   size_t NewSize                                  = 34603008                                  {product} {ergonomic}
    uintx NonNMethodCodeHeapSize                   = 5839372                                {pd product} {ergonomic}
    uintx NonProfiledCodeHeapSize                  = 122909434                              {pd product} {ergonomic}
   size_t OldSize                                  = 70254592                                  {product} {ergonomic}
    uintx ProfiledCodeHeapSize                     = 122909434                              {pd product} {ergonomic}
    uintx ReservedCodeCacheSize                    = 251658240                              {pd product} {ergonomic}
     bool SegmentedCodeCache                       = true                                      {product} {ergonomic}
   size_t SoftMaxHeapSize                          = 1073741824                             {manageable} {ergonomic}
     bool UseCompressedClassPointers               = true                           {product lp64_product} {ergonomic}
     bool UseCompressedOops                        = true                           {product lp64_product} {ergonomic}
     bool UseLargePagesIndividualAllocation        = false                                  {pd product} {ergonomic}
     bool UseParallelGC                            = true                                      {product} {command line}

Logging:
Log output configuration:
 #0: stdout all=off uptime,level,tags
 #1: stderr all=off uptime,level,tags

Environment Variables:
JAVA_HOME=C:\Program Files\Microsoft\jdk-11.0.18.10-hotspot\
PATH=C:\Python311\Scripts\;C:\Python311\;C:\WINDOWS\system32;C:\WINDOWS;C:\WINDOWS\System32\Wbem;C:\WINDOWS\System32\WindowsPowerShell\v1.0\;C:\WINDOWS\System32\OpenSSH\;C:\ProgramData\chocolatey\bin;C:\xampp\php;C:\ProgramData\ComposerSetup\bin;C:\Program Files (x86)\dotnet\;C:\Python311\Lib\site-packages\django\;C:\Program Files\Git\cmd;C:\Program Files\OpenSSL-Win64\bin;C:\Program Files\nodejs\;C:\Program Files\Microsoft\jdk-11.0.18.10-hotspot\bin;C:\Users\ochie\AppData\Local\Microsoft\WindowsApps;C:\Users\ochie\AppData\Local\Programs\Microsoft VS Code\bin;C:\Users\ochie\AppData\Roaming\Composer\vendor\bin;C:\Program Files\JetBrains\PyCharm Community Edition 2022.3.1\bin;;C:\Python311\;C:\Python311\Scripts\;C:\Python311\Lib\site-packages\django\;C:\Users\ochie\AppData\Roaming\npm;C:\Users\ochie\AppData\Local\Android\Sdk\platform-tools
USERNAME=ochie
OS=Windows_NT
PROCESSOR_IDENTIFIER=Intel64 Family 6 Model 158 Stepping 10, GenuineIntel
TMP=C:\Users\ochie\AppData\Local\Temp
TEMP=C:\Users\ochie\AppData\Local\Temp



---------------  S Y S T E M  ---------------

OS:
 Windows 11 , 64 bit Build 22621 (10.0.22621.1635)
OS uptime: 3 days 23:35 hours
Hyper-V role detected

CPU: total 8 (initial active 8) (4 cores per cpu, 2 threads per core) family 6 model 158 stepping 10 microcode 0xf0, cx8, cmov, fxsr, ht, mmx, 3dnowpref, sse, sse2, sse3, ssse3, sse4.1, sse4.2, popcnt, lzcnt, tsc, tscinvbit, avx, avx2, aes, erms, clmul, bmi1, bmi2, adx, fma, vzeroupper, clflush, clflushopt, hv

Memory: 4k page, system-wide physical 12169M (441M free)
TotalPageFile size 27283M (AvailPageFile size 0M)
current process WorkingSet (physical memory assigned to process): 110M, peak: 110M
current process commit charge ("private bytes"): 218M, peak: 218M

vm_info: OpenJDK 64-Bit Server VM (17.0.7+7) for windows-amd64 JRE (17.0.7+7), built on Apr 18 2023 22:10:42 by "temurin" with MS VC++ 16.7 (VS2019)

END.
