#
# There is insufficient memory for the Java Runtime Environment to continue.
# Native memory allocation (mmap) failed to map 65536 bytes for Failed to commit metaspace.
# Possible reasons:
#   The system is out of physical RAM or swap space
#   The process is running with CompressedOops enabled, and the Java Heap may be blocking the growth of the native heap
# Possible solutions:
#   Reduce memory load on the system
#   Increase physical memory or swap space
#   Check if swap backing store is full
#   Decrease Java heap size (-Xmx/-Xms)
#   Decrease number of Java threads
#   Decrease Java thread stack sizes (-Xss)
#   Set larger code cache with -XX:ReservedCodeCacheSize=
#   JVM is running with Unscaled Compressed Oops mode in which the Java heap is
#     placed in the first 4GB address space. The Java Heap base address is the
#     maximum limit for the native heap growth. Please use -XX:HeapBaseMinAddress
#     to set the Java Heap base and to place the Java Heap above 4GB virtual address.
# This output file may be truncated or incomplete.
#
#  Out of Memory Error (virtualSpaceNode.cpp:110), pid=8140, tid=10128
#
# JRE version: OpenJDK Runtime Environment Temurin-17.0.7+7 (17.0.7+7) (build 17.0.7+7)
# Java VM: OpenJDK 64-Bit Server VM Temurin-17.0.7+7 (17.0.7+7, mixed mode, tiered, compressed oops, compressed class ptrs, parallel gc, windows-amd64)
# No core dump will be written. Minidumps are not enabled by default on client versions of Windows
#

---------------  S U M M A R Y ------------

Command Line: --add-modules=ALL-SYSTEM --add-opens=java.base/java.util=ALL-UNNAMED --add-opens=java.base/java.lang=ALL-UNNAMED --add-opens=java.base/sun.nio.fs=ALL-UNNAMED -Declipse.application=org.eclipse.jdt.ls.core.id1 -Dosgi.bundles.defaultStartLevel=4 -Declipse.product=org.eclipse.jdt.ls.core.product -Djava.import.generatesMetadataFilesAtProjectRoot=false -Dfile.encoding=utf8 -XX:+UseParallelGC -XX:GCTimeRatio=4 -XX:AdaptiveSizePolicyWeight=90 -Dsun.zip.disableMemoryMapping=true -Xmx1G -Xms100m -Xlog:disable -javaagent:c:\Users\ochie\.vscode\extensions\redhat.java-1.18.0-win32-x64\lombok\lombok-1.18.27.jar -XX:+HeapDumpOnOutOfMemoryError -XX:HeapDumpPath=c:\Users\ochie\AppData\Roaming\Code\User\workspaceStorage\ce7bc04b3091483ce11aded7c9977b2e\redhat.java -Daether.dependencyCollector.impl=bf c:\Users\ochie\.vscode\extensions\redhat.java-1.18.0-win32-x64\server\plugins\org.eclipse.equinox.launcher_1.6.400.v20210924-0641.jar -configuration c:\Users\ochie\AppData\Roaming\Code\User\globalStorage\redhat.java\1.18.0\config_win -data c:\Users\ochie\AppData\Roaming\Code\User\workspaceStorage\ce7bc04b3091483ce11aded7c9977b2e\redhat.java\jdt_ws

Host: Intel(R) Core(TM) i5-8300H CPU @ 2.30GHz, 8 cores, 11G,  Windows 11 , 64 bit Build 22621 (10.0.22621.1635)
Time: Mon May  1 16:44:07 2023 E. Africa Standard Time elapsed time: 3.158850 seconds (0d 0h 0m 3s)

---------------  T H R E A D  ---------------

Current thread (0x00000177e9d0b9a0):  JavaThread "Framework Event Dispatcher: Equinox Container: 61d34faf-9316-44ed-8b74-009b03d1a951" daemon [_thread_in_vm, id=10128, stack(0x0000000957500000,0x0000000957600000)]

Stack: [0x0000000957500000,0x0000000957600000]
Native frames: (J=compiled Java code, j=interpreted, Vv=VM code, C=native code)
V  [jvm.dll+0x67754a]
V  [jvm.dll+0x834304]
V  [jvm.dll+0x835aae]
V  [jvm.dll+0x836113]
V  [jvm.dll+0x24696f]
V  [jvm.dll+0x83039b]
V  [jvm.dll+0x61c006]
V  [jvm.dll+0x61c06a]
V  [jvm.dll+0x61e89a]
V  [jvm.dll+0x61c9a6]
V  [jvm.dll+0x626887]
V  [jvm.dll+0x1eb47b]
V  [jvm.dll+0x1eb9b5]
V  [jvm.dll+0x1ec3ef]
V  [jvm.dll+0x1e1891]
V  [jvm.dll+0x53ea50]
V  [jvm.dll+0x1f2067]
V  [jvm.dll+0x7af05b]
V  [jvm.dll+0x7b0402]
V  [jvm.dll+0x414fc5]
C  [java.dll+0x1a55]

Java frames: (J=compiled Java code, j=interpreted, Vv=VM code)
J 1012  java.lang.ClassLoader.findBootstrapClass(Ljava/lang/String;)Ljava/lang/Class; java.base@17.0.7 (0 bytes) @ 0x00000177d9ae2f72 [0x00000177d9ae2f20+0x0000000000000052]
J 851 c1 jdk.internal.loader.ClassLoaders$BootClassLoader.loadClassOrNull(Ljava/lang/String;Z)Ljava/lang/Class; java.base@17.0.7 (10 bytes) @ 0x00000177d211294c [0x00000177d21127e0+0x000000000000016c]
J 828 c1 jdk.internal.loader.BuiltinClassLoader.loadClassOrNull(Ljava/lang/String;Z)Ljava/lang/Class; java.base@17.0.7 (143 bytes) @ 0x00000177d2106334 [0x00000177d21058c0+0x0000000000000a74]
J 834 c1 jdk.internal.loader.BuiltinClassLoader.loadClass(Ljava/lang/String;Z)Ljava/lang/Class; java.base@17.0.7 (22 bytes) @ 0x00000177d2109744 [0x00000177d2109640+0x0000000000000104]
J 899 c1 java.lang.ClassLoader.loadClass(Ljava/lang/String;Z)Ljava/lang/Class; java.base@17.0.7 (121 bytes) @ 0x00000177d212cb34 [0x00000177d212c7c0+0x0000000000000374]
J 808 c1 java.lang.ClassLoader.loadClass(Ljava/lang/String;)Ljava/lang/Class; java.base@17.0.7 (7 bytes) @ 0x00000177d20fc3bc [0x00000177d20fc2c0+0x00000000000000fc]
v  ~StubRoutines::call_stub
j  org.eclipse.osgi.internal.log.EquinoxLogWriter.getDate(Ljava/util/Date;)Ljava/lang/String;+0
j  org.eclipse.osgi.internal.log.EquinoxLogWriter.getSessionTimestamp()Ljava/lang/String;+26
j  org.eclipse.osgi.internal.log.EquinoxLogWriter.writeSession()V+11
j  org.eclipse.osgi.internal.log.EquinoxLogWriter.log(Lorg/eclipse/osgi/framework/log/FrameworkLogEntry;)V+34
j  org.eclipse.osgi.internal.log.EquinoxLogWriter.logged(Lorg/osgi/service/log/LogEntry;)V+72
j  org.eclipse.osgi.internal.log.ExtendedLogReaderServiceFactory.safeLogged(Lorg/osgi/service/log/LogListener;Lorg/osgi/service/log/LogEntry;)V+2
j  org.eclipse.osgi.internal.log.ExtendedLogReaderServiceFactory.logPrivileged(Lorg/osgi/framework/Bundle;Ljava/lang/String;Ljava/lang/StackTraceElement;Ljava/lang/Object;Lorg/osgi/service/log/LogLevel;ILjava/lang/String;Lorg/osgi/framework/ServiceReference;Ljava/lang/Throwable;)V+185
j  org.eclipse.osgi.internal.log.ExtendedLogReaderServiceFactory.log(Lorg/osgi/framework/Bundle;Ljava/lang/String;Ljava/lang/StackTraceElement;Ljava/lang/Object;Lorg/osgi/service/log/LogLevel;ILjava/lang/String;Lorg/osgi/framework/ServiceReference;Ljava/lang/Throwable;)V+52
j  org.eclipse.osgi.internal.log.ExtendedLogServiceFactory.log(Lorg/osgi/framework/Bundle;Ljava/lang/String;Ljava/lang/StackTraceElement;Ljava/lang/Object;Lorg/osgi/service/log/LogLevel;ILjava/lang/String;Lorg/osgi/framework/ServiceReference;Ljava/lang/Throwable;)V+19
j  org.eclipse.osgi.internal.log.LoggerImpl.log(Lorg/osgi/framework/Bundle;Ljava/lang/Object;Lorg/osgi/service/log/LogLevel;ILjava/lang/String;Lorg/osgi/framework/ServiceReference;Ljava/lang/Throwable;)V+48
j  org.eclipse.osgi.internal.log.LogServiceManager.frameworkEvent(Lorg/osgi/framework/FrameworkEvent;)V+142
j  org.eclipse.osgi.internal.framework.BundleContextImpl.dispatchEvent(Ljava/lang/Object;Ljava/lang/Object;ILjava/lang/Object;)V+385
j  org.eclipse.osgi.framework.eventmgr.EventManager.dispatchEvent(Ljava/util/Set;Lorg/eclipse/osgi/framework/eventmgr/EventDispatcher;ILjava/lang/Object;)V+48
j  org.eclipse.osgi.framework.eventmgr.EventManager$EventThread.run()V+26
v  ~StubRoutines::call_stub

---------------  P R O C E S S  ---------------

Threads class SMR info:
_java_thread_list=0x00000177ea180860, length=16, elements={
0x00000177cdb50f30, 0x00000177e8be3010, 0x00000177e3909e90, 0x00000177e8bfe000,
0x00000177e8bff5e0, 0x00000177e8c00190, 0x00000177e8c02c50, 0x00000177e8c03930,
0x00000177e8c6a130, 0x00000177e8c6cee0, 0x00000177e8cea8b0, 0x00000177e8db3610,
0x00000177e9dea930, 0x00000177ea140d60, 0x00000177e9d0b9a0, 0x00000177ea19e3e0
}

Java Threads: ( => current thread )
  0x00000177cdb50f30 JavaThread "main" [_thread_in_vm, id=13756, stack(0x0000000955e00000,0x0000000955f00000)]
  0x00000177e8be3010 JavaThread "Reference Handler" daemon [_thread_blocked, id=6204, stack(0x0000000956100000,0x0000000956200000)]
  0x00000177e3909e90 JavaThread "Finalizer" daemon [_thread_blocked, id=1952, stack(0x0000000956200000,0x0000000956300000)]
  0x00000177e8bfe000 JavaThread "Signal Dispatcher" daemon [_thread_blocked, id=19876, stack(0x0000000956300000,0x0000000956400000)]
  0x00000177e8bff5e0 JavaThread "Attach Listener" daemon [_thread_blocked, id=17776, stack(0x0000000956400000,0x0000000956500000)]
  0x00000177e8c00190 JavaThread "Service Thread" daemon [_thread_blocked, id=15340, stack(0x0000000956500000,0x0000000956600000)]
  0x00000177e8c02c50 JavaThread "Monitor Deflation Thread" daemon [_thread_blocked, id=14348, stack(0x0000000956600000,0x0000000956700000)]
  0x00000177e8c03930 JavaThread "C2 CompilerThread0" daemon [_thread_blocked, id=14764, stack(0x0000000956700000,0x0000000956800000)]
  0x00000177e8c6a130 JavaThread "C1 CompilerThread0" daemon [_thread_blocked, id=3480, stack(0x0000000956800000,0x0000000956900000)]
  0x00000177e8c6cee0 JavaThread "Sweeper thread" daemon [_thread_blocked, id=7996, stack(0x0000000956900000,0x0000000956a00000)]
  0x00000177e8cea8b0 JavaThread "Common-Cleaner" daemon [_thread_blocked, id=11012, stack(0x0000000956a00000,0x0000000956b00000)]
  0x00000177e8db3610 JavaThread "Notification Thread" daemon [_thread_blocked, id=4936, stack(0x0000000956b00000,0x0000000956c00000)]
  0x00000177e9dea930 JavaThread "C2 CompilerThread1" daemon [_thread_blocked, id=14912, stack(0x0000000957300000,0x0000000957400000)]
  0x00000177ea140d60 JavaThread "Active Thread: Equinox Container: 61d34faf-9316-44ed-8b74-009b03d1a951" [_thread_blocked, id=18636, stack(0x0000000957400000,0x0000000957500000)]
=>0x00000177e9d0b9a0 JavaThread "Framework Event Dispatcher: Equinox Container: 61d34faf-9316-44ed-8b74-009b03d1a951" daemon [_thread_in_vm, id=10128, stack(0x0000000957500000,0x0000000957600000)]
  0x00000177ea19e3e0 JavaThread "Start Level: Equinox Container: 61d34faf-9316-44ed-8b74-009b03d1a951" daemon [_thread_blocked, id=8196, stack(0x0000000957600000,0x0000000957700000)]

Other Threads:
  0x00000177cdbd4380 VMThread "VM Thread" [stack: 0x0000000956000000,0x0000000956100000] [id=16264]
  0x00000177e8f48420 WatcherThread [stack: 0x0000000956c00000,0x0000000956d00000] [id=8652]
  0x00000177cdb66550 GCTaskThread "GC Thread#0" [stack: 0x0000000955f00000,0x0000000956000000] [id=9524]
  0x00000177e9ea0a80 GCTaskThread "GC Thread#1" [stack: 0x0000000956d00000,0x0000000956e00000] [id=9776]
  0x00000177e9e41030 GCTaskThread "GC Thread#2" [stack: 0x0000000956e00000,0x0000000956f00000] [id=14356]
  0x00000177e9e412e0 GCTaskThread "GC Thread#3" [stack: 0x0000000956f00000,0x0000000957000000] [id=17692]
  0x00000177e9e41590 GCTaskThread "GC Thread#4" [stack: 0x0000000957000000,0x0000000957100000] [id=19460]
  0x00000177e9e53530 GCTaskThread "GC Thread#5" [stack: 0x0000000957100000,0x0000000957200000] [id=11244]
  0x00000177e9e537e0 GCTaskThread "GC Thread#6" [stack: 0x0000000957200000,0x0000000957300000] [id=15836]

Threads with active compile tasks:

VM state: not at safepoint (normal execution)

VM Mutex/Monitor currently owned by a thread:  ([mutex/lock_event])
[0x00000177cdb4ae80] Metaspace_lock - owner thread: 0x00000177e9d0b9a0

OutOfMemory and StackOverflow Exception counts:
OutOfMemoryError java_heap_errors=1
LinkageErrors=10

Heap address: 0x00000000c0000000, size: 1024 MB, Compressed Oops mode: 32-bit

CDS archive(s) not mapped
Compressed class space mapped at: 0x0000000100000000-0x0000000140000000, reserved size: 1073741824
Narrow klass base: 0x0000000000000000, Narrow klass shift: 3, Narrow klass range: 0x140000000

GC Precious Log:
 CPUs: 8 total, 8 available
 Memory: 12169M
 Large Page Support: Disabled
 NUMA Support: Disabled
 Compressed Oops: Enabled (32-bit)
 Alignments: Space 512K, Generation 512K, Heap 2M
 Heap Min Capacity: 100M
 Heap Initial Capacity: 100M
 Heap Max Capacity: 1G
 Pre-touch: Disabled
 Parallel Workers: 8

Heap:
 PSYoungGen      total 29696K, used 23853K [0x00000000eab00000, 0x00000000ecc00000, 0x0000000100000000)
  eden space 25600K, 80% used [0x00000000eab00000,0x00000000ebf29400,0x00000000ec400000)
  from space 4096K, 78% used [0x00000000ec400000,0x00000000ec7223a8,0x00000000ec800000)
  to   space 4096K, 0% used [0x00000000ec800000,0x00000000ec800000,0x00000000ecc00000)
 ParOldGen       total 68608K, used 0K [0x00000000c0000000, 0x00000000c4300000, 0x00000000eab00000)
  object space 68608K, 0% used [0x00000000c0000000,0x00000000c0000000,0x00000000c4300000)
 Metaspace       used 13929K, committed 14080K, reserved 1114112K
  class space    used 1387K, committed 1472K, reserved 1048576K

Card table byte_map: [0x00000177e1190000,0x00000177e13a0000] _byte_map_base: 0x00000177e0b90000

Marking Bits: (ParMarkBitMap*) 0x00007ffe181b52c0
 Begin Bits: [0x00000177e1500000, 0x00000177e2500000)
 End Bits:   [0x00000177e2500000, 0x00000177e3500000)

Polling page: 0x00000177cdc10000

Metaspace:

Usage:
  Non-class:     12.25 MB used.
      Class:      1.35 MB used.
       Both:     13.60 MB used.

Virtual space:
  Non-class space:       64.00 MB reserved,      12.31 MB ( 19%) committed,  1 nodes.
      Class space:        1.00 GB reserved,       1.44 MB ( <1%) committed,  1 nodes.
             Both:        1.06 GB reserved,      13.75 MB (  1%) committed. 

Chunk freelists:
   Non-Class:  3.20 MB
       Class:  14.45 MB
        Both:  17.65 MB

MaxMetaspaceSize: unlimited
CompressedClassSpaceSize: 1.00 GB
Initial GC threshold: 21.00 MB
Current GC threshold: 21.00 MB
CDS: off
MetaspaceReclaimPolicy: balanced
 - commit_granule_bytes: 65536.
 - commit_granule_words: 8192.
 - virtual_space_node_default_size: 8388608.
 - enlarge_chunks_in_place: 1.
 - new_chunks_are_fully_committed: 0.
 - uncommit_free_chunks: 1.
 - use_allocation_guard: 0.
 - handle_deallocations: 1.


Internal statistics:

num_allocs_failed_limit: 0.
num_arena_births: 60.
num_arena_deaths: 0.
num_vsnodes_births: 2.
num_vsnodes_deaths: 0.
num_space_committed: 220.
num_space_uncommitted: 0.
num_chunks_returned_to_freelist: 0.
num_chunks_taken_from_freelist: 229.
num_chunk_merges: 0.
num_chunk_splits: 157.
num_chunks_enlarged: 128.
num_inconsistent_stats: 0.

CodeHeap 'non-profiled nmethods': size=120000Kb used=637Kb max_used=637Kb free=119362Kb
 bounds [0x00000177d9a80000, 0x00000177d9cf0000, 0x00000177e0fb0000]
CodeHeap 'profiled nmethods': size=120000Kb used=2834Kb max_used=2834Kb free=117165Kb
 bounds [0x00000177d1fb0000, 0x00000177d2280000, 0x00000177d94e0000]
CodeHeap 'non-nmethods': size=5760Kb used=1157Kb max_used=1190Kb free=4602Kb
 bounds [0x00000177d94e0000, 0x00000177d9750000, 0x00000177d9a80000]
 total_blobs=1976 nmethods=1524 adapters=366
 compilation: enabled
              stopped_count=0, restarted_count=0
 full_count=0

Compilation events (20 events):
Event: 3.048 Thread 0x00000177e8c6a130 1514       1       java.lang.reflect.Field::getName (5 bytes)
Event: 3.048 Thread 0x00000177e8c6a130 nmethod 1514 0x00000177d9b1e710 code [0x00000177d9b1e8a0, 0x00000177d9b1e978]
Event: 3.048 Thread 0x00000177e8c6a130 1515       3       jdk.internal.jimage.ImageLocation::verifyName (161 bytes)
Event: 3.049 Thread 0x00000177e8c03930 1516       4       java.nio.DirectIntBufferU::ix (10 bytes)
Event: 3.049 Thread 0x00000177e8c03930 nmethod 1516 0x00000177d9b1ea10 code [0x00000177d9b1eb80, 0x00000177d9b1ebf8]
Event: 3.050 Thread 0x00000177e8c6a130 nmethod 1515 0x00000177d2271310 code [0x00000177d2271640, 0x00000177d2272bb8]
Event: 3.051 Thread 0x00000177e8c6a130 1517       1       java.lang.reflect.Field::getModifiers (5 bytes)
Event: 3.051 Thread 0x00000177e8c6a130 nmethod 1517 0x00000177d9b1ed10 code [0x00000177d9b1eea0, 0x00000177d9b1ef78]
Event: 3.051 Thread 0x00000177e8c6a130 1518       3       java.lang.reflect.Modifier::isFinal (13 bytes)
Event: 3.051 Thread 0x00000177e8c6a130 nmethod 1518 0x00000177d2273510 code [0x00000177d22736a0, 0x00000177d22737f8]
Event: 3.052 Thread 0x00000177e8c6a130 1520       3       jdk.internal.reflect.MagicAccessorImpl::<init> (5 bytes)
Event: 3.052 Thread 0x00000177e8c6a130 nmethod 1520 0x00000177d2273890 code [0x00000177d2273a20, 0x00000177d2273b78]
Event: 3.052 Thread 0x00000177e8c6a130 1521       1       java.lang.reflect.Field::getType (5 bytes)
Event: 3.052 Thread 0x00000177e8c6a130 nmethod 1521 0x00000177d9b1f410 code [0x00000177d9b1f5a0, 0x00000177d9b1f678]
Event: 3.054 Thread 0x00000177e8c6a130 1522       3       org.eclipse.osgi.framework.eventmgr.CopyOnWriteIdentityMap$Snapshot$EntryIterator::next (5 bytes)
Event: 3.054 Thread 0x00000177e8c6a130 nmethod 1522 0x00000177d2273c10 code [0x00000177d2273dc0, 0x00000177d2273f48]
Event: 3.054 Thread 0x00000177e8c6a130 1523       3       org.eclipse.osgi.framework.eventmgr.CopyOnWriteIdentityMap$Snapshot$EntryIterator::next (5 bytes)
Event: 3.055 Thread 0x00000177e8c6a130 nmethod 1523 0x00000177d2274010 code [0x00000177d22741a0, 0x00000177d22742e8]
Event: 3.055 Thread 0x00000177e8c6a130 1524       3       org.eclipse.osgi.framework.eventmgr.CopyOnWriteIdentityMap$Snapshot$SnapshotIterator::nextEntry (58 bytes)
Event: 3.055 Thread 0x00000177e8c6a130 nmethod 1524 0x00000177d2274390 code [0x00000177d2274560, 0x00000177d22748d8]

GC Heap History (2 events):
Event: 2.088 GC heap before
{Heap before GC invocations=1 (full 0):
 PSYoungGen      total 29696K, used 25600K [0x00000000eab00000, 0x00000000ecc00000, 0x0000000100000000)
  eden space 25600K, 100% used [0x00000000eab00000,0x00000000ec400000,0x00000000ec400000)
  from space 4096K, 0% used [0x00000000ec800000,0x00000000ec800000,0x00000000ecc00000)
  to   space 4096K, 0% used [0x00000000ec400000,0x00000000ec400000,0x00000000ec800000)
 ParOldGen       total 68608K, used 0K [0x00000000c0000000, 0x00000000c4300000, 0x00000000eab00000)
  object space 68608K, 0% used [0x00000000c0000000,0x00000000c0000000,0x00000000c4300000)
 Metaspace       used 11210K, committed 11392K, reserved 1114112K
  class space    used 1121K, committed 1216K, reserved 1048576K
}
Event: 2.106 GC heap after
{Heap after GC invocations=1 (full 0):
 PSYoungGen      total 29696K, used 3208K [0x00000000eab00000, 0x00000000ecc00000, 0x0000000100000000)
  eden space 25600K, 0% used [0x00000000eab00000,0x00000000eab00000,0x00000000ec400000)
  from space 4096K, 78% used [0x00000000ec400000,0x00000000ec7223a8,0x00000000ec800000)
  to   space 4096K, 0% used [0x00000000ec800000,0x00000000ec800000,0x00000000ecc00000)
 ParOldGen       total 68608K, used 0K [0x00000000c0000000, 0x00000000c4300000, 0x00000000eab00000)
  object space 68608K, 0% used [0x00000000c0000000,0x00000000c0000000,0x00000000c4300000)
 Metaspace       used 11210K, committed 11392K, reserved 1114112K
  class space    used 1121K, committed 1216K, reserved 1048576K
}

Dll operation events (9 events):
Event: 0.032 Loaded shared library c:\Users\ochie\.vscode\extensions\redhat.java-1.18.0-win32-x64\jre\17.0.7-win32-x86_64\bin\java.dll
Event: 0.377 Loaded shared library c:\Users\ochie\.vscode\extensions\redhat.java-1.18.0-win32-x64\jre\17.0.7-win32-x86_64\bin\zip.dll
Event: 0.382 Loaded shared library C:\Users\ochie\.vscode\extensions\redhat.java-1.18.0-win32-x64\jre\17.0.7-win32-x86_64\bin\instrument.dll
Event: 0.403 Loaded shared library C:\Users\ochie\.vscode\extensions\redhat.java-1.18.0-win32-x64\jre\17.0.7-win32-x86_64\bin\net.dll
Event: 0.406 Loaded shared library C:\Users\ochie\.vscode\extensions\redhat.java-1.18.0-win32-x64\jre\17.0.7-win32-x86_64\bin\nio.dll
Event: 0.415 Loaded shared library C:\Users\ochie\.vscode\extensions\redhat.java-1.18.0-win32-x64\jre\17.0.7-win32-x86_64\bin\zip.dll
Event: 0.457 Loaded shared library C:\Users\ochie\.vscode\extensions\redhat.java-1.18.0-win32-x64\jre\17.0.7-win32-x86_64\bin\jimage.dll
Event: 0.593 Loaded shared library c:\Users\ochie\.vscode\extensions\redhat.java-1.18.0-win32-x64\jre\17.0.7-win32-x86_64\bin\verify.dll
Event: 3.020 Loaded shared library C:\Users\ochie\AppData\Roaming\Code\User\globalStorage\redhat.java\1.18.0\config_win\org.eclipse.equinox.launcher\org.eclipse.equinox.launcher.win32.win32.x86_64_1.2.700.v20221108-1024\eclipse_11801.dll

Deoptimization events (20 events):
Event: 2.658 Thread 0x00000177cdb50f30 DEOPT PACKING pc=0x00000177d9ae4654 sp=0x0000000955efddc0
Event: 2.658 Thread 0x00000177cdb50f30 DEOPT UNPACKING pc=0x00000177d95366a3 sp=0x0000000955efdd40 mode 2
Event: 2.666 Thread 0x00000177cdb50f30 Uncommon trap: trap_request=0xffffffde fr.pc=0x00000177d9ae4654 relative=0x00000000000009b4
Event: 2.666 Thread 0x00000177cdb50f30 Uncommon trap: reason=class_check action=maybe_recompile pc=0x00000177d9ae4654 method=java.util.HashMap.putVal(ILjava/lang/Object;Ljava/lang/Object;ZZ)Ljava/lang/Object; @ 253 c2
Event: 2.666 Thread 0x00000177cdb50f30 DEOPT PACKING pc=0x00000177d9ae4654 sp=0x0000000955efddc0
Event: 2.666 Thread 0x00000177cdb50f30 DEOPT UNPACKING pc=0x00000177d95366a3 sp=0x0000000955efdd40 mode 2
Event: 2.667 Thread 0x00000177cdb50f30 Uncommon trap: trap_request=0xffffffde fr.pc=0x00000177d9ae4654 relative=0x00000000000009b4
Event: 2.667 Thread 0x00000177cdb50f30 Uncommon trap: reason=class_check action=maybe_recompile pc=0x00000177d9ae4654 method=java.util.HashMap.putVal(ILjava/lang/Object;Ljava/lang/Object;ZZ)Ljava/lang/Object; @ 253 c2
Event: 2.667 Thread 0x00000177cdb50f30 DEOPT PACKING pc=0x00000177d9ae4654 sp=0x0000000955efdcc0
Event: 2.667 Thread 0x00000177cdb50f30 DEOPT UNPACKING pc=0x00000177d95366a3 sp=0x0000000955efdc40 mode 2
Event: 2.671 Thread 0x00000177cdb50f30 Uncommon trap: trap_request=0xffffffde fr.pc=0x00000177d9ae4654 relative=0x00000000000009b4
Event: 2.671 Thread 0x00000177cdb50f30 Uncommon trap: reason=class_check action=maybe_recompile pc=0x00000177d9ae4654 method=java.util.HashMap.putVal(ILjava/lang/Object;Ljava/lang/Object;ZZ)Ljava/lang/Object; @ 253 c2
Event: 2.671 Thread 0x00000177cdb50f30 DEOPT PACKING pc=0x00000177d9ae4654 sp=0x0000000955efdd40
Event: 2.671 Thread 0x00000177cdb50f30 DEOPT UNPACKING pc=0x00000177d95366a3 sp=0x0000000955efdcc0 mode 2
Event: 2.946 Thread 0x00000177cdb50f30 DEOPT PACKING pc=0x00000177d20841c3 sp=0x0000000955efe3e0
Event: 2.946 Thread 0x00000177cdb50f30 DEOPT UNPACKING pc=0x00000177d9536e43 sp=0x0000000955efd900 mode 0
Event: 2.959 Thread 0x00000177cdb50f30 DEOPT PACKING pc=0x00000177d210033e sp=0x0000000955efdff0
Event: 2.959 Thread 0x00000177cdb50f30 DEOPT UNPACKING pc=0x00000177d9536e43 sp=0x0000000955efd468 mode 0
Event: 2.968 Thread 0x00000177cdb50f30 DEOPT PACKING pc=0x00000177d20841c3 sp=0x0000000955efe3e0
Event: 2.968 Thread 0x00000177cdb50f30 DEOPT UNPACKING pc=0x00000177d9536e43 sp=0x0000000955efd900 mode 0

Classes unloaded (0 events):
No events

Classes redefined (0 events):
No events

Internal exceptions (20 events):
Event: 1.273 Thread 0x00000177cdb50f30 Exception <a 'java/io/FileNotFoundException'{0x00000000eb79ec90}> (0x00000000eb79ec90) 
thrown [s\src\hotspot\share\prims\jni.cpp, line 516]
Event: 1.287 Thread 0x00000177cdb50f30 Exception <a 'java/io/FileNotFoundException'{0x00000000eb7d96c0}> (0x00000000eb7d96c0) 
thrown [s\src\hotspot\share\prims\jni.cpp, line 516]
Event: 1.740 Thread 0x00000177cdb50f30 Exception <a 'java/lang/ClassNotFoundException'{0x00000000ec003ba8}: sun/net/www/protocol/c/Handler> (0x00000000ec003ba8) 
thrown [s\src\hotspot\share\classfile\systemDictionary.cpp, line 256]
Event: 1.741 Thread 0x00000177cdb50f30 Exception <a 'java/lang/ClassNotFoundException'{0x00000000ec004ef0}: sun/net/www/protocol/e/Handler> (0x00000000ec004ef0) 
thrown [s\src\hotspot\share\classfile\systemDictionary.cpp, line 256]
Event: 1.741 Thread 0x00000177cdb50f30 Exception <a 'java/lang/ClassNotFoundException'{0x00000000ec006070}: sun/net/www/protocol/c/Handler> (0x00000000ec006070) 
thrown [s\src\hotspot\share\classfile\systemDictionary.cpp, line 256]
Event: 1.804 Thread 0x00000177cdb50f30 Exception <a 'java/io/FileNotFoundException'{0x00000000ec02c788}> (0x00000000ec02c788) 
thrown [s\src\hotspot\share\prims\jni.cpp, line 516]
Event: 1.910 Thread 0x00000177cdb50f30 Implicit null exception at 0x00000177d9abece0 to 0x00000177d9abf720
Event: 1.914 Thread 0x00000177cdb50f30 Implicit null exception at 0x00000177d9ad39f1 to 0x00000177d9ad3be8
Event: 1.914 Thread 0x00000177cdb50f30 Implicit null exception at 0x00000177d9acd171 to 0x00000177d9acd370
Event: 1.915 Thread 0x00000177cdb50f30 Implicit null exception at 0x00000177d9abe50f to 0x00000177d9abe589
Event: 2.007 Thread 0x00000177cdb50f30 Exception <a 'java/lang/NoSuchMethodError'{0x00000000ec2f7b00}: 'int java.lang.invoke.DirectMethodHandle$Holder.invokeStaticInit(java.lang.Object, java.lang.Object, java.lang.Object, java.lang.Object)'> (0x00000000ec2f7b00) 
thrown [s\src\hotspot\share\interpreter\linkResolver.cpp, line 759]
Event: 2.011 Thread 0x00000177cdb50f30 Exception <a 'java/lang/NoSuchMethodError'{0x00000000ec302170}: 'java.lang.Object java.lang.invoke.DirectMethodHandle$Holder.invokeInterface(java.lang.Object, java.lang.Object)'> (0x00000000ec302170) 
thrown [s\src\hotspot\share\interpreter\linkResolver.cpp, line 759]
Event: 2.012 Thread 0x00000177cdb50f30 Exception <a 'java/lang/IncompatibleClassChangeError'{0x00000000ec305968}: Found class java.lang.Object, but interface was expected> (0x00000000ec305968) 
thrown [s\src\hotspot\share\interpreter\linkResolver.cpp, line 826]
Event: 2.014 Thread 0x00000177cdb50f30 Exception <a 'java/lang/NoSuchMethodError'{0x00000000ec309e60}: 'void java.lang.invoke.DirectMethodHandle$Holder.invokeStatic(java.lang.Object, java.lang.Object)'> (0x00000000ec309e60) 
thrown [s\src\hotspot\share\interpreter\linkResolver.cpp, line 759]
Event: 2.014 Thread 0x00000177cdb50f30 Exception <a 'java/lang/NoSuchMethodError'{0x00000000ec30d660}: 'void java.lang.invoke.DirectMethodHandle$Holder.invokeStaticInit(java.lang.Object, java.lang.Object)'> (0x00000000ec30d660) 
thrown [s\src\hotspot\share\interpreter\linkResolver.cpp, line 759]
Event: 2.016 Thread 0x00000177cdb50f30 Exception <a 'java/lang/NoSuchMethodError'{0x00000000ec314c58}: 'int java.lang.invoke.DirectMethodHandle$Holder.invokeStaticInit(java.lang.Object, java.lang.Object)'> (0x00000000ec314c58) 
thrown [s\src\hotspot\share\interpreter\linkResolver.cpp, line 759]
Event: 2.123 Thread 0x00000177cdb50f30 Exception <a 'java/lang/NoSuchMethodError'{0x00000000eab571b8}: 'void java.lang.invoke.DirectMethodHandle$Holder.invokeSpecial(java.lang.Object, java.lang.Object, java.lang.Object)'> (0x00000000eab571b8) 
thrown [s\src\hotspot\share\interpreter\linkResolver.cpp, line 759]
Event: 2.620 Thread 0x00000177cdb50f30 Exception <a 'java/lang/NoSuchMethodError'{0x00000000eb81d498}: 'java.lang.Object java.lang.invoke.DirectMethodHandle$Holder.newInvokeSpecial(java.lang.Object, int, java.lang.Object)'> (0x00000000eb81d498) 
thrown [s\src\hotspot\share\interpreter\linkResolver.cpp, line 759]
Event: 3.005 Thread 0x00000177cdb50f30 Exception <a 'java/lang/UnsatisfiedLinkError'{0x00000000ebd99d98}: 'void org.eclipse.equinox.launcher.JNIBridge._update_splash()'> (0x00000000ebd99d98) 
thrown [s\src\hotspot\share\prims\nativeLookup.cpp, line 543]
Event: 3.044 Thread 0x00000177ea19e3e0 Exception <a 'java/lang/OutOfMemoryError'{0x00000000ebeb90b0}> (0x00000000ebeb90b0) 
thrown [s\src\hotspot\share\prims\jni.cpp, line 535]

VM Operations (20 events):
Event: 0.530 Executing VM operation: HandshakeAllThreads
Event: 0.530 Executing VM operation: HandshakeAllThreads done
Event: 1.185 Executing VM operation: HandshakeAllThreads
Event: 1.185 Executing VM operation: HandshakeAllThreads done
Event: 1.185 Executing VM operation: Cleanup
Event: 1.185 Executing VM operation: Cleanup done
Event: 1.223 Executing VM operation: HandshakeAllThreads
Event: 1.223 Executing VM operation: HandshakeAllThreads done
Event: 1.715 Executing VM operation: HandshakeAllThreads
Event: 1.715 Executing VM operation: HandshakeAllThreads done
Event: 2.088 Executing VM operation: ParallelGCFailedAllocation
Event: 2.106 Executing VM operation: ParallelGCFailedAllocation done
Event: 2.567 Executing VM operation: HandshakeAllThreads
Event: 2.567 Executing VM operation: HandshakeAllThreads done
Event: 2.568 Executing VM operation: HandshakeAllThreads
Event: 2.568 Executing VM operation: HandshakeAllThreads done
Event: 2.579 Executing VM operation: HandshakeAllThreads
Event: 2.579 Executing VM operation: HandshakeAllThreads done
Event: 2.599 Executing VM operation: HandshakeAllThreads
Event: 2.599 Executing VM operation: HandshakeAllThreads done

Events (20 events):
Event: 2.828 loading class sun/nio/fs/WindowsChannelFactory$Flags done
Event: 2.829 loading class sun/nio/ch/FileChannelImpl$Closer
Event: 2.829 loading class sun/nio/ch/FileChannelImpl$Closer done
Event: 2.997 Thread 0x00000177e9d0b9a0 Thread added: 0x00000177e9d0b9a0
Event: 3.004 Thread 0x00000177ea19e3e0 Thread added: 0x00000177ea19e3e0
Event: 3.020 loading class java/util/concurrent/locks/AbstractQueuedSynchronizer$SharedNode
Event: 3.020 loading class java/util/concurrent/locks/AbstractQueuedSynchronizer$SharedNode done
Event: 3.020 loading class java/util/concurrent/locks/AbstractQueuedSynchronizer$ExclusiveNode
Event: 3.020 loading class java/util/concurrent/locks/AbstractQueuedSynchronizer$ExclusiveNode done
Event: 3.022 loading class java/util/concurrent/CountDownLatch
Event: 3.022 loading class java/util/concurrent/CountDownLatch done
Event: 3.022 loading class java/util/concurrent/CountDownLatch$Sync
Event: 3.022 loading class java/util/concurrent/CountDownLatch$Sync done
Event: 3.044 loading class java/util/zip/DataFormatException
Event: 3.044 loading class java/util/zip/DataFormatException done
Event: 3.050 loading class jdk/internal/reflect/UnsafeStaticObjectFieldAccessorImpl
Event: 3.050 loading class jdk/internal/reflect/UnsafeStaticObjectFieldAccessorImpl done
Event: 3.055 loading class java/lang/StackTraceElement$HashedModules
Event: 3.055 loading class java/lang/StackTraceElement$HashedModules done
Event: 3.059 loading class java/util/Calendar


Dynamic libraries:
0x00007ff6005d0000 - 0x00007ff6005de000 	c:\Users\ochie\.vscode\extensions\redhat.java-1.18.0-win32-x64\jre\17.0.7-win32-x86_64\bin\java.exe
0x00007ffe8a370000 - 0x00007ffe8a584000 	C:\WINDOWS\SYSTEM32\ntdll.dll
0x00007ffe88860000 - 0x00007ffe88922000 	C:\WINDOWS\System32\KERNEL32.DLL
0x00007ffe87dc0000 - 0x00007ffe88163000 	C:\WINDOWS\System32\KERNELBASE.dll
0x00007ffe87a60000 - 0x00007ffe87b71000 	C:\WINDOWS\System32\ucrtbase.dll
0x00007ffe74a20000 - 0x00007ffe74a37000 	c:\Users\ochie\.vscode\extensions\redhat.java-1.18.0-win32-x64\jre\17.0.7-win32-x86_64\bin\jli.dll
0x00007ffe89a70000 - 0x00007ffe89c1b000 	C:\WINDOWS\System32\USER32.dll
0x00007ffe87a30000 - 0x00007ffe87a56000 	C:\WINDOWS\System32\win32u.dll
0x00007ffe885e0000 - 0x00007ffe88609000 	C:\WINDOWS\System32\GDI32.dll
0x00007ffe87b80000 - 0x00007ffe87c98000 	C:\WINDOWS\System32\gdi32full.dll
0x00007ffe87ca0000 - 0x00007ffe87d3a000 	C:\WINDOWS\System32\msvcp_win.dll
0x00007ffe70220000 - 0x00007ffe70239000 	c:\Users\ochie\.vscode\extensions\redhat.java-1.18.0-win32-x64\jre\17.0.7-win32-x86_64\bin\VCRUNTIME140.dll
0x00007ffe6f4b0000 - 0x00007ffe6f73e000 	C:\WINDOWS\WinSxS\amd64_microsoft.windows.common-controls_6595b64144ccf1df_6.0.22621.1635_none_270f70857386168e\COMCTL32.dll
0x00007ffe884a0000 - 0x00007ffe88547000 	C:\WINDOWS\System32\msvcrt.dll
0x00007ffe883f0000 - 0x00007ffe88421000 	C:\WINDOWS\System32\IMM32.DLL
0x00007ffe80e00000 - 0x00007ffe80e0c000 	c:\Users\ochie\.vscode\extensions\redhat.java-1.18.0-win32-x64\jre\17.0.7-win32-x86_64\bin\vcruntime140_1.dll
0x00007ffe24620000 - 0x00007ffe246b1000 	c:\Users\ochie\.vscode\extensions\redhat.java-1.18.0-win32-x64\jre\17.0.7-win32-x86_64\bin\msvcp140.dll
0x00007ffe17630000 - 0x00007ffe18278000 	c:\Users\ochie\.vscode\extensions\redhat.java-1.18.0-win32-x64\jre\17.0.7-win32-x86_64\bin\server\jvm.dll
0x00007ffe8a180000 - 0x00007ffe8a22e000 	C:\WINDOWS\System32\ADVAPI32.dll
0x00007ffe88b60000 - 0x00007ffe88c04000 	C:\WINDOWS\System32\sechost.dll
0x00007ffe88610000 - 0x00007ffe88727000 	C:\WINDOWS\System32\RPCRT4.dll
0x00007ffe80c00000 - 0x00007ffe80c09000 	C:\WINDOWS\SYSTEM32\WSOCK32.dll
0x00007ffe89c20000 - 0x00007ffe89c91000 	C:\WINDOWS\System32\WS2_32.dll
0x00007ffe80220000 - 0x00007ffe80254000 	C:\WINDOWS\SYSTEM32\WINMM.dll
0x00007ffe80440000 - 0x00007ffe8044a000 	C:\WINDOWS\SYSTEM32\VERSION.dll
0x00007ffe867a0000 - 0x00007ffe867b8000 	C:\WINDOWS\SYSTEM32\kernel.appcore.dll
0x00007ffe80b70000 - 0x00007ffe80b7a000 	c:\Users\ochie\.vscode\extensions\redhat.java-1.18.0-win32-x64\jre\17.0.7-win32-x86_64\bin\jimage.dll
0x00007ffe85150000 - 0x00007ffe8537e000 	C:\WINDOWS\SYSTEM32\DBGHELP.DLL
0x00007ffe88c10000 - 0x00007ffe88f99000 	C:\WINDOWS\System32\combase.dll
0x00007ffe88170000 - 0x00007ffe88247000 	C:\WINDOWS\System32\OLEAUT32.dll
0x00007ffe73ac0000 - 0x00007ffe73af2000 	C:\WINDOWS\SYSTEM32\dbgcore.DLL
0x00007ffe87d40000 - 0x00007ffe87dbb000 	C:\WINDOWS\System32\bcryptPrimitives.dll
0x00007ffe80e10000 - 0x00007ffe80e1e000 	c:\Users\ochie\.vscode\extensions\redhat.java-1.18.0-win32-x64\jre\17.0.7-win32-x86_64\bin\instrument.dll
0x00007ffe6b790000 - 0x00007ffe6b7b5000 	c:\Users\ochie\.vscode\extensions\redhat.java-1.18.0-win32-x64\jre\17.0.7-win32-x86_64\bin\java.dll
0x00007ffe77880000 - 0x00007ffe77898000 	c:\Users\ochie\.vscode\extensions\redhat.java-1.18.0-win32-x64\jre\17.0.7-win32-x86_64\bin\zip.dll
0x00007ffe88fa0000 - 0x00007ffe8979a000 	C:\WINDOWS\System32\SHELL32.dll
0x00007ffe85740000 - 0x00007ffe8600e000 	C:\WINDOWS\SYSTEM32\windows.storage.dll
0x00007ffe85600000 - 0x00007ffe8573e000 	C:\WINDOWS\SYSTEM32\wintypes.dll
0x00007ffe8a230000 - 0x00007ffe8a321000 	C:\WINDOWS\System32\SHCORE.dll
0x00007ffe88930000 - 0x00007ffe8898e000 	C:\WINDOWS\System32\shlwapi.dll
0x00007ffe876c0000 - 0x00007ffe876e1000 	C:\WINDOWS\SYSTEM32\profapi.dll
0x00007ffe6b770000 - 0x00007ffe6b789000 	C:\Users\ochie\.vscode\extensions\redhat.java-1.18.0-win32-x64\jre\17.0.7-win32-x86_64\bin\net.dll
0x00007ffe7f6e0000 - 0x00007ffe7f817000 	C:\WINDOWS\SYSTEM32\WINHTTP.dll
0x00007ffe86cf0000 - 0x00007ffe86d59000 	C:\WINDOWS\system32\mswsock.dll
0x00007ffe6b610000 - 0x00007ffe6b625000 	C:\Users\ochie\.vscode\extensions\redhat.java-1.18.0-win32-x64\jre\17.0.7-win32-x86_64\bin\nio.dll
0x00007ffe7ff60000 - 0x00007ffe7ff70000 	c:\Users\ochie\.vscode\extensions\redhat.java-1.18.0-win32-x64\jre\17.0.7-win32-x86_64\bin\verify.dll
0x00007ffe5d220000 - 0x00007ffe5d25e000 	C:\Users\ochie\AppData\Roaming\Code\User\globalStorage\redhat.java\1.18.0\config_win\org.eclipse.equinox.launcher\org.eclipse.equinox.launcher.win32.win32.x86_64_1.2.700.v20221108-1024\eclipse_11801.dll
0x00007ffe88250000 - 0x00007ffe883ec000 	C:\WINDOWS\System32\ole32.dll

dbghelp: loaded successfully - version: 4.0.5 - missing functions: none
symbol engine: initialized successfully - sym options: 0x614 - pdb path: .;c:\Users\ochie\.vscode\extensions\redhat.java-1.18.0-win32-x64\jre\17.0.7-win32-x86_64\bin;C:\WINDOWS\SYSTEM32;C:\WINDOWS\WinSxS\amd64_microsoft.windows.common-controls_6595b64144ccf1df_6.0.22621.1635_none_270f70857386168e;c:\Users\ochie\.vscode\extensions\redhat.java-1.18.0-win32-x64\jre\17.0.7-win32-x86_64\bin\server;C:\Users\ochie\AppData\Roaming\Code\User\globalStorage\redhat.java\1.18.0\config_win\org.eclipse.equinox.launcher\org.eclipse.equinox.launcher.win32.win32.x86_64_1.2.700.v20221108-1024

VM Arguments:
jvm_args: --add-modules=ALL-SYSTEM --add-opens=java.base/java.util=ALL-UNNAMED --add-opens=java.base/java.lang=ALL-UNNAMED --add-opens=java.base/sun.nio.fs=ALL-UNNAMED -Declipse.application=org.eclipse.jdt.ls.core.id1 -Dosgi.bundles.defaultStartLevel=4 -Declipse.product=org.eclipse.jdt.ls.core.product -Djava.import.generatesMetadataFilesAtProjectRoot=false -Dfile.encoding=utf8 -XX:+UseParallelGC -XX:GCTimeRatio=4 -XX:AdaptiveSizePolicyWeight=90 -Dsun.zip.disableMemoryMapping=true -Xmx1G -Xms100m -Xlog:disable -javaagent:c:\Users\ochie\.vscode\extensions\redhat.java-1.18.0-win32-x64\lombok\lombok-1.18.27.jar -XX:+HeapDumpOnOutOfMemoryError -XX:HeapDumpPath=c:\Users\ochie\AppData\Roaming\Code\User\workspaceStorage\ce7bc04b3091483ce11aded7c9977b2e\redhat.java -Daether.dependencyCollector.impl=bf 
java_command: c:\Users\ochie\.vscode\extensions\redhat.java-1.18.0-win32-x64\server\plugins\org.eclipse.equinox.launcher_1.6.400.v20210924-0641.jar -configuration c:\Users\ochie\AppData\Roaming\Code\User\globalStorage\redhat.java\1.18.0\config_win -data c:\Users\ochie\AppData\Roaming\Code\User\workspaceStorage\ce7bc04b3091483ce11aded7c9977b2e\redhat.java\jdt_ws
java_class_path (initial): c:\Users\ochie\.vscode\extensions\redhat.java-1.18.0-win32-x64\server\plugins\org.eclipse.equinox.launcher_1.6.400.v20210924-0641.jar
Launcher Type: SUN_STANDARD

[Global flags]
    uintx AdaptiveSizePolicyWeight                 = 90                                        {product} {command line}
     intx CICompilerCount                          = 4                                         {product} {ergonomic}
    uintx GCTimeRatio                              = 4                                         {product} {command line}
     bool HeapDumpOnOutOfMemoryError               = true                                   {manageable} {command line}
    ccstr HeapDumpPath                             = c:\Users\ochie\AppData\Roaming\Code\User\workspaceStorage\ce7bc04b3091483ce11aded7c9977b2e\redhat.java         {manageable} {command line}
   size_t InitialHeapSize                          = 104857600                                 {product} {command line}
   size_t MaxHeapSize                              = 1073741824                                {product} {command line}
   size_t MaxNewSize                               = 357564416                                 {product} {ergonomic}
   size_t MinHeapDeltaBytes                        = 524288                                    {product} {ergonomic}
   size_t MinHeapSize                              = 104857600                                 {product} {command line}
   size_t NewSize                                  = 34603008                                  {product} {ergonomic}
    uintx NonNMethodCodeHeapSize                   = 5839372                                {pd product} {ergonomic}
    uintx NonProfiledCodeHeapSize                  = 122909434                              {pd product} {ergonomic}
   size_t OldSize                                  = 70254592                                  {product} {ergonomic}
    uintx ProfiledCodeHeapSize                     = 122909434                              {pd product} {ergonomic}
    uintx ReservedCodeCacheSize                    = 251658240                              {pd product} {ergonomic}
     bool SegmentedCodeCache                       = true                                      {product} {ergonomic}
   size_t SoftMaxHeapSize                          = 1073741824                             {manageable} {ergonomic}
     bool UseCompressedClassPointers               = true                           {product lp64_product} {ergonomic}
     bool UseCompressedOops                        = true                           {product lp64_product} {ergonomic}
     bool UseLargePagesIndividualAllocation        = false                                  {pd product} {ergonomic}
     bool UseParallelGC                            = true                                      {product} {command line}

Logging:
Log output configuration:
 #0: stdout all=off uptime,level,tags
 #1: stderr all=off uptime,level,tags

Environment Variables:
JAVA_HOME=C:\Program Files\Microsoft\jdk-11.0.18.10-hotspot\
PATH=C:\Python311\Scripts\;C:\Python311\;C:\WINDOWS\system32;C:\WINDOWS;C:\WINDOWS\System32\Wbem;C:\WINDOWS\System32\WindowsPowerShell\v1.0\;C:\WINDOWS\System32\OpenSSH\;C:\ProgramData\chocolatey\bin;C:\xampp\php;C:\ProgramData\ComposerSetup\bin;C:\Program Files (x86)\dotnet\;C:\Python311\Lib\site-packages\django\;C:\Program Files\Git\cmd;C:\Program Files\OpenSSL-Win64\bin;C:\Program Files\nodejs\;C:\Program Files\Microsoft\jdk-11.0.18.10-hotspot\bin;C:\Users\ochie\AppData\Local\Microsoft\WindowsApps;C:\Users\ochie\AppData\Local\Programs\Microsoft VS Code\bin;C:\Users\ochie\AppData\Roaming\Composer\vendor\bin;C:\Program Files\JetBrains\PyCharm Community Edition 2022.3.1\bin;;C:\Python311\;C:\Python311\Scripts\;C:\Python311\Lib\site-packages\django\;C:\Users\ochie\AppData\Roaming\npm;C:\Users\ochie\AppData\Local\Android\Sdk\platform-tools
USERNAME=ochie
OS=Windows_NT
PROCESSOR_IDENTIFIER=Intel64 Family 6 Model 158 Stepping 10, GenuineIntel
TMP=C:\Users\ochie\AppData\Local\Temp
TEMP=C:\Users\ochie\AppData\Local\Temp



---------------  S Y S T E M  ---------------

OS:
 Windows 11 , 64 bit Build 22621 (10.0.22621.1635)
OS uptime: 3 days 23:35 hours
Hyper-V role detected

CPU: total 8 (initial active 8) (4 cores per cpu, 2 threads per core) family 6 model 158 stepping 10 microcode 0xf0, cx8, cmov, fxsr, ht, mmx, 3dnowpref, sse, sse2, sse3, ssse3, sse4.1, sse4.2, popcnt, lzcnt, tsc, tscinvbit, avx, avx2, aes, erms, clmul, bmi1, bmi2, adx, fma, vzeroupper, clflush, clflushopt, hv

Memory: 4k page, system-wide physical 12169M (446M free)
TotalPageFile size 27283M (AvailPageFile size 0M)
current process WorkingSet (physical memory assigned to process): 88M, peak: 89M
current process commit charge ("private bytes"): 209M, peak: 211M

vm_info: OpenJDK 64-Bit Server VM (17.0.7+7) for windows-amd64 JRE (17.0.7+7), built on Apr 18 2023 22:10:42 by "temurin" with MS VC++ 16.7 (VS2019)

END.
