#
# There is insufficient memory for the Java Runtime Environment to continue.
# Native memory allocation (mmap) failed to map 65536 bytes for Failed to commit metaspace.
# Possible reasons:
#   The system is out of physical RAM or swap space
#   The process is running with CompressedOops enabled, and the Java Heap may be blocking the growth of the native heap
# Possible solutions:
#   Reduce memory load on the system
#   Increase physical memory or swap space
#   Check if swap backing store is full
#   Decrease Java heap size (-Xmx/-Xms)
#   Decrease number of Java threads
#   Decrease Java thread stack sizes (-Xss)
#   Set larger code cache with -XX:ReservedCodeCacheSize=
#   JVM is running with Unscaled Compressed Oops mode in which the Java heap is
#     placed in the first 4GB address space. The Java Heap base address is the
#     maximum limit for the native heap growth. Please use -XX:HeapBaseMinAddress
#     to set the Java Heap base and to place the Java Heap above 4GB virtual address.
# This output file may be truncated or incomplete.
#
#  Out of Memory Error (virtualSpaceNode.cpp:110), pid=13084, tid=18548
#
# JRE version: OpenJDK Runtime Environment Temurin-17.0.7+7 (17.0.7+7) (build 17.0.7+7)
# Java VM: OpenJDK 64-Bit Server VM Temurin-17.0.7+7 (17.0.7+7, mixed mode, tiered, compressed oops, compressed class ptrs, parallel gc, windows-amd64)
# No core dump will be written. Minidumps are not enabled by default on client versions of Windows
#

---------------  S U M M A R Y ------------

Command Line: --add-modules=ALL-SYSTEM --add-opens=java.base/java.util=ALL-UNNAMED --add-opens=java.base/java.lang=ALL-UNNAMED --add-opens=java.base/sun.nio.fs=ALL-UNNAMED -Declipse.application=org.eclipse.jdt.ls.core.id1 -Dosgi.bundles.defaultStartLevel=4 -Declipse.product=org.eclipse.jdt.ls.core.product -Djava.import.generatesMetadataFilesAtProjectRoot=false -Dfile.encoding=utf8 -XX:+UseParallelGC -XX:GCTimeRatio=4 -XX:AdaptiveSizePolicyWeight=90 -Dsun.zip.disableMemoryMapping=true -Xmx1G -Xms100m -Xlog:disable -javaagent:c:\Users\ochie\.vscode\extensions\redhat.java-1.18.0-win32-x64\lombok\lombok-1.18.27.jar c:\Users\ochie\.vscode\extensions\redhat.java-1.18.0-win32-x64\server\plugins\org.eclipse.equinox.launcher_1.6.400.v20210924-0641.jar -configuration c:\Users\ochie\AppData\Roaming\Code\User\globalStorage\redhat.java\1.18.0\config_ss_win -data c:\Users\ochie\AppData\Roaming\Code\User\workspaceStorage\ce7bc04b3091483ce11aded7c9977b2e\redhat.java\ss_ws

Host: Intel(R) Core(TM) i5-8300H CPU @ 2.30GHz, 8 cores, 11G,  Windows 11 , 64 bit Build 22621 (10.0.22621.1635)
Time: Mon May  1 16:44:07 2023 E. Africa Standard Time elapsed time: 3.813472 seconds (0d 0h 0m 3s)

---------------  T H R E A D  ---------------

Current thread (0x0000019a7f993420):  JavaThread "Start Level: Equinox Container: 5c921a50-a1a8-415b-b8b0-27450393616e" daemon [_thread_in_vm, id=18548, stack(0x00000018b2700000,0x00000018b2800000)]

Stack: [0x00000018b2700000,0x00000018b2800000]
Native frames: (J=compiled Java code, j=interpreted, Vv=VM code, C=native code)
V  [jvm.dll+0x67754a]
V  [jvm.dll+0x834304]
V  [jvm.dll+0x835aae]
V  [jvm.dll+0x836113]
V  [jvm.dll+0x24696f]
V  [jvm.dll+0x83039b]
V  [jvm.dll+0x61c006]
V  [jvm.dll+0x1c169e]
V  [jvm.dll+0x61e961]
V  [jvm.dll+0x61c9a6]
V  [jvm.dll+0x626887]
V  [jvm.dll+0x1eb47b]
V  [jvm.dll+0x1eb9b5]
V  [jvm.dll+0x1ec3ef]
V  [jvm.dll+0x1e1891]
V  [jvm.dll+0x53ea50]
V  [jvm.dll+0x7afc28]
V  [jvm.dll+0x7afd14]
V  [jvm.dll+0x40de05]
V  [jvm.dll+0x413f58]
C  [java.dll+0x17ec]

Java frames: (J=compiled Java code, j=interpreted, Vv=VM code)
J 1074  java.lang.ClassLoader.defineClass1(Ljava/lang/ClassLoader;Ljava/lang/String;[BIILjava/security/ProtectionDomain;Ljava/lang/String;)Ljava/lang/Class; java.base@17.0.7 (0 bytes) @ 0x0000019a6f8ccd5b [0x0000019a6f8ccca0+0x00000000000000bb]
J 1660 c1 java.lang.ClassLoader.defineClass(Ljava/lang/String;[BIILjava/security/ProtectionDomain;)Ljava/lang/Class; java.base@17.0.7 (43 bytes) @ 0x0000019a6808e154 [0x0000019a6808de00+0x0000000000000354]
j  org.eclipse.osgi.internal.loader.ModuleClassLoader.defineClass(Ljava/lang/String;[BLorg/eclipse/osgi/internal/loader/classpath/ClasspathEntry;)Lorg/eclipse/osgi/internal/loader/ModuleClassLoader$DefineClassResult;+42
j  org.eclipse.osgi.internal.loader.classpath.ClasspathManager.defineClass(Ljava/lang/String;[BLorg/eclipse/osgi/internal/loader/classpath/ClasspathEntry;Lorg/eclipse/osgi/storage/bundlefile/BundleEntry;Ljava/util/List;)Ljava/lang/Class;+424
j  org.eclipse.osgi.internal.loader.classpath.ClasspathManager.findClassImpl(Ljava/lang/String;Lorg/eclipse/osgi/internal/loader/classpath/ClasspathEntry;Ljava/util/List;)Ljava/lang/Class;+269
j  org.eclipse.osgi.internal.loader.classpath.ClasspathManager.findLocalClassImpl(Ljava/lang/String;[Lorg/eclipse/osgi/internal/loader/classpath/ClasspathEntry;Ljava/util/List;)Ljava/lang/Class;+30
j  org.eclipse.osgi.internal.loader.classpath.ClasspathManager.findLocalClassImpl(Ljava/lang/String;Ljava/util/List;)Ljava/lang/Class;+69
J 1695 c1 org.eclipse.osgi.internal.loader.classpath.ClasspathManager.findLocalClass(Ljava/lang/String;)Ljava/lang/Class; (210 bytes) @ 0x0000019a680a96bc [0x0000019a680a8a20+0x0000000000000c9c]
J 1693 c1 org.eclipse.osgi.internal.loader.BundleLoader.findLocalClass(Ljava/lang/String;)Ljava/lang/Class; (152 bytes) @ 0x0000019a680a6b6c [0x0000019a680a6320+0x000000000000084c]
j  org.eclipse.osgi.internal.loader.sources.SingleSourcePackage.loadClass(Ljava/lang/String;)Ljava/lang/Class;+5
j  org.eclipse.osgi.internal.loader.sources.MultiSourcePackage.loadClass(Ljava/lang/String;)Ljava/lang/Class;+26
J 1625 c1 org.eclipse.osgi.internal.loader.BundleLoader.findClass0(Ljava/lang/String;ZZ)Ljava/lang/Class; (466 bytes) @ 0x0000019a6807cf1c [0x0000019a6807a920+0x00000000000025fc]
J 1624 c1 org.eclipse.osgi.internal.loader.BundleLoader.findClass(Ljava/lang/String;)Ljava/lang/Class; (8 bytes) @ 0x0000019a6807a01c [0x0000019a68079fa0+0x000000000000007c]
J 1626 c1 org.eclipse.osgi.internal.loader.ModuleClassLoader.loadClass(Ljava/lang/String;Z)Ljava/lang/Class; (36 bytes) @ 0x0000019a6808003c [0x0000019a6807fe20+0x000000000000021c]
J 811 c1 java.lang.ClassLoader.loadClass(Ljava/lang/String;)Ljava/lang/Class; java.base@17.0.7 (7 bytes) @ 0x0000019a67edd7bc [0x0000019a67edd6c0+0x00000000000000fc]
v  ~StubRoutines::call_stub
j  org.eclipse.core.internal.preferences.BundleDefaultPreferences.<init>(Lorg/eclipse/core/internal/preferences/EclipsePreferences;Ljava/lang/String;)V+6
j  org.eclipse.core.internal.preferences.BundleDefaultPreferences.<init>()V+3
j  org.eclipse.core.internal.preferences.PreferencesService.initializeDefaultScopes()V+11
j  org.eclipse.core.internal.preferences.PreferencesService.<init>()V+26
j  org.eclipse.core.internal.preferences.PreferencesService.getDefault()Lorg/eclipse/core/internal/preferences/PreferencesService;+10
j  org.eclipse.core.internal.preferences.Activator.start(Lorg/osgi/framework/BundleContext;)V+46
j  org.eclipse.osgi.internal.framework.BundleContextImpl$2.run()Ljava/lang/Void;+23
j  org.eclipse.osgi.internal.framework.BundleContextImpl$2.run()Ljava/lang/Object;+1
J 1186 c1 java.security.AccessController.executePrivileged(Ljava/security/PrivilegedExceptionAction;Ljava/security/AccessControlContext;Ljava/lang/Class;)Ljava/lang/Object; java.base@17.0.7 (65 bytes) @ 0x0000019a67fa2934 [0x0000019a67fa27e0+0x0000000000000154]
j  java.security.AccessController.doPrivileged(Ljava/security/PrivilegedExceptionAction;)Ljava/lang/Object;+9 java.base@17.0.7
j  org.eclipse.osgi.internal.framework.BundleContextImpl.startActivator(Lorg/osgi/framework/BundleActivator;)V+9
j  org.eclipse.osgi.internal.framework.BundleContextImpl.start()V+134
j  org.eclipse.osgi.internal.framework.EquinoxBundle.startWorker0()V+35
j  org.eclipse.osgi.internal.framework.EquinoxBundle$EquinoxModule.startWorker()V+4
j  org.eclipse.osgi.container.Module.doStart([Lorg/eclipse/osgi/container/Module$StartOptions;)Lorg/eclipse/osgi/container/ModuleContainerAdaptor$ModuleEvent;+190
j  org.eclipse.osgi.container.Module.start([Lorg/eclipse/osgi/container/Module$StartOptions;)V+460
j  org.eclipse.osgi.framework.util.SecureAction.start(Lorg/eclipse/osgi/container/Module;[Lorg/eclipse/osgi/container/Module$StartOptions;)V+8
j  org.eclipse.osgi.internal.hooks.EclipseLazyStarter.postFindLocalClass(Ljava/lang/String;Ljava/lang/Class;Lorg/eclipse/osgi/internal/loader/classpath/ClasspathManager;)V+173
j  org.eclipse.osgi.internal.loader.classpath.ClasspathManager.findLocalClass(Ljava/lang/String;)Ljava/lang/Class;+148
j  org.eclipse.osgi.internal.loader.ModuleClassLoader.findLocalClass(Ljava/lang/String;)Ljava/lang/Class;+5
j  org.eclipse.osgi.internal.loader.BundleLoader.findLocalClass(Ljava/lang/String;)Ljava/lang/Class;+57
j  org.eclipse.osgi.internal.loader.sources.SingleSourcePackage.loadClass(Ljava/lang/String;)Ljava/lang/Class;+5
J 1625 c1 org.eclipse.osgi.internal.loader.BundleLoader.findClass0(Ljava/lang/String;ZZ)Ljava/lang/Class; (466 bytes) @ 0x0000019a6807cf1c [0x0000019a6807a920+0x00000000000025fc]
J 1624 c1 org.eclipse.osgi.internal.loader.BundleLoader.findClass(Ljava/lang/String;)Ljava/lang/Class; (8 bytes) @ 0x0000019a6807a01c [0x0000019a68079fa0+0x000000000000007c]
J 1626 c1 org.eclipse.osgi.internal.loader.ModuleClassLoader.loadClass(Ljava/lang/String;Z)Ljava/lang/Class; (36 bytes) @ 0x0000019a6808003c [0x0000019a6807fe20+0x000000000000021c]
J 811 c1 java.lang.ClassLoader.loadClass(Ljava/lang/String;)Ljava/lang/Class; java.base@17.0.7 (7 bytes) @ 0x0000019a67edd7bc [0x0000019a67edd6c0+0x00000000000000fc]
v  ~StubRoutines::call_stub
j  java.lang.Class.getDeclaredMethods0(Z)[Ljava/lang/reflect/Method;+0 java.base@17.0.7
j  java.lang.Class.privateGetDeclaredMethods(Z)[Ljava/lang/reflect/Method;+34 java.base@17.0.7
j  java.lang.Class.getDeclaredMethod(Ljava/lang/String;[Ljava/lang/Class;)Ljava/lang/reflect/Method;+25 java.base@17.0.7
j  org.apache.felix.scr.impl.inject.methods.BaseMethod.getMethod(Ljava/lang/Class;Ljava/lang/String;[Ljava/lang/Class;ZZLorg/apache/felix/scr/impl/logger/ComponentLogger;)Ljava/lang/reflect/Method;+3
j  org.apache.felix.scr.impl.inject.methods.BindMethod.getServiceReferenceMethod(Ljava/lang/Class;ZZLorg/apache/felix/scr/impl/logger/ComponentLogger;)Ljava/lang/reflect/Method;+20
j  org.apache.felix.scr.impl.inject.methods.BindMethod.doFindMethod(Ljava/lang/Class;ZZLorg/apache/felix/scr/impl/logger/ComponentLogger;)Lorg/apache/felix/scr/impl/inject/methods/BaseMethod$MethodInfo;+67
j  org.apache.felix.scr.impl.inject.methods.BaseMethod.findMethod(Lorg/apache/felix/scr/impl/logger/ComponentLogger;)Lorg/apache/felix/scr/impl/inject/methods/BaseMethod$MethodInfo;+103
j  org.apache.felix.scr.impl.inject.methods.BaseMethod.access$400(Lorg/apache/felix/scr/impl/inject/methods/BaseMethod;Lorg/apache/felix/scr/impl/logger/ComponentLogger;)Lorg/apache/felix/scr/impl/inject/methods/BaseMethod$MethodInfo;+2
j  org.apache.felix.scr.impl.inject.methods.BaseMethod$NotResolved.resolve(Lorg/apache/felix/scr/impl/inject/methods/BaseMethod;Lorg/apache/felix/scr/impl/logger/ComponentLogger;)V+34
j  org.apache.felix.scr.impl.inject.methods.BaseMethod$NotResolved.methodExists(Lorg/apache/felix/scr/impl/inject/methods/BaseMethod;Lorg/apache/felix/scr/impl/logger/ComponentLogger;)Z+3
j  org.apache.felix.scr.impl.inject.methods.BaseMethod.methodExists(Lorg/apache/felix/scr/impl/logger/ComponentLogger;)Z+6
j  org.apache.felix.scr.impl.inject.methods.BindMethod.getServiceObject(Lorg/apache/felix/scr/impl/inject/BindParameters;Lorg/osgi/framework/BundleContext;)Z+24
j  org.apache.felix.scr.impl.manager.DependencyManager.getServiceObject(Lorg/apache/felix/scr/impl/manager/ComponentContextImpl;Lorg/apache/felix/scr/impl/inject/ReferenceMethod;Lorg/apache/felix/scr/impl/inject/RefPair;)Z+26
j  org.apache.felix.scr.impl.manager.DependencyManager$SingleDynamicCustomizer.prebind(Lorg/apache/felix/scr/impl/manager/ComponentContextImpl;)Z+151
j  org.apache.felix.scr.impl.manager.DependencyManager.prebind(Lorg/apache/felix/scr/impl/manager/ComponentContextImpl;)Z+5
j  org.apache.felix.scr.impl.manager.AbstractComponentManager.collectDependencies(Lorg/apache/felix/scr/impl/manager/ComponentContextImpl;)Z+36
j  org.apache.felix.scr.impl.manager.SingleComponentManager.getServiceInternal(Lorg/osgi/framework/ServiceRegistration;)Z+25
j  org.apache.felix.scr.impl.manager.AbstractComponentManager.activateInternal()V+427
j  org.apache.felix.scr.impl.manager.AbstractComponentManager.enableInternal()V+174
j  org.apache.felix.scr.impl.manager.AbstractComponentManager.enable(Z)Lorg/osgi/util/promise/Promise;+12
j  org.apache.felix.scr.impl.manager.ConfigurableComponentHolder.enableComponents(Z)Lorg/osgi/util/promise/Promise;+275
j  org.apache.felix.scr.impl.BundleComponentActivator.initialEnable()V+105
j  org.apache.felix.scr.impl.Activator.loadComponents(Lorg/osgi/framework/Bundle;)V+380
j  org.apache.felix.scr.impl.Activator.access$200(Lorg/apache/felix/scr/impl/Activator;Lorg/osgi/framework/Bundle;)V+2
j  org.apache.felix.scr.impl.Activator$ScrExtension.start()V+72
j  org.apache.felix.scr.impl.AbstractExtender.createExtension(Lorg/osgi/framework/Bundle;)V+71
j  org.apache.felix.scr.impl.AbstractExtender.modifiedBundle(Lorg/osgi/framework/Bundle;Lorg/osgi/framework/BundleEvent;Lorg/osgi/framework/Bundle;)V+115
j  org.apache.felix.scr.impl.AbstractExtender.addingBundle(Lorg/osgi/framework/Bundle;Lorg/osgi/framework/BundleEvent;)Lorg/osgi/framework/Bundle;+4
j  org.apache.felix.scr.impl.AbstractExtender.addingBundle(Lorg/osgi/framework/Bundle;Lorg/osgi/framework/BundleEvent;)Ljava/lang/Object;+3
j  org.osgi.util.tracker.BundleTracker$Tracked.customizerAdding(Lorg/osgi/framework/Bundle;Lorg/osgi/framework/BundleEvent;)Ljava/lang/Object;+9
j  org.osgi.util.tracker.BundleTracker$Tracked.customizerAdding(Ljava/lang/Object;Ljava/lang/Object;)Ljava/lang/Object;+9
j  org.osgi.util.tracker.AbstractTracked.trackAdding(Ljava/lang/Object;Ljava/lang/Object;)V+8
j  org.osgi.util.tracker.AbstractTracked.track(Ljava/lang/Object;Ljava/lang/Object;)V+83
j  org.osgi.util.tracker.BundleTracker$Tracked.bundleChanged(Lorg/osgi/framework/BundleEvent;)V+35
J 1493 c1 org.eclipse.osgi.internal.framework.BundleContextImpl.dispatchEvent(Ljava/lang/Object;Ljava/lang/Object;ILjava/lang/Object;)V (558 bytes) @ 0x0000019a6803f53c [0x0000019a6803e320+0x000000000000121c]
j  org.eclipse.osgi.framework.eventmgr.EventManager.dispatchEvent(Ljava/util/Set;Lorg/eclipse/osgi/framework/eventmgr/EventDispatcher;ILjava/lang/Object;)V+48
j  org.eclipse.osgi.framework.eventmgr.ListenerQueue.dispatchEventSynchronous(ILjava/lang/Object;)V+67
j  org.eclipse.osgi.internal.framework.EquinoxEventPublisher.publishBundleEventPrivileged(Lorg/osgi/framework/BundleEvent;)V+547
j  org.eclipse.osgi.internal.framework.EquinoxEventPublisher.publishBundleEvent(Lorg/osgi/framework/BundleEvent;)V+8
j  org.eclipse.osgi.internal.framework.EquinoxEventPublisher.publishBundleEvent(ILorg/osgi/framework/Bundle;Lorg/osgi/framework/Bundle;)V+15
j  org.eclipse.osgi.internal.framework.EquinoxContainerAdaptor.publishModuleEvent(Lorg/eclipse/osgi/container/ModuleContainerAdaptor$ModuleEvent;Lorg/eclipse/osgi/container/Module;Lorg/eclipse/osgi/container/Module;)V+29
j  org.eclipse.osgi.container.Module.publishEvent(Lorg/eclipse/osgi/container/ModuleContainerAdaptor$ModuleEvent;)V+13
j  org.eclipse.osgi.container.Module.start([Lorg/eclipse/osgi/container/Module$StartOptions;)V+588
j  org.eclipse.osgi.container.ModuleContainer$ContainerStartLevel$2.run()V+71
j  org.eclipse.osgi.internal.framework.EquinoxContainerAdaptor$1$1.execute(Ljava/lang/Runnable;)V+1
j  org.eclipse.osgi.container.ModuleContainer$ContainerStartLevel.incStartLevel(ILjava/util/List;Z)V+192
j  org.eclipse.osgi.container.ModuleContainer$ContainerStartLevel.incStartLevel(ILjava/util/List;Ljava/util/List;Ljava/util/List;Ljava/util/List;)V+4
j  org.eclipse.osgi.container.ModuleContainer$ContainerStartLevel.doContainerStartLevel(Lorg/eclipse/osgi/container/Module;I[Lorg/osgi/framework/FrameworkListener;)V+349
j  org.eclipse.osgi.container.ModuleContainer$ContainerStartLevel.dispatchEvent(Lorg/eclipse/osgi/container/Module;[Lorg/osgi/framework/FrameworkListener;ILjava/lang/Integer;)V+32
j  org.eclipse.osgi.container.ModuleContainer$ContainerStartLevel.dispatchEvent(Ljava/lang/Object;Ljava/lang/Object;ILjava/lang/Object;)V+15
j  org.eclipse.osgi.framework.eventmgr.EventManager.dispatchEvent(Ljava/util/Set;Lorg/eclipse/osgi/framework/eventmgr/EventDispatcher;ILjava/lang/Object;)V+48
j  org.eclipse.osgi.framework.eventmgr.EventManager$EventThread.run()V+26
v  ~StubRoutines::call_stub

---------------  P R O C E S S  ---------------

Threads class SMR info:
_java_thread_list=0x0000019a7f86a980, length=17, elements={
0x0000019a6510a750, 0x0000019a651c8aa0, 0x0000019a651ca3a0, 0x0000019a7e27d3d0,
0x0000019a7e27dc90, 0x0000019a7e27e840, 0x0000019a7e289420, 0x0000019a7e28c210,
0x0000019a7e2a0090, 0x0000019a7e2b1200, 0x0000019a7e37d010, 0x0000019a7e5a2d90,
0x0000019a0002ad60, 0x0000019a00053020, 0x0000019a7f993420, 0x0000019a001fe010,
0x0000019a0007cee0
}

Java Threads: ( => current thread )
  0x0000019a6510a750 JavaThread "main" [_thread_blocked, id=5148, stack(0x00000018b0f00000,0x00000018b1000000)]
  0x0000019a651c8aa0 JavaThread "Reference Handler" daemon [_thread_blocked, id=20044, stack(0x00000018b1200000,0x00000018b1300000)]
  0x0000019a651ca3a0 JavaThread "Finalizer" daemon [_thread_blocked, id=19476, stack(0x00000018b1300000,0x00000018b1400000)]
  0x0000019a7e27d3d0 JavaThread "Signal Dispatcher" daemon [_thread_blocked, id=8936, stack(0x00000018b1400000,0x00000018b1500000)]
  0x0000019a7e27dc90 JavaThread "Attach Listener" daemon [_thread_blocked, id=9612, stack(0x00000018b1500000,0x00000018b1600000)]
  0x0000019a7e27e840 JavaThread "Service Thread" daemon [_thread_blocked, id=19772, stack(0x00000018b1600000,0x00000018b1700000)]
  0x0000019a7e289420 JavaThread "Monitor Deflation Thread" daemon [_thread_blocked, id=12260, stack(0x00000018b1700000,0x00000018b1800000)]
  0x0000019a7e28c210 JavaThread "C2 CompilerThread0" daemon [_thread_blocked, id=6308, stack(0x00000018b1800000,0x00000018b1900000)]
  0x0000019a7e2a0090 JavaThread "C1 CompilerThread0" daemon [_thread_blocked, id=15640, stack(0x00000018b1900000,0x00000018b1a00000)]
  0x0000019a7e2b1200 JavaThread "Sweeper thread" daemon [_thread_blocked, id=19632, stack(0x00000018b1a00000,0x00000018b1b00000)]
  0x0000019a7e37d010 JavaThread "Common-Cleaner" daemon [_thread_blocked, id=18768, stack(0x00000018b1b00000,0x00000018b1c00000)]
  0x0000019a7e5a2d90 JavaThread "Notification Thread" daemon [_thread_blocked, id=14160, stack(0x00000018b1d00000,0x00000018b1e00000)]
  0x0000019a0002ad60 JavaThread "Active Thread: Equinox Container: 5c921a50-a1a8-415b-b8b0-27450393616e" [_thread_blocked, id=14696, stack(0x00000018b2500000,0x00000018b2600000)]
  0x0000019a00053020 JavaThread "Framework Event Dispatcher: Equinox Container: 5c921a50-a1a8-415b-b8b0-27450393616e" daemon [_thread_blocked, id=3744, stack(0x00000018b2600000,0x00000018b2700000)]
=>0x0000019a7f993420 JavaThread "Start Level: Equinox Container: 5c921a50-a1a8-415b-b8b0-27450393616e" daemon [_thread_in_vm, id=18548, stack(0x00000018b2700000,0x00000018b2800000)]
  0x0000019a001fe010 JavaThread "SCR Component Actor" daemon [_thread_blocked, id=6264, stack(0x00000018b2800000,0x00000018b2900000)]
  0x0000019a0007cee0 JavaThread "SCR Component Registry" daemon [_thread_blocked, id=18268, stack(0x00000018b2900000,0x00000018b2a00000)]

Other Threads:
  0x0000019a651c4860 VMThread "VM Thread" [stack: 0x00000018b1100000,0x00000018b1200000] [id=14872]
  0x0000019a7e5b2500 WatcherThread [stack: 0x00000018b1e00000,0x00000018b1f00000] [id=17680]
  0x0000019a65122cb0 GCTaskThread "GC Thread#0" [stack: 0x00000018b1000000,0x00000018b1100000] [id=18288]
  0x0000019a7e4333f0 GCTaskThread "GC Thread#1" [stack: 0x00000018b1c00000,0x00000018b1d00000] [id=15248]
  0x0000019a00070c10 GCTaskThread "GC Thread#2" [stack: 0x00000018b1f00000,0x00000018b2000000] [id=6480]
  0x0000019a7f5754c0 GCTaskThread "GC Thread#3" [stack: 0x00000018b2000000,0x00000018b2100000] [id=14272]
  0x0000019a7f819440 GCTaskThread "GC Thread#4" [stack: 0x00000018b2100000,0x00000018b2200000] [id=8872]
  0x0000019a7f8196f0 GCTaskThread "GC Thread#5" [stack: 0x00000018b2200000,0x00000018b2300000] [id=17108]
  0x0000019a7f8288b0 GCTaskThread "GC Thread#6" [stack: 0x00000018b2300000,0x00000018b2400000] [id=13092]
  0x0000019a7f879180 GCTaskThread "GC Thread#7" [stack: 0x00000018b2400000,0x00000018b2500000] [id=13472]

Threads with active compile tasks:

VM state: not at safepoint (normal execution)

VM Mutex/Monitor currently owned by a thread:  ([mutex/lock_event])
[0x0000019a651068f0] Metaspace_lock - owner thread: 0x0000019a7f993420

Heap address: 0x00000000c0000000, size: 1024 MB, Compressed Oops mode: 32-bit

CDS archive(s) not mapped
Compressed class space mapped at: 0x0000000100000000-0x0000000140000000, reserved size: 1073741824
Narrow klass base: 0x0000000000000000, Narrow klass shift: 3, Narrow klass range: 0x140000000

GC Precious Log:
 CPUs: 8 total, 8 available
 Memory: 12169M
 Large Page Support: Disabled
 NUMA Support: Disabled
 Compressed Oops: Enabled (32-bit)
 Alignments: Space 512K, Generation 512K, Heap 2M
 Heap Min Capacity: 100M
 Heap Initial Capacity: 100M
 Heap Max Capacity: 1G
 Pre-touch: Disabled
 Parallel Workers: 8

Heap:
 PSYoungGen      total 29696K, used 10908K [0x00000000eab00000, 0x00000000ecc00000, 0x0000000100000000)
  eden space 25600K, 26% used [0x00000000eab00000,0x00000000eb1a74a0,0x00000000ec400000)
  from space 4096K, 99% used [0x00000000ec800000,0x00000000ecbffc18,0x00000000ecc00000)
  to   space 4096K, 0% used [0x00000000ec400000,0x00000000ec400000,0x00000000ec800000)
 ParOldGen       total 68608K, used 810K [0x00000000c0000000, 0x00000000c4300000, 0x00000000eab00000)
  object space 68608K, 1% used [0x00000000c0000000,0x00000000c00ca830,0x00000000c4300000)
 Metaspace       used 16616K, committed 16896K, reserved 1114112K
  class space    used 1704K, committed 1856K, reserved 1048576K

Card table byte_map: [0x0000019a64ab0000,0x0000019a64cc0000] _byte_map_base: 0x0000019a644b0000

Marking Bits: (ParMarkBitMap*) 0x00007ffe181b52c0
 Begin Bits: [0x0000019a76d90000, 0x0000019a77d90000)
 End Bits:   [0x0000019a77d90000, 0x0000019a78d90000)

Polling page: 0x0000019a63030000

Metaspace:

Usage:
  Non-class:     14.56 MB used.
      Class:      1.66 MB used.
       Both:     16.23 MB used.

Virtual space:
  Non-class space:       64.00 MB reserved,      14.69 MB ( 23%) committed,  1 nodes.
      Class space:        1.00 GB reserved,       1.81 MB ( <1%) committed,  1 nodes.
             Both:        1.06 GB reserved,      16.50 MB (  2%) committed. 

Chunk freelists:
   Non-Class:  1.23 MB
       Class:  14.23 MB
        Both:  15.46 MB

MaxMetaspaceSize: unlimited
CompressedClassSpaceSize: 1.00 GB
Initial GC threshold: 21.00 MB
Current GC threshold: 21.00 MB
CDS: off
MetaspaceReclaimPolicy: balanced
 - commit_granule_bytes: 65536.
 - commit_granule_words: 8192.
 - virtual_space_node_default_size: 8388608.
 - enlarge_chunks_in_place: 1.
 - new_chunks_are_fully_committed: 0.
 - uncommit_free_chunks: 1.
 - use_allocation_guard: 0.
 - handle_deallocations: 1.


Internal statistics:

num_allocs_failed_limit: 0.
num_arena_births: 98.
num_arena_deaths: 0.
num_vsnodes_births: 2.
num_vsnodes_deaths: 0.
num_space_committed: 264.
num_space_uncommitted: 0.
num_chunks_returned_to_freelist: 0.
num_chunks_taken_from_freelist: 372.
num_chunk_merges: 0.
num_chunk_splits: 254.
num_chunks_enlarged: 194.
num_inconsistent_stats: 0.

CodeHeap 'non-profiled nmethods': size=120000Kb used=681Kb max_used=681Kb free=119319Kb
 bounds [0x0000019a6f860000, 0x0000019a6fad0000, 0x0000019a76d90000]
CodeHeap 'profiled nmethods': size=120000Kb used=3185Kb max_used=3185Kb free=116814Kb
 bounds [0x0000019a67d90000, 0x0000019a680b0000, 0x0000019a6f2c0000]
CodeHeap 'non-nmethods': size=5760Kb used=1165Kb max_used=1190Kb free=4594Kb
 bounds [0x0000019a6f2c0000, 0x0000019a6f530000, 0x0000019a6f860000]
 total_blobs=2163 nmethods=1701 adapters=376
 compilation: enabled
              stopped_count=0, restarted_count=0
 full_count=0

Compilation events (20 events):
Event: 3.690 Thread 0x0000019a7e2a0090 nmethod 1691 0x0000019a680a4e90 code [0x0000019a680a5040, 0x0000019a680a52d8]
Event: 3.690 Thread 0x0000019a7e2a0090 1692       3       java.lang.Long::getChars (208 bytes)
Event: 3.691 Thread 0x0000019a7e2a0090 nmethod 1692 0x0000019a680a5390 code [0x0000019a680a5580, 0x0000019a680a5b98]
Event: 3.693 Thread 0x0000019a7e2a0090 1693   !   3       org.eclipse.osgi.internal.loader.BundleLoader::findLocalClass (152 bytes)
Event: 3.695 Thread 0x0000019a7e2a0090 nmethod 1693 0x0000019a680a5f10 code [0x0000019a680a6320, 0x0000019a680a7c18]
Event: 3.695 Thread 0x0000019a7e2a0090 1695   !   3       org.eclipse.osgi.internal.loader.classpath.ClasspathManager::findLocalClass (210 bytes)
Event: 3.696 Thread 0x0000019a7e2a0090 nmethod 1695 0x0000019a680a8690 code [0x0000019a680a8a20, 0x0000019a680aa508]
Event: 3.697 Thread 0x0000019a7e2a0090 1694       3       org.eclipse.osgi.internal.loader.ModuleClassLoader::findLocalClass (9 bytes)
Event: 3.697 Thread 0x0000019a7e2a0090 nmethod 1694 0x0000019a680aad90 code [0x0000019a680aaf40, 0x0000019a680ab0a8]
Event: 3.698 Thread 0x0000019a7e2a0090 1697       3       org.eclipse.osgi.container.ModuleRevision::getBundle (8 bytes)
Event: 3.698 Thread 0x0000019a7e28c210 1696       4       java.util.concurrent.ConcurrentHashMap::spread (10 bytes)
Event: 3.699 Thread 0x0000019a7e2a0090 nmethod 1697 0x0000019a680ab190 code [0x0000019a680ab340, 0x0000019a680ab568]
Event: 3.699 Thread 0x0000019a7e2a0090 1698       3       org.eclipse.osgi.container.ModuleRevisions::getBundle (8 bytes)
Event: 3.699 Thread 0x0000019a7e28c210 nmethod 1696 0x0000019a6f909490 code [0x0000019a6f909600, 0x0000019a6f909678]
Event: 3.700 Thread 0x0000019a7e2a0090 nmethod 1698 0x0000019a680ab690 code [0x0000019a680ab840, 0x0000019a680aba08]
Event: 3.702 Thread 0x0000019a7e2a0090 1699       3       java.util.Collections$UnmodifiableCollection::isEmpty (10 bytes)
Event: 3.703 Thread 0x0000019a7e2a0090 nmethod 1699 0x0000019a680abb10 code [0x0000019a680abcc0, 0x0000019a680abe88]
Event: 3.703 Thread 0x0000019a7e2a0090 1700       3       org.eclipse.osgi.container.Module$StartOptions::isContained (38 bytes)
Event: 3.704 Thread 0x0000019a7e2a0090 nmethod 1700 0x0000019a680abf90 code [0x0000019a680ac140, 0x0000019a680ac458]
Event: 3.704 Thread 0x0000019a7e28c210 1701       4       java.util.Collections$UnmodifiableCollection::iterator (9 bytes)

GC Heap History (4 events):
Event: 1.911 GC heap before
{Heap before GC invocations=1 (full 0):
 PSYoungGen      total 29696K, used 25600K [0x00000000eab00000, 0x00000000ecc00000, 0x0000000100000000)
  eden space 25600K, 100% used [0x00000000eab00000,0x00000000ec400000,0x00000000ec400000)
  from space 4096K, 0% used [0x00000000ec800000,0x00000000ec800000,0x00000000ecc00000)
  to   space 4096K, 0% used [0x00000000ec400000,0x00000000ec400000,0x00000000ec800000)
 ParOldGen       total 68608K, used 0K [0x00000000c0000000, 0x00000000c4300000, 0x00000000eab00000)
  object space 68608K, 0% used [0x00000000c0000000,0x00000000c0000000,0x00000000c4300000)
 Metaspace       used 11214K, committed 11392K, reserved 1114112K
  class space    used 1121K, committed 1216K, reserved 1048576K
}
Event: 1.977 GC heap after
{Heap after GC invocations=1 (full 0):
 PSYoungGen      total 29696K, used 3208K [0x00000000eab00000, 0x00000000ecc00000, 0x0000000100000000)
  eden space 25600K, 0% used [0x00000000eab00000,0x00000000eab00000,0x00000000ec400000)
  from space 4096K, 78% used [0x00000000ec400000,0x00000000ec7223a8,0x00000000ec800000)
  to   space 4096K, 0% used [0x00000000ec800000,0x00000000ec800000,0x00000000ecc00000)
 ParOldGen       total 68608K, used 0K [0x00000000c0000000, 0x00000000c4300000, 0x00000000eab00000)
  object space 68608K, 0% used [0x00000000c0000000,0x00000000c0000000,0x00000000c4300000)
 Metaspace       used 11214K, committed 11392K, reserved 1114112K
  class space    used 1121K, committed 1216K, reserved 1048576K
}
Event: 3.403 GC heap before
{Heap before GC invocations=2 (full 0):
 PSYoungGen      total 29696K, used 28808K [0x00000000eab00000, 0x00000000ecc00000, 0x0000000100000000)
  eden space 25600K, 100% used [0x00000000eab00000,0x00000000ec400000,0x00000000ec400000)
  from space 4096K, 78% used [0x00000000ec400000,0x00000000ec7223a8,0x00000000ec800000)
  to   space 4096K, 0% used [0x00000000ec800000,0x00000000ec800000,0x00000000ecc00000)
 ParOldGen       total 68608K, used 0K [0x00000000c0000000, 0x00000000c4300000, 0x00000000eab00000)
  object space 68608K, 0% used [0x00000000c0000000,0x00000000c0000000,0x00000000c4300000)
 Metaspace       used 15404K, committed 15680K, reserved 1114112K
  class space    used 1577K, committed 1728K, reserved 1048576K
}
Event: 3.411 GC heap after
{Heap after GC invocations=2 (full 0):
 PSYoungGen      total 29696K, used 4095K [0x00000000eab00000, 0x00000000ecc00000, 0x0000000100000000)
  eden space 25600K, 0% used [0x00000000eab00000,0x00000000eab00000,0x00000000ec400000)
  from space 4096K, 99% used [0x00000000ec800000,0x00000000ecbffc18,0x00000000ecc00000)
  to   space 4096K, 0% used [0x00000000ec400000,0x00000000ec400000,0x00000000ec800000)
 ParOldGen       total 68608K, used 810K [0x00000000c0000000, 0x00000000c4300000, 0x00000000eab00000)
  object space 68608K, 1% used [0x00000000c0000000,0x00000000c00ca830,0x00000000c4300000)
 Metaspace       used 15404K, committed 15680K, reserved 1114112K
  class space    used 1577K, committed 1728K, reserved 1048576K
}

Dll operation events (9 events):
Event: 0.030 Loaded shared library c:\Users\ochie\.vscode\extensions\redhat.java-1.18.0-win32-x64\jre\17.0.7-win32-x86_64\bin\java.dll
Event: 0.433 Loaded shared library c:\Users\ochie\.vscode\extensions\redhat.java-1.18.0-win32-x64\jre\17.0.7-win32-x86_64\bin\zip.dll
Event: 0.437 Loaded shared library C:\Users\ochie\.vscode\extensions\redhat.java-1.18.0-win32-x64\jre\17.0.7-win32-x86_64\bin\instrument.dll
Event: 0.460 Loaded shared library C:\Users\ochie\.vscode\extensions\redhat.java-1.18.0-win32-x64\jre\17.0.7-win32-x86_64\bin\net.dll
Event: 0.475 Loaded shared library C:\Users\ochie\.vscode\extensions\redhat.java-1.18.0-win32-x64\jre\17.0.7-win32-x86_64\bin\nio.dll
Event: 0.492 Loaded shared library C:\Users\ochie\.vscode\extensions\redhat.java-1.18.0-win32-x64\jre\17.0.7-win32-x86_64\bin\zip.dll
Event: 0.531 Loaded shared library C:\Users\ochie\.vscode\extensions\redhat.java-1.18.0-win32-x64\jre\17.0.7-win32-x86_64\bin\jimage.dll
Event: 0.627 Loaded shared library c:\Users\ochie\.vscode\extensions\redhat.java-1.18.0-win32-x64\jre\17.0.7-win32-x86_64\bin\verify.dll
Event: 3.061 Loaded shared library C:\Users\ochie\AppData\Roaming\Code\User\globalStorage\redhat.java\1.18.0\config_ss_win\org.eclipse.equinox.launcher\org.eclipse.equinox.launcher.win32.win32.x86_64_1.2.700.v20221108-1024\eclipse_11801.dll

Deoptimization events (20 events):
Event: 2.787 Thread 0x0000019a6510a750 DEOPT PACKING pc=0x0000019a6f8cabac sp=0x00000018b0ffdb20
Event: 2.787 Thread 0x0000019a6510a750 DEOPT UNPACKING pc=0x0000019a6f3166a3 sp=0x00000018b0ffdad0 mode 2
Event: 3.004 Thread 0x0000019a6510a750 DEOPT PACKING pc=0x0000019a67e5f5c3 sp=0x00000018b0ffe220
Event: 3.004 Thread 0x0000019a6510a750 DEOPT UNPACKING pc=0x0000019a6f316e43 sp=0x00000018b0ffd740 mode 0
Event: 3.515 Thread 0x0000019a7f993420 Uncommon trap: trap_request=0xffffff45 fr.pc=0x0000019a6f899eb8 relative=0x0000000000000178
Event: 3.515 Thread 0x0000019a7f993420 Uncommon trap: reason=unstable_if action=reinterpret pc=0x0000019a6f899eb8 method=java.lang.invoke.VarHandle.checkExactAccessMode(Ljava/lang/invoke/VarHandle$AccessDescriptor;)V @ 4 c2
Event: 3.515 Thread 0x0000019a7f993420 DEOPT PACKING pc=0x0000019a6f899eb8 sp=0x00000018b27fd320
Event: 3.515 Thread 0x0000019a7f993420 DEOPT UNPACKING pc=0x0000019a6f3166a3 sp=0x00000018b27fd260 mode 2
Event: 3.575 Thread 0x0000019a7f993420 Uncommon trap: trap_request=0xffffff45 fr.pc=0x0000019a6f8f3534 relative=0x0000000000002114
Event: 3.575 Thread 0x0000019a7f993420 Uncommon trap: reason=unstable_if action=reinterpret pc=0x0000019a6f8f3534 method=java.io.WinNTFileSystem.normalize(Ljava/lang/String;II)Ljava/lang/String; @ 100 c2
Event: 3.575 Thread 0x0000019a7f993420 DEOPT PACKING pc=0x0000019a6f8f3534 sp=0x00000018b27f8cf0
Event: 3.575 Thread 0x0000019a7f993420 DEOPT UNPACKING pc=0x0000019a6f3166a3 sp=0x00000018b27f8c30 mode 2
Event: 3.576 Thread 0x0000019a7f993420 Uncommon trap: trap_request=0xffffff45 fr.pc=0x0000019a6f8ee3bc relative=0x000000000000101c
Event: 3.576 Thread 0x0000019a7f993420 Uncommon trap: reason=unstable_if action=reinterpret pc=0x0000019a6f8ee3bc method=java.io.WinNTFileSystem.normalize(Ljava/lang/String;II)Ljava/lang/String; @ 100 c2
Event: 3.576 Thread 0x0000019a7f993420 DEOPT PACKING pc=0x0000019a6f8ee3bc sp=0x00000018b27f8c10
Event: 3.576 Thread 0x0000019a7f993420 DEOPT UNPACKING pc=0x0000019a6f3166a3 sp=0x00000018b27f8c18 mode 2
Event: 3.683 Thread 0x0000019a7f993420 Uncommon trap: trap_request=0xffffff45 fr.pc=0x0000019a6f8ff560 relative=0x0000000000000bc0
Event: 3.683 Thread 0x0000019a7f993420 Uncommon trap: reason=unstable_if action=reinterpret pc=0x0000019a6f8ff560 method=java.util.concurrent.ConcurrentHashMap.putVal(Ljava/lang/Object;Ljava/lang/Object;Z)Ljava/lang/Object; @ 148 c2
Event: 3.683 Thread 0x0000019a7f993420 DEOPT PACKING pc=0x0000019a6f8ff560 sp=0x00000018b27fb850
Event: 3.683 Thread 0x0000019a7f993420 DEOPT UNPACKING pc=0x0000019a6f3166a3 sp=0x00000018b27fb7d0 mode 2

Classes unloaded (0 events):
No events

Classes redefined (0 events):
No events

Internal exceptions (20 events):
Event: 1.209 Thread 0x0000019a6510a750 Implicit null exception at 0x0000019a6f8832f2 to 0x0000019a6f883840
Event: 1.209 Thread 0x0000019a6510a750 Implicit null exception at 0x0000019a6f884372 to 0x0000019a6f8848d4
Event: 1.216 Thread 0x0000019a6510a750 Exception <a 'java/io/FileNotFoundException'{0x00000000eb7d5680}> (0x00000000eb7d5680) 
thrown [s\src\hotspot\share\prims\jni.cpp, line 516]
Event: 1.606 Thread 0x0000019a6510a750 Exception <a 'java/lang/ClassNotFoundException'{0x00000000ebffe6f8}: sun/net/www/protocol/c/Handler> (0x00000000ebffe6f8) 
thrown [s\src\hotspot\share\classfile\systemDictionary.cpp, line 256]
Event: 1.606 Thread 0x0000019a6510a750 Exception <a 'java/lang/ClassNotFoundException'{0x00000000ebfffa40}: sun/net/www/protocol/e/Handler> (0x00000000ebfffa40) 
thrown [s\src\hotspot\share\classfile\systemDictionary.cpp, line 256]
Event: 1.606 Thread 0x0000019a6510a750 Exception <a 'java/lang/ClassNotFoundException'{0x00000000ec000bc0}: sun/net/www/protocol/c/Handler> (0x00000000ec000bc0) 
thrown [s\src\hotspot\share\classfile\systemDictionary.cpp, line 256]
Event: 1.618 Thread 0x0000019a6510a750 Exception <a 'java/io/FileNotFoundException'{0x00000000ec01f948}> (0x00000000ec01f948) 
thrown [s\src\hotspot\share\prims\jni.cpp, line 516]
Event: 1.691 Thread 0x0000019a6510a750 Implicit null exception at 0x0000019a6f8aabf1 to 0x0000019a6f8aade8
Event: 1.692 Thread 0x0000019a6510a750 Implicit null exception at 0x0000019a6f8abbf1 to 0x0000019a6f8abdf0
Event: 1.692 Thread 0x0000019a6510a750 Implicit null exception at 0x0000019a6f8a1a0f to 0x0000019a6f8a1a89
Event: 1.795 Thread 0x0000019a6510a750 Exception <a 'java/lang/NoSuchMethodError'{0x00000000ec2eabe8}: 'int java.lang.invoke.DirectMethodHandle$Holder.invokeStaticInit(java.lang.Object, java.lang.Object, java.lang.Object, java.lang.Object)'> (0x00000000ec2eabe8) 
thrown [s\src\hotspot\share\interpreter\linkResolver.cpp, line 759]
Event: 1.801 Thread 0x0000019a6510a750 Exception <a 'java/lang/NoSuchMethodError'{0x00000000ec2f5258}: 'java.lang.Object java.lang.invoke.DirectMethodHandle$Holder.invokeInterface(java.lang.Object, java.lang.Object)'> (0x00000000ec2f5258) 
thrown [s\src\hotspot\share\interpreter\linkResolver.cpp, line 759]
Event: 1.802 Thread 0x0000019a6510a750 Exception <a 'java/lang/IncompatibleClassChangeError'{0x00000000ec2f8a50}: Found class java.lang.Object, but interface was expected> (0x00000000ec2f8a50) 
thrown [s\src\hotspot\share\interpreter\linkResolver.cpp, line 826]
Event: 1.805 Thread 0x0000019a6510a750 Exception <a 'java/lang/NoSuchMethodError'{0x00000000ec2fcf48}: 'void java.lang.invoke.DirectMethodHandle$Holder.invokeStatic(java.lang.Object, java.lang.Object)'> (0x00000000ec2fcf48) 
thrown [s\src\hotspot\share\interpreter\linkResolver.cpp, line 759]
Event: 1.809 Thread 0x0000019a6510a750 Exception <a 'java/lang/NoSuchMethodError'{0x00000000ec300748}: 'void java.lang.invoke.DirectMethodHandle$Holder.invokeStaticInit(java.lang.Object, java.lang.Object)'> (0x00000000ec300748) 
thrown [s\src\hotspot\share\interpreter\linkResolver.cpp, line 759]
Event: 1.813 Thread 0x0000019a6510a750 Exception <a 'java/lang/NoSuchMethodError'{0x00000000ec307d40}: 'int java.lang.invoke.DirectMethodHandle$Holder.invokeStaticInit(java.lang.Object, java.lang.Object)'> (0x00000000ec307d40) 
thrown [s\src\hotspot\share\interpreter\linkResolver.cpp, line 759]
Event: 1.987 Thread 0x0000019a6510a750 Exception <a 'java/lang/NoSuchMethodError'{0x00000000eab2f158}: 'void java.lang.invoke.DirectMethodHandle$Holder.invokeSpecial(java.lang.Object, java.lang.Object, java.lang.Object)'> (0x00000000eab2f158) 
thrown [s\src\hotspot\share\interpreter\linkResolver.cpp, line 759]
Event: 2.734 Thread 0x0000019a6510a750 Exception <a 'java/lang/NoSuchMethodError'{0x00000000eb6f67b8}: 'java.lang.Object java.lang.invoke.DirectMethodHandle$Holder.newInvokeSpecial(java.lang.Object, int, java.lang.Object)'> (0x00000000eb6f67b8) 
thrown [s\src\hotspot\share\interpreter\linkResolver.cpp, line 759]
Event: 3.031 Thread 0x0000019a6510a750 Exception <a 'java/lang/UnsatisfiedLinkError'{0x00000000ebc685a0}: 'void org.eclipse.equinox.launcher.JNIBridge._update_splash()'> (0x00000000ebc685a0) 
thrown [s\src\hotspot\share\prims\nativeLookup.cpp, line 543]
Event: 3.171 Thread 0x0000019a7f993420 Exception <a 'java/lang/NoSuchMethodError'{0x00000000ebf1eb88}: 'java.lang.Object java.lang.invoke.DirectMethodHandle$Holder.invokeStaticInit(java.lang.Object)'> (0x00000000ebf1eb88) 
thrown [s\src\hotspot\share\interpreter\linkResolver.cpp, line 759]

VM Operations (20 events):
Event: 1.151 Executing VM operation: Cleanup
Event: 1.151 Executing VM operation: Cleanup done
Event: 1.539 Executing VM operation: HandshakeAllThreads
Event: 1.539 Executing VM operation: HandshakeAllThreads done
Event: 1.911 Executing VM operation: ParallelGCFailedAllocation
Event: 1.977 Executing VM operation: ParallelGCFailedAllocation done
Event: 2.667 Executing VM operation: HandshakeAllThreads
Event: 2.667 Executing VM operation: HandshakeAllThreads done
Event: 2.668 Executing VM operation: HandshakeAllThreads
Event: 2.668 Executing VM operation: HandshakeAllThreads done
Event: 2.686 Executing VM operation: HandshakeAllThreads
Event: 2.687 Executing VM operation: HandshakeAllThreads done
Event: 2.718 Executing VM operation: HandshakeAllThreads
Event: 2.718 Executing VM operation: HandshakeAllThreads done
Event: 3.208 Executing VM operation: HandshakeAllThreads
Event: 3.208 Executing VM operation: HandshakeAllThreads done
Event: 3.208 Executing VM operation: Cleanup
Event: 3.208 Executing VM operation: Cleanup done
Event: 3.402 Executing VM operation: ParallelGCFailedAllocation
Event: 3.411 Executing VM operation: ParallelGCFailedAllocation done

Events (20 events):
Event: 3.456 loading class java/util/Timer done
Event: 3.456 loading class java/util/TaskQueue
Event: 3.456 loading class java/util/TaskQueue done
Event: 3.456 loading class java/util/TimerThread
Event: 3.456 loading class java/util/TimerThread done
Event: 3.456 loading class java/util/Timer$ThreadReaper
Event: 3.456 loading class java/util/Timer$ThreadReaper done
Event: 3.456 Thread 0x0000019a0007cee0 Thread added: 0x0000019a0007cee0
Event: 3.483 loading class java/util/concurrent/locks/ReentrantLock$FairSync
Event: 3.483 loading class java/util/concurrent/locks/ReentrantLock$FairSync done
Event: 3.485 loading class java/util/Collections$ReverseComparator
Event: 3.485 loading class java/util/Collections$ReverseComparator done
Event: 3.616 loading class javax/xml/parsers/ParserConfigurationException
Event: 3.616 loading class javax/xml/parsers/ParserConfigurationException done
Event: 3.643 loading class java/lang/CloneNotSupportedException
Event: 3.644 loading class java/lang/CloneNotSupportedException done
Event: 3.675 loading class java/util/TreeMap$Values
Event: 3.675 loading class java/util/TreeMap$Values done
Event: 3.675 loading class java/util/TreeMap$ValueIterator
Event: 3.675 loading class java/util/TreeMap$ValueIterator done


Dynamic libraries:
0x00007ff6005d0000 - 0x00007ff6005de000 	c:\Users\ochie\.vscode\extensions\redhat.java-1.18.0-win32-x64\jre\17.0.7-win32-x86_64\bin\java.exe
0x00007ffe8a370000 - 0x00007ffe8a584000 	C:\WINDOWS\SYSTEM32\ntdll.dll
0x00007ffe88860000 - 0x00007ffe88922000 	C:\WINDOWS\System32\KERNEL32.DLL
0x00007ffe87dc0000 - 0x00007ffe88163000 	C:\WINDOWS\System32\KERNELBASE.dll
0x00007ffe87a60000 - 0x00007ffe87b71000 	C:\WINDOWS\System32\ucrtbase.dll
0x00007ffe74a20000 - 0x00007ffe74a37000 	c:\Users\ochie\.vscode\extensions\redhat.java-1.18.0-win32-x64\jre\17.0.7-win32-x86_64\bin\jli.dll
0x00007ffe89a70000 - 0x00007ffe89c1b000 	C:\WINDOWS\System32\USER32.dll
0x00007ffe87a30000 - 0x00007ffe87a56000 	C:\WINDOWS\System32\win32u.dll
0x00007ffe885e0000 - 0x00007ffe88609000 	C:\WINDOWS\System32\GDI32.dll
0x00007ffe87b80000 - 0x00007ffe87c98000 	C:\WINDOWS\System32\gdi32full.dll
0x00007ffe87ca0000 - 0x00007ffe87d3a000 	C:\WINDOWS\System32\msvcp_win.dll
0x00007ffe70220000 - 0x00007ffe70239000 	c:\Users\ochie\.vscode\extensions\redhat.java-1.18.0-win32-x64\jre\17.0.7-win32-x86_64\bin\VCRUNTIME140.dll
0x00007ffe6f4b0000 - 0x00007ffe6f73e000 	C:\WINDOWS\WinSxS\amd64_microsoft.windows.common-controls_6595b64144ccf1df_6.0.22621.1635_none_270f70857386168e\COMCTL32.dll
0x00007ffe884a0000 - 0x00007ffe88547000 	C:\WINDOWS\System32\msvcrt.dll
0x00007ffe883f0000 - 0x00007ffe88421000 	C:\WINDOWS\System32\IMM32.DLL
0x00007ffe80e00000 - 0x00007ffe80e0c000 	c:\Users\ochie\.vscode\extensions\redhat.java-1.18.0-win32-x64\jre\17.0.7-win32-x86_64\bin\vcruntime140_1.dll
0x00007ffe24620000 - 0x00007ffe246b1000 	c:\Users\ochie\.vscode\extensions\redhat.java-1.18.0-win32-x64\jre\17.0.7-win32-x86_64\bin\msvcp140.dll
0x00007ffe17630000 - 0x00007ffe18278000 	c:\Users\ochie\.vscode\extensions\redhat.java-1.18.0-win32-x64\jre\17.0.7-win32-x86_64\bin\server\jvm.dll
0x00007ffe8a180000 - 0x00007ffe8a22e000 	C:\WINDOWS\System32\ADVAPI32.dll
0x00007ffe88b60000 - 0x00007ffe88c04000 	C:\WINDOWS\System32\sechost.dll
0x00007ffe88610000 - 0x00007ffe88727000 	C:\WINDOWS\System32\RPCRT4.dll
0x00007ffe80c00000 - 0x00007ffe80c09000 	C:\WINDOWS\SYSTEM32\WSOCK32.dll
0x00007ffe89c20000 - 0x00007ffe89c91000 	C:\WINDOWS\System32\WS2_32.dll
0x00007ffe80220000 - 0x00007ffe80254000 	C:\WINDOWS\SYSTEM32\WINMM.dll
0x00007ffe80440000 - 0x00007ffe8044a000 	C:\WINDOWS\SYSTEM32\VERSION.dll
0x00007ffe867a0000 - 0x00007ffe867b8000 	C:\WINDOWS\SYSTEM32\kernel.appcore.dll
0x00007ffe80b70000 - 0x00007ffe80b7a000 	c:\Users\ochie\.vscode\extensions\redhat.java-1.18.0-win32-x64\jre\17.0.7-win32-x86_64\bin\jimage.dll
0x00007ffe85150000 - 0x00007ffe8537e000 	C:\WINDOWS\SYSTEM32\DBGHELP.DLL
0x00007ffe88c10000 - 0x00007ffe88f99000 	C:\WINDOWS\System32\combase.dll
0x00007ffe88170000 - 0x00007ffe88247000 	C:\WINDOWS\System32\OLEAUT32.dll
0x00007ffe73ac0000 - 0x00007ffe73af2000 	C:\WINDOWS\SYSTEM32\dbgcore.DLL
0x00007ffe87d40000 - 0x00007ffe87dbb000 	C:\WINDOWS\System32\bcryptPrimitives.dll
0x00007ffe80e10000 - 0x00007ffe80e1e000 	c:\Users\ochie\.vscode\extensions\redhat.java-1.18.0-win32-x64\jre\17.0.7-win32-x86_64\bin\instrument.dll
0x00007ffe6b790000 - 0x00007ffe6b7b5000 	c:\Users\ochie\.vscode\extensions\redhat.java-1.18.0-win32-x64\jre\17.0.7-win32-x86_64\bin\java.dll
0x00007ffe77880000 - 0x00007ffe77898000 	c:\Users\ochie\.vscode\extensions\redhat.java-1.18.0-win32-x64\jre\17.0.7-win32-x86_64\bin\zip.dll
0x00007ffe88fa0000 - 0x00007ffe8979a000 	C:\WINDOWS\System32\SHELL32.dll
0x00007ffe85740000 - 0x00007ffe8600e000 	C:\WINDOWS\SYSTEM32\windows.storage.dll
0x00007ffe85600000 - 0x00007ffe8573e000 	C:\WINDOWS\SYSTEM32\wintypes.dll
0x00007ffe8a230000 - 0x00007ffe8a321000 	C:\WINDOWS\System32\SHCORE.dll
0x00007ffe88930000 - 0x00007ffe8898e000 	C:\WINDOWS\System32\shlwapi.dll
0x00007ffe876c0000 - 0x00007ffe876e1000 	C:\WINDOWS\SYSTEM32\profapi.dll
0x00007ffe6b770000 - 0x00007ffe6b789000 	C:\Users\ochie\.vscode\extensions\redhat.java-1.18.0-win32-x64\jre\17.0.7-win32-x86_64\bin\net.dll
0x00007ffe7f6e0000 - 0x00007ffe7f817000 	C:\WINDOWS\SYSTEM32\WINHTTP.dll
0x00007ffe86cf0000 - 0x00007ffe86d59000 	C:\WINDOWS\system32\mswsock.dll
0x00007ffe6b610000 - 0x00007ffe6b625000 	C:\Users\ochie\.vscode\extensions\redhat.java-1.18.0-win32-x64\jre\17.0.7-win32-x86_64\bin\nio.dll
0x00007ffe7ff60000 - 0x00007ffe7ff70000 	c:\Users\ochie\.vscode\extensions\redhat.java-1.18.0-win32-x64\jre\17.0.7-win32-x86_64\bin\verify.dll
0x00007ffe60790000 - 0x00007ffe607ce000 	C:\Users\ochie\AppData\Roaming\Code\User\globalStorage\redhat.java\1.18.0\config_ss_win\org.eclipse.equinox.launcher\org.eclipse.equinox.launcher.win32.win32.x86_64_1.2.700.v20221108-1024\eclipse_11801.dll
0x00007ffe88250000 - 0x00007ffe883ec000 	C:\WINDOWS\System32\ole32.dll

dbghelp: loaded successfully - version: 4.0.5 - missing functions: none
symbol engine: initialized successfully - sym options: 0x614 - pdb path: .;c:\Users\ochie\.vscode\extensions\redhat.java-1.18.0-win32-x64\jre\17.0.7-win32-x86_64\bin;C:\WINDOWS\SYSTEM32;C:\WINDOWS\WinSxS\amd64_microsoft.windows.common-controls_6595b64144ccf1df_6.0.22621.1635_none_270f70857386168e;c:\Users\ochie\.vscode\extensions\redhat.java-1.18.0-win32-x64\jre\17.0.7-win32-x86_64\bin\server;C:\Users\ochie\AppData\Roaming\Code\User\globalStorage\redhat.java\1.18.0\config_ss_win\org.eclipse.equinox.launcher\org.eclipse.equinox.launcher.win32.win32.x86_64_1.2.700.v20221108-1024

VM Arguments:
jvm_args: --add-modules=ALL-SYSTEM --add-opens=java.base/java.util=ALL-UNNAMED --add-opens=java.base/java.lang=ALL-UNNAMED --add-opens=java.base/sun.nio.fs=ALL-UNNAMED -Declipse.application=org.eclipse.jdt.ls.core.id1 -Dosgi.bundles.defaultStartLevel=4 -Declipse.product=org.eclipse.jdt.ls.core.product -Djava.import.generatesMetadataFilesAtProjectRoot=false -Dfile.encoding=utf8 -XX:+UseParallelGC -XX:GCTimeRatio=4 -XX:AdaptiveSizePolicyWeight=90 -Dsun.zip.disableMemoryMapping=true -Xmx1G -Xms100m -Xlog:disable -javaagent:c:\Users\ochie\.vscode\extensions\redhat.java-1.18.0-win32-x64\lombok\lombok-1.18.27.jar 
java_command: c:\Users\ochie\.vscode\extensions\redhat.java-1.18.0-win32-x64\server\plugins\org.eclipse.equinox.launcher_1.6.400.v20210924-0641.jar -configuration c:\Users\ochie\AppData\Roaming\Code\User\globalStorage\redhat.java\1.18.0\config_ss_win -data c:\Users\ochie\AppData\Roaming\Code\User\workspaceStorage\ce7bc04b3091483ce11aded7c9977b2e\redhat.java\ss_ws
java_class_path (initial): c:\Users\ochie\.vscode\extensions\redhat.java-1.18.0-win32-x64\server\plugins\org.eclipse.equinox.launcher_1.6.400.v20210924-0641.jar
Launcher Type: SUN_STANDARD

[Global flags]
    uintx AdaptiveSizePolicyWeight                 = 90                                        {product} {command line}
     intx CICompilerCount                          = 4                                         {product} {ergonomic}
    uintx GCTimeRatio                              = 4                                         {product} {command line}
   size_t InitialHeapSize                          = 104857600                                 {product} {command line}
   size_t MaxHeapSize                              = 1073741824                                {product} {command line}
   size_t MaxNewSize                               = 357564416                                 {product} {ergonomic}
   size_t MinHeapDeltaBytes                        = 524288                                    {product} {ergonomic}
   size_t MinHeapSize                              = 104857600                                 {product} {command line}
   size_t NewSize                                  = 34603008                                  {product} {ergonomic}
    uintx NonNMethodCodeHeapSize                   = 5839372                                {pd product} {ergonomic}
    uintx NonProfiledCodeHeapSize                  = 122909434                              {pd product} {ergonomic}
   size_t OldSize                                  = 70254592                                  {product} {ergonomic}
    uintx ProfiledCodeHeapSize                     = 122909434                              {pd product} {ergonomic}
    uintx ReservedCodeCacheSize                    = 251658240                              {pd product} {ergonomic}
     bool SegmentedCodeCache                       = true                                      {product} {ergonomic}
   size_t SoftMaxHeapSize                          = 1073741824                             {manageable} {ergonomic}
     bool UseCompressedClassPointers               = true                           {product lp64_product} {ergonomic}
     bool UseCompressedOops                        = true                           {product lp64_product} {ergonomic}
     bool UseLargePagesIndividualAllocation        = false                                  {pd product} {ergonomic}
     bool UseParallelGC                            = true                                      {product} {command line}

Logging:
Log output configuration:
 #0: stdout all=off uptime,level,tags
 #1: stderr all=off uptime,level,tags

Environment Variables:
JAVA_HOME=C:\Program Files\Microsoft\jdk-11.0.18.10-hotspot\
PATH=C:\Python311\Scripts\;C:\Python311\;C:\WINDOWS\system32;C:\WINDOWS;C:\WINDOWS\System32\Wbem;C:\WINDOWS\System32\WindowsPowerShell\v1.0\;C:\WINDOWS\System32\OpenSSH\;C:\ProgramData\chocolatey\bin;C:\xampp\php;C:\ProgramData\ComposerSetup\bin;C:\Program Files (x86)\dotnet\;C:\Python311\Lib\site-packages\django\;C:\Program Files\Git\cmd;C:\Program Files\OpenSSL-Win64\bin;C:\Program Files\nodejs\;C:\Program Files\Microsoft\jdk-11.0.18.10-hotspot\bin;C:\Users\ochie\AppData\Local\Microsoft\WindowsApps;C:\Users\ochie\AppData\Local\Programs\Microsoft VS Code\bin;C:\Users\ochie\AppData\Roaming\Composer\vendor\bin;C:\Program Files\JetBrains\PyCharm Community Edition 2022.3.1\bin;;C:\Python311\;C:\Python311\Scripts\;C:\Python311\Lib\site-packages\django\;C:\Users\ochie\AppData\Roaming\npm;C:\Users\ochie\AppData\Local\Android\Sdk\platform-tools
USERNAME=ochie
OS=Windows_NT
PROCESSOR_IDENTIFIER=Intel64 Family 6 Model 158 Stepping 10, GenuineIntel
TMP=C:\Users\ochie\AppData\Local\Temp
TEMP=C:\Users\ochie\AppData\Local\Temp



---------------  S Y S T E M  ---------------

OS:
 Windows 11 , 64 bit Build 22621 (10.0.22621.1635)
OS uptime: 3 days 23:35 hours
Hyper-V role detected

CPU: total 8 (initial active 8) (4 cores per cpu, 2 threads per core) family 6 model 158 stepping 10 microcode 0xf0, cx8, cmov, fxsr, ht, mmx, 3dnowpref, sse, sse2, sse3, ssse3, sse4.1, sse4.2, popcnt, lzcnt, tsc, tscinvbit, avx, avx2, aes, erms, clmul, bmi1, bmi2, adx, fma, vzeroupper, clflush, clflushopt, hv

Memory: 4k page, system-wide physical 12169M (446M free)
TotalPageFile size 27283M (AvailPageFile size 0M)
current process WorkingSet (physical memory assigned to process): 92M, peak: 92M
current process commit charge ("private bytes"): 207M, peak: 207M

vm_info: OpenJDK 64-Bit Server VM (17.0.7+7) for windows-amd64 JRE (17.0.7+7), built on Apr 18 2023 22:10:42 by "temurin" with MS VC++ 16.7 (VS2019)

END.
