#
# There is insufficient memory for the Java Runtime Environment to continue.
# Native memory allocation (malloc) failed to allocate 519040 bytes for Chunk::new
# Possible reasons:
#   The system is out of physical RAM or swap space
#   The process is running with CompressedOops enabled, and the Java Heap may be blocking the growth of the native heap
# Possible solutions:
#   Reduce memory load on the system
#   Increase physical memory or swap space
#   Check if swap backing store is full
#   Decrease Java heap size (-Xmx/-Xms)
#   Decrease number of Java threads
#   Decrease Java thread stack sizes (-Xss)
#   Set larger code cache with -XX:ReservedCodeCacheSize=
#   JVM is running with Unscaled Compressed Oops mode in which the Java heap is
#     placed in the first 4GB address space. The Java Heap base address is the
#     maximum limit for the native heap growth. Please use -XX:HeapBaseMinAddress
#     to set the Java Heap base and to place the Java Heap above 4GB virtual address.
# This output file may be truncated or incomplete.
#
#  Out of Memory Error (arena.cpp:189), pid=17532, tid=11012
#
# JRE version: OpenJDK Runtime Environment Temurin-17.0.7+7 (17.0.7+7) (build 17.0.7+7)
# Java VM: OpenJDK 64-Bit Server VM Temurin-17.0.7+7 (17.0.7+7, mixed mode, tiered, compressed oops, compressed class ptrs, parallel gc, windows-amd64)
# No core dump will be written. Minidumps are not enabled by default on client versions of Windows
#

---------------  S U M M A R Y ------------

Command Line: --add-modules=ALL-SYSTEM --add-opens=java.base/java.util=ALL-UNNAMED --add-opens=java.base/java.lang=ALL-UNNAMED --add-opens=java.base/sun.nio.fs=ALL-UNNAMED -Declipse.application=org.eclipse.jdt.ls.core.id1 -Dosgi.bundles.defaultStartLevel=4 -Declipse.product=org.eclipse.jdt.ls.core.product -Djava.import.generatesMetadataFilesAtProjectRoot=false -Dfile.encoding=utf8 -XX:+UseParallelGC -XX:GCTimeRatio=4 -XX:AdaptiveSizePolicyWeight=90 -Dsun.zip.disableMemoryMapping=true -Xmx1G -Xms100m -Xlog:disable -javaagent:c:\Users\ochie\.vscode\extensions\redhat.java-1.18.0-win32-x64\lombok\lombok-1.18.27.jar c:\Users\ochie\.vscode\extensions\redhat.java-1.18.0-win32-x64\server\plugins\org.eclipse.equinox.launcher_1.6.400.v20210924-0641.jar -configuration c:\Users\ochie\AppData\Roaming\Code\User\globalStorage\redhat.java\1.18.0\config_ss_win -data c:\Users\ochie\AppData\Roaming\Code\User\workspaceStorage\ce7bc04b3091483ce11aded7c9977b2e\redhat.java\ss_ws

Host: Intel(R) Core(TM) i5-8300H CPU @ 2.30GHz, 8 cores, 11G,  Windows 11 , 64 bit Build 22621 (10.0.22621.1635)
Time: Mon May  1 16:50:23 2023 E. Africa Standard Time elapsed time: 1.565486 seconds (0d 0h 0m 1s)

---------------  T H R E A D  ---------------

Current thread (0x000002a325b421b0):  JavaThread "C2 CompilerThread1" daemon [_thread_in_native, id=11012, stack(0x000000d416200000,0x000000d416300000)]


Current CompileTask:
C2:   1565 1380       4       java.io.WinNTFileSystem::normalize (143 bytes)

Stack: [0x000000d416200000,0x000000d416300000]
Native frames: (J=compiled Java code, j=interpreted, Vv=VM code, C=native code)
V  [jvm.dll+0x67754a]
V  [jvm.dll+0x834304]
V  [jvm.dll+0x835aae]
V  [jvm.dll+0x836113]
V  [jvm.dll+0x24696f]
V  [jvm.dll+0xac0ac]
V  [jvm.dll+0xac67c]
V  [jvm.dll+0x364e37]
V  [jvm.dll+0x1bcc02]
V  [jvm.dll+0x219799]
V  [jvm.dll+0x218a61]
V  [jvm.dll+0x1a4d8d]
V  [jvm.dll+0x2284da]
V  [jvm.dll+0x226615]
V  [jvm.dll+0x7ea90b]
V  [jvm.dll+0x7e4e7a]
V  [jvm.dll+0x676395]
C  [ucrtbase.dll+0x29363]
C  [KERNEL32.DLL+0x126ad]
C  [ntdll.dll+0x5a9f8]


---------------  P R O C E S S  ---------------

Threads class SMR info:
_java_thread_list=0x000002a3273dea40, length=17, elements={
0x000002a30c8f20f0, 0x000002a30c9a25f0, 0x000002a30c9a5950, 0x000002a3259dc9a0,
0x000002a32076e4a0, 0x000002a3259f8b20, 0x000002a3259fb5e0, 0x000002a3259fca60,
0x000002a325a0a8b0, 0x000002a30c9aa000, 0x000002a325aaf7b0, 0x000002a325b421b0,
0x000002a325c810a0, 0x000002a327122be0, 0x000002a32746c220, 0x000002a32746c9c0,
0x000002a327416a40
}

Java Threads: ( => current thread )
  0x000002a30c8f20f0 JavaThread "main" [_thread_blocked, id=19992, stack(0x000000d415500000,0x000000d415600000)]
  0x000002a30c9a25f0 JavaThread "Reference Handler" daemon [_thread_blocked, id=11500, stack(0x000000d415800000,0x000000d415900000)]
  0x000002a30c9a5950 JavaThread "Finalizer" daemon [_thread_blocked, id=8996, stack(0x000000d415900000,0x000000d415a00000)]
  0x000002a3259dc9a0 JavaThread "Signal Dispatcher" daemon [_thread_blocked, id=10148, stack(0x000000d415a00000,0x000000d415b00000)]
  0x000002a32076e4a0 JavaThread "Attach Listener" daemon [_thread_blocked, id=14592, stack(0x000000d415b00000,0x000000d415c00000)]
  0x000002a3259f8b20 JavaThread "Service Thread" daemon [_thread_blocked, id=18976, stack(0x000000d415c00000,0x000000d415d00000)]
  0x000002a3259fb5e0 JavaThread "Monitor Deflation Thread" daemon [_thread_blocked, id=19636, stack(0x000000d415d00000,0x000000d415e00000)]
  0x000002a3259fca60 JavaThread "C2 CompilerThread0" daemon [_thread_blocked, id=12948, stack(0x000000d415e00000,0x000000d415f00000)]
  0x000002a325a0a8b0 JavaThread "C1 CompilerThread0" daemon [_thread_blocked, id=19500, stack(0x000000d415f00000,0x000000d416000000)]
  0x000002a30c9aa000 JavaThread "Sweeper thread" daemon [_thread_blocked, id=12912, stack(0x000000d416000000,0x000000d416100000)]
  0x000002a325aaf7b0 JavaThread "Common-Cleaner" daemon [_thread_blocked, id=14368, stack(0x000000d416100000,0x000000d416200000)]
=>0x000002a325b421b0 JavaThread "C2 CompilerThread1" daemon [_thread_in_native, id=11012, stack(0x000000d416200000,0x000000d416300000)]
  0x000002a325c810a0 JavaThread "Notification Thread" daemon [_thread_blocked, id=17628, stack(0x000000d416300000,0x000000d416400000)]
  0x000002a327122be0 JavaThread "Active Thread: Equinox Container: 58040fe7-44d2-4cfc-8ccd-277a10344b85" [_thread_blocked, id=20160, stack(0x000000d416500000,0x000000d416600000)]
  0x000002a32746c220 JavaThread "Framework Event Dispatcher: Equinox Container: 58040fe7-44d2-4cfc-8ccd-277a10344b85" daemon [_thread_blocked, id=10436, stack(0x000000d416c00000,0x000000d416d00000)]
  0x000002a32746c9c0 JavaThread "Start Level: Equinox Container: 58040fe7-44d2-4cfc-8ccd-277a10344b85" daemon [_thread_in_vm, id=16108, stack(0x000000d416d00000,0x000000d416e00000)]
  0x000002a327416a40 JavaThread "SCR Component Actor" daemon [_thread_blocked, id=17172, stack(0x000000d416e00000,0x000000d416f00000)]

Other Threads:
  0x000002a3259b0c20 VMThread "VM Thread" [stack: 0x000000d415700000,0x000000d415800000] [id=14936]
  0x000002a325cd9b10 WatcherThread [stack: 0x000000d416400000,0x000000d416500000] [id=12988]
  0x000002a30c908f70 GCTaskThread "GC Thread#0" [stack: 0x000000d415600000,0x000000d415700000] [id=15008]
  0x000002a326fdc1c0 GCTaskThread "GC Thread#1" [stack: 0x000000d416600000,0x000000d416700000] [id=8552]
  0x000002a326fdc470 GCTaskThread "GC Thread#2" [stack: 0x000000d416700000,0x000000d416800000] [id=11312]
  0x000002a326fdc720 GCTaskThread "GC Thread#3" [stack: 0x000000d416800000,0x000000d416900000] [id=16624]
  0x000002a327125d00 GCTaskThread "GC Thread#4" [stack: 0x000000d416900000,0x000000d416a00000] [id=12052]
  0x000002a327125fb0 GCTaskThread "GC Thread#5" [stack: 0x000000d416a00000,0x000000d416b00000] [id=2076]
  0x000002a32709d800 GCTaskThread "GC Thread#6" [stack: 0x000000d416b00000,0x000000d416c00000] [id=3840]

Threads with active compile tasks:
C1 CompilerThread0     1599 1471       3       org.eclipse.osgi.container.ModuleDatabase::readUnlock (11 bytes)
C2 CompilerThread1     1599 1380       4       java.io.WinNTFileSystem::normalize (143 bytes)

VM state: not at safepoint (normal execution)

VM Mutex/Monitor currently owned by a thread: None

Heap address: 0x00000000c0000000, size: 1024 MB, Compressed Oops mode: 32-bit

CDS archive(s) not mapped
Compressed class space mapped at: 0x0000000100000000-0x0000000140000000, reserved size: 1073741824
Narrow klass base: 0x0000000000000000, Narrow klass shift: 3, Narrow klass range: 0x140000000

GC Precious Log:
 CPUs: 8 total, 8 available
 Memory: 12169M
 Large Page Support: Disabled
 NUMA Support: Disabled
 Compressed Oops: Enabled (32-bit)
 Alignments: Space 512K, Generation 512K, Heap 2M
 Heap Min Capacity: 100M
 Heap Initial Capacity: 100M
 Heap Max Capacity: 1G
 Pre-touch: Disabled
 Parallel Workers: 8

Heap:
 PSYoungGen      total 29696K, used 24700K [0x00000000eab00000, 0x00000000ecc00000, 0x0000000100000000)
  eden space 25600K, 84% used [0x00000000eab00000,0x00000000ec008ff0,0x00000000ec400000)
  from space 4096K, 77% used [0x00000000ec400000,0x00000000ec7163b8,0x00000000ec800000)
  to   space 4096K, 0% used [0x00000000ec800000,0x00000000ec800000,0x00000000ecc00000)
 ParOldGen       total 68608K, used 16K [0x00000000c0000000, 0x00000000c4300000, 0x00000000eab00000)
  object space 68608K, 0% used [0x00000000c0000000,0x00000000c0004000,0x00000000c4300000)
 Metaspace       used 14289K, committed 14528K, reserved 1114112K
  class space    used 1432K, committed 1536K, reserved 1048576K

Card table byte_map: [0x000002a30c2b0000,0x000002a30c4c0000] _byte_map_base: 0x000002a30bcb0000

Marking Bits: (ParMarkBitMap*) 0x00007ffe1c2f52c0
 Begin Bits: [0x000002a31e570000, 0x000002a31f570000)
 End Bits:   [0x000002a31f570000, 0x000002a320570000)

Polling page: 0x000002a30a8f0000

Metaspace:

Usage:
  Non-class:     12.56 MB used.
      Class:      1.40 MB used.
       Both:     13.95 MB used.

Virtual space:
  Non-class space:       64.00 MB reserved,      12.69 MB ( 20%) committed,  1 nodes.
      Class space:        1.00 GB reserved,       1.50 MB ( <1%) committed,  1 nodes.
             Both:        1.06 GB reserved,      14.19 MB (  1%) committed. 

Chunk freelists:
   Non-Class:  2.92 MB
       Class:  14.40 MB
        Both:  17.32 MB

MaxMetaspaceSize: unlimited
CompressedClassSpaceSize: 1.00 GB
Initial GC threshold: 21.00 MB
Current GC threshold: 21.00 MB
CDS: off
MetaspaceReclaimPolicy: balanced
 - commit_granule_bytes: 65536.
 - commit_granule_words: 8192.
 - virtual_space_node_default_size: 8388608.
 - enlarge_chunks_in_place: 1.
 - new_chunks_are_fully_committed: 0.
 - uncommit_free_chunks: 1.
 - use_allocation_guard: 0.
 - handle_deallocations: 1.


Internal statistics:

num_allocs_failed_limit: 0.
num_arena_births: 64.
num_arena_deaths: 0.
num_vsnodes_births: 2.
num_vsnodes_deaths: 0.
num_space_committed: 227.
num_space_uncommitted: 0.
num_chunks_returned_to_freelist: 0.
num_chunks_taken_from_freelist: 259.
num_chunk_merges: 0.
num_chunk_splits: 175.
num_chunks_enlarged: 137.
num_inconsistent_stats: 0.

CodeHeap 'non-profiled nmethods': size=120000Kb used=570Kb max_used=570Kb free=119429Kb
 bounds [0x000002a317040000, 0x000002a3172b0000, 0x000002a31e570000]
CodeHeap 'profiled nmethods': size=120000Kb used=2723Kb max_used=2723Kb free=117276Kb
 bounds [0x000002a30f570000, 0x000002a30f820000, 0x000002a316aa0000]
CodeHeap 'non-nmethods': size=5760Kb used=1158Kb max_used=1180Kb free=4601Kb
 bounds [0x000002a316aa0000, 0x000002a316d10000, 0x000002a317040000]
 total_blobs=1920 nmethods=1469 adapters=365
 compilation: enabled
              stopped_count=0, restarted_count=0
 full_count=0

Compilation events (20 events):
Event: 1.534 Thread 0x000002a325a0a8b0 1430   !   3       java.util.zip.ZipFile$CleanableResource::getInflater (47 bytes)
Event: 1.534 Thread 0x000002a325a0a8b0 nmethod 1430 0x000002a30f7f9e10 code [0x000002a30f7f9fe0, 0x000002a30f7fa4b8]
Event: 1.534 Thread 0x000002a325a0a8b0 1431       3       java.util.zip.ZipFile$InflaterCleanupAction::run (12 bytes)
Event: 1.535 Thread 0x000002a325a0a8b0 nmethod 1431 0x000002a30f7fa690 code [0x000002a30f7fa840, 0x000002a30f7fa988]
Event: 1.535 Thread 0x000002a325a0a8b0 1432   !   3       java.util.zip.ZipFile$CleanableResource::releaseInflater (53 bytes)
Event: 1.536 Thread 0x000002a325a0a8b0 nmethod 1432 0x000002a30f7faa90 code [0x000002a30f7fac60, 0x000002a30f7fb068]
Event: 1.536 Thread 0x000002a325a0a8b0 1433   !   3       java.util.zip.Inflater::reset (64 bytes)
Event: 1.536 Thread 0x000002a325a0a8b0 nmethod 1433 0x000002a30f7fb290 code [0x000002a30f7fb440, 0x000002a30f7fb738]
Event: 1.541 Thread 0x000002a3259fca60 nmethod 1411 0x000002a3170ca910 code [0x000002a3170caaa0, 0x000002a3170cb098]
Event: 1.541 Thread 0x000002a3259fca60 1394       4       java.lang.StringLatin1::toLowerCase (186 bytes)
Event: 1.542 Thread 0x000002a325a0a8b0 1435       3       java.lang.ThreadLocal$ThreadLocalMap::getEntry (42 bytes)
Event: 1.542 Thread 0x000002a325a0a8b0 nmethod 1435 0x000002a30f7fb910 code [0x000002a30f7fbae0, 0x000002a30f7fbeb8]
Event: 1.543 Thread 0x000002a325a0a8b0 1436       3       java.util.Collections::emptyList (4 bytes)
Event: 1.543 Thread 0x000002a325a0a8b0 nmethod 1436 0x000002a30f7fc090 code [0x000002a30f7fc220, 0x000002a30f7fc318]
Event: 1.546 Thread 0x000002a325a0a8b0 1437       3       java.util.concurrent.locks.AbstractQueuedSynchronizer::signalNext (34 bytes)
Event: 1.547 Thread 0x000002a325a0a8b0 nmethod 1437 0x000002a30f7fc390 code [0x000002a30f7fc560, 0x000002a30f7fc818]
Event: 1.547 Thread 0x000002a325a0a8b0 1438       1       org.eclipse.osgi.container.ModuleRevisions::getModule (5 bytes)
Event: 1.547 Thread 0x000002a325a0a8b0 nmethod 1438 0x000002a3170cb490 code [0x000002a3170cb620, 0x000002a3170cb6f8]
Event: 1.549 Thread 0x000002a325a0a8b0 1439   !   3       org.eclipse.osgi.container.ModuleRevisions::getCurrentRevision (56 bytes)
Event: 1.550 Thread 0x000002a325a0a8b0 nmethod 1439 0x000002a30f7fc990 code [0x000002a30f7fcb80, 0x000002a30f7fd118]

GC Heap History (2 events):
Event: 1.064 GC heap before
{Heap before GC invocations=1 (full 0):
 PSYoungGen      total 29696K, used 25600K [0x00000000eab00000, 0x00000000ecc00000, 0x0000000100000000)
  eden space 25600K, 100% used [0x00000000eab00000,0x00000000ec400000,0x00000000ec400000)
  from space 4096K, 0% used [0x00000000ec800000,0x00000000ec800000,0x00000000ecc00000)
  to   space 4096K, 0% used [0x00000000ec400000,0x00000000ec400000,0x00000000ec800000)
 ParOldGen       total 68608K, used 0K [0x00000000c0000000, 0x00000000c4300000, 0x00000000eab00000)
  object space 68608K, 0% used [0x00000000c0000000,0x00000000c0000000,0x00000000c4300000)
 Metaspace       used 11187K, committed 11392K, reserved 1114112K
  class space    used 1121K, committed 1216K, reserved 1048576K
}
Event: 1.070 GC heap after
{Heap after GC invocations=1 (full 0):
 PSYoungGen      total 29696K, used 3160K [0x00000000eab00000, 0x00000000ecc00000, 0x0000000100000000)
  eden space 25600K, 0% used [0x00000000eab00000,0x00000000eab00000,0x00000000ec400000)
  from space 4096K, 77% used [0x00000000ec400000,0x00000000ec7163b8,0x00000000ec800000)
  to   space 4096K, 0% used [0x00000000ec800000,0x00000000ec800000,0x00000000ecc00000)
 ParOldGen       total 68608K, used 16K [0x00000000c0000000, 0x00000000c4300000, 0x00000000eab00000)
  object space 68608K, 0% used [0x00000000c0000000,0x00000000c0004000,0x00000000c4300000)
 Metaspace       used 11187K, committed 11392K, reserved 1114112K
  class space    used 1121K, committed 1216K, reserved 1048576K
}

Dll operation events (9 events):
Event: 0.024 Loaded shared library c:\Users\ochie\.vscode\extensions\redhat.java-1.18.0-win32-x64\jre\17.0.7-win32-x86_64\bin\java.dll
Event: 0.236 Loaded shared library c:\Users\ochie\.vscode\extensions\redhat.java-1.18.0-win32-x64\jre\17.0.7-win32-x86_64\bin\zip.dll
Event: 0.241 Loaded shared library C:\Users\ochie\.vscode\extensions\redhat.java-1.18.0-win32-x64\jre\17.0.7-win32-x86_64\bin\instrument.dll
Event: 0.259 Loaded shared library C:\Users\ochie\.vscode\extensions\redhat.java-1.18.0-win32-x64\jre\17.0.7-win32-x86_64\bin\net.dll
Event: 0.261 Loaded shared library C:\Users\ochie\.vscode\extensions\redhat.java-1.18.0-win32-x64\jre\17.0.7-win32-x86_64\bin\nio.dll
Event: 0.270 Loaded shared library C:\Users\ochie\.vscode\extensions\redhat.java-1.18.0-win32-x64\jre\17.0.7-win32-x86_64\bin\zip.dll
Event: 0.290 Loaded shared library C:\Users\ochie\.vscode\extensions\redhat.java-1.18.0-win32-x64\jre\17.0.7-win32-x86_64\bin\jimage.dll
Event: 0.361 Loaded shared library c:\Users\ochie\.vscode\extensions\redhat.java-1.18.0-win32-x64\jre\17.0.7-win32-x86_64\bin\verify.dll
Event: 1.521 Loaded shared library C:\Users\ochie\AppData\Roaming\Code\User\globalStorage\redhat.java\1.18.0\config_ss_win\org.eclipse.equinox.launcher\org.eclipse.equinox.launcher.win32.win32.x86_64_1.2.700.v20221108-1024\eclipse_11801.dll

Deoptimization events (20 events):
Event: 0.984 Thread 0x000002a30c8f20f0 Uncommon trap: trap_request=0xffffff45 fr.pc=0x000002a31707b318 relative=0x0000000000000098
Event: 0.984 Thread 0x000002a30c8f20f0 Uncommon trap: reason=unstable_if action=reinterpret pc=0x000002a31707b318 method=java.util.HashMap.hash(Ljava/lang/Object;)I @ 1 c2
Event: 0.984 Thread 0x000002a30c8f20f0 DEOPT PACKING pc=0x000002a31707b318 sp=0x000000d4155fe060
Event: 0.984 Thread 0x000002a30c8f20f0 DEOPT UNPACKING pc=0x000002a316af66a3 sp=0x000000d4155fdff8 mode 2
Event: 1.071 Thread 0x000002a30c8f20f0 DEOPT PACKING pc=0x000002a30f5bb822 sp=0x000000d4155f8150
Event: 1.071 Thread 0x000002a30c8f20f0 DEOPT UNPACKING pc=0x000002a316af6e43 sp=0x000000d4155f75b0 mode 0
Event: 1.143 Thread 0x000002a30c8f20f0 Uncommon trap: trap_request=0xffffff45 fr.pc=0x000002a317073bf0 relative=0x0000000000000cd0
Event: 1.143 Thread 0x000002a30c8f20f0 Uncommon trap: reason=unstable_if action=reinterpret pc=0x000002a317073bf0 method=lombok.patcher.PatchScript.classMatches(Ljava/lang/String;Ljava/util/Collection;)Z @ 25 c2
Event: 1.143 Thread 0x000002a30c8f20f0 DEOPT PACKING pc=0x000002a317073bf0 sp=0x000000d4155f8320
Event: 1.143 Thread 0x000002a30c8f20f0 DEOPT UNPACKING pc=0x000002a316af66a3 sp=0x000000d4155f8288 mode 2
Event: 1.382 Thread 0x000002a30c8f20f0 Uncommon trap: trap_request=0xffffffde fr.pc=0x000002a3170a3b38 relative=0x0000000000000978
Event: 1.382 Thread 0x000002a30c8f20f0 Uncommon trap: reason=class_check action=maybe_recompile pc=0x000002a3170a3b38 method=java.util.HashMap.putVal(ILjava/lang/Object;Ljava/lang/Object;ZZ)Ljava/lang/Object; @ 253 c2
Event: 1.382 Thread 0x000002a30c8f20f0 DEOPT PACKING pc=0x000002a3170a3b38 sp=0x000000d4155fdc50
Event: 1.382 Thread 0x000002a30c8f20f0 DEOPT UNPACKING pc=0x000002a316af66a3 sp=0x000000d4155fdbd0 mode 2
Event: 1.385 Thread 0x000002a30c8f20f0 Uncommon trap: trap_request=0xffffffde fr.pc=0x000002a3170a3b38 relative=0x0000000000000978
Event: 1.385 Thread 0x000002a30c8f20f0 Uncommon trap: reason=class_check action=maybe_recompile pc=0x000002a3170a3b38 method=java.util.HashMap.putVal(ILjava/lang/Object;Ljava/lang/Object;ZZ)Ljava/lang/Object; @ 253 c2
Event: 1.385 Thread 0x000002a30c8f20f0 DEOPT PACKING pc=0x000002a3170a3b38 sp=0x000000d4155fdc50
Event: 1.385 Thread 0x000002a30c8f20f0 DEOPT UNPACKING pc=0x000002a316af66a3 sp=0x000000d4155fdbd0 mode 2
Event: 1.432 Thread 0x000002a30c8f20f0 DEOPT PACKING pc=0x000002a30f66da61 sp=0x000000d4155fc620
Event: 1.432 Thread 0x000002a30c8f20f0 DEOPT UNPACKING pc=0x000002a316af6e43 sp=0x000000d4155fbaa8 mode 0

Classes unloaded (0 events):
No events

Classes redefined (0 events):
No events

Internal exceptions (20 events):
Event: 0.684 Thread 0x000002a30c8f20f0 Exception <a 'java/io/FileNotFoundException'{0x00000000eb7a0b38}> (0x00000000eb7a0b38) 
thrown [s\src\hotspot\share\prims\jni.cpp, line 516]
Event: 0.693 Thread 0x000002a30c8f20f0 Implicit null exception at 0x000002a3170608f2 to 0x000002a317060e40
Event: 0.697 Thread 0x000002a30c8f20f0 Exception <a 'java/io/FileNotFoundException'{0x00000000eb7db548}> (0x00000000eb7db548) 
thrown [s\src\hotspot\share\prims\jni.cpp, line 516]
Event: 0.939 Thread 0x000002a30c8f20f0 Exception <a 'java/lang/ClassNotFoundException'{0x00000000ec0094b0}: sun/net/www/protocol/c/Handler> (0x00000000ec0094b0) 
thrown [s\src\hotspot\share\classfile\systemDictionary.cpp, line 256]
Event: 0.940 Thread 0x000002a30c8f20f0 Exception <a 'java/lang/ClassNotFoundException'{0x00000000ec00a7f8}: sun/net/www/protocol/e/Handler> (0x00000000ec00a7f8) 
thrown [s\src\hotspot\share\classfile\systemDictionary.cpp, line 256]
Event: 0.940 Thread 0x000002a30c8f20f0 Exception <a 'java/lang/ClassNotFoundException'{0x00000000ec00b978}: sun/net/www/protocol/c/Handler> (0x00000000ec00b978) 
thrown [s\src\hotspot\share\classfile\systemDictionary.cpp, line 256]
Event: 0.948 Thread 0x000002a30c8f20f0 Exception <a 'java/io/FileNotFoundException'{0x00000000ec02a700}> (0x00000000ec02a700) 
thrown [s\src\hotspot\share\prims\jni.cpp, line 516]
Event: 0.983 Thread 0x000002a30c8f20f0 Implicit null exception at 0x000002a317094f80 to 0x000002a3170959f4
Event: 0.984 Thread 0x000002a30c8f20f0 Implicit null exception at 0x000002a31707f56c to 0x000002a31707f764
Event: 0.984 Thread 0x000002a30c8f20f0 Implicit null exception at 0x000002a31707ea8c to 0x000002a31707ecd8
Event: 0.984 Thread 0x000002a30c8f20f0 Implicit null exception at 0x000002a31707b28f to 0x000002a31707b309
Event: 1.030 Thread 0x000002a30c8f20f0 Exception <a 'java/lang/NoSuchMethodError'{0x00000000ec2f7a98}: 'int java.lang.invoke.DirectMethodHandle$Holder.invokeStaticInit(java.lang.Object, java.lang.Object, java.lang.Object, java.lang.Object)'> (0x00000000ec2f7a98) 
thrown [s\src\hotspot\share\interpreter\linkResolver.cpp, line 759]
Event: 1.032 Thread 0x000002a30c8f20f0 Exception <a 'java/lang/NoSuchMethodError'{0x00000000ec302108}: 'java.lang.Object java.lang.invoke.DirectMethodHandle$Holder.invokeInterface(java.lang.Object, java.lang.Object)'> (0x00000000ec302108) 
thrown [s\src\hotspot\share\interpreter\linkResolver.cpp, line 759]
Event: 1.032 Thread 0x000002a30c8f20f0 Exception <a 'java/lang/IncompatibleClassChangeError'{0x00000000ec305900}: Found class java.lang.Object, but interface was expected> (0x00000000ec305900) 
thrown [s\src\hotspot\share\interpreter\linkResolver.cpp, line 826]
Event: 1.032 Thread 0x000002a30c8f20f0 Exception <a 'java/lang/NoSuchMethodError'{0x00000000ec309df8}: 'void java.lang.invoke.DirectMethodHandle$Holder.invokeStatic(java.lang.Object, java.lang.Object)'> (0x00000000ec309df8) 
thrown [s\src\hotspot\share\interpreter\linkResolver.cpp, line 759]
Event: 1.033 Thread 0x000002a30c8f20f0 Exception <a 'java/lang/NoSuchMethodError'{0x00000000ec30d5f8}: 'void java.lang.invoke.DirectMethodHandle$Holder.invokeStaticInit(java.lang.Object, java.lang.Object)'> (0x00000000ec30d5f8) 
thrown [s\src\hotspot\share\interpreter\linkResolver.cpp, line 759]
Event: 1.033 Thread 0x000002a30c8f20f0 Exception <a 'java/lang/NoSuchMethodError'{0x00000000ec314980}: 'int java.lang.invoke.DirectMethodHandle$Holder.invokeStaticInit(java.lang.Object, java.lang.Object)'> (0x00000000ec314980) 
thrown [s\src\hotspot\share\interpreter\linkResolver.cpp, line 759]
Event: 1.077 Thread 0x000002a30c8f20f0 Exception <a 'java/lang/NoSuchMethodError'{0x00000000eab3aff8}: 'void java.lang.invoke.DirectMethodHandle$Holder.invokeSpecial(java.lang.Object, java.lang.Object, java.lang.Object)'> (0x00000000eab3aff8) 
thrown [s\src\hotspot\share\interpreter\linkResolver.cpp, line 759]
Event: 1.360 Thread 0x000002a30c8f20f0 Exception <a 'java/lang/NoSuchMethodError'{0x00000000eb74afb0}: 'java.lang.Object java.lang.invoke.DirectMethodHandle$Holder.newInvokeSpecial(java.lang.Object, int, java.lang.Object)'> (0x00000000eb74afb0) 
thrown [s\src\hotspot\share\interpreter\linkResolver.cpp, line 759]
Event: 1.518 Thread 0x000002a30c8f20f0 Exception <a 'java/lang/UnsatisfiedLinkError'{0x00000000ebc7e458}: 'void org.eclipse.equinox.launcher.JNIBridge._update_splash()'> (0x00000000ebc7e458) 
thrown [s\src\hotspot\share\prims\nativeLookup.cpp, line 543]

VM Operations (20 events):
Event: 0.210 Executing VM operation: HandshakeAllThreads
Event: 0.210 Executing VM operation: HandshakeAllThreads done
Event: 0.640 Executing VM operation: HandshakeAllThreads
Event: 0.640 Executing VM operation: HandshakeAllThreads done
Event: 0.661 Executing VM operation: HandshakeAllThreads
Event: 0.661 Executing VM operation: HandshakeAllThreads done
Event: 0.922 Executing VM operation: HandshakeAllThreads
Event: 0.922 Executing VM operation: HandshakeAllThreads done
Event: 0.987 Executing VM operation: ICBufferFull
Event: 0.988 Executing VM operation: ICBufferFull done
Event: 1.064 Executing VM operation: ParallelGCFailedAllocation
Event: 1.070 Executing VM operation: ParallelGCFailedAllocation done
Event: 1.331 Executing VM operation: HandshakeAllThreads
Event: 1.331 Executing VM operation: HandshakeAllThreads done
Event: 1.332 Executing VM operation: HandshakeAllThreads
Event: 1.332 Executing VM operation: HandshakeAllThreads done
Event: 1.339 Executing VM operation: HandshakeAllThreads
Event: 1.339 Executing VM operation: HandshakeAllThreads done
Event: 1.354 Executing VM operation: HandshakeAllThreads
Event: 1.354 Executing VM operation: HandshakeAllThreads done

Events (20 events):
Event: 1.453 loading class java/util/LinkedList$ListItr
Event: 1.453 loading class java/util/LinkedList$ListItr done
Event: 1.468 loading class sun/nio/fs/WindowsChannelFactory
Event: 1.468 loading class sun/nio/fs/WindowsChannelFactory done
Event: 1.468 loading class sun/nio/fs/WindowsChannelFactory$1
Event: 1.469 loading class sun/nio/fs/WindowsChannelFactory$1 done
Event: 1.469 loading class sun/nio/fs/WindowsChannelFactory$Flags
Event: 1.469 loading class sun/nio/fs/WindowsChannelFactory$Flags done
Event: 1.469 loading class sun/nio/ch/FileChannelImpl$Closer
Event: 1.470 loading class sun/nio/ch/FileChannelImpl$Closer done
Event: 1.512 Thread 0x000002a32746c220 Thread added: 0x000002a32746c220
Event: 1.517 Thread 0x000002a32746c9c0 Thread added: 0x000002a32746c9c0
Event: 1.519 loading class java/util/concurrent/CountDownLatch
Event: 1.519 loading class java/util/concurrent/CountDownLatch done
Event: 1.519 loading class java/util/concurrent/CountDownLatch$Sync
Event: 1.519 loading class java/util/concurrent/CountDownLatch$Sync done
Event: 1.521 loading class java/util/concurrent/locks/AbstractQueuedSynchronizer$SharedNode
Event: 1.521 loading class java/util/concurrent/locks/AbstractQueuedSynchronizer$SharedNode done
Event: 1.549 loading class java/lang/IllegalAccessError
Event: 1.549 loading class java/lang/IllegalAccessError done


Dynamic libraries:
0x00007ff6005d0000 - 0x00007ff6005de000 	c:\Users\ochie\.vscode\extensions\redhat.java-1.18.0-win32-x64\jre\17.0.7-win32-x86_64\bin\java.exe
0x00007ffe8a370000 - 0x00007ffe8a584000 	C:\WINDOWS\SYSTEM32\ntdll.dll
0x00007ffe88860000 - 0x00007ffe88922000 	C:\WINDOWS\System32\KERNEL32.DLL
0x00007ffe87dc0000 - 0x00007ffe88163000 	C:\WINDOWS\System32\KERNELBASE.dll
0x00007ffe87a60000 - 0x00007ffe87b71000 	C:\WINDOWS\System32\ucrtbase.dll
0x00007ffe77880000 - 0x00007ffe77897000 	c:\Users\ochie\.vscode\extensions\redhat.java-1.18.0-win32-x64\jre\17.0.7-win32-x86_64\bin\jli.dll
0x00007ffe70220000 - 0x00007ffe70239000 	c:\Users\ochie\.vscode\extensions\redhat.java-1.18.0-win32-x64\jre\17.0.7-win32-x86_64\bin\VCRUNTIME140.dll
0x00007ffe89a70000 - 0x00007ffe89c1b000 	C:\WINDOWS\System32\USER32.dll
0x00007ffe87a30000 - 0x00007ffe87a56000 	C:\WINDOWS\System32\win32u.dll
0x00007ffe6f4b0000 - 0x00007ffe6f73e000 	C:\WINDOWS\WinSxS\amd64_microsoft.windows.common-controls_6595b64144ccf1df_6.0.22621.1635_none_270f70857386168e\COMCTL32.dll
0x00007ffe885e0000 - 0x00007ffe88609000 	C:\WINDOWS\System32\GDI32.dll
0x00007ffe87b80000 - 0x00007ffe87c98000 	C:\WINDOWS\System32\gdi32full.dll
0x00007ffe884a0000 - 0x00007ffe88547000 	C:\WINDOWS\System32\msvcrt.dll
0x00007ffe87ca0000 - 0x00007ffe87d3a000 	C:\WINDOWS\System32\msvcp_win.dll
0x00007ffe883f0000 - 0x00007ffe88421000 	C:\WINDOWS\System32\IMM32.DLL
0x00007ffe7ff60000 - 0x00007ffe7ff6c000 	c:\Users\ochie\.vscode\extensions\redhat.java-1.18.0-win32-x64\jre\17.0.7-win32-x86_64\bin\vcruntime140_1.dll
0x00007ffe236b0000 - 0x00007ffe23741000 	c:\Users\ochie\.vscode\extensions\redhat.java-1.18.0-win32-x64\jre\17.0.7-win32-x86_64\bin\msvcp140.dll
0x00007ffe1b770000 - 0x00007ffe1c3b8000 	c:\Users\ochie\.vscode\extensions\redhat.java-1.18.0-win32-x64\jre\17.0.7-win32-x86_64\bin\server\jvm.dll
0x00007ffe8a180000 - 0x00007ffe8a22e000 	C:\WINDOWS\System32\ADVAPI32.dll
0x00007ffe88b60000 - 0x00007ffe88c04000 	C:\WINDOWS\System32\sechost.dll
0x00007ffe88610000 - 0x00007ffe88727000 	C:\WINDOWS\System32\RPCRT4.dll
0x00007ffe80c00000 - 0x00007ffe80c09000 	C:\WINDOWS\SYSTEM32\WSOCK32.dll
0x00007ffe80440000 - 0x00007ffe8044a000 	C:\WINDOWS\SYSTEM32\VERSION.dll
0x00007ffe80220000 - 0x00007ffe80254000 	C:\WINDOWS\SYSTEM32\WINMM.dll
0x00007ffe89c20000 - 0x00007ffe89c91000 	C:\WINDOWS\System32\WS2_32.dll
0x00007ffe867a0000 - 0x00007ffe867b8000 	C:\WINDOWS\SYSTEM32\kernel.appcore.dll
0x00007ffe775e0000 - 0x00007ffe775ea000 	c:\Users\ochie\.vscode\extensions\redhat.java-1.18.0-win32-x64\jre\17.0.7-win32-x86_64\bin\jimage.dll
0x00007ffe85150000 - 0x00007ffe8537e000 	C:\WINDOWS\SYSTEM32\DBGHELP.DLL
0x00007ffe88c10000 - 0x00007ffe88f99000 	C:\WINDOWS\System32\combase.dll
0x00007ffe88170000 - 0x00007ffe88247000 	C:\WINDOWS\System32\OLEAUT32.dll
0x00007ffe73ac0000 - 0x00007ffe73af2000 	C:\WINDOWS\SYSTEM32\dbgcore.DLL
0x00007ffe87d40000 - 0x00007ffe87dbb000 	C:\WINDOWS\System32\bcryptPrimitives.dll
0x00007ffe775c0000 - 0x00007ffe775ce000 	c:\Users\ochie\.vscode\extensions\redhat.java-1.18.0-win32-x64\jre\17.0.7-win32-x86_64\bin\instrument.dll
0x00007ffe56080000 - 0x00007ffe560a5000 	c:\Users\ochie\.vscode\extensions\redhat.java-1.18.0-win32-x64\jre\17.0.7-win32-x86_64\bin\java.dll
0x00007ffe6b1f0000 - 0x00007ffe6b208000 	c:\Users\ochie\.vscode\extensions\redhat.java-1.18.0-win32-x64\jre\17.0.7-win32-x86_64\bin\zip.dll
0x00007ffe88fa0000 - 0x00007ffe8979a000 	C:\WINDOWS\System32\SHELL32.dll
0x00007ffe85740000 - 0x00007ffe8600e000 	C:\WINDOWS\SYSTEM32\windows.storage.dll
0x00007ffe85600000 - 0x00007ffe8573e000 	C:\WINDOWS\SYSTEM32\wintypes.dll
0x00007ffe8a230000 - 0x00007ffe8a321000 	C:\WINDOWS\System32\SHCORE.dll
0x00007ffe88930000 - 0x00007ffe8898e000 	C:\WINDOWS\System32\shlwapi.dll
0x00007ffe876c0000 - 0x00007ffe876e1000 	C:\WINDOWS\SYSTEM32\profapi.dll
0x00007ffe5b060000 - 0x00007ffe5b079000 	C:\Users\ochie\.vscode\extensions\redhat.java-1.18.0-win32-x64\jre\17.0.7-win32-x86_64\bin\net.dll
0x00007ffe7f6e0000 - 0x00007ffe7f817000 	C:\WINDOWS\SYSTEM32\WINHTTP.dll
0x00007ffe86cf0000 - 0x00007ffe86d59000 	C:\WINDOWS\system32\mswsock.dll
0x00007ffe57e50000 - 0x00007ffe57e65000 	C:\Users\ochie\.vscode\extensions\redhat.java-1.18.0-win32-x64\jre\17.0.7-win32-x86_64\bin\nio.dll
0x00007ffe72b20000 - 0x00007ffe72b30000 	c:\Users\ochie\.vscode\extensions\redhat.java-1.18.0-win32-x64\jre\17.0.7-win32-x86_64\bin\verify.dll
0x00007ffe533e0000 - 0x00007ffe5341e000 	C:\Users\ochie\AppData\Roaming\Code\User\globalStorage\redhat.java\1.18.0\config_ss_win\org.eclipse.equinox.launcher\org.eclipse.equinox.launcher.win32.win32.x86_64_1.2.700.v20221108-1024\eclipse_11801.dll
0x00007ffe88250000 - 0x00007ffe883ec000 	C:\WINDOWS\System32\ole32.dll

dbghelp: loaded successfully - version: 4.0.5 - missing functions: none
symbol engine: initialized successfully - sym options: 0x614 - pdb path: .;c:\Users\ochie\.vscode\extensions\redhat.java-1.18.0-win32-x64\jre\17.0.7-win32-x86_64\bin;C:\WINDOWS\SYSTEM32;C:\WINDOWS\WinSxS\amd64_microsoft.windows.common-controls_6595b64144ccf1df_6.0.22621.1635_none_270f70857386168e;c:\Users\ochie\.vscode\extensions\redhat.java-1.18.0-win32-x64\jre\17.0.7-win32-x86_64\bin\server;C:\Users\ochie\AppData\Roaming\Code\User\globalStorage\redhat.java\1.18.0\config_ss_win\org.eclipse.equinox.launcher\org.eclipse.equinox.launcher.win32.win32.x86_64_1.2.700.v20221108-1024

VM Arguments:
jvm_args: --add-modules=ALL-SYSTEM --add-opens=java.base/java.util=ALL-UNNAMED --add-opens=java.base/java.lang=ALL-UNNAMED --add-opens=java.base/sun.nio.fs=ALL-UNNAMED -Declipse.application=org.eclipse.jdt.ls.core.id1 -Dosgi.bundles.defaultStartLevel=4 -Declipse.product=org.eclipse.jdt.ls.core.product -Djava.import.generatesMetadataFilesAtProjectRoot=false -Dfile.encoding=utf8 -XX:+UseParallelGC -XX:GCTimeRatio=4 -XX:AdaptiveSizePolicyWeight=90 -Dsun.zip.disableMemoryMapping=true -Xmx1G -Xms100m -Xlog:disable -javaagent:c:\Users\ochie\.vscode\extensions\redhat.java-1.18.0-win32-x64\lombok\lombok-1.18.27.jar 
java_command: c:\Users\ochie\.vscode\extensions\redhat.java-1.18.0-win32-x64\server\plugins\org.eclipse.equinox.launcher_1.6.400.v20210924-0641.jar -configuration c:\Users\ochie\AppData\Roaming\Code\User\globalStorage\redhat.java\1.18.0\config_ss_win -data c:\Users\ochie\AppData\Roaming\Code\User\workspaceStorage\ce7bc04b3091483ce11aded7c9977b2e\redhat.java\ss_ws
java_class_path (initial): c:\Users\ochie\.vscode\extensions\redhat.java-1.18.0-win32-x64\server\plugins\org.eclipse.equinox.launcher_1.6.400.v20210924-0641.jar
Launcher Type: SUN_STANDARD

[Global flags]
    uintx AdaptiveSizePolicyWeight                 = 90                                        {product} {command line}
     intx CICompilerCount                          = 4                                         {product} {ergonomic}
    uintx GCTimeRatio                              = 4                                         {product} {command line}
   size_t InitialHeapSize                          = 104857600                                 {product} {command line}
   size_t MaxHeapSize                              = 1073741824                                {product} {command line}
   size_t MaxNewSize                               = 357564416                                 {product} {ergonomic}
   size_t MinHeapDeltaBytes                        = 524288                                    {product} {ergonomic}
   size_t MinHeapSize                              = 104857600                                 {product} {command line}
   size_t NewSize                                  = 34603008                                  {product} {ergonomic}
    uintx NonNMethodCodeHeapSize                   = 5839372                                {pd product} {ergonomic}
    uintx NonProfiledCodeHeapSize                  = 122909434                              {pd product} {ergonomic}
   size_t OldSize                                  = 70254592                                  {product} {ergonomic}
    uintx ProfiledCodeHeapSize                     = 122909434                              {pd product} {ergonomic}
    uintx ReservedCodeCacheSize                    = 251658240                              {pd product} {ergonomic}
     bool SegmentedCodeCache                       = true                                      {product} {ergonomic}
   size_t SoftMaxHeapSize                          = 1073741824                             {manageable} {ergonomic}
     bool UseCompressedClassPointers               = true                           {product lp64_product} {ergonomic}
     bool UseCompressedOops                        = true                           {product lp64_product} {ergonomic}
     bool UseLargePagesIndividualAllocation        = false                                  {pd product} {ergonomic}
     bool UseParallelGC                            = true                                      {product} {command line}

Logging:
Log output configuration:
 #0: stdout all=off uptime,level,tags
 #1: stderr all=off uptime,level,tags

Environment Variables:
JAVA_HOME=C:\Program Files\Microsoft\jdk-11.0.18.10-hotspot\
PATH=C:\Python311\Scripts\;C:\Python311\;C:\WINDOWS\system32;C:\WINDOWS;C:\WINDOWS\System32\Wbem;C:\WINDOWS\System32\WindowsPowerShell\v1.0\;C:\WINDOWS\System32\OpenSSH\;C:\ProgramData\chocolatey\bin;C:\xampp\php;C:\ProgramData\ComposerSetup\bin;C:\Program Files (x86)\dotnet\;C:\Python311\Lib\site-packages\django\;C:\Program Files\Git\cmd;C:\Program Files\OpenSSL-Win64\bin;C:\Program Files\nodejs\;C:\Program Files\Microsoft\jdk-11.0.18.10-hotspot\bin;C:\Users\ochie\AppData\Local\Microsoft\WindowsApps;C:\Users\ochie\AppData\Local\Programs\Microsoft VS Code\bin;C:\Users\ochie\AppData\Roaming\Composer\vendor\bin;C:\Program Files\JetBrains\PyCharm Community Edition 2022.3.1\bin;;C:\Python311\;C:\Python311\Scripts\;C:\Python311\Lib\site-packages\django\;C:\Users\ochie\AppData\Roaming\npm;C:\Users\ochie\AppData\Local\Android\Sdk\platform-tools
USERNAME=ochie
OS=Windows_NT
PROCESSOR_IDENTIFIER=Intel64 Family 6 Model 158 Stepping 10, GenuineIntel
TMP=C:\Users\ochie\AppData\Local\Temp
TEMP=C:\Users\ochie\AppData\Local\Temp



---------------  S Y S T E M  ---------------

OS:
 Windows 11 , 64 bit Build 22621 (10.0.22621.1635)
OS uptime: 3 days 23:41 hours
Hyper-V role detected

CPU: total 8 (initial active 8) (4 cores per cpu, 2 threads per core) family 6 model 158 stepping 10 microcode 0xf0, cx8, cmov, fxsr, ht, mmx, 3dnowpref, sse, sse2, sse3, ssse3, sse4.1, sse4.2, popcnt, lzcnt, tsc, tscinvbit, avx, avx2, aes, erms, clmul, bmi1, bmi2, adx, fma, vzeroupper, clflush, clflushopt, hv

Memory: 4k page, system-wide physical 12169M (577M free)
TotalPageFile size 27283M (AvailPageFile size 0M)
current process WorkingSet (physical memory assigned to process): 87M, peak: 87M
current process commit charge ("private bytes"): 209M, peak: 209M

vm_info: OpenJDK 64-Bit Server VM (17.0.7+7) for windows-amd64 JRE (17.0.7+7), built on Apr 18 2023 22:10:42 by "temurin" with MS VC++ 16.7 (VS2019)

END.
