#
# There is insufficient memory for the Java Runtime Environment to continue.
# Native memory allocation (mmap) failed to map 65536 bytes for Failed to commit metaspace.
# Possible reasons:
#   The system is out of physical RAM or swap space
#   The process is running with CompressedOops enabled, and the Java Heap may be blocking the growth of the native heap
# Possible solutions:
#   Reduce memory load on the system
#   Increase physical memory or swap space
#   Check if swap backing store is full
#   Decrease Java heap size (-Xmx/-Xms)
#   Decrease number of Java threads
#   Decrease Java thread stack sizes (-Xss)
#   Set larger code cache with -XX:ReservedCodeCacheSize=
#   JVM is running with Unscaled Compressed Oops mode in which the Java heap is
#     placed in the first 4GB address space. The Java Heap base address is the
#     maximum limit for the native heap growth. Please use -XX:HeapBaseMinAddress
#     to set the Java Heap base and to place the Java Heap above 4GB virtual address.
# This output file may be truncated or incomplete.
#
#  Out of Memory Error (virtualSpaceNode.cpp:110), pid=2088, tid=20456
#
# JRE version: OpenJDK Runtime Environment Temurin-17.0.7+7 (17.0.7+7) (build 17.0.7+7)
# Java VM: OpenJDK 64-Bit Server VM Temurin-17.0.7+7 (17.0.7+7, mixed mode, tiered, compressed oops, compressed class ptrs, parallel gc, windows-amd64)
# No core dump will be written. Minidumps are not enabled by default on client versions of Windows
#

---------------  S U M M A R Y ------------

Command Line: --add-modules=ALL-SYSTEM --add-opens=java.base/java.util=ALL-UNNAMED --add-opens=java.base/java.lang=ALL-UNNAMED --add-opens=java.base/sun.nio.fs=ALL-UNNAMED -Declipse.application=org.eclipse.jdt.ls.core.id1 -Dosgi.bundles.defaultStartLevel=4 -Declipse.product=org.eclipse.jdt.ls.core.product -Djava.import.generatesMetadataFilesAtProjectRoot=false -Dfile.encoding=utf8 -XX:+UseParallelGC -XX:GCTimeRatio=4 -XX:AdaptiveSizePolicyWeight=90 -Dsun.zip.disableMemoryMapping=true -Xmx1G -Xms100m -Xlog:disable -javaagent:c:\Users\ochie\.vscode\extensions\redhat.java-1.18.0-win32-x64\lombok\lombok-1.18.27.jar c:\Users\ochie\.vscode\extensions\redhat.java-1.18.0-win32-x64\server\plugins\org.eclipse.equinox.launcher_1.6.400.v20210924-0641.jar -configuration c:\Users\ochie\AppData\Roaming\Code\User\globalStorage\redhat.java\1.18.0\config_ss_win -data c:\Users\ochie\AppData\Roaming\Code\User\workspaceStorage\ce7bc04b3091483ce11aded7c9977b2e\redhat.java\ss_ws

Host: Intel(R) Core(TM) i5-8300H CPU @ 2.30GHz, 8 cores, 11G,  Windows 11 , 64 bit Build 22621 (10.0.22621.1635)
Time: Mon May  1 16:50:21 2023 E. Africa Standard Time elapsed time: 0.406899 seconds (0d 0h 0m 0s)

---------------  T H R E A D  ---------------

Current thread (0x00000286345d1db0):  JavaThread "main" [_thread_in_vm, id=20456, stack(0x000000c680c00000,0x000000c680d00000)]

Stack: [0x000000c680c00000,0x000000c680d00000]
Native frames: (J=compiled Java code, j=interpreted, Vv=VM code, C=native code)
V  [jvm.dll+0x67754a]
V  [jvm.dll+0x834304]
V  [jvm.dll+0x835aae]
V  [jvm.dll+0x836113]
V  [jvm.dll+0x24696f]
V  [jvm.dll+0x83039b]
V  [jvm.dll+0x61c006]
V  [jvm.dll+0x61c06a]
V  [jvm.dll+0x61e89a]
V  [jvm.dll+0x61c9a6]
V  [jvm.dll+0x23c350]
V  [jvm.dll+0x1ebe5d]
V  [jvm.dll+0x1e1891]
V  [jvm.dll+0x53ea50]
V  [jvm.dll+0x1f2067]
V  [jvm.dll+0x7af05b]
V  [jvm.dll+0x7b0402]
V  [jvm.dll+0x7b0738]
V  [jvm.dll+0x23ec6e]
V  [jvm.dll+0x23eebf]
V  [jvm.dll+0x55c0a8]
V  [jvm.dll+0x55ef57]
V  [jvm.dll+0x384a64]
V  [jvm.dll+0x3840cf]
C  0x000002863e799ca3

Java frames: (J=compiled Java code, j=interpreted, Vv=VM code)
j  sun.nio.fs.WindowsFileAttributeViews$Basic.readAttributes()Lsun/nio/fs/WindowsFileAttributes;+15 java.base@17.0.7
j  sun.nio.fs.WindowsFileAttributeViews$Basic.readAttributes()Ljava/nio/file/attribute/BasicFileAttributes;+1 java.base@17.0.7
j  sun.nio.fs.WindowsFileSystemProvider.readAttributes(Ljava/nio/file/Path;Ljava/lang/Class;[Ljava/nio/file/LinkOption;)Ljava/nio/file/attribute/BasicFileAttributes;+57 java.base@17.0.7
j  java.nio.file.Files.readAttributes(Ljava/nio/file/Path;Ljava/lang/Class;[Ljava/nio/file/LinkOption;)Ljava/nio/file/attribute/BasicFileAttributes;+7 java.base@17.0.7
j  java.util.zip.ZipFile$Source.get(Ljava/io/File;ZLjava/util/zip/ZipCoder;)Ljava/util/zip/ZipFile$Source;+15 java.base@17.0.7
j  java.util.zip.ZipFile$CleanableResource.<init>(Ljava/util/zip/ZipFile;Ljava/util/zip/ZipCoder;Ljava/io/File;I)V+56 java.base@17.0.7
j  java.util.zip.ZipFile.<init>(Ljava/io/File;ILjava/nio/charset/Charset;)V+123 java.base@17.0.7
j  java.util.zip.ZipFile.<init>(Ljava/io/File;I)V+6 java.base@17.0.7
j  java.util.jar.JarFile.<init>(Ljava/io/File;ZILjava/lang/Runtime$Version;)V+3 java.base@17.0.7
j  jdk.internal.loader.URLClassPath$JarLoader.getJarFile(Ljava/net/URL;)Ljava/util/jar/JarFile;+56 java.base@17.0.7
j  jdk.internal.loader.URLClassPath$JarLoader$1.run()Ljava/lang/Void;+55 java.base@17.0.7
j  jdk.internal.loader.URLClassPath$JarLoader$1.run()Ljava/lang/Object;+1 java.base@17.0.7
j  java.security.AccessController.executePrivileged(Ljava/security/PrivilegedExceptionAction;Ljava/security/AccessControlContext;Ljava/lang/Class;)Ljava/lang/Object;+29 java.base@17.0.7
j  java.security.AccessController.doPrivileged(Ljava/security/PrivilegedExceptionAction;Ljava/security/AccessControlContext;)Ljava/lang/Object;+13 java.base@17.0.7
j  jdk.internal.loader.URLClassPath$JarLoader.ensureOpen()V+19 java.base@17.0.7
j  jdk.internal.loader.URLClassPath$JarLoader.<init>(Ljava/net/URL;Ljava/net/URLStreamHandler;Ljava/util/HashMap;Ljava/security/AccessControlContext;)V+63 java.base@17.0.7
j  jdk.internal.loader.URLClassPath$3.run()Ljdk/internal/loader/URLClassPath$Loader;+168 java.base@17.0.7
j  jdk.internal.loader.URLClassPath$3.run()Ljava/lang/Object;+1 java.base@17.0.7
j  java.security.AccessController.executePrivileged(Ljava/security/PrivilegedExceptionAction;Ljava/security/AccessControlContext;Ljava/lang/Class;)Ljava/lang/Object;+29 java.base@17.0.7
j  java.security.AccessController.doPrivileged(Ljava/security/PrivilegedExceptionAction;Ljava/security/AccessControlContext;)Ljava/lang/Object;+13 java.base@17.0.7
j  jdk.internal.loader.URLClassPath.getLoader(Ljava/net/URL;)Ljdk/internal/loader/URLClassPath$Loader;+13 java.base@17.0.7
j  jdk.internal.loader.URLClassPath.getLoader(I)Ljdk/internal/loader/URLClassPath$Loader;+81 java.base@17.0.7
j  jdk.internal.loader.URLClassPath.getResource(Ljava/lang/String;Z)Ljdk/internal/loader/Resource;+42 java.base@17.0.7
j  jdk.internal.loader.BuiltinClassLoader.findClassOnClassPathOrNull(Ljava/lang/String;)Ljava/lang/Class;+26 java.base@17.0.7
j  jdk.internal.loader.BuiltinClassLoader.loadClassOrNull(Ljava/lang/String;Z)Ljava/lang/Class;+111 java.base@17.0.7
j  jdk.internal.loader.BuiltinClassLoader.loadClass(Ljava/lang/String;Z)Ljava/lang/Class;+3 java.base@17.0.7
j  jdk.internal.loader.ClassLoaders$AppClassLoader.loadClass(Ljava/lang/String;Z)Ljava/lang/Class;+36 java.base@17.0.7
j  java.lang.ClassLoader.loadClass(Ljava/lang/String;)Ljava/lang/Class;+3 java.base@17.0.7
j  sun.instrument.InstrumentationImpl.loadClassAndStartAgent(Ljava/lang/String;Ljava/lang/String;Ljava/lang/String;)V+8 java.instrument@17.0.7
j  sun.instrument.InstrumentationImpl.loadClassAndCallPremain(Ljava/lang/String;Ljava/lang/String;)V+6 java.instrument@17.0.7
v  ~StubRoutines::call_stub

---------------  P R O C E S S  ---------------

Threads class SMR info:
_java_thread_list=0x000002864d81f090, length=11, elements={
0x00000286345d1db0, 0x000002864844a020, 0x000002864844b080, 0x000002864d697bc0,
0x000002864d6c3110, 0x000002864d6c3bd0, 0x000002864d6c4690, 0x000002864d6c5430,
0x000002864d715200, 0x000002864d742c20, 0x0000028634633200
}

Java Threads: ( => current thread )
=>0x00000286345d1db0 JavaThread "main" [_thread_in_vm, id=20456, stack(0x000000c680c00000,0x000000c680d00000)]
  0x000002864844a020 JavaThread "Reference Handler" daemon [_thread_blocked, id=7900, stack(0x000000c680f00000,0x000000c681000000)]
  0x000002864844b080 JavaThread "Finalizer" daemon [_thread_blocked, id=15112, stack(0x000000c681000000,0x000000c681100000)]
  0x000002864d697bc0 JavaThread "Signal Dispatcher" daemon [_thread_blocked, id=12136, stack(0x000000c681100000,0x000000c681200000)]
  0x000002864d6c3110 JavaThread "Attach Listener" daemon [_thread_blocked, id=9664, stack(0x000000c681200000,0x000000c681300000)]
  0x000002864d6c3bd0 JavaThread "Service Thread" daemon [_thread_blocked, id=5740, stack(0x000000c681300000,0x000000c681400000)]
  0x000002864d6c4690 JavaThread "Monitor Deflation Thread" daemon [_thread_blocked, id=6480, stack(0x000000c681400000,0x000000c681500000)]
  0x000002864d6c5430 JavaThread "C2 CompilerThread0" daemon [_thread_blocked, id=7344, stack(0x000000c681500000,0x000000c681600000)]
  0x000002864d715200 JavaThread "C1 CompilerThread0" daemon [_thread_blocked, id=15264, stack(0x000000c681600000,0x000000c681700000)]
  0x000002864d742c20 JavaThread "Sweeper thread" daemon [_thread_blocked, id=17016, stack(0x000000c681700000,0x000000c681800000)]
  0x0000028634633200 JavaThread "Common-Cleaner" daemon [_thread_blocked, id=13024, stack(0x000000c681800000,0x000000c681900000)]

Other Threads:
  0x0000028634655fa0 VMThread "VM Thread" [stack: 0x000000c680e00000,0x000000c680f00000] [id=5316]
  0x00000286345e6880 GCTaskThread "GC Thread#0" [stack: 0x000000c680d00000,0x000000c680e00000] [id=13280]

Threads with active compile tasks:

VM state: not at safepoint (normal execution)

VM Mutex/Monitor currently owned by a thread:  ([mutex/lock_event])
[0x00000286345cc180] Metaspace_lock - owner thread: 0x00000286345d1db0

Heap address: 0x00000000c0000000, size: 1024 MB, Compressed Oops mode: 32-bit

CDS archive(s) not mapped
Compressed class space mapped at: 0x0000000100000000-0x0000000140000000, reserved size: 1073741824
Narrow klass base: 0x0000000000000000, Narrow klass shift: 3, Narrow klass range: 0x140000000

GC Precious Log:
 CPUs: 8 total, 8 available
 Memory: 12169M
 Large Page Support: Disabled
 NUMA Support: Disabled
 Compressed Oops: Enabled (32-bit)
 Alignments: Space 512K, Generation 512K, Heap 2M
 Heap Min Capacity: 100M
 Heap Initial Capacity: 100M
 Heap Max Capacity: 1G
 Pre-touch: Disabled
 Parallel Workers: 8

Heap:
 PSYoungGen      total 29696K, used 2560K [0x00000000eab00000, 0x00000000ecc00000, 0x0000000100000000)
  eden space 25600K, 10% used [0x00000000eab00000,0x00000000ead803d8,0x00000000ec400000)
  from space 4096K, 0% used [0x00000000ec800000,0x00000000ec800000,0x00000000ecc00000)
  to   space 4096K, 0% used [0x00000000ec400000,0x00000000ec400000,0x00000000ec800000)
 ParOldGen       total 68608K, used 0K [0x00000000c0000000, 0x00000000c4300000, 0x00000000eab00000)
  object space 68608K, 0% used [0x00000000c0000000,0x00000000c0000000,0x00000000c4300000)
 Metaspace       used 4873K, committed 4992K, reserved 1114112K
  class space    used 455K, committed 512K, reserved 1048576K

Card table byte_map: [0x0000028633f80000,0x0000028634190000] _byte_map_base: 0x0000028633980000

Marking Bits: (ParMarkBitMap*) 0x00007ffe1c2f52c0
 Begin Bits: [0x0000028646250000, 0x0000028647250000)
 End Bits:   [0x0000028647250000, 0x0000028648250000)

Polling page: 0x0000028632750000

Metaspace:

Usage:
  Non-class:      4.31 MB used.
      Class:    455.88 KB used.
       Both:      4.76 MB used.

Virtual space:
  Non-class space:       64.00 MB reserved,       4.38 MB (  7%) committed,  1 nodes.
      Class space:        1.00 GB reserved,     512.00 KB ( <1%) committed,  1 nodes.
             Both:        1.06 GB reserved,       4.88 MB ( <1%) committed. 

Chunk freelists:
   Non-Class:  11.00 MB
       Class:  15.53 MB
        Both:  26.52 MB

MaxMetaspaceSize: unlimited
CompressedClassSpaceSize: 1.00 GB
Initial GC threshold: 21.00 MB
Current GC threshold: 21.00 MB
CDS: off
MetaspaceReclaimPolicy: balanced
 - commit_granule_bytes: 65536.
 - commit_granule_words: 8192.
 - virtual_space_node_default_size: 8388608.
 - enlarge_chunks_in_place: 1.
 - new_chunks_are_fully_committed: 0.
 - uncommit_free_chunks: 1.
 - use_allocation_guard: 0.
 - handle_deallocations: 1.


Internal statistics:

num_allocs_failed_limit: 0.
num_arena_births: 6.
num_arena_deaths: 0.
num_vsnodes_births: 2.
num_vsnodes_deaths: 0.
num_space_committed: 78.
num_space_uncommitted: 0.
num_chunks_returned_to_freelist: 0.
num_chunks_taken_from_freelist: 11.
num_chunk_merges: 0.
num_chunk_splits: 5.
num_chunks_enlarged: 2.
num_inconsistent_stats: 0.

CodeHeap 'non-profiled nmethods': size=120000Kb used=63Kb max_used=63Kb free=119937Kb
 bounds [0x000002863ed20000, 0x000002863ef90000, 0x0000028646250000]
CodeHeap 'profiled nmethods': size=120000Kb used=218Kb max_used=218Kb free=119781Kb
 bounds [0x0000028637250000, 0x00000286374c0000, 0x000002863e780000]
CodeHeap 'non-nmethods': size=5760Kb used=1072Kb max_used=1084Kb free=4687Kb
 bounds [0x000002863e780000, 0x000002863e9f0000, 0x000002863ed20000]
 total_blobs=544 nmethods=201 adapters=258
 compilation: enabled
              stopped_count=0, restarted_count=0
 full_count=0

Compilation events (20 events):
Event: 0.360 Thread 0x000002864d715200 nmethod 192 0x0000028637284110 code [0x00000286372842a0, 0x0000028637284478]
Event: 0.360 Thread 0x000002864d715200  193       1       java.lang.Class::getModule (5 bytes)
Event: 0.360 Thread 0x000002864d715200 nmethod 193 0x000002863ed2e010 code [0x000002863ed2e1a0, 0x000002863ed2e278]
Event: 0.360 Thread 0x000002864d715200  195       3       jdk.internal.org.objectweb.asm.SymbolTable$Entry::<init> (17 bytes)
Event: 0.360 Thread 0x000002864d715200 nmethod 195 0x0000028637284510 code [0x00000286372846c0, 0x0000028637284848]
Event: 0.360 Thread 0x000002864d715200  194       3       jdk.internal.org.objectweb.asm.ByteVector::putByte (39 bytes)
Event: 0.360 Thread 0x000002864d715200 nmethod 194 0x0000028637284910 code [0x0000028637284ac0, 0x0000028637284ca8]
Event: 0.364 Thread 0x000002864d6c5430 nmethod 161 0x000002863ed2e710 code [0x000002863ed2e8e0, 0x000002863ed2eff8]
Event: 0.364 Thread 0x000002864d6c5430  162       4       java.util.HashMap::newNode (13 bytes)
Event: 0.366 Thread 0x000002864d6c5430 nmethod 162 0x000002863ed2f510 code [0x000002863ed2f6a0, 0x000002863ed2f7b8]
Event: 0.369 Thread 0x000002864d715200  197       3       java.lang.StringLatin1::indexOf (36 bytes)
Event: 0.369 Thread 0x000002864d715200 nmethod 197 0x0000028637284e10 code [0x0000028637284fe0, 0x0000028637285418]
Event: 0.377 Thread 0x000002864d6c5430  198       4       java.lang.String::charAt (25 bytes)
Event: 0.378 Thread 0x000002864d715200  199       3       java.lang.AbstractStringBuilder::append (77 bytes)
Event: 0.378 Thread 0x000002864d6c5430 nmethod 198 0x000002863ed2f890 code [0x000002863ed2fa00, 0x000002863ed2fad8]
Event: 0.378 Thread 0x000002864d715200 nmethod 199 0x0000028637285590 code [0x00000286372857a0, 0x0000028637285e28]
Event: 0.380 Thread 0x000002864d715200  200       3       java.io.WinNTFileSystem::isSlash (18 bytes)
Event: 0.380 Thread 0x000002864d715200 nmethod 200 0x0000028637286090 code [0x0000028637286220, 0x00000286372863b8]
Event: 0.398 Thread 0x000002864d715200  201       3       java.lang.String::indexOf (7 bytes)
Event: 0.398 Thread 0x000002864d715200 nmethod 201 0x0000028637286490 code [0x0000028637286660, 0x0000028637286978]

GC Heap History (0 events):
No events

Dll operation events (3 events):
Event: 0.022 Loaded shared library c:\Users\ochie\.vscode\extensions\redhat.java-1.18.0-win32-x64\jre\17.0.7-win32-x86_64\bin\java.dll
Event: 0.366 Loaded shared library c:\Users\ochie\.vscode\extensions\redhat.java-1.18.0-win32-x64\jre\17.0.7-win32-x86_64\bin\zip.dll
Event: 0.372 Loaded shared library C:\Users\ochie\.vscode\extensions\redhat.java-1.18.0-win32-x64\jre\17.0.7-win32-x86_64\bin\instrument.dll

Deoptimization events (0 events):
No events

Classes unloaded (0 events):
No events

Classes redefined (0 events):
No events

Internal exceptions (1 events):
Event: 0.319 Thread 0x00000286345d1db0 Exception <a 'java/lang/NoSuchMethodError'{0x00000000eacb2850}: 'void java.lang.invoke.DirectMethodHandle$Holder.invokeStatic(java.lang.Object, java.lang.Object, java.lang.Object)'> (0x00000000eacb2850) 
thrown [s\src\hotspot\share\interpreter\linkResolver.cpp, line 759]

VM Operations (2 events):
Event: 0.329 Executing VM operation: HandshakeAllThreads
Event: 0.329 Executing VM operation: HandshakeAllThreads done

Events (20 events):
Event: 0.401 loading class java/nio/file/attribute/AttributeView done
Event: 0.401 loading class java/nio/file/attribute/FileAttributeView done
Event: 0.401 loading class java/nio/file/attribute/BasicFileAttributeView done
Event: 0.401 loading class sun/nio/fs/Util
Event: 0.401 loading class sun/nio/fs/Util done
Event: 0.401 loading class sun/nio/cs/StandardCharsets$Classes
Event: 0.402 loading class sun/nio/cs/StandardCharsets$Classes done
Event: 0.402 loading class sun/nio/cs/MS1252
Event: 0.402 loading class sun/nio/cs/MS1252 done
Event: 0.402 loading class java/lang/Class$1
Event: 0.402 loading class java/lang/Class$1 done
Event: 0.402 loading class sun/nio/fs/WindowsFileAttributeViews
Event: 0.402 loading class sun/nio/fs/WindowsFileAttributeViews done
Event: 0.403 loading class sun/nio/fs/WindowsFileAttributeViews$Basic
Event: 0.403 loading class sun/nio/fs/AbstractBasicFileAttributeView
Event: 0.403 loading class sun/nio/fs/DynamicFileAttributeView
Event: 0.403 loading class sun/nio/fs/DynamicFileAttributeView done
Event: 0.403 loading class sun/nio/fs/AbstractBasicFileAttributeView done
Event: 0.403 loading class sun/nio/fs/WindowsFileAttributeViews$Basic done
Event: 0.403 loading class sun/nio/fs/WindowsFileAttributes


Dynamic libraries:
0x00007ff6005d0000 - 0x00007ff6005de000 	c:\Users\ochie\.vscode\extensions\redhat.java-1.18.0-win32-x64\jre\17.0.7-win32-x86_64\bin\java.exe
0x00007ffe8a370000 - 0x00007ffe8a584000 	C:\WINDOWS\SYSTEM32\ntdll.dll
0x00007ffe88860000 - 0x00007ffe88922000 	C:\WINDOWS\System32\KERNEL32.DLL
0x00007ffe87dc0000 - 0x00007ffe88163000 	C:\WINDOWS\System32\KERNELBASE.dll
0x00007ffe87a60000 - 0x00007ffe87b71000 	C:\WINDOWS\System32\ucrtbase.dll
0x00007ffe77880000 - 0x00007ffe77897000 	c:\Users\ochie\.vscode\extensions\redhat.java-1.18.0-win32-x64\jre\17.0.7-win32-x86_64\bin\jli.dll
0x00007ffe70220000 - 0x00007ffe70239000 	c:\Users\ochie\.vscode\extensions\redhat.java-1.18.0-win32-x64\jre\17.0.7-win32-x86_64\bin\VCRUNTIME140.dll
0x00007ffe6f4b0000 - 0x00007ffe6f73e000 	C:\WINDOWS\WinSxS\amd64_microsoft.windows.common-controls_6595b64144ccf1df_6.0.22621.1635_none_270f70857386168e\COMCTL32.dll
0x00007ffe89a70000 - 0x00007ffe89c1b000 	C:\WINDOWS\System32\USER32.dll
0x00007ffe884a0000 - 0x00007ffe88547000 	C:\WINDOWS\System32\msvcrt.dll
0x00007ffe87a30000 - 0x00007ffe87a56000 	C:\WINDOWS\System32\win32u.dll
0x00007ffe885e0000 - 0x00007ffe88609000 	C:\WINDOWS\System32\GDI32.dll
0x00007ffe87b80000 - 0x00007ffe87c98000 	C:\WINDOWS\System32\gdi32full.dll
0x00007ffe87ca0000 - 0x00007ffe87d3a000 	C:\WINDOWS\System32\msvcp_win.dll
0x00007ffe883f0000 - 0x00007ffe88421000 	C:\WINDOWS\System32\IMM32.DLL
0x00007ffe7ff60000 - 0x00007ffe7ff6c000 	c:\Users\ochie\.vscode\extensions\redhat.java-1.18.0-win32-x64\jre\17.0.7-win32-x86_64\bin\vcruntime140_1.dll
0x00007ffe236b0000 - 0x00007ffe23741000 	c:\Users\ochie\.vscode\extensions\redhat.java-1.18.0-win32-x64\jre\17.0.7-win32-x86_64\bin\msvcp140.dll
0x00007ffe1b770000 - 0x00007ffe1c3b8000 	c:\Users\ochie\.vscode\extensions\redhat.java-1.18.0-win32-x64\jre\17.0.7-win32-x86_64\bin\server\jvm.dll
0x00007ffe8a180000 - 0x00007ffe8a22e000 	C:\WINDOWS\System32\ADVAPI32.dll
0x00007ffe88b60000 - 0x00007ffe88c04000 	C:\WINDOWS\System32\sechost.dll
0x00007ffe88610000 - 0x00007ffe88727000 	C:\WINDOWS\System32\RPCRT4.dll
0x00007ffe80220000 - 0x00007ffe80254000 	C:\WINDOWS\SYSTEM32\WINMM.dll
0x00007ffe80c00000 - 0x00007ffe80c09000 	C:\WINDOWS\SYSTEM32\WSOCK32.dll
0x00007ffe80440000 - 0x00007ffe8044a000 	C:\WINDOWS\SYSTEM32\VERSION.dll
0x00007ffe89c20000 - 0x00007ffe89c91000 	C:\WINDOWS\System32\WS2_32.dll
0x00007ffe867a0000 - 0x00007ffe867b8000 	C:\WINDOWS\SYSTEM32\kernel.appcore.dll
0x00007ffe775e0000 - 0x00007ffe775ea000 	c:\Users\ochie\.vscode\extensions\redhat.java-1.18.0-win32-x64\jre\17.0.7-win32-x86_64\bin\jimage.dll
0x00007ffe85150000 - 0x00007ffe8537e000 	C:\WINDOWS\SYSTEM32\DBGHELP.DLL
0x00007ffe88c10000 - 0x00007ffe88f99000 	C:\WINDOWS\System32\combase.dll
0x00007ffe88170000 - 0x00007ffe88247000 	C:\WINDOWS\System32\OLEAUT32.dll
0x00007ffe73ac0000 - 0x00007ffe73af2000 	C:\WINDOWS\SYSTEM32\dbgcore.DLL
0x00007ffe87d40000 - 0x00007ffe87dbb000 	C:\WINDOWS\System32\bcryptPrimitives.dll
0x00007ffe775c0000 - 0x00007ffe775ce000 	c:\Users\ochie\.vscode\extensions\redhat.java-1.18.0-win32-x64\jre\17.0.7-win32-x86_64\bin\instrument.dll
0x00007ffe56080000 - 0x00007ffe560a5000 	c:\Users\ochie\.vscode\extensions\redhat.java-1.18.0-win32-x64\jre\17.0.7-win32-x86_64\bin\java.dll
0x00007ffe6b1f0000 - 0x00007ffe6b208000 	c:\Users\ochie\.vscode\extensions\redhat.java-1.18.0-win32-x64\jre\17.0.7-win32-x86_64\bin\zip.dll
0x00007ffe88fa0000 - 0x00007ffe8979a000 	C:\WINDOWS\System32\SHELL32.dll
0x00007ffe85740000 - 0x00007ffe8600e000 	C:\WINDOWS\SYSTEM32\windows.storage.dll
0x00007ffe85600000 - 0x00007ffe8573e000 	C:\WINDOWS\SYSTEM32\wintypes.dll
0x00007ffe8a230000 - 0x00007ffe8a321000 	C:\WINDOWS\System32\SHCORE.dll
0x00007ffe88930000 - 0x00007ffe8898e000 	C:\WINDOWS\System32\shlwapi.dll
0x00007ffe876c0000 - 0x00007ffe876e1000 	C:\WINDOWS\SYSTEM32\profapi.dll

dbghelp: loaded successfully - version: 4.0.5 - missing functions: none
symbol engine: initialized successfully - sym options: 0x614 - pdb path: .;c:\Users\ochie\.vscode\extensions\redhat.java-1.18.0-win32-x64\jre\17.0.7-win32-x86_64\bin;C:\WINDOWS\SYSTEM32;C:\WINDOWS\WinSxS\amd64_microsoft.windows.common-controls_6595b64144ccf1df_6.0.22621.1635_none_270f70857386168e;c:\Users\ochie\.vscode\extensions\redhat.java-1.18.0-win32-x64\jre\17.0.7-win32-x86_64\bin\server

VM Arguments:
jvm_args: --add-modules=ALL-SYSTEM --add-opens=java.base/java.util=ALL-UNNAMED --add-opens=java.base/java.lang=ALL-UNNAMED --add-opens=java.base/sun.nio.fs=ALL-UNNAMED -Declipse.application=org.eclipse.jdt.ls.core.id1 -Dosgi.bundles.defaultStartLevel=4 -Declipse.product=org.eclipse.jdt.ls.core.product -Djava.import.generatesMetadataFilesAtProjectRoot=false -Dfile.encoding=utf8 -XX:+UseParallelGC -XX:GCTimeRatio=4 -XX:AdaptiveSizePolicyWeight=90 -Dsun.zip.disableMemoryMapping=true -Xmx1G -Xms100m -Xlog:disable -javaagent:c:\Users\ochie\.vscode\extensions\redhat.java-1.18.0-win32-x64\lombok\lombok-1.18.27.jar 
java_command: c:\Users\ochie\.vscode\extensions\redhat.java-1.18.0-win32-x64\server\plugins\org.eclipse.equinox.launcher_1.6.400.v20210924-0641.jar -configuration c:\Users\ochie\AppData\Roaming\Code\User\globalStorage\redhat.java\1.18.0\config_ss_win -data c:\Users\ochie\AppData\Roaming\Code\User\workspaceStorage\ce7bc04b3091483ce11aded7c9977b2e\redhat.java\ss_ws
java_class_path (initial): c:\Users\ochie\.vscode\extensions\redhat.java-1.18.0-win32-x64\server\plugins\org.eclipse.equinox.launcher_1.6.400.v20210924-0641.jar
Launcher Type: SUN_STANDARD

[Global flags]
    uintx AdaptiveSizePolicyWeight                 = 90                                        {product} {command line}
     intx CICompilerCount                          = 4                                         {product} {ergonomic}
    uintx GCTimeRatio                              = 4                                         {product} {command line}
   size_t InitialHeapSize                          = 104857600                                 {product} {command line}
   size_t MaxHeapSize                              = 1073741824                                {product} {command line}
   size_t MaxNewSize                               = 357564416                                 {product} {ergonomic}
   size_t MinHeapDeltaBytes                        = 524288                                    {product} {ergonomic}
   size_t MinHeapSize                              = 104857600                                 {product} {command line}
   size_t NewSize                                  = 34603008                                  {product} {ergonomic}
    uintx NonNMethodCodeHeapSize                   = 5839372                                {pd product} {ergonomic}
    uintx NonProfiledCodeHeapSize                  = 122909434                              {pd product} {ergonomic}
   size_t OldSize                                  = 70254592                                  {product} {ergonomic}
    uintx ProfiledCodeHeapSize                     = 122909434                              {pd product} {ergonomic}
    uintx ReservedCodeCacheSize                    = 251658240                              {pd product} {ergonomic}
     bool SegmentedCodeCache                       = true                                      {product} {ergonomic}
   size_t SoftMaxHeapSize                          = 1073741824                             {manageable} {ergonomic}
     bool UseCompressedClassPointers               = true                           {product lp64_product} {ergonomic}
     bool UseCompressedOops                        = true                           {product lp64_product} {ergonomic}
     bool UseLargePagesIndividualAllocation        = false                                  {pd product} {ergonomic}
     bool UseParallelGC                            = true                                      {product} {command line}

Logging:
Log output configuration:
 #0: stdout all=off uptime,level,tags
 #1: stderr all=off uptime,level,tags

Environment Variables:
JAVA_HOME=C:\Program Files\Microsoft\jdk-11.0.18.10-hotspot\
PATH=C:\Python311\Scripts\;C:\Python311\;C:\WINDOWS\system32;C:\WINDOWS;C:\WINDOWS\System32\Wbem;C:\WINDOWS\System32\WindowsPowerShell\v1.0\;C:\WINDOWS\System32\OpenSSH\;C:\ProgramData\chocolatey\bin;C:\xampp\php;C:\ProgramData\ComposerSetup\bin;C:\Program Files (x86)\dotnet\;C:\Python311\Lib\site-packages\django\;C:\Program Files\Git\cmd;C:\Program Files\OpenSSL-Win64\bin;C:\Program Files\nodejs\;C:\Program Files\Microsoft\jdk-11.0.18.10-hotspot\bin;C:\Users\ochie\AppData\Local\Microsoft\WindowsApps;C:\Users\ochie\AppData\Local\Programs\Microsoft VS Code\bin;C:\Users\ochie\AppData\Roaming\Composer\vendor\bin;C:\Program Files\JetBrains\PyCharm Community Edition 2022.3.1\bin;;C:\Python311\;C:\Python311\Scripts\;C:\Python311\Lib\site-packages\django\;C:\Users\ochie\AppData\Roaming\npm;C:\Users\ochie\AppData\Local\Android\Sdk\platform-tools
USERNAME=ochie
OS=Windows_NT
PROCESSOR_IDENTIFIER=Intel64 Family 6 Model 158 Stepping 10, GenuineIntel
TMP=C:\Users\ochie\AppData\Local\Temp
TEMP=C:\Users\ochie\AppData\Local\Temp



---------------  S Y S T E M  ---------------

OS:
 Windows 11 , 64 bit Build 22621 (10.0.22621.1635)
OS uptime: 3 days 23:41 hours
Hyper-V role detected

CPU: total 8 (initial active 8) (4 cores per cpu, 2 threads per core) family 6 model 158 stepping 10 microcode 0xf0, cx8, cmov, fxsr, ht, mmx, 3dnowpref, sse, sse2, sse3, ssse3, sse4.1, sse4.2, popcnt, lzcnt, tsc, tscinvbit, avx, avx2, aes, erms, clmul, bmi1, bmi2, adx, fma, vzeroupper, clflush, clflushopt, hv

Memory: 4k page, system-wide physical 12169M (651M free)
TotalPageFile size 27283M (AvailPageFile size 11M)
current process WorkingSet (physical memory assigned to process): 31M, peak: 31M
current process commit charge ("private bytes"): 184M, peak: 184M

vm_info: OpenJDK 64-Bit Server VM (17.0.7+7) for windows-amd64 JRE (17.0.7+7), built on Apr 18 2023 22:10:42 by "temurin" with MS VC++ 16.7 (VS2019)

END.
