#
# There is insufficient memory for the Java Runtime Environment to continue.
# Native memory allocation (mmap) failed to map 65536 bytes for Failed to commit metaspace.
# Possible reasons:
#   The system is out of physical RAM or swap space
#   The process is running with CompressedOops enabled, and the Java Heap may be blocking the growth of the native heap
# Possible solutions:
#   Reduce memory load on the system
#   Increase physical memory or swap space
#   Check if swap backing store is full
#   Decrease Java heap size (-Xmx/-Xms)
#   Decrease number of Java threads
#   Decrease Java thread stack sizes (-Xss)
#   Set larger code cache with -XX:ReservedCodeCacheSize=
#   JVM is running with Unscaled Compressed Oops mode in which the Java heap is
#     placed in the first 4GB address space. The Java Heap base address is the
#     maximum limit for the native heap growth. Please use -XX:HeapBaseMinAddress
#     to set the Java Heap base and to place the Java Heap above 4GB virtual address.
# This output file may be truncated or incomplete.
#
#  Out of Memory Error (virtualSpaceNode.cpp:110), pid=9380, tid=9556
#
# JRE version: OpenJDK Runtime Environment Temurin-17.0.7+7 (17.0.7+7) (build 17.0.7+7)
# Java VM: OpenJDK 64-Bit Server VM Temurin-17.0.7+7 (17.0.7+7, mixed mode, tiered, compressed oops, compressed class ptrs, parallel gc, windows-amd64)
# No core dump will be written. Minidumps are not enabled by default on client versions of Windows
#

---------------  S U M M A R Y ------------

Command Line: --add-modules=ALL-SYSTEM --add-opens=java.base/java.util=ALL-UNNAMED --add-opens=java.base/java.lang=ALL-UNNAMED --add-opens=java.base/sun.nio.fs=ALL-UNNAMED -Declipse.application=org.eclipse.jdt.ls.core.id1 -Dosgi.bundles.defaultStartLevel=4 -Declipse.product=org.eclipse.jdt.ls.core.product -Djava.import.generatesMetadataFilesAtProjectRoot=false -Dfile.encoding=utf8 -XX:+UseParallelGC -XX:GCTimeRatio=4 -XX:AdaptiveSizePolicyWeight=90 -Dsun.zip.disableMemoryMapping=true -Xmx1G -Xms100m -Xlog:disable -javaagent:c:\Users\ochie\.vscode\extensions\redhat.java-1.20.0-win32-x64\lombok\lombok-1.18.28.jar -XX:+HeapDumpOnOutOfMemoryError -XX:HeapDumpPath=c:\Users\ochie\AppData\Roaming\Code\User\workspaceStorage\ce7bc04b3091483ce11aded7c9977b2e\redhat.java -Daether.dependencyCollector.impl=bf c:\Users\ochie\.vscode\extensions\redhat.java-1.20.0-win32-x64\server\plugins\org.eclipse.equinox.launcher_1.6.500.v20230622-2056.jar -configuration c:\Users\ochie\AppData\Roaming\Code\User\globalStorage\redhat.java\1.20.0\config_win -data c:\Users\ochie\AppData\Roaming\Code\User\workspaceStorage\ce7bc04b3091483ce11aded7c9977b2e\redhat.java\jdt_ws

Host: Intel(R) Core(TM) i5-8300H CPU @ 2.30GHz, 8 cores, 11G,  Windows 11 , 64 bit Build 22621 (10.0.22621.1928)
Time: Sat Jul  1 17:16:11 2023 E. Africa Standard Time elapsed time: 0.807799 seconds (0d 0h 0m 0s)

---------------  T H R E A D  ---------------

Current thread (0x00000240ba72dd40):  JavaThread "C1 CompilerThread0" daemon [_thread_in_vm, id=9556, stack(0x000000d717300000,0x000000d717400000)]


Current CompileTask:
C1:    807  226   !   3       java.nio.DirectByteBuffer::get (34 bytes)

Stack: [0x000000d717300000,0x000000d717400000]
Native frames: (J=compiled Java code, j=interpreted, Vv=VM code, C=native code)
V  [jvm.dll+0x67754a]
V  [jvm.dll+0x834304]
V  [jvm.dll+0x835aae]
V  [jvm.dll+0x836113]
V  [jvm.dll+0x24696f]
V  [jvm.dll+0x83039b]
V  [jvm.dll+0x61c006]
V  [jvm.dll+0x61c06a]
V  [jvm.dll+0x61e89a]
V  [jvm.dll+0x61c9a6]
V  [jvm.dll+0x62dc3a]
V  [jvm.dll+0x626aaa]
V  [jvm.dll+0x1cd7a0]
V  [jvm.dll+0x1cd98f]
V  [jvm.dll+0x147a21]
V  [jvm.dll+0x147865]
V  [jvm.dll+0x13f0ce]
V  [jvm.dll+0x141685]
V  [jvm.dll+0x13f964]
V  [jvm.dll+0x1398df]
V  [jvm.dll+0x149456]
V  [jvm.dll+0x134ff0]
V  [jvm.dll+0x135350]
V  [jvm.dll+0x135616]
V  [jvm.dll+0x134aaa]
V  [jvm.dll+0x136771]
V  [jvm.dll+0x2284da]
V  [jvm.dll+0x226615]
V  [jvm.dll+0x7ea90b]
V  [jvm.dll+0x7e4e7a]
V  [jvm.dll+0x676395]
C  [ucrtbase.dll+0x29363]
C  [KERNEL32.DLL+0x126ad]
C  [ntdll.dll+0x5aa68]


---------------  P R O C E S S  ---------------

Threads class SMR info:
_java_thread_list=0x00000240ba7ea270, length=11, elements={
0x00000240a155efb0, 0x00000240ba6a6030, 0x00000240ba6a7dc0, 0x00000240b53dbd70,
0x00000240b53dc730, 0x00000240b53dd1f0, 0x00000240b53ddbb0, 0x00000240b53de7a0,
0x00000240ba72dd40, 0x00000240ba730a00, 0x00000240a15c0b10
}

Java Threads: ( => current thread )
  0x00000240a155efb0 JavaThread "main" [_thread_blocked, id=5696, stack(0x000000d716900000,0x000000d716a00000)]
  0x00000240ba6a6030 JavaThread "Reference Handler" daemon [_thread_blocked, id=1996, stack(0x000000d716c00000,0x000000d716d00000)]
  0x00000240ba6a7dc0 JavaThread "Finalizer" daemon [_thread_blocked, id=15424, stack(0x000000d716d00000,0x000000d716e00000)]
  0x00000240b53dbd70 JavaThread "Signal Dispatcher" daemon [_thread_blocked, id=1684, stack(0x000000d716e00000,0x000000d716f00000)]
  0x00000240b53dc730 JavaThread "Attach Listener" daemon [_thread_blocked, id=6460, stack(0x000000d716f00000,0x000000d717000000)]
  0x00000240b53dd1f0 JavaThread "Service Thread" daemon [_thread_blocked, id=7684, stack(0x000000d717000000,0x000000d717100000)]
  0x00000240b53ddbb0 JavaThread "Monitor Deflation Thread" daemon [_thread_blocked, id=15852, stack(0x000000d717100000,0x000000d717200000)]
  0x00000240b53de7a0 JavaThread "C2 CompilerThread0" daemon [_thread_blocked, id=2124, stack(0x000000d717200000,0x000000d717300000)]
=>0x00000240ba72dd40 JavaThread "C1 CompilerThread0" daemon [_thread_in_vm, id=9556, stack(0x000000d717300000,0x000000d717400000)]
  0x00000240ba730a00 JavaThread "Sweeper thread" daemon [_thread_blocked, id=11160, stack(0x000000d717400000,0x000000d717500000)]
  0x00000240a15c0b10 JavaThread "Common-Cleaner" daemon [_thread_blocked, id=13608, stack(0x000000d717500000,0x000000d717600000)]

Other Threads:
  0x00000240a1617600 VMThread "VM Thread" [stack: 0x000000d716b00000,0x000000d716c00000] [id=11004]
  0x00000240a1574160 GCTaskThread "GC Thread#0" [stack: 0x000000d716a00000,0x000000d716b00000] [id=2204]

Threads with active compile tasks:
C1 CompilerThread0      875  226   !   3       java.nio.DirectByteBuffer::get (34 bytes)

VM state: not at safepoint (normal execution)

VM Mutex/Monitor currently owned by a thread:  ([mutex/lock_event])
[0x00000240a1559970] Metaspace_lock - owner thread: 0x00000240ba72dd40
[0x00000240a155c000] MethodData_lock - owner thread: 0x00000240ba72dd40

Heap address: 0x00000000c0000000, size: 1024 MB, Compressed Oops mode: 32-bit

CDS archive(s) not mapped
Compressed class space mapped at: 0x0000000100000000-0x0000000140000000, reserved size: 1073741824
Narrow klass base: 0x0000000000000000, Narrow klass shift: 3, Narrow klass range: 0x140000000

GC Precious Log:
 CPUs: 8 total, 8 available
 Memory: 12169M
 Large Page Support: Disabled
 NUMA Support: Disabled
 Compressed Oops: Enabled (32-bit)
 Alignments: Space 512K, Generation 512K, Heap 2M
 Heap Min Capacity: 100M
 Heap Initial Capacity: 100M
 Heap Max Capacity: 1G
 Pre-touch: Disabled
 Parallel Workers: 8

Heap:
 PSYoungGen      total 29696K, used 3080K [0x00000000eab00000, 0x00000000ecc00000, 0x0000000100000000)
  eden space 25600K, 12% used [0x00000000eab00000,0x00000000eae02260,0x00000000ec400000)
  from space 4096K, 0% used [0x00000000ec800000,0x00000000ec800000,0x00000000ecc00000)
  to   space 4096K, 0% used [0x00000000ec400000,0x00000000ec400000,0x00000000ec800000)
 ParOldGen       total 68608K, used 0K [0x00000000c0000000, 0x00000000c4300000, 0x00000000eab00000)
  object space 68608K, 0% used [0x00000000c0000000,0x00000000c0000000,0x00000000c4300000)
 Metaspace       used 5554K, committed 5696K, reserved 1114112K
  class space    used 533K, committed 640K, reserved 1048576K

Card table byte_map: [0x00000240a0f00000,0x00000240a1110000] _byte_map_base: 0x00000240a0900000

Marking Bits: (ParMarkBitMap*) 0x00007ffff1a952c0
 Begin Bits: [0x00000240b31e0000, 0x00000240b41e0000)
 End Bits:   [0x00000240b41e0000, 0x00000240b51e0000)

Polling page: 0x000002409f4b0000

Metaspace:

Usage:
  Non-class:      4.90 MB used.
      Class:    533.41 KB used.
       Both:      5.42 MB used.

Virtual space:
  Non-class space:       64.00 MB reserved,       4.94 MB (  8%) committed,  1 nodes.
      Class space:        1.00 GB reserved,     640.00 KB ( <1%) committed,  1 nodes.
             Both:        1.06 GB reserved,       5.56 MB ( <1%) committed. 

Chunk freelists:
   Non-Class:  10.97 MB
       Class:  15.25 MB
        Both:  26.22 MB

MaxMetaspaceSize: unlimited
CompressedClassSpaceSize: 1.00 GB
Initial GC threshold: 21.00 MB
Current GC threshold: 21.00 MB
CDS: off
MetaspaceReclaimPolicy: balanced
 - commit_granule_bytes: 65536.
 - commit_granule_words: 8192.
 - virtual_space_node_default_size: 8388608.
 - enlarge_chunks_in_place: 1.
 - new_chunks_are_fully_committed: 0.
 - uncommit_free_chunks: 1.
 - use_allocation_guard: 0.
 - handle_deallocations: 1.


Internal statistics:

num_allocs_failed_limit: 0.
num_arena_births: 8.
num_arena_deaths: 0.
num_vsnodes_births: 2.
num_vsnodes_deaths: 0.
num_space_committed: 89.
num_space_uncommitted: 0.
num_chunks_returned_to_freelist: 0.
num_chunks_taken_from_freelist: 20.
num_chunk_merges: 0.
num_chunk_splits: 9.
num_chunks_enlarged: 5.
num_inconsistent_stats: 0.

CodeHeap 'non-profiled nmethods': size=120000Kb used=65Kb max_used=65Kb free=119935Kb
 bounds [0x00000240abcb0000, 0x00000240abf20000, 0x00000240b31e0000]
CodeHeap 'profiled nmethods': size=120000Kb used=260Kb max_used=260Kb free=119739Kb
 bounds [0x00000240a41e0000, 0x00000240a4450000, 0x00000240ab710000]
CodeHeap 'non-nmethods': size=5760Kb used=1094Kb max_used=1107Kb free=4665Kb
 bounds [0x00000240ab710000, 0x00000240ab980000, 0x00000240abcb0000]
 total_blobs=599 nmethods=227 adapters=287
 compilation: enabled
              stopped_count=0, restarted_count=0
 full_count=0

Compilation events (20 events):
Event: 0.790 Thread 0x00000240ba72dd40 nmethod 216 0x00000240a421e010 code [0x00000240a421e1c0, 0x00000240a421e3f8]
Event: 0.791 Thread 0x00000240ba72dd40  217       3       java.lang.StringBuilder::toString (35 bytes)
Event: 0.791 Thread 0x00000240ba72dd40 nmethod 217 0x00000240a421e510 code [0x00000240a421e6e0, 0x00000240a421e9b8]
Event: 0.792 Thread 0x00000240ba72dd40  218       3       java.lang.System::getSecurityManager (12 bytes)
Event: 0.793 Thread 0x00000240ba72dd40 nmethod 218 0x00000240a421ea90 code [0x00000240a421ec20, 0x00000240a421ed98]
Event: 0.793 Thread 0x00000240ba72dd40  219       3       java.lang.System::allowSecurityManager (13 bytes)
Event: 0.793 Thread 0x00000240ba72dd40 nmethod 219 0x00000240a421ee90 code [0x00000240a421f020, 0x00000240a421f138]
Event: 0.795 Thread 0x00000240ba72dd40  220       3       jdk.internal.misc.Unsafe::allocateUninitializedArray0 (90 bytes)
Event: 0.795 Thread 0x00000240ba72dd40 nmethod 220 0x00000240a421f190 code [0x00000240a421f3a0, 0x00000240a421fcd8]
Event: 0.797 Thread 0x00000240ba72dd40  222       3       java.lang.CharacterDataLatin1::getProperties (11 bytes)
Event: 0.797 Thread 0x00000240ba72dd40 nmethod 222 0x00000240a421fe10 code [0x00000240a421ffa0, 0x00000240a42200d8]
Event: 0.797 Thread 0x00000240ba72dd40  221       3       sun.nio.fs.WindowsPathParser::isInvalidPathChar (22 bytes)
Event: 0.798 Thread 0x00000240ba72dd40 nmethod 221 0x00000240a4220190 code [0x00000240a4220360, 0x00000240a42206a8]
Event: 0.803 Thread 0x00000240ba72dd40  223       3       java.lang.ref.Reference::reachabilityFence (1 bytes)
Event: 0.803 Thread 0x00000240ba72dd40 nmethod 223 0x00000240a4220810 code [0x00000240a42209a0, 0x00000240a4220a98]
Event: 0.804 Thread 0x00000240ba72dd40  224       3       java.nio.Buffer::scope (17 bytes)
Event: 0.804 Thread 0x00000240ba72dd40 nmethod 224 0x00000240a4220b10 code [0x00000240a4220cc0, 0x00000240a4220e68]
Event: 0.804 Thread 0x00000240ba72dd40  225       3       java.nio.Buffer::checkIndex (22 bytes)
Event: 0.805 Thread 0x00000240ba72dd40 nmethod 225 0x00000240a4220f10 code [0x00000240a42210c0, 0x00000240a42212c8]
Event: 0.805 Thread 0x00000240ba72dd40  226   !   3       java.nio.DirectByteBuffer::get (34 bytes)

GC Heap History (0 events):
No events

Dll operation events (7 events):
Event: 0.032 Loaded shared library c:\Users\ochie\.vscode\extensions\redhat.java-1.20.0-win32-x64\jre\17.0.7-win32-x86_64\bin\java.dll
Event: 0.698 Loaded shared library c:\Users\ochie\.vscode\extensions\redhat.java-1.20.0-win32-x64\jre\17.0.7-win32-x86_64\bin\zip.dll
Event: 0.704 Loaded shared library C:\Users\ochie\.vscode\extensions\redhat.java-1.20.0-win32-x64\jre\17.0.7-win32-x86_64\bin\instrument.dll
Event: 0.738 Loaded shared library C:\Users\ochie\.vscode\extensions\redhat.java-1.20.0-win32-x64\jre\17.0.7-win32-x86_64\bin\net.dll
Event: 0.742 Loaded shared library C:\Users\ochie\.vscode\extensions\redhat.java-1.20.0-win32-x64\jre\17.0.7-win32-x86_64\bin\nio.dll
Event: 0.767 Loaded shared library C:\Users\ochie\.vscode\extensions\redhat.java-1.20.0-win32-x64\jre\17.0.7-win32-x86_64\bin\zip.dll
Event: 0.800 Loaded shared library C:\Users\ochie\.vscode\extensions\redhat.java-1.20.0-win32-x64\jre\17.0.7-win32-x86_64\bin\jimage.dll

Deoptimization events (0 events):
No events

Classes unloaded (0 events):
No events

Classes redefined (0 events):
No events

Internal exceptions (1 events):
Event: 0.625 Thread 0x00000240a155efb0 Exception <a 'java/lang/NoSuchMethodError'{0x00000000eacb2a60}: 'void java.lang.invoke.DirectMethodHandle$Holder.invokeStatic(java.lang.Object, java.lang.Object, java.lang.Object)'> (0x00000000eacb2a60) 
thrown [s\src\hotspot\share\interpreter\linkResolver.cpp, line 759]

VM Operations (2 events):
Event: 0.641 Executing VM operation: HandshakeAllThreads
Event: 0.641 Executing VM operation: HandshakeAllThreads done

Events (20 events):
Event: 0.798 loading class jdk/internal/jimage/NativeImageBuffer$1
Event: 0.798 loading class jdk/internal/jimage/NativeImageBuffer$1 done
Event: 0.800 loading class jdk/internal/jimage/ImageHeader
Event: 0.800 loading class jdk/internal/jimage/ImageHeader done
Event: 0.800 loading class java/nio/DirectIntBufferU
Event: 0.801 loading class java/nio/IntBuffer
Event: 0.801 loading class java/nio/IntBuffer done
Event: 0.801 loading class java/nio/DirectIntBufferU done
Event: 0.801 loading class java/nio/DirectByteBufferR
Event: 0.802 loading class java/nio/DirectByteBufferR done
Event: 0.802 loading class java/nio/DirectIntBufferRU
Event: 0.802 loading class java/nio/DirectIntBufferRU done
Event: 0.802 loading class jdk/internal/jimage/ImageStringsReader
Event: 0.802 loading class jdk/internal/jimage/ImageStrings
Event: 0.802 loading class jdk/internal/jimage/ImageStrings done
Event: 0.802 loading class jdk/internal/jimage/ImageStringsReader done
Event: 0.802 loading class jdk/internal/jimage/decompressor/Decompressor
Event: 0.803 loading class jdk/internal/jimage/decompressor/Decompressor done
Event: 0.803 loading class jdk/internal/jimage/ImageLocation
Event: 0.803 loading class jdk/internal/jimage/ImageLocation done


Dynamic libraries:
0x00007ff64de20000 - 0x00007ff64de2e000 	c:\Users\ochie\.vscode\extensions\redhat.java-1.20.0-win32-x64\jre\17.0.7-win32-x86_64\bin\java.exe
0x00007ff878610000 - 0x00007ff878824000 	C:\WINDOWS\SYSTEM32\ntdll.dll
0x00007ff876d50000 - 0x00007ff876e12000 	C:\WINDOWS\System32\KERNEL32.DLL
0x00007ff875ab0000 - 0x00007ff875e53000 	C:\WINDOWS\System32\KERNELBASE.dll
0x00007ff875f10000 - 0x00007ff876021000 	C:\WINDOWS\System32\ucrtbase.dll
0x00007ff85f1d0000 - 0x00007ff85f1e7000 	c:\Users\ochie\.vscode\extensions\redhat.java-1.20.0-win32-x64\jre\17.0.7-win32-x86_64\bin\jli.dll
0x00007ff876690000 - 0x00007ff87683a000 	C:\WINDOWS\System32\USER32.dll
0x00007ff875e60000 - 0x00007ff875e86000 	C:\WINDOWS\System32\win32u.dll
0x00007ff878580000 - 0x00007ff8785a9000 	C:\WINDOWS\System32\GDI32.dll
0x00007ff8762d0000 - 0x00007ff8763e9000 	C:\WINDOWS\System32\gdi32full.dll
0x00007ff875a10000 - 0x00007ff875aaa000 	C:\WINDOWS\System32\msvcp_win.dll
0x00007ff85f640000 - 0x00007ff85f659000 	c:\Users\ochie\.vscode\extensions\redhat.java-1.20.0-win32-x64\jre\17.0.7-win32-x86_64\bin\VCRUNTIME140.dll
0x00007ff8660e0000 - 0x00007ff86636e000 	C:\WINDOWS\WinSxS\amd64_microsoft.windows.common-controls_6595b64144ccf1df_6.0.22621.1635_none_270f70857386168e\COMCTL32.dll
0x00007ff8768d0000 - 0x00007ff876977000 	C:\WINDOWS\System32\msvcrt.dll
0x00007ff876b30000 - 0x00007ff876b61000 	C:\WINDOWS\System32\IMM32.DLL
0x00007ff86cea0000 - 0x00007ff86ceac000 	c:\Users\ochie\.vscode\extensions\redhat.java-1.20.0-win32-x64\jre\17.0.7-win32-x86_64\bin\vcruntime140_1.dll
0x00007ff83cd20000 - 0x00007ff83cdb1000 	c:\Users\ochie\.vscode\extensions\redhat.java-1.20.0-win32-x64\jre\17.0.7-win32-x86_64\bin\msvcp140.dll
0x00007ffff0f10000 - 0x00007ffff1b58000 	c:\Users\ochie\.vscode\extensions\redhat.java-1.20.0-win32-x64\jre\17.0.7-win32-x86_64\bin\server\jvm.dll
0x00007ff876f40000 - 0x00007ff876fee000 	C:\WINDOWS\System32\ADVAPI32.dll
0x00007ff8763f0000 - 0x00007ff876494000 	C:\WINDOWS\System32\sechost.dll
0x00007ff876e20000 - 0x00007ff876f37000 	C:\WINDOWS\System32\RPCRT4.dll
0x00007ff8642b0000 - 0x00007ff8642b9000 	C:\WINDOWS\SYSTEM32\WSOCK32.dll
0x00007ff8772e0000 - 0x00007ff877351000 	C:\WINDOWS\System32\WS2_32.dll
0x00007ff864940000 - 0x00007ff864974000 	C:\WINDOWS\SYSTEM32\WINMM.dll
0x00007ff86da00000 - 0x00007ff86da0a000 	C:\WINDOWS\SYSTEM32\VERSION.dll
0x00007ff874a80000 - 0x00007ff874a98000 	C:\WINDOWS\SYSTEM32\kernel.appcore.dll
0x00007ff86ca90000 - 0x00007ff86ca9a000 	c:\Users\ochie\.vscode\extensions\redhat.java-1.20.0-win32-x64\jre\17.0.7-win32-x86_64\bin\jimage.dll
0x00007ff8733f0000 - 0x00007ff87361e000 	C:\WINDOWS\SYSTEM32\DBGHELP.DLL
0x00007ff8781f0000 - 0x00007ff878579000 	C:\WINDOWS\System32\combase.dll
0x00007ff8771b0000 - 0x00007ff877287000 	C:\WINDOWS\System32\OLEAUT32.dll
0x00007ff86cd80000 - 0x00007ff86cdb2000 	C:\WINDOWS\SYSTEM32\dbgcore.DLL
0x00007ff875e90000 - 0x00007ff875f0a000 	C:\WINDOWS\System32\bcryptPrimitives.dll
0x00007ff8669d0000 - 0x00007ff8669de000 	c:\Users\ochie\.vscode\extensions\redhat.java-1.20.0-win32-x64\jre\17.0.7-win32-x86_64\bin\instrument.dll
0x00007ff854760000 - 0x00007ff854785000 	c:\Users\ochie\.vscode\extensions\redhat.java-1.20.0-win32-x64\jre\17.0.7-win32-x86_64\bin\java.dll
0x00007ff85b430000 - 0x00007ff85b448000 	c:\Users\ochie\.vscode\extensions\redhat.java-1.20.0-win32-x64\jre\17.0.7-win32-x86_64\bin\zip.dll
0x00007ff877510000 - 0x00007ff877d09000 	C:\WINDOWS\System32\SHELL32.dll
0x00007ff8739b0000 - 0x00007ff87427e000 	C:\WINDOWS\SYSTEM32\windows.storage.dll
0x00007ff873870000 - 0x00007ff8739ae000 	C:\WINDOWS\SYSTEM32\wintypes.dll
0x00007ff877410000 - 0x00007ff877501000 	C:\WINDOWS\System32\SHCORE.dll
0x00007ff876840000 - 0x00007ff87689e000 	C:\WINDOWS\System32\shlwapi.dll
0x00007ff875940000 - 0x00007ff875966000 	C:\WINDOWS\SYSTEM32\profapi.dll
0x00007ff854810000 - 0x00007ff854829000 	C:\Users\ochie\.vscode\extensions\redhat.java-1.20.0-win32-x64\jre\17.0.7-win32-x86_64\bin\net.dll
0x00007ff86e420000 - 0x00007ff86e557000 	C:\WINDOWS\SYSTEM32\WINHTTP.dll
0x00007ff874f70000 - 0x00007ff874fd9000 	C:\WINDOWS\system32\mswsock.dll
0x00007ff854700000 - 0x00007ff854715000 	C:\Users\ochie\.vscode\extensions\redhat.java-1.20.0-win32-x64\jre\17.0.7-win32-x86_64\bin\nio.dll

dbghelp: loaded successfully - version: 4.0.5 - missing functions: none
symbol engine: initialized successfully - sym options: 0x614 - pdb path: .;c:\Users\ochie\.vscode\extensions\redhat.java-1.20.0-win32-x64\jre\17.0.7-win32-x86_64\bin;C:\WINDOWS\SYSTEM32;C:\WINDOWS\WinSxS\amd64_microsoft.windows.common-controls_6595b64144ccf1df_6.0.22621.1635_none_270f70857386168e;c:\Users\ochie\.vscode\extensions\redhat.java-1.20.0-win32-x64\jre\17.0.7-win32-x86_64\bin\server

VM Arguments:
jvm_args: --add-modules=ALL-SYSTEM --add-opens=java.base/java.util=ALL-UNNAMED --add-opens=java.base/java.lang=ALL-UNNAMED --add-opens=java.base/sun.nio.fs=ALL-UNNAMED -Declipse.application=org.eclipse.jdt.ls.core.id1 -Dosgi.bundles.defaultStartLevel=4 -Declipse.product=org.eclipse.jdt.ls.core.product -Djava.import.generatesMetadataFilesAtProjectRoot=false -Dfile.encoding=utf8 -XX:+UseParallelGC -XX:GCTimeRatio=4 -XX:AdaptiveSizePolicyWeight=90 -Dsun.zip.disableMemoryMapping=true -Xmx1G -Xms100m -Xlog:disable -javaagent:c:\Users\ochie\.vscode\extensions\redhat.java-1.20.0-win32-x64\lombok\lombok-1.18.28.jar -XX:+HeapDumpOnOutOfMemoryError -XX:HeapDumpPath=c:\Users\ochie\AppData\Roaming\Code\User\workspaceStorage\ce7bc04b3091483ce11aded7c9977b2e\redhat.java -Daether.dependencyCollector.impl=bf 
java_command: c:\Users\ochie\.vscode\extensions\redhat.java-1.20.0-win32-x64\server\plugins\org.eclipse.equinox.launcher_1.6.500.v20230622-2056.jar -configuration c:\Users\ochie\AppData\Roaming\Code\User\globalStorage\redhat.java\1.20.0\config_win -data c:\Users\ochie\AppData\Roaming\Code\User\workspaceStorage\ce7bc04b3091483ce11aded7c9977b2e\redhat.java\jdt_ws
java_class_path (initial): c:\Users\ochie\.vscode\extensions\redhat.java-1.20.0-win32-x64\server\plugins\org.eclipse.equinox.launcher_1.6.500.v20230622-2056.jar
Launcher Type: SUN_STANDARD

[Global flags]
    uintx AdaptiveSizePolicyWeight                 = 90                                        {product} {command line}
     intx CICompilerCount                          = 4                                         {product} {ergonomic}
    uintx GCTimeRatio                              = 4                                         {product} {command line}
     bool HeapDumpOnOutOfMemoryError               = true                                   {manageable} {command line}
    ccstr HeapDumpPath                             = c:\Users\ochie\AppData\Roaming\Code\User\workspaceStorage\ce7bc04b3091483ce11aded7c9977b2e\redhat.java         {manageable} {command line}
   size_t InitialHeapSize                          = 104857600                                 {product} {command line}
   size_t MaxHeapSize                              = 1073741824                                {product} {command line}
   size_t MaxNewSize                               = 357564416                                 {product} {ergonomic}
   size_t MinHeapDeltaBytes                        = 524288                                    {product} {ergonomic}
   size_t MinHeapSize                              = 104857600                                 {product} {command line}
   size_t NewSize                                  = 34603008                                  {product} {ergonomic}
    uintx NonNMethodCodeHeapSize                   = 5839372                                {pd product} {ergonomic}
    uintx NonProfiledCodeHeapSize                  = 122909434                              {pd product} {ergonomic}
   size_t OldSize                                  = 70254592                                  {product} {ergonomic}
    uintx ProfiledCodeHeapSize                     = 122909434                              {pd product} {ergonomic}
    uintx ReservedCodeCacheSize                    = 251658240                              {pd product} {ergonomic}
     bool SegmentedCodeCache                       = true                                      {product} {ergonomic}
   size_t SoftMaxHeapSize                          = 1073741824                             {manageable} {ergonomic}
     bool UseCompressedClassPointers               = true                           {product lp64_product} {ergonomic}
     bool UseCompressedOops                        = true                           {product lp64_product} {ergonomic}
     bool UseLargePagesIndividualAllocation        = false                                  {pd product} {ergonomic}
     bool UseParallelGC                            = true                                      {product} {command line}

Logging:
Log output configuration:
 #0: stdout all=off uptime,level,tags
 #1: stderr all=off uptime,level,tags

Environment Variables:
JAVA_HOME=C:\Program Files\Microsoft\jdk-11.0.18.10-hotspot\
PATH=C:\WINDOWS\system32;C:\WINDOWS;C:\WINDOWS\System32\Wbem;C:\WINDOWS\System32\WindowsPowerShell\v1.0\;C:\WINDOWS\System32\OpenSSH\;C:\ProgramData\chocolatey\bin;C:\xampp\php;C:\ProgramData\ComposerSetup\bin;C:\Program Files (x86)\dotnet\;C:\Python311\Lib\site-packages\django\;C:\Program Files\Git\cmd;C:\Program Files\OpenSSL-Win64\bin;C:\Program Files\Microsoft\jdk-11.0.18.10-hotspot\bin;C:\xampp\mysql\bin;C:\Users\ochie\AppData\Roaming\npm\node_modules;C:\Program Files (x86)\Yarn\bin\;C:\Users\ochie\AppData\Roaming\nvm;C:\Program Files\nodejs;C:\Program Files\PostgreSQL\15\bin;C:\Users\ochie\AppData\Local\Programs\Python\Python310;C:\Users\ochie\AppData\Local\Programs\Python\Python310\Scripts;C:\Users\ochie\AppData\Local\Programs\Python\Python310\Scripts\;C:\Users\ochie\AppData\Local\Programs\Python\Python310\;C:\Users\ochie\AppData\Local\Microsoft\WindowsApps;C:\Users\ochie\AppData\Local\Programs\Microsoft VS Code\bin;C:\Users\ochie\AppData\Roaming\Composer\vendor\bin;C:\Program Files\JetBrains\PyCharm Community Edition 2022.3.1\bin;;C:\Python311\;C:\Python311\Scripts\;C:\Python311\Lib\site-packages\django\;C:\Users\ochie\AppData\Roaming\npm;C:\Users\ochie\AppData\Local\Android\Sdk\platform-tools;C:\Users\ochie\AppData\Local\GitHubDesktop\bin;C:\Users\ochie\AppData\Local\Yarn\bin;C:\Users\ochie\AppData\Roaming\nvm;C:\Program Files\nodejs
USERNAME=ochie
OS=Windows_NT
PROCESSOR_IDENTIFIER=Intel64 Family 6 Model 158 Stepping 10, GenuineIntel
TMP=C:\Users\ochie\AppData\Local\Temp
TEMP=C:\Users\ochie\AppData\Local\Temp



---------------  S Y S T E M  ---------------

OS:
 Windows 11 , 64 bit Build 22621 (10.0.22621.1928)
OS uptime: 0 days 13:40 hours
Hyper-V role detected

CPU: total 8 (initial active 8) (4 cores per cpu, 2 threads per core) family 6 model 158 stepping 10 microcode 0xf0, cx8, cmov, fxsr, ht, mmx, 3dnowpref, sse, sse2, sse3, ssse3, sse4.1, sse4.2, popcnt, lzcnt, tsc, tscinvbit, avx, avx2, aes, erms, clmul, bmi1, bmi2, adx, fma, vzeroupper, clflush, clflushopt, hv

Memory: 4k page, system-wide physical 12169M (1203M free)
TotalPageFile size 27283M (AvailPageFile size 2M)
current process WorkingSet (physical memory assigned to process): 33M, peak: 33M
current process commit charge ("private bytes"): 185M, peak: 185M

vm_info: OpenJDK 64-Bit Server VM (17.0.7+7) for windows-amd64 JRE (17.0.7+7), built on Apr 18 2023 22:10:42 by "temurin" with MS VC++ 16.7 (VS2019)

END.
