#
# There is insufficient memory for the Java Runtime Environment to continue.
# Native memory allocation (malloc) failed to allocate 32744 bytes for ChunkPool::allocate
# Possible reasons:
#   The system is out of physical RAM or swap space
#   The process is running with CompressedOops enabled, and the Java Heap may be blocking the growth of the native heap
# Possible solutions:
#   Reduce memory load on the system
#   Increase physical memory or swap space
#   Check if swap backing store is full
#   Decrease Java heap size (-Xmx/-Xms)
#   Decrease number of Java threads
#   Decrease Java thread stack sizes (-Xss)
#   Set larger code cache with -XX:ReservedCodeCacheSize=
#   JVM is running with Unscaled Compressed Oops mode in which the Java heap is
#     placed in the first 4GB address space. The Java Heap base address is the
#     maximum limit for the native heap growth. Please use -XX:HeapBaseMinAddress
#     to set the Java Heap base and to place the Java Heap above 4GB virtual address.
# This output file may be truncated or incomplete.
#
#  Out of Memory Error (arena.cpp:78), pid=14392, tid=11300
#
# JRE version: OpenJDK Runtime Environment Temurin-17.0.7+7 (17.0.7+7) (build 17.0.7+7)
# Java VM: OpenJDK 64-Bit Server VM Temurin-17.0.7+7 (17.0.7+7, mixed mode, tiered, compressed oops, compressed class ptrs, parallel gc, windows-amd64)
# No core dump will be written. Minidumps are not enabled by default on client versions of Windows
#

---------------  S U M M A R Y ------------

Command Line: --add-modules=ALL-SYSTEM --add-opens=java.base/java.util=ALL-UNNAMED --add-opens=java.base/java.lang=ALL-UNNAMED --add-opens=java.base/sun.nio.fs=ALL-UNNAMED -Declipse.application=org.eclipse.jdt.ls.core.id1 -Dosgi.bundles.defaultStartLevel=4 -Declipse.product=org.eclipse.jdt.ls.core.product -Djava.import.generatesMetadataFilesAtProjectRoot=false -Dfile.encoding=utf8 -XX:+UseParallelGC -XX:GCTimeRatio=4 -XX:AdaptiveSizePolicyWeight=90 -Dsun.zip.disableMemoryMapping=true -Xmx1G -Xms100m -Xlog:disable -javaagent:c:\Users\ochie\.vscode\extensions\redhat.java-1.18.0-win32-x64\lombok\lombok-1.18.27.jar c:\Users\ochie\.vscode\extensions\redhat.java-1.18.0-win32-x64\server\plugins\org.eclipse.equinox.launcher_1.6.400.v20210924-0641.jar -configuration c:\Users\ochie\AppData\Roaming\Code\User\globalStorage\redhat.java\1.18.0\config_ss_win -data c:\Users\ochie\AppData\Roaming\Code\User\workspaceStorage\ce7bc04b3091483ce11aded7c9977b2e\redhat.java\ss_ws

Host: Intel(R) Core(TM) i5-8300H CPU @ 2.30GHz, 8 cores, 11G,  Windows 11 , 64 bit Build 22621 (10.0.22621.1635)
Time: Mon May  1 16:53:08 2023 E. Africa Standard Time elapsed time: 0.841555 seconds (0d 0h 0m 0s)

---------------  T H R E A D  ---------------

Current thread (0x00000217d8179080):  JavaThread "C2 CompilerThread0" daemon [_thread_in_native, id=11300, stack(0x000000d767e00000,0x000000d767f00000)]


Current CompileTask:
C2:    841  457       4       lombok.patcher.scripts.MethodLevelPatchScript::patch (21 bytes)

Stack: [0x000000d767e00000,0x000000d767f00000]
Native frames: (J=compiled Java code, j=interpreted, Vv=VM code, C=native code)
V  [jvm.dll+0x67754a]
V  [jvm.dll+0x834304]
V  [jvm.dll+0x835aae]
V  [jvm.dll+0x836113]
V  [jvm.dll+0x24696f]
V  [jvm.dll+0xac2cc]
V  [jvm.dll+0xac67c]
V  [jvm.dll+0xac1bb]
V  [jvm.dll+0x655dd9]
V  [jvm.dll+0x7a47c]
V  [jvm.dll+0x61999e]
V  [jvm.dll+0x2bad69]
V  [jvm.dll+0x2b65a1]
V  [jvm.dll+0x2b6acc]
V  [jvm.dll+0x21adfa]
V  [jvm.dll+0x21895b]
V  [jvm.dll+0x1a4d8d]
V  [jvm.dll+0x2284da]
V  [jvm.dll+0x226615]
V  [jvm.dll+0x7ea90b]
V  [jvm.dll+0x7e4e7a]
V  [jvm.dll+0x676395]
C  [ucrtbase.dll+0x29363]
C  [KERNEL32.DLL+0x126ad]
C  [ntdll.dll+0x5a9f8]


---------------  P R O C E S S  ---------------

Threads class SMR info:
_java_thread_list=0x00000217d84cf4d0, length=14, elements={
0x00000217bf0316c0, 0x00000217d2ea9020, 0x00000217d2eaa630, 0x00000217d816bf40,
0x00000217d816ca00, 0x00000217d816dd50, 0x00000217d81730d0, 0x00000217d8179080,
0x00000217d817c680, 0x00000217d817e340, 0x00000217bf092570, 0x00000217d8344f10,
0x00000217d84aa4d0, 0x00000217d98c8570
}

Java Threads: ( => current thread )
  0x00000217bf0316c0 JavaThread "main" [_thread_in_vm, id=11280, stack(0x000000d767500000,0x000000d767600000)]
  0x00000217d2ea9020 JavaThread "Reference Handler" daemon [_thread_blocked, id=11024, stack(0x000000d767800000,0x000000d767900000)]
  0x00000217d2eaa630 JavaThread "Finalizer" daemon [_thread_blocked, id=18712, stack(0x000000d767900000,0x000000d767a00000)]
  0x00000217d816bf40 JavaThread "Signal Dispatcher" daemon [_thread_blocked, id=1356, stack(0x000000d767a00000,0x000000d767b00000)]
  0x00000217d816ca00 JavaThread "Attach Listener" daemon [_thread_blocked, id=15592, stack(0x000000d767b00000,0x000000d767c00000)]
  0x00000217d816dd50 JavaThread "Service Thread" daemon [_thread_blocked, id=6784, stack(0x000000d767c00000,0x000000d767d00000)]
  0x00000217d81730d0 JavaThread "Monitor Deflation Thread" daemon [_thread_blocked, id=4048, stack(0x000000d767d00000,0x000000d767e00000)]
=>0x00000217d8179080 JavaThread "C2 CompilerThread0" daemon [_thread_in_native, id=11300, stack(0x000000d767e00000,0x000000d767f00000)]
  0x00000217d817c680 JavaThread "C1 CompilerThread0" daemon [_thread_blocked, id=1956, stack(0x000000d767f00000,0x000000d768000000)]
  0x00000217d817e340 JavaThread "Sweeper thread" daemon [_thread_blocked, id=17052, stack(0x000000d768000000,0x000000d768100000)]
  0x00000217bf092570 JavaThread "Common-Cleaner" daemon [_thread_blocked, id=15712, stack(0x000000d768100000,0x000000d768200000)]
  0x00000217d8344f10 JavaThread "C2 CompilerThread1" daemon [_thread_in_native, id=19616, stack(0x000000d768200000,0x000000d768300000)]
  0x00000217d84aa4d0 JavaThread "Notification Thread" daemon [_thread_blocked, id=9896, stack(0x000000d768300000,0x000000d768400000)]
  0x00000217d98c8570 JavaThread "C2 CompilerThread2" daemon [_thread_blocked, id=18820, stack(0x000000d768500000,0x000000d768600000)]

Other Threads:
  0x00000217bf0eed10 VMThread "VM Thread" [stack: 0x000000d767700000,0x000000d767800000] [id=10448]
  0x00000217d84aa9a0 WatcherThread [stack: 0x000000d768400000,0x000000d768500000] [id=19820]
  0x00000217bf046ce0 GCTaskThread "GC Thread#0" [stack: 0x000000d767600000,0x000000d767700000] [id=11368]

Threads with active compile tasks:
C2 CompilerThread0      880  457       4       lombok.patcher.scripts.MethodLevelPatchScript::patch (21 bytes)
C2 CompilerThread1      880  456       4       lombok.patcher.PatchScript::classMatches (41 bytes)

VM state: not at safepoint (normal execution)

VM Mutex/Monitor currently owned by a thread:  ([mutex/lock_event])
[0x00000217bf02afe0] Metaspace_lock - owner thread: 0x00000217bf0316c0

Heap address: 0x00000000c0000000, size: 1024 MB, Compressed Oops mode: 32-bit

CDS archive(s) not mapped
Compressed class space mapped at: 0x0000000100000000-0x0000000140000000, reserved size: 1073741824
Narrow klass base: 0x0000000000000000, Narrow klass shift: 3, Narrow klass range: 0x140000000

GC Precious Log:
 CPUs: 8 total, 8 available
 Memory: 12169M
 Large Page Support: Disabled
 NUMA Support: Disabled
 Compressed Oops: Enabled (32-bit)
 Alignments: Space 512K, Generation 512K, Heap 2M
 Heap Min Capacity: 100M
 Heap Initial Capacity: 100M
 Heap Max Capacity: 1G
 Pre-touch: Disabled
 Parallel Workers: 8

Heap:
 PSYoungGen      total 29696K, used 10361K [0x00000000eab00000, 0x00000000ecc00000, 0x0000000100000000)
  eden space 25600K, 40% used [0x00000000eab00000,0x00000000eb51e728,0x00000000ec400000)
  from space 4096K, 0% used [0x00000000ec800000,0x00000000ec800000,0x00000000ecc00000)
  to   space 4096K, 0% used [0x00000000ec400000,0x00000000ec400000,0x00000000ec800000)
 ParOldGen       total 68608K, used 0K [0x00000000c0000000, 0x00000000c4300000, 0x00000000eab00000)
  object space 68608K, 0% used [0x00000000c0000000,0x00000000c0000000,0x00000000c4300000)
 Metaspace       used 7870K, committed 7936K, reserved 1114112K
  class space    used 773K, committed 832K, reserved 1048576K

Card table byte_map: [0x00000217be9e0000,0x00000217bebf0000] _byte_map_base: 0x00000217be3e0000

Marking Bits: (ParMarkBitMap*) 0x00007ffe1c2f52c0
 Begin Bits: [0x00000217d0cb0000, 0x00000217d1cb0000)
 End Bits:   [0x00000217d1cb0000, 0x00000217d2cb0000)

Polling page: 0x00000217bd1b0000

Metaspace:

Usage:
  Non-class:      6.93 MB used.
      Class:    773.97 KB used.
       Both:      7.69 MB used.

Virtual space:
  Non-class space:       64.00 MB reserved,       6.94 MB ( 11%) committed,  1 nodes.
      Class space:        1.00 GB reserved,     832.00 KB ( <1%) committed,  1 nodes.
             Both:        1.06 GB reserved,       7.75 MB ( <1%) committed. 

Chunk freelists:
   Non-Class:  9.00 MB
       Class:  15.22 MB
        Both:  24.22 MB

MaxMetaspaceSize: unlimited
CompressedClassSpaceSize: 1.00 GB
Initial GC threshold: 21.00 MB
Current GC threshold: 21.00 MB
CDS: off
MetaspaceReclaimPolicy: balanced
 - commit_granule_bytes: 65536.
 - commit_granule_words: 8192.
 - virtual_space_node_default_size: 8388608.
 - enlarge_chunks_in_place: 1.
 - new_chunks_are_fully_committed: 0.
 - uncommit_free_chunks: 1.
 - use_allocation_guard: 0.
 - handle_deallocations: 1.


Internal statistics:

num_allocs_failed_limit: 0.
num_arena_births: 10.
num_arena_deaths: 0.
num_vsnodes_births: 2.
num_vsnodes_deaths: 0.
num_space_committed: 124.
num_space_uncommitted: 0.
num_chunks_returned_to_freelist: 0.
num_chunks_taken_from_freelist: 37.
num_chunk_merges: 0.
num_chunk_splits: 21.
num_chunks_enlarged: 16.
num_inconsistent_stats: 0.

CodeHeap 'non-profiled nmethods': size=120000Kb used=154Kb max_used=154Kb free=119845Kb
 bounds [0x00000217c9780000, 0x00000217c99f0000, 0x00000217d0cb0000]
CodeHeap 'profiled nmethods': size=120000Kb used=660Kb max_used=660Kb free=119339Kb
 bounds [0x00000217c1cb0000, 0x00000217c1f20000, 0x00000217c91e0000]
CodeHeap 'non-nmethods': size=5760Kb used=1119Kb max_used=1140Kb free=4640Kb
 bounds [0x00000217c91e0000, 0x00000217c9450000, 0x00000217c9780000]
 total_blobs=884 nmethods=478 adapters=321
 compilation: enabled
              stopped_count=0, restarted_count=0
 full_count=0

Compilation events (20 events):
Event: 0.825 Thread 0x00000217d817c680 nmethod 451 0x00000217c1d44190 code [0x00000217c1d44340, 0x00000217c1d44638]
Event: 0.825 Thread 0x00000217d817c680  452       3       sun.security.util.DerValue::data (29 bytes)
Event: 0.826 Thread 0x00000217d817c680 nmethod 452 0x00000217c1d44710 code [0x00000217c1d448c0, 0x00000217c1d44a88]
Event: 0.827 Thread 0x00000217d817c680  453       3       sun.security.util.DerValue::<init> (445 bytes)
Event: 0.828 Thread 0x00000217d8179080 nmethod 450 0x00000217c97a3190 code [0x00000217c97a3320, 0x00000217c97a35f8]
Event: 0.829 Thread 0x00000217d817c680 nmethod 453 0x00000217c1d44b90 code [0x00000217c1d44fa0, 0x00000217c1d46978]
Event: 0.829 Thread 0x00000217d817c680  454       3       sun.security.util.DerInputStream::getDerValue (76 bytes)
Event: 0.829 Thread 0x00000217d8344f10 nmethod 448 0x00000217c97a3790 code [0x00000217c97a3960, 0x00000217c97a4198]
Event: 0.830 Thread 0x00000217d817c680 nmethod 454 0x00000217c1d47310 code [0x00000217c1d474c0, 0x00000217c1d47728]
Event: 0.830 Thread 0x00000217d817c680  455       3       sun.security.util.DerInputStream::available (10 bytes)
Event: 0.830 Thread 0x00000217d817c680 nmethod 455 0x00000217c1d47890 code [0x00000217c1d47a20, 0x00000217c1d47b38]
Event: 0.830 Thread 0x00000217d8344f10  456       4       lombok.patcher.PatchScript::classMatches (41 bytes)
Event: 0.831 Thread 0x00000217d8179080  457       4       lombok.patcher.scripts.MethodLevelPatchScript::patch (21 bytes)
Event: 0.834 Thread 0x00000217d817c680  460   !   3       sun.instrument.TransformerManager::transform (100 bytes)
Event: 0.835 Thread 0x00000217d817c680 nmethod 460 0x00000217c1d47c10 code [0x00000217c1d47de0, 0x00000217c1d48288]
Event: 0.835 Thread 0x00000217d817c680  459       3       sun.instrument.InstrumentationImpl::transform (73 bytes)
Event: 0.836 Thread 0x00000217d817c680 nmethod 459 0x00000217c1d48510 code [0x00000217c1d486e0, 0x00000217c1d48a88]
Event: 0.836 Thread 0x00000217d817c680  461       3       lombok.eclipse.agent.EclipsePatcher$1::shouldTransform (79 bytes)
Event: 0.836 Thread 0x00000217d817c680 nmethod 461 0x00000217c1d48c10 code [0x00000217c1d48e80, 0x00000217c1d49868]
Event: 0.836 Thread 0x00000217d817c680  463   !   3       java.lang.String::replace (258 bytes)

GC Heap History (0 events):
No events

Dll operation events (8 events):
Event: 0.028 Loaded shared library c:\Users\ochie\.vscode\extensions\redhat.java-1.18.0-win32-x64\jre\17.0.7-win32-x86_64\bin\java.dll
Event: 0.423 Loaded shared library c:\Users\ochie\.vscode\extensions\redhat.java-1.18.0-win32-x64\jre\17.0.7-win32-x86_64\bin\zip.dll
Event: 0.429 Loaded shared library C:\Users\ochie\.vscode\extensions\redhat.java-1.18.0-win32-x64\jre\17.0.7-win32-x86_64\bin\instrument.dll
Event: 0.455 Loaded shared library C:\Users\ochie\.vscode\extensions\redhat.java-1.18.0-win32-x64\jre\17.0.7-win32-x86_64\bin\net.dll
Event: 0.463 Loaded shared library C:\Users\ochie\.vscode\extensions\redhat.java-1.18.0-win32-x64\jre\17.0.7-win32-x86_64\bin\nio.dll
Event: 0.473 Loaded shared library C:\Users\ochie\.vscode\extensions\redhat.java-1.18.0-win32-x64\jre\17.0.7-win32-x86_64\bin\zip.dll
Event: 0.500 Loaded shared library C:\Users\ochie\.vscode\extensions\redhat.java-1.18.0-win32-x64\jre\17.0.7-win32-x86_64\bin\jimage.dll
Event: 0.582 Loaded shared library c:\Users\ochie\.vscode\extensions\redhat.java-1.18.0-win32-x64\jre\17.0.7-win32-x86_64\bin\verify.dll

Deoptimization events (20 events):
Event: 0.728 Thread 0x00000217bf0316c0 DEOPT PACKING pc=0x00000217c1ce0f80 sp=0x000000d7675fc820
Event: 0.728 Thread 0x00000217bf0316c0 DEOPT UNPACKING pc=0x00000217c9236e43 sp=0x000000d7675fbce0 mode 0
Event: 0.732 Thread 0x00000217bf0316c0 DEOPT PACKING pc=0x00000217c1ce0f80 sp=0x000000d7675fb0d0
Event: 0.732 Thread 0x00000217bf0316c0 DEOPT UNPACKING pc=0x00000217c9236e43 sp=0x000000d7675fa590 mode 0
Event: 0.733 Thread 0x00000217bf0316c0 DEOPT PACKING pc=0x00000217c1ce0f80 sp=0x000000d7675f9750
Event: 0.733 Thread 0x00000217bf0316c0 DEOPT UNPACKING pc=0x00000217c9236e43 sp=0x000000d7675f8c10 mode 0
Event: 0.734 Thread 0x00000217bf0316c0 DEOPT PACKING pc=0x00000217c1ce0f80 sp=0x000000d7675f9750
Event: 0.734 Thread 0x00000217bf0316c0 DEOPT UNPACKING pc=0x00000217c9236e43 sp=0x000000d7675f8c10 mode 0
Event: 0.761 Thread 0x00000217bf0316c0 Uncommon trap: trap_request=0xffffff45 fr.pc=0x00000217c978e5d8 relative=0x0000000000000578
Event: 0.761 Thread 0x00000217bf0316c0 Uncommon trap: reason=unstable_if action=reinterpret pc=0x00000217c978e5d8 method=java.util.HashMap.putVal(ILjava/lang/Object;Ljava/lang/Object;ZZ)Ljava/lang/Object; @ 181 c2
Event: 0.761 Thread 0x00000217bf0316c0 DEOPT PACKING pc=0x00000217c978e5d8 sp=0x000000d7675fdbd0
Event: 0.761 Thread 0x00000217bf0316c0 DEOPT UNPACKING pc=0x00000217c92366a3 sp=0x000000d7675fdb40 mode 2
Event: 0.824 Thread 0x00000217bf0316c0 Uncommon trap: trap_request=0xffffff45 fr.pc=0x00000217c97938c4 relative=0x00000000000000c4
Event: 0.824 Thread 0x00000217bf0316c0 Uncommon trap: reason=unstable_if action=reinterpret pc=0x00000217c97938c4 method=java.net.URI.match(CJJ)Z @ 45 c2
Event: 0.824 Thread 0x00000217bf0316c0 DEOPT PACKING pc=0x00000217c97938c4 sp=0x000000d7675fc850
Event: 0.824 Thread 0x00000217bf0316c0 DEOPT UNPACKING pc=0x00000217c92366a3 sp=0x000000d7675fc7d8 mode 2
Event: 0.835 Thread 0x00000217bf0316c0 Uncommon trap: trap_request=0xffffff45 fr.pc=0x00000217c97a3fdc relative=0x000000000000067c
Event: 0.835 Thread 0x00000217bf0316c0 Uncommon trap: reason=unstable_if action=reinterpret pc=0x00000217c97a3fdc method=java.lang.String.replace(Ljava/lang/CharSequence;Ljava/lang/CharSequence;)Ljava/lang/String; @ 48 c2
Event: 0.835 Thread 0x00000217bf0316c0 DEOPT PACKING pc=0x00000217c97a3fdc sp=0x000000d7675fc7a0
Event: 0.835 Thread 0x00000217bf0316c0 DEOPT UNPACKING pc=0x00000217c92366a3 sp=0x000000d7675fc720 mode 2

Classes unloaded (0 events):
No events

Classes redefined (0 events):
No events

Internal exceptions (2 events):
Event: 0.386 Thread 0x00000217bf0316c0 Exception <a 'java/lang/NoSuchMethodError'{0x00000000eacb24e8}: 'void java.lang.invoke.DirectMethodHandle$Holder.invokeStatic(java.lang.Object, java.lang.Object, java.lang.Object)'> (0x00000000eacb24e8) 
thrown [s\src\hotspot\share\interpreter\linkResolver.cpp, line 759]
Event: 0.610 Thread 0x00000217bf0316c0 Exception <a 'java/lang/reflect/InvocationTargetException'{0x00000000eaf79070}> (0x00000000eaf79070) 
thrown [s\src\hotspot\share\runtime\reflection.cpp, line 1121]

VM Operations (4 events):
Event: 0.394 Executing VM operation: HandshakeAllThreads
Event: 0.394 Executing VM operation: HandshakeAllThreads done
Event: 0.532 Executing VM operation: HandshakeAllThreads
Event: 0.532 Executing VM operation: HandshakeAllThreads done

Events (20 events):
Event: 0.834 loading class java/util/TreeMap$KeyIterator
Event: 0.834 loading class java/util/TreeMap$PrivateEntryIterator
Event: 0.834 loading class java/util/TreeMap$PrivateEntryIterator done
Event: 0.834 loading class java/util/TreeMap$KeyIterator done
Event: 0.834 loading class sun/security/util/DisabledAlgorithmConstraints$Constraints
Event: 0.835 loading class sun/security/util/DisabledAlgorithmConstraints$Constraints done
Event: 0.835 loading class sun/security/util/CurveDB
Event: 0.836 loading class sun/security/util/CurveDB done
Event: 0.836 loading class java/security/spec/ECFieldFp
Event: 0.836 loading class java/security/spec/ECField
Event: 0.836 loading class java/security/spec/ECField done
Event: 0.836 loading class java/security/spec/ECFieldFp done
Event: 0.836 loading class java/security/spec/EllipticCurve
Event: 0.836 loading class java/security/spec/EllipticCurve done
Event: 0.837 loading class java/security/spec/ECPoint
Event: 0.837 loading class java/security/spec/ECPoint done
Event: 0.837 loading class sun/security/util/NamedCurve
Event: 0.837 loading class java/security/spec/ECParameterSpec
Event: 0.838 loading class java/security/spec/ECParameterSpec done
Event: 0.838 loading class sun/security/util/NamedCurve done


Dynamic libraries:
0x00007ff6005d0000 - 0x00007ff6005de000 	c:\Users\ochie\.vscode\extensions\redhat.java-1.18.0-win32-x64\jre\17.0.7-win32-x86_64\bin\java.exe
0x00007ffe8a370000 - 0x00007ffe8a584000 	C:\WINDOWS\SYSTEM32\ntdll.dll
0x00007ffe88860000 - 0x00007ffe88922000 	C:\WINDOWS\System32\KERNEL32.DLL
0x00007ffe87dc0000 - 0x00007ffe88163000 	C:\WINDOWS\System32\KERNELBASE.dll
0x00007ffe87a60000 - 0x00007ffe87b71000 	C:\WINDOWS\System32\ucrtbase.dll
0x00007ffe77880000 - 0x00007ffe77897000 	c:\Users\ochie\.vscode\extensions\redhat.java-1.18.0-win32-x64\jre\17.0.7-win32-x86_64\bin\jli.dll
0x00007ffe89a70000 - 0x00007ffe89c1b000 	C:\WINDOWS\System32\USER32.dll
0x00007ffe87a30000 - 0x00007ffe87a56000 	C:\WINDOWS\System32\win32u.dll
0x00007ffe885e0000 - 0x00007ffe88609000 	C:\WINDOWS\System32\GDI32.dll
0x00007ffe87b80000 - 0x00007ffe87c98000 	C:\WINDOWS\System32\gdi32full.dll
0x00007ffe87ca0000 - 0x00007ffe87d3a000 	C:\WINDOWS\System32\msvcp_win.dll
0x00007ffe70220000 - 0x00007ffe70239000 	c:\Users\ochie\.vscode\extensions\redhat.java-1.18.0-win32-x64\jre\17.0.7-win32-x86_64\bin\VCRUNTIME140.dll
0x00007ffe6f4b0000 - 0x00007ffe6f73e000 	C:\WINDOWS\WinSxS\amd64_microsoft.windows.common-controls_6595b64144ccf1df_6.0.22621.1635_none_270f70857386168e\COMCTL32.dll
0x00007ffe884a0000 - 0x00007ffe88547000 	C:\WINDOWS\System32\msvcrt.dll
0x00007ffe883f0000 - 0x00007ffe88421000 	C:\WINDOWS\System32\IMM32.DLL
0x00007ffe7ff60000 - 0x00007ffe7ff6c000 	c:\Users\ochie\.vscode\extensions\redhat.java-1.18.0-win32-x64\jre\17.0.7-win32-x86_64\bin\vcruntime140_1.dll
0x00007ffe2ee60000 - 0x00007ffe2eef1000 	c:\Users\ochie\.vscode\extensions\redhat.java-1.18.0-win32-x64\jre\17.0.7-win32-x86_64\bin\msvcp140.dll
0x00007ffe1b770000 - 0x00007ffe1c3b8000 	c:\Users\ochie\.vscode\extensions\redhat.java-1.18.0-win32-x64\jre\17.0.7-win32-x86_64\bin\server\jvm.dll
0x00007ffe8a180000 - 0x00007ffe8a22e000 	C:\WINDOWS\System32\ADVAPI32.dll
0x00007ffe88b60000 - 0x00007ffe88c04000 	C:\WINDOWS\System32\sechost.dll
0x00007ffe88610000 - 0x00007ffe88727000 	C:\WINDOWS\System32\RPCRT4.dll
0x00007ffe80c00000 - 0x00007ffe80c09000 	C:\WINDOWS\SYSTEM32\WSOCK32.dll
0x00007ffe89c20000 - 0x00007ffe89c91000 	C:\WINDOWS\System32\WS2_32.dll
0x00007ffe80220000 - 0x00007ffe80254000 	C:\WINDOWS\SYSTEM32\WINMM.dll
0x00007ffe80440000 - 0x00007ffe8044a000 	C:\WINDOWS\SYSTEM32\VERSION.dll
0x00007ffe867a0000 - 0x00007ffe867b8000 	C:\WINDOWS\SYSTEM32\kernel.appcore.dll
0x00007ffe775e0000 - 0x00007ffe775ea000 	c:\Users\ochie\.vscode\extensions\redhat.java-1.18.0-win32-x64\jre\17.0.7-win32-x86_64\bin\jimage.dll
0x00007ffe85150000 - 0x00007ffe8537e000 	C:\WINDOWS\SYSTEM32\DBGHELP.DLL
0x00007ffe88c10000 - 0x00007ffe88f99000 	C:\WINDOWS\System32\combase.dll
0x00007ffe88170000 - 0x00007ffe88247000 	C:\WINDOWS\System32\OLEAUT32.dll
0x00007ffe73ac0000 - 0x00007ffe73af2000 	C:\WINDOWS\SYSTEM32\dbgcore.DLL
0x00007ffe87d40000 - 0x00007ffe87dbb000 	C:\WINDOWS\System32\bcryptPrimitives.dll
0x00007ffe775c0000 - 0x00007ffe775ce000 	c:\Users\ochie\.vscode\extensions\redhat.java-1.18.0-win32-x64\jre\17.0.7-win32-x86_64\bin\instrument.dll
0x00007ffe56080000 - 0x00007ffe560a5000 	c:\Users\ochie\.vscode\extensions\redhat.java-1.18.0-win32-x64\jre\17.0.7-win32-x86_64\bin\java.dll
0x00007ffe6b1f0000 - 0x00007ffe6b208000 	c:\Users\ochie\.vscode\extensions\redhat.java-1.18.0-win32-x64\jre\17.0.7-win32-x86_64\bin\zip.dll
0x00007ffe88fa0000 - 0x00007ffe8979a000 	C:\WINDOWS\System32\SHELL32.dll
0x00007ffe85740000 - 0x00007ffe8600e000 	C:\WINDOWS\SYSTEM32\windows.storage.dll
0x00007ffe85600000 - 0x00007ffe8573e000 	C:\WINDOWS\SYSTEM32\wintypes.dll
0x00007ffe8a230000 - 0x00007ffe8a321000 	C:\WINDOWS\System32\SHCORE.dll
0x00007ffe88930000 - 0x00007ffe8898e000 	C:\WINDOWS\System32\shlwapi.dll
0x00007ffe876c0000 - 0x00007ffe876e1000 	C:\WINDOWS\SYSTEM32\profapi.dll
0x00007ffe5b060000 - 0x00007ffe5b079000 	C:\Users\ochie\.vscode\extensions\redhat.java-1.18.0-win32-x64\jre\17.0.7-win32-x86_64\bin\net.dll
0x00007ffe7f6e0000 - 0x00007ffe7f817000 	C:\WINDOWS\SYSTEM32\WINHTTP.dll
0x00007ffe86cf0000 - 0x00007ffe86d59000 	C:\WINDOWS\system32\mswsock.dll
0x00007ffe57e50000 - 0x00007ffe57e65000 	C:\Users\ochie\.vscode\extensions\redhat.java-1.18.0-win32-x64\jre\17.0.7-win32-x86_64\bin\nio.dll
0x00007ffe72b20000 - 0x00007ffe72b30000 	c:\Users\ochie\.vscode\extensions\redhat.java-1.18.0-win32-x64\jre\17.0.7-win32-x86_64\bin\verify.dll

dbghelp: loaded successfully - version: 4.0.5 - missing functions: none
symbol engine: initialized successfully - sym options: 0x614 - pdb path: .;c:\Users\ochie\.vscode\extensions\redhat.java-1.18.0-win32-x64\jre\17.0.7-win32-x86_64\bin;C:\WINDOWS\SYSTEM32;C:\WINDOWS\WinSxS\amd64_microsoft.windows.common-controls_6595b64144ccf1df_6.0.22621.1635_none_270f70857386168e;c:\Users\ochie\.vscode\extensions\redhat.java-1.18.0-win32-x64\jre\17.0.7-win32-x86_64\bin\server

VM Arguments:
jvm_args: --add-modules=ALL-SYSTEM --add-opens=java.base/java.util=ALL-UNNAMED --add-opens=java.base/java.lang=ALL-UNNAMED --add-opens=java.base/sun.nio.fs=ALL-UNNAMED -Declipse.application=org.eclipse.jdt.ls.core.id1 -Dosgi.bundles.defaultStartLevel=4 -Declipse.product=org.eclipse.jdt.ls.core.product -Djava.import.generatesMetadataFilesAtProjectRoot=false -Dfile.encoding=utf8 -XX:+UseParallelGC -XX:GCTimeRatio=4 -XX:AdaptiveSizePolicyWeight=90 -Dsun.zip.disableMemoryMapping=true -Xmx1G -Xms100m -Xlog:disable -javaagent:c:\Users\ochie\.vscode\extensions\redhat.java-1.18.0-win32-x64\lombok\lombok-1.18.27.jar 
java_command: c:\Users\ochie\.vscode\extensions\redhat.java-1.18.0-win32-x64\server\plugins\org.eclipse.equinox.launcher_1.6.400.v20210924-0641.jar -configuration c:\Users\ochie\AppData\Roaming\Code\User\globalStorage\redhat.java\1.18.0\config_ss_win -data c:\Users\ochie\AppData\Roaming\Code\User\workspaceStorage\ce7bc04b3091483ce11aded7c9977b2e\redhat.java\ss_ws
java_class_path (initial): c:\Users\ochie\.vscode\extensions\redhat.java-1.18.0-win32-x64\server\plugins\org.eclipse.equinox.launcher_1.6.400.v20210924-0641.jar
Launcher Type: SUN_STANDARD

[Global flags]
    uintx AdaptiveSizePolicyWeight                 = 90                                        {product} {command line}
     intx CICompilerCount                          = 4                                         {product} {ergonomic}
    uintx GCTimeRatio                              = 4                                         {product} {command line}
   size_t InitialHeapSize                          = 104857600                                 {product} {command line}
   size_t MaxHeapSize                              = 1073741824                                {product} {command line}
   size_t MaxNewSize                               = 357564416                                 {product} {ergonomic}
   size_t MinHeapDeltaBytes                        = 524288                                    {product} {ergonomic}
   size_t MinHeapSize                              = 104857600                                 {product} {command line}
   size_t NewSize                                  = 34603008                                  {product} {ergonomic}
    uintx NonNMethodCodeHeapSize                   = 5839372                                {pd product} {ergonomic}
    uintx NonProfiledCodeHeapSize                  = 122909434                              {pd product} {ergonomic}
   size_t OldSize                                  = 70254592                                  {product} {ergonomic}
    uintx ProfiledCodeHeapSize                     = 122909434                              {pd product} {ergonomic}
    uintx ReservedCodeCacheSize                    = 251658240                              {pd product} {ergonomic}
     bool SegmentedCodeCache                       = true                                      {product} {ergonomic}
   size_t SoftMaxHeapSize                          = 1073741824                             {manageable} {ergonomic}
     bool UseCompressedClassPointers               = true                           {product lp64_product} {ergonomic}
     bool UseCompressedOops                        = true                           {product lp64_product} {ergonomic}
     bool UseLargePagesIndividualAllocation        = false                                  {pd product} {ergonomic}
     bool UseParallelGC                            = true                                      {product} {command line}

Logging:
Log output configuration:
 #0: stdout all=off uptime,level,tags
 #1: stderr all=off uptime,level,tags

Environment Variables:
JAVA_HOME=C:\Program Files\Microsoft\jdk-11.0.18.10-hotspot\
PATH=C:\Python311\Scripts\;C:\Python311\;C:\WINDOWS\system32;C:\WINDOWS;C:\WINDOWS\System32\Wbem;C:\WINDOWS\System32\WindowsPowerShell\v1.0\;C:\WINDOWS\System32\OpenSSH\;C:\ProgramData\chocolatey\bin;C:\xampp\php;C:\ProgramData\ComposerSetup\bin;C:\Program Files (x86)\dotnet\;C:\Python311\Lib\site-packages\django\;C:\Program Files\Git\cmd;C:\Program Files\OpenSSL-Win64\bin;C:\Program Files\nodejs\;C:\Program Files\Microsoft\jdk-11.0.18.10-hotspot\bin;C:\Users\ochie\AppData\Local\Microsoft\WindowsApps;C:\Users\ochie\AppData\Local\Programs\Microsoft VS Code\bin;C:\Users\ochie\AppData\Roaming\Composer\vendor\bin;C:\Program Files\JetBrains\PyCharm Community Edition 2022.3.1\bin;;C:\Python311\;C:\Python311\Scripts\;C:\Python311\Lib\site-packages\django\;C:\Users\ochie\AppData\Roaming\npm;C:\Users\ochie\AppData\Local\Android\Sdk\platform-tools
USERNAME=ochie
OS=Windows_NT
PROCESSOR_IDENTIFIER=Intel64 Family 6 Model 158 Stepping 10, GenuineIntel
TMP=C:\Users\ochie\AppData\Local\Temp
TEMP=C:\Users\ochie\AppData\Local\Temp



---------------  S Y S T E M  ---------------

OS:
 Windows 11 , 64 bit Build 22621 (10.0.22621.1635)
OS uptime: 3 days 23:44 hours
Hyper-V role detected

CPU: total 8 (initial active 8) (4 cores per cpu, 2 threads per core) family 6 model 158 stepping 10 microcode 0xf0, cx8, cmov, fxsr, ht, mmx, 3dnowpref, sse, sse2, sse3, ssse3, sse4.1, sse4.2, popcnt, lzcnt, tsc, tscinvbit, avx, avx2, aes, erms, clmul, bmi1, bmi2, adx, fma, vzeroupper, clflush, clflushopt, hv

Memory: 4k page, system-wide physical 12169M (745M free)
TotalPageFile size 27283M (AvailPageFile size 0M)
current process WorkingSet (physical memory assigned to process): 49M, peak: 49M
current process commit charge ("private bytes"): 192M, peak: 192M

vm_info: OpenJDK 64-Bit Server VM (17.0.7+7) for windows-amd64 JRE (17.0.7+7), built on Apr 18 2023 22:10:42 by "temurin" with MS VC++ 16.7 (VS2019)

END.
